[28.09.2013 00:22:41.230637] [00000x1faf] (1)[trace]	number of slaves received

[28.09.2013 00:22:41.231058] [00000x1faf] (2)[info]	The number of VNS search slaves per master is 2

[28.09.2013 00:22:41.231086] [00000x1faf] (3)[debug]	Process 2 ready [VNS slave process].

[28.09.2013 00:22:42.398325] [00000x1faf] (4)[debug]	Process 2 [Parallel VNS]: Received message from leader.

[28.09.2013 00:22:42.398846] [00000x1faf] (5)[trace]	Line: 200 887

[28.09.2013 00:22:42.398869] [00000x1faf] (6)[trace]	Format type is 2

[28.09.2013 00:22:42.399353] [00000x1faf] (7)[trace]	Successfully created signed graph with 200 vertices.

[28.09.2013 00:22:42.416091] [00000x1faf] (8)[debug]	Process 2: VNS Output Message sent to grasp leader number 0. I(P) = 809
[28.09.2013 00:22:42.416176] [00000x1faf] (9)[debug]	Process 2 ready [VNS slave process].

[28.09.2013 00:22:42.419212] [00000x1faf] (10)[debug]	Process 2 [Parallel VNS]: Received message from leader.

[28.09.2013 00:22:44.397397] [00000x1faf] (11)[debug]	Process 2: VNS Output Message sent to grasp leader number 0. I(P) = 809
[28.09.2013 00:22:44.397473] [00000x1faf] (12)[debug]	Process 2 ready [VNS slave process].

[28.09.2013 00:22:45.219310] [00000x1faf] (13)[debug]	Process 2 [Parallel VNS]: Received message from leader.

[28.09.2013 00:22:45.219429] [00000x1faf] (14)[debug]	Process 2: VNS Output Message sent to grasp leader number 0. I(P) = 806
[28.09.2013 00:22:45.219452] [00000x1faf] (15)[debug]	Process 2 ready [VNS slave process].

[28.09.2013 00:22:45.231731] [00000x1faf] (16)[debug]	Process 2 [Parallel VNS]: Received message from leader.

[28.09.2013 00:22:45.292214] [00000x1faf] (17)[debug]	Process 2: VNS Output Message sent to grasp leader number 0. I(P) = 806
[28.09.2013 00:22:45.292298] [00000x1faf] (18)[debug]	Process 2 ready [VNS slave process].

[28.09.2013 00:22:45.296250] [00000x1faf] (19)[debug]	Process 2 [Parallel VNS]: Received message from leader.

[28.09.2013 00:22:45.296300] [00000x1faf] (20)[debug]	Process 2: ignoring VNS interrupt msg received.

[28.09.2013 00:22:45.296313] [00000x1faf] (21)[debug]	Process 2 ready [VNS slave process].

[28.09.2013 00:22:46.274875] [00000x1faf] (22)[debug]	Process 2 [Parallel VNS]: Received message from leader.

[28.09.2013 00:22:46.276106] [00000x1faf] (23)[debug]	Process 2: VNS Output Message sent to grasp leader number 0. I(P) = 808
[28.09.2013 00:22:46.276142] [00000x1faf] (24)[debug]	Process 2 ready [VNS slave process].

[28.09.2013 00:22:46.283225] [00000x1faf] (25)[debug]	Process 2 [Parallel VNS]: Received message from leader.

[28.09.2013 00:22:46.288187] [00000x1faf] (26)[debug]	Process 2: VNS Output Message sent to grasp leader number 0. I(P) = 808
[28.09.2013 00:22:46.288235] [00000x1faf] (27)[debug]	Process 2 ready [VNS slave process].

[28.09.2013 00:22:46.290430] [00000x1faf] (28)[debug]	Process 2 [Parallel VNS]: Received message from leader.

[28.09.2013 00:22:46.290450] [00000x1faf] (29)[debug]	Process 2: ignoring VNS interrupt msg received.

[28.09.2013 00:22:46.290463] [00000x1faf] (30)[debug]	Process 2 ready [VNS slave process].

[28.09.2013 00:22:47.682701] [00000x1faf] (31)[debug]	Process 2 [Parallel VNS]: Received message from leader.

[28.09.2013 00:22:47.682798] [00000x1faf] (32)[debug]	Process 2: VNS Output Message sent to grasp leader number 0. I(P) = 815
[28.09.2013 00:22:47.682821] [00000x1faf] (33)[debug]	Process 2 ready [VNS slave process].

[28.09.2013 00:22:47.690185] [00000x1faf] (34)[debug]	Process 2 [Parallel VNS]: Received message from leader.

[28.09.2013 00:22:47.716800] [00000x1faf] (35)[trace]	VNS interrupt message received.
[28.09.2013 00:22:47.716875] [00000x1faf] (36)[debug]	Process 2: VNS Output Message sent to grasp leader number 0. I(P) = 815
[28.09.2013 00:22:47.716903] [00000x1faf] (37)[debug]	Process 2 ready [VNS slave process].

[28.09.2013 00:22:49.674326] [00000x1faf] (38)[debug]	Process 2 [Parallel VNS]: Received message from leader.

[28.09.2013 00:22:49.674458] [00000x1faf] (39)[debug]	Process 2: VNS Output Message sent to grasp leader number 0. I(P) = 808
[28.09.2013 00:22:49.674480] [00000x1faf] (40)[debug]	Process 2 ready [VNS slave process].

[28.09.2013 00:22:49.696313] [00000x1faf] (41)[debug]	Process 2 [Parallel VNS]: Received message from leader.

[28.09.2013 00:22:49.697450] [00000x1faf] (42)[debug]	Process 2: VNS Output Message sent to grasp leader number 0. I(P) = 807
[28.09.2013 00:22:49.697475] [00000x1faf] (43)[debug]	Process 2 ready [VNS slave process].

[28.09.2013 00:22:49.701686] [00000x1faf] (44)[debug]	Process 2 [Parallel VNS]: Received message from leader.

[28.09.2013 00:22:49.777469] [00000x1faf] (45)[trace]	VNS interrupt message received.
[28.09.2013 00:22:49.777513] [00000x1faf] (46)[debug]	Process 2: VNS Output Message sent to grasp leader number 0. I(P) = 807
[28.09.2013 00:22:49.777534] [00000x1faf] (47)[debug]	Process 2 ready [VNS slave process].

[28.09.2013 00:22:51.662167] [00000x1faf] (48)[debug]	Process 2 [Parallel VNS]: Received message from leader.

[28.09.2013 00:22:51.663397] [00000x1faf] (49)[debug]	Process 2: VNS Output Message sent to grasp leader number 0. I(P) = 809
[28.09.2013 00:22:51.663438] [00000x1faf] (50)[debug]	Process 2 ready [VNS slave process].

[28.09.2013 00:22:51.667028] [00000x1faf] (51)[debug]	Process 2 [Parallel VNS]: Received message from leader.

[28.09.2013 00:22:51.667155] [00000x1faf] (52)[debug]	Process 2: VNS Output Message sent to grasp leader number 0. I(P) = 809
[28.09.2013 00:22:51.667175] [00000x1faf] (53)[debug]	Process 2 ready [VNS slave process].

[28.09.2013 00:22:51.682596] [00000x1faf] (54)[debug]	Process 2 [Parallel VNS]: Received message from leader.

[28.09.2013 00:22:51.684299] [00000x1faf] (55)[debug]	Process 2: VNS Output Message sent to grasp leader number 0. I(P) = 808
[28.09.2013 00:22:51.684325] [00000x1faf] (56)[debug]	Process 2 ready [VNS slave process].

[28.09.2013 00:22:51.692090] [00000x1faf] (57)[debug]	Process 2 [Parallel VNS]: Received message from leader.

[28.09.2013 00:22:51.698894] [00000x1faf] (58)[debug]	Process 2: VNS Output Message sent to grasp leader number 0. I(P) = 808
[28.09.2013 00:22:51.698944] [00000x1faf] (59)[debug]	Process 2 ready [VNS slave process].

[28.09.2013 00:22:55.650330] [00000x1faf] (60)[debug]	Process 2 [Parallel VNS]: Received message from leader.

[28.09.2013 00:22:55.650483] [00000x1faf] (61)[debug]	Process 2: VNS Output Message sent to grasp leader number 0. I(P) = 802
[28.09.2013 00:22:55.650505] [00000x1faf] (62)[debug]	Process 2 ready [VNS slave process].

[28.09.2013 00:22:55.665862] [00000x1faf] (63)[debug]	Process 2 [Parallel VNS]: Received message from leader.

[28.09.2013 00:22:55.737174] [00000x1faf] (64)[debug]	Process 2: VNS Output Message sent to grasp leader number 0. I(P) = 802
[28.09.2013 00:22:55.737254] [00000x1faf] (65)[debug]	Process 2 ready [VNS slave process].

[28.09.2013 00:22:55.754321] [00000x1faf] (66)[debug]	Process 2 [Parallel VNS]: Received message from leader.

[28.09.2013 00:22:55.754357] [00000x1faf] (67)[debug]	Process 2: ignoring VNS interrupt msg received.

[28.09.2013 00:22:55.754370] [00000x1faf] (68)[debug]	Process 2 ready [VNS slave process].

[28.09.2013 00:22:56.979058] [00000x1faf] (69)[debug]	Process 2 [Parallel VNS]: Received message from leader.

[28.09.2013 00:22:56.979208] [00000x1faf] (70)[debug]	Process 2: VNS Output Message sent to grasp leader number 0. I(P) = 808
[28.09.2013 00:22:56.979231] [00000x1faf] (71)[debug]	Process 2 ready [VNS slave process].

[28.09.2013 00:22:56.990415] [00000x1faf] (72)[debug]	Process 2 [Parallel VNS]: Received message from leader.

[28.09.2013 00:22:56.990538] [00000x1faf] (73)[debug]	Process 2: VNS Output Message sent to grasp leader number 0. I(P) = 807
[28.09.2013 00:22:56.990559] [00000x1faf] (74)[debug]	Process 2 ready [VNS slave process].

[28.09.2013 00:22:57.002317] [00000x1faf] (75)[debug]	Process 2 [Parallel VNS]: Received message from leader.

[28.09.2013 00:22:57.068301] [00000x1faf] (76)[debug]	Process 2: VNS Output Message sent to grasp leader number 0. I(P) = 807
[28.09.2013 00:22:57.068379] [00000x1faf] (77)[debug]	Process 2 ready [VNS slave process].

[28.09.2013 00:22:58.431253] [00000x1faf] (78)[debug]	Process 2 [Parallel VNS]: Received message from leader.

[28.09.2013 00:22:58.431416] [00000x1faf] (79)[debug]	Process 2: VNS Output Message sent to grasp leader number 0. I(P) = 799
[28.09.2013 00:22:58.431438] [00000x1faf] (80)[debug]	Process 2 ready [VNS slave process].

[28.09.2013 00:22:58.455958] [00000x1faf] (81)[debug]	Process 2 [Parallel VNS]: Received message from leader.

[28.09.2013 00:22:58.507277] [00000x1faf] (82)[trace]	VNS interrupt message received.
[28.09.2013 00:22:58.507325] [00000x1faf] (83)[debug]	Process 2: VNS Output Message sent to grasp leader number 0. I(P) = 799
[28.09.2013 00:22:58.507348] [00000x1faf] (84)[debug]	Process 2 ready [VNS slave process].

[28.09.2013 00:23:00.002367] [00000x1faf] (85)[debug]	Process 2 [Parallel VNS]: Received message from leader.

[28.09.2013 00:23:00.002581] [00000x1faf] (86)[debug]	Process 2: VNS Output Message sent to grasp leader number 0. I(P) = 789
[28.09.2013 00:23:00.002605] [00000x1faf] (87)[debug]	Process 2 ready [VNS slave process].

[28.09.2013 00:23:00.015107] [00000x1faf] (88)[debug]	Process 2 [Parallel VNS]: Received message from leader.

[28.09.2013 00:23:00.015291] [00000x1faf] (89)[debug]	Process 2: VNS Output Message sent to grasp leader number 0. I(P) = 788
[28.09.2013 00:23:00.015313] [00000x1faf] (90)[debug]	Process 2 ready [VNS slave process].

[28.09.2013 00:23:00.019082] [00000x1faf] (91)[debug]	Process 2 [Parallel VNS]: Received message from leader.

[28.09.2013 00:23:00.127476] [00000x1faf] (92)[trace]	VNS interrupt message received.
[28.09.2013 00:23:00.127542] [00000x1faf] (93)[debug]	Process 2: VNS Output Message sent to grasp leader number 0. I(P) = 788
[28.09.2013 00:23:00.127571] [00000x1faf] (94)[debug]	Process 2 ready [VNS slave process].

[28.09.2013 00:23:01.889435] [00000x1faf] (95)[debug]	Process 2 [Parallel VNS]: Received message from leader.

[28.09.2013 00:23:01.889700] [00000x1faf] (96)[debug]	Process 2: VNS Output Message sent to grasp leader number 0. I(P) = 800
[28.09.2013 00:23:01.889721] [00000x1faf] (97)[debug]	Process 2 ready [VNS slave process].

[28.09.2013 00:23:01.890773] [00000x1faf] (98)[debug]	Process 2 [Parallel VNS]: Received message from leader.

[28.09.2013 00:23:01.892954] [00000x1faf] (99)[debug]	Process 2: VNS Output Message sent to grasp leader number 0. I(P) = 799
[28.09.2013 00:23:01.892976] [00000x1faf] (100)[debug]	Process 2 ready [VNS slave process].

[28.09.2013 00:23:01.894163] [00000x1faf] (101)[debug]	Process 2 [Parallel VNS]: Received message from leader.

[28.09.2013 00:23:01.894179] [00000x1faf] (102)[debug]	Process 2: ignoring VNS interrupt msg received.

[28.09.2013 00:23:01.894191] [00000x1faf] (103)[debug]	Process 2 ready [VNS slave process].

[28.09.2013 00:23:01.895704] [00000x1faf] (104)[debug]	Process 2 [Parallel VNS]: Received message from leader.

[28.09.2013 00:23:01.895768] [00000x1faf] (105)[debug]	Process 2: VNS Output Message sent to grasp leader number 0. I(P) = 799
[28.09.2013 00:23:01.895787] [00000x1faf] (106)[debug]	Process 2 ready [VNS slave process].

[28.09.2013 00:23:01.903161] [00000x1faf] (107)[debug]	Process 2 [Parallel VNS]: Received message from leader.

[28.09.2013 00:23:01.922167] [00000x1faf] (108)[debug]	Process 2: VNS Output Message sent to grasp leader number 0. I(P) = 799
[28.09.2013 00:23:01.922230] [00000x1faf] (109)[debug]	Process 2 ready [VNS slave process].

[28.09.2013 00:23:03.987455] [00000x1faf] (110)[debug]	Process 2 [Parallel VNS]: Received message from leader.

[28.09.2013 00:23:03.987690] [00000x1faf] (111)[debug]	Process 2: VNS Output Message sent to grasp leader number 0. I(P) = 803
[28.09.2013 00:23:03.987714] [00000x1faf] (112)[debug]	Process 2 ready [VNS slave process].

[28.09.2013 00:23:03.993203] [00000x1faf] (113)[debug]	Process 2 [Parallel VNS]: Received message from leader.

[28.09.2013 00:23:04.010364] [00000x1faf] (114)[trace]	VNS interrupt message received.
[28.09.2013 00:23:04.010416] [00000x1faf] (115)[debug]	Process 2: VNS Output Message sent to grasp leader number 0. I(P) = 803
[28.09.2013 00:23:04.010459] [00000x1faf] (116)[debug]	Process 2 ready [VNS slave process].

[28.09.2013 00:23:06.002363] [00000x1faf] (117)[debug]	Process 2 [Parallel VNS]: Received message from leader.

[28.09.2013 00:23:06.003679] [00000x1faf] (118)[debug]	Process 2: VNS Output Message sent to grasp leader number 0. I(P) = 807
[28.09.2013 00:23:06.003710] [00000x1faf] (119)[debug]	Process 2 ready [VNS slave process].

[28.09.2013 00:23:06.010346] [00000x1faf] (120)[debug]	Process 2 [Parallel VNS]: Received message from leader.

[28.09.2013 00:23:06.010503] [00000x1faf] (121)[debug]	Process 2: VNS Output Message sent to grasp leader number 0. I(P) = 807
[28.09.2013 00:23:06.010530] [00000x1faf] (122)[debug]	Process 2 ready [VNS slave process].

[28.09.2013 00:23:06.016845] [00000x1faf] (123)[debug]	Process 2 [Parallel VNS]: Received message from leader.

[28.09.2013 00:23:06.072177] [00000x1faf] (124)[debug]	Process 2: VNS Output Message sent to grasp leader number 0. I(P) = 807
[28.09.2013 00:23:06.072266] [00000x1faf] (125)[debug]	Process 2 ready [VNS slave process].

[28.09.2013 00:23:06.082655] [00000x1faf] (126)[debug]	Process 2 [Parallel VNS]: Received message from leader.

[28.09.2013 00:23:06.082719] [00000x1faf] (127)[debug]	Process 2: ignoring VNS interrupt msg received.

[28.09.2013 00:23:06.082733] [00000x1faf] (128)[debug]	Process 2 ready [VNS slave process].

[28.09.2013 00:23:07.997233] [00000x1faf] (129)[debug]	Process 2 [Parallel VNS]: Received message from leader.

[28.09.2013 00:23:07.998522] [00000x1faf] (130)[debug]	Process 2: VNS Output Message sent to grasp leader number 0. I(P) = 800
[28.09.2013 00:23:07.998560] [00000x1faf] (131)[debug]	Process 2 ready [VNS slave process].

[28.09.2013 00:23:08.030660] [00000x1faf] (132)[debug]	Process 2 [Parallel VNS]: Received message from leader.

[28.09.2013 00:23:08.031894] [00000x1faf] (133)[debug]	Process 2: VNS Output Message sent to grasp leader number 0. I(P) = 800
[28.09.2013 00:23:08.031925] [00000x1faf] (134)[debug]	Process 2 ready [VNS slave process].

[28.09.2013 00:23:08.034144] [00000x1faf] (135)[debug]	Process 2 [Parallel VNS]: Received message from leader.

[28.09.2013 00:23:08.034569] [00000x1faf] (136)[debug]	Process 2: VNS Output Message sent to grasp leader number 0. I(P) = 800
[28.09.2013 00:23:08.034591] [00000x1faf] (137)[debug]	Process 2 ready [VNS slave process].

[28.09.2013 00:23:08.043319] [00000x1faf] (138)[debug]	Process 2 [Parallel VNS]: Received message from leader.

[28.09.2013 00:23:08.043342] [00000x1faf] (139)[debug]	Process 2: ignoring VNS interrupt msg received.

[28.09.2013 00:23:08.043354] [00000x1faf] (140)[debug]	Process 2 ready [VNS slave process].

[28.09.2013 00:23:09.479179] [00000x1faf] (141)[debug]	Process 2 [Parallel VNS]: Received message from leader.

[28.09.2013 00:23:09.483454] [00000x1faf] (142)[debug]	Process 2: VNS Output Message sent to grasp leader number 0. I(P) = 807
[28.09.2013 00:23:09.483492] [00000x1faf] (143)[debug]	Process 2 ready [VNS slave process].

[28.09.2013 00:23:09.483697] [00000x1faf] (144)[debug]	Process 2 [Parallel VNS]: Received message from leader.

[28.09.2013 00:23:09.513574] [00000x1faf] (145)[trace]	VNS interrupt message received.
[28.09.2013 00:23:09.513621] [00000x1faf] (146)[debug]	Process 2: VNS Output Message sent to grasp leader number 0. I(P) = 807
[28.09.2013 00:23:09.513642] [00000x1faf] (147)[debug]	Process 2 ready [VNS slave process].

[28.09.2013 00:23:11.186369] [00000x1faf] (148)[debug]	Process 2 [Parallel VNS]: Received message from leader.

[28.09.2013 00:23:11.194086] [00000x1faf] (149)[debug]	Process 2: VNS Output Message sent to grasp leader number 0. I(P) = 805
[28.09.2013 00:23:11.194162] [00000x1faf] (150)[debug]	Process 2 ready [VNS slave process].

[28.09.2013 00:23:11.208131] [00000x1faf] (151)[debug]	Process 2 [Parallel VNS]: Received message from leader.

[28.09.2013 00:23:11.209940] [00000x1faf] (152)[debug]	Process 2: VNS Output Message sent to grasp leader number 0. I(P) = 805
[28.09.2013 00:23:11.209977] [00000x1faf] (153)[debug]	Process 2 ready [VNS slave process].

[28.09.2013 00:23:11.222641] [00000x1faf] (154)[debug]	Process 2 [Parallel VNS]: Received message from leader.

[28.09.2013 00:23:11.423234] [00000x1faf] (155)[trace]	VNS interrupt message received.
[28.09.2013 00:23:11.423293] [00000x1faf] (156)[debug]	Process 2: VNS Output Message sent to grasp leader number 0. I(P) = 805
[28.09.2013 00:23:11.423321] [00000x1faf] (157)[debug]	Process 2 ready [VNS slave process].

[28.09.2013 00:23:12.102510] [00000x1faf] (158)[debug]	Process 2 [Parallel VNS]: Received message from leader.

[28.09.2013 00:23:12.102594] [00000x1faf] (159)[debug]	Process 2: VNS Output Message sent to grasp leader number 0. I(P) = 795
[28.09.2013 00:23:12.102614] [00000x1faf] (160)[debug]	Process 2 ready [VNS slave process].

[28.09.2013 00:23:12.130339] [00000x1faf] (161)[debug]	Process 2 [Parallel VNS]: Received message from leader.

[28.09.2013 00:23:12.130422] [00000x1faf] (162)[trace]	VNS interrupt message received.
[28.09.2013 00:23:12.130454] [00000x1faf] (163)[debug]	Process 2: VNS Output Message sent to grasp leader number 0. I(P) = 795
[28.09.2013 00:23:12.130479] [00000x1faf] (164)[debug]	Process 2 ready [VNS slave process].

[28.09.2013 00:23:12.945494] [00000x1faf] (165)[debug]	Process 2 [Parallel VNS]: Received message from leader.

[28.09.2013 00:23:12.945658] [00000x1faf] (166)[debug]	Process 2: VNS Output Message sent to grasp leader number 0. I(P) = 809
[28.09.2013 00:23:12.945682] [00000x1faf] (167)[debug]	Process 2 ready [VNS slave process].

[28.09.2013 00:23:12.948011] [00000x1faf] (168)[debug]	Process 2 [Parallel VNS]: Received message from leader.

[28.09.2013 00:23:12.948127] [00000x1faf] (169)[debug]	Process 2: VNS Output Message sent to grasp leader number 0. I(P) = 808
[28.09.2013 00:23:12.948146] [00000x1faf] (170)[debug]	Process 2 ready [VNS slave process].

[28.09.2013 00:23:12.950649] [00000x1faf] (171)[debug]	Process 2 [Parallel VNS]: Received message from leader.

[28.09.2013 00:23:13.033220] [00000x1faf] (172)[trace]	VNS interrupt message received.
[28.09.2013 00:23:13.033274] [00000x1faf] (173)[debug]	Process 2: VNS Output Message sent to grasp leader number 0. I(P) = 808
[28.09.2013 00:23:13.033297] [00000x1faf] (174)[debug]	Process 2 ready [VNS slave process].

[28.09.2013 00:23:14.171891] [00000x1faf] (175)[debug]	Process 2 [Parallel VNS]: Received message from leader.

[28.09.2013 00:23:14.173152] [00000x1faf] (176)[debug]	Process 2: VNS Output Message sent to grasp leader number 0. I(P) = 802
[28.09.2013 00:23:14.173189] [00000x1faf] (177)[debug]	Process 2 ready [VNS slave process].

[28.09.2013 00:23:14.176877] [00000x1faf] (178)[debug]	Process 2 [Parallel VNS]: Received message from leader.

[28.09.2013 00:23:15.624584] [00000x1faf] (179)[debug]	Process 2: VNS Output Message sent to grasp leader number 0. I(P) = 802
[28.09.2013 00:23:15.624661] [00000x1faf] (180)[debug]	Process 2 ready [VNS slave process].

[28.09.2013 00:23:17.620958] [00000x1faf] (181)[debug]	Process 2 [Parallel VNS]: Received message from leader.

[28.09.2013 00:23:17.622127] [00000x1faf] (182)[debug]	Process 2: VNS Output Message sent to grasp leader number 0. I(P) = 803
[28.09.2013 00:23:17.622153] [00000x1faf] (183)[debug]	Process 2 ready [VNS slave process].

[28.09.2013 00:23:17.629247] [00000x1faf] (184)[debug]	Process 2 [Parallel VNS]: Received message from leader.

[28.09.2013 00:23:17.803507] [00000x1faf] (185)[debug]	Process 2: VNS Output Message sent to grasp leader number 0. I(P) = 803
[28.09.2013 00:23:17.803593] [00000x1faf] (186)[debug]	Process 2 ready [VNS slave process].

[28.09.2013 00:23:17.829376] [00000x1faf] (187)[debug]	Process 2 [Parallel VNS]: Received message from leader.

[28.09.2013 00:23:17.829446] [00000x1faf] (188)[debug]	Process 2: ignoring VNS interrupt msg received.

[28.09.2013 00:23:17.829461] [00000x1faf] (189)[debug]	Process 2 ready [VNS slave process].

[28.09.2013 00:23:19.232828] [00000x1faf] (190)[debug]	Process 2 [Parallel VNS]: Received message from leader.

[28.09.2013 00:23:19.234239] [00000x1faf] (191)[debug]	Process 2: VNS Output Message sent to grasp leader number 0. I(P) = 799
[28.09.2013 00:23:19.238294] [00000x1faf] (192)[debug]	Process 2 ready [VNS slave process].

[28.09.2013 00:23:19.245308] [00000x1faf] (193)[debug]	Process 2 [Parallel VNS]: Received message from leader.

[28.09.2013 00:23:19.297717] [00000x1faf] (194)[debug]	Process 2: VNS Output Message sent to grasp leader number 0. I(P) = 799
[28.09.2013 00:23:19.297798] [00000x1faf] (195)[debug]	Process 2 ready [VNS slave process].

[28.09.2013 00:23:19.299575] [00000x1faf] (196)[debug]	Process 2 [Parallel VNS]: Received message from leader.

[28.09.2013 00:23:19.299594] [00000x1faf] (197)[debug]	Process 2: ignoring VNS interrupt msg received.

[28.09.2013 00:23:19.299606] [00000x1faf] (198)[debug]	Process 2 ready [VNS slave process].

[28.09.2013 00:23:20.687308] [00000x1faf] (199)[debug]	Process 2 [Parallel VNS]: Received message from leader.

[28.09.2013 00:23:20.687444] [00000x1faf] (200)[debug]	Process 2: VNS Output Message sent to grasp leader number 0. I(P) = 800
[28.09.2013 00:23:20.687467] [00000x1faf] (201)[debug]	Process 2 ready [VNS slave process].

[28.09.2013 00:23:20.691837] [00000x1faf] (202)[debug]	Process 2 [Parallel VNS]: Received message from leader.

[28.09.2013 00:23:20.693928] [00000x1faf] (203)[debug]	Process 2: VNS Output Message sent to grasp leader number 0. I(P) = 798
[28.09.2013 00:23:20.693960] [00000x1faf] (204)[debug]	Process 2 ready [VNS slave process].

[28.09.2013 00:23:20.697339] [00000x1faf] (205)[debug]	Process 2 [Parallel VNS]: Received message from leader.

[28.09.2013 00:23:20.701110] [00000x1faf] (206)[debug]	Process 2: VNS Output Message sent to grasp leader number 0. I(P) = 798
[28.09.2013 00:23:20.701141] [00000x1faf] (207)[debug]	Process 2 ready [VNS slave process].

[28.09.2013 00:23:20.704533] [00000x1faf] (208)[debug]	Process 2 [Parallel VNS]: Received message from leader.

[28.09.2013 00:23:20.980235] [00000x1faf] (209)[debug]	Process 2: VNS Output Message sent to grasp leader number 0. I(P) = 798
[28.09.2013 00:23:20.980316] [00000x1faf] (210)[debug]	Process 2 ready [VNS slave process].

[28.09.2013 00:23:22.206054] [00000x1faf] (211)[debug]	Process 2 [Parallel VNS]: Received message from leader.

[28.09.2013 00:23:22.207357] [00000x1faf] (212)[debug]	Process 2: VNS Output Message sent to grasp leader number 0. I(P) = 804
[28.09.2013 00:23:22.207385] [00000x1faf] (213)[debug]	Process 2 ready [VNS slave process].

[28.09.2013 00:23:22.220344] [00000x1faf] (214)[debug]	Process 2 [Parallel VNS]: Received message from leader.

[28.09.2013 00:23:22.220436] [00000x1faf] (215)[debug]	Process 2: VNS Output Message sent to grasp leader number 0. I(P) = 804
[28.09.2013 00:23:22.220459] [00000x1faf] (216)[debug]	Process 2 ready [VNS slave process].

[28.09.2013 00:23:22.226778] [00000x1faf] (217)[debug]	Process 2 [Parallel VNS]: Received message from leader.

[28.09.2013 00:23:22.226968] [00000x1faf] (218)[debug]	Process 2: VNS Output Message sent to grasp leader number 0. I(P) = 804
[28.09.2013 00:23:22.226994] [00000x1faf] (219)[debug]	Process 2 ready [VNS slave process].

[28.09.2013 00:23:23.659306] [00000x1faf] (220)[debug]	Process 2 [Parallel VNS]: Received message from leader.

[28.09.2013 00:23:23.660561] [00000x1faf] (221)[debug]	Process 2: VNS Output Message sent to grasp leader number 0. I(P) = 805
[28.09.2013 00:23:23.660586] [00000x1faf] (222)[debug]	Process 2 ready [VNS slave process].

[28.09.2013 00:23:23.666136] [00000x1faf] (223)[debug]	Process 2 [Parallel VNS]: Received message from leader.

[28.09.2013 00:23:23.666574] [00000x1faf] (224)[debug]	Process 2: VNS Output Message sent to grasp leader number 0. I(P) = 805
[28.09.2013 00:23:23.666599] [00000x1faf] (225)[debug]	Process 2 ready [VNS slave process].

[28.09.2013 00:23:26.274802] [00000x1faf] (226)[debug]	Process 2 [Parallel VNS]: Received message from leader.

[28.09.2013 00:23:26.274962] [00000x1faf] (227)[debug]	Process 2: VNS Output Message sent to grasp leader number 0. I(P) = 809
[28.09.2013 00:23:26.274989] [00000x1faf] (228)[debug]	Process 2 ready [VNS slave process].

[28.09.2013 00:23:26.281616] [00000x1faf] (229)[debug]	Process 2 [Parallel VNS]: Received message from leader.

[28.09.2013 00:23:26.285930] [00000x1faf] (230)[debug]	Process 2: VNS Output Message sent to grasp leader number 0. I(P) = 808
[28.09.2013 00:23:26.286003] [00000x1faf] (231)[debug]	Process 2 ready [VNS slave process].

[28.09.2013 00:23:26.326624] [00000x1faf] (232)[debug]	Process 2 [Parallel VNS]: Received message from leader.

[28.09.2013 00:23:26.326690] [00000x1faf] (233)[debug]	Process 2: ignoring VNS interrupt msg received.

[28.09.2013 00:23:26.326703] [00000x1faf] (234)[debug]	Process 2 ready [VNS slave process].

[28.09.2013 00:23:26.326748] [00000x1faf] (235)[debug]	Process 2 [Parallel VNS]: Received message from leader.

[28.09.2013 00:23:26.331668] [00000x1faf] (236)[debug]	Process 2: VNS Output Message sent to grasp leader number 0. I(P) = 808
[28.09.2013 00:23:26.331736] [00000x1faf] (237)[debug]	Process 2 ready [VNS slave process].

[28.09.2013 00:23:26.350382] [00000x1faf] (238)[debug]	Process 2 [Parallel VNS]: Received message from leader.

[28.09.2013 00:23:26.350710] [00000x1faf] (239)[debug]	Process 2: VNS Output Message sent to grasp leader number 0. I(P) = 808
[28.09.2013 00:23:26.350747] [00000x1faf] (240)[debug]	Process 2 ready [VNS slave process].

[28.09.2013 00:23:26.370672] [00000x1faf] (241)[debug]	Process 2 [Parallel VNS]: Received message from leader.

[28.09.2013 00:23:26.372542] [00000x1faf] (242)[debug]	Process 2: VNS Output Message sent to grasp leader number 0. I(P) = 807
[28.09.2013 00:23:26.372600] [00000x1faf] (243)[debug]	Process 2 ready [VNS slave process].

[28.09.2013 00:23:26.390514] [00000x1faf] (244)[debug]	Process 2 [Parallel VNS]: Received message from leader.

[28.09.2013 00:23:30.822639] [00000x1faf] (245)[debug]	Process 2: VNS Output Message sent to grasp leader number 0. I(P) = 807
[28.09.2013 00:23:30.822716] [00000x1faf] (246)[debug]	Process 2 ready [VNS slave process].

[28.09.2013 00:23:30.829692] [00000x1faf] (247)[debug]	Process 2 [Parallel VNS]: Received message from leader.

[28.09.2013 00:23:30.829715] [00000x1faf] (248)[debug]	Process 2: ignoring VNS interrupt msg received.

[28.09.2013 00:23:30.829727] [00000x1faf] (249)[debug]	Process 2 ready [VNS slave process].

[28.09.2013 00:23:32.104200] [00000x1faf] (250)[debug]	Process 2 [Parallel VNS]: Received message from leader.

[28.09.2013 00:23:32.104340] [00000x1faf] (251)[debug]	Process 2: VNS Output Message sent to grasp leader number 0. I(P) = 798
[28.09.2013 00:23:32.104363] [00000x1faf] (252)[debug]	Process 2 ready [VNS slave process].

[28.09.2013 00:23:32.116486] [00000x1faf] (253)[debug]	Process 2 [Parallel VNS]: Received message from leader.

[28.09.2013 00:23:32.116768] [00000x1faf] (254)[debug]	Process 2: VNS Output Message sent to grasp leader number 0. I(P) = 798
[28.09.2013 00:23:32.116790] [00000x1faf] (255)[debug]	Process 2 ready [VNS slave process].

[28.09.2013 00:23:32.119763] [00000x1faf] (256)[debug]	Process 2 [Parallel VNS]: Received message from leader.

[28.09.2013 00:23:32.119779] [00000x1faf] (257)[debug]	Process 2: ignoring VNS interrupt msg received.

[28.09.2013 00:23:32.119791] [00000x1faf] (258)[debug]	Process 2 ready [VNS slave process].

[28.09.2013 00:23:33.459072] [00000x1faf] (259)[debug]	Process 2 [Parallel VNS]: Received message from leader.

[28.09.2013 00:23:33.459262] [00000x1faf] (260)[debug]	Process 2: VNS Output Message sent to grasp leader number 0. I(P) = 806
[28.09.2013 00:23:33.459285] [00000x1faf] (261)[debug]	Process 2 ready [VNS slave process].

[28.09.2013 00:23:33.473545] [00000x1faf] (262)[debug]	Process 2 [Parallel VNS]: Received message from leader.

[28.09.2013 00:23:33.474747] [00000x1faf] (263)[debug]	Process 2: VNS Output Message sent to grasp leader number 0. I(P) = 805
[28.09.2013 00:23:33.474778] [00000x1faf] (264)[debug]	Process 2 ready [VNS slave process].

[28.09.2013 00:23:33.486305] [00000x1faf] (265)[debug]	Process 2 [Parallel VNS]: Received message from leader.

[28.09.2013 00:23:34.884538] [00000x1faf] (266)[debug]	Process 2: VNS Output Message sent to grasp leader number 0. I(P) = 805
[28.09.2013 00:23:34.899794] [00000x1faf] (267)[debug]	Process 2 ready [VNS slave process].

[28.09.2013 00:23:38.352632] [00000x1faf] (268)[debug]	Process 2 [Parallel VNS]: Received message from leader.

[28.09.2013 00:23:38.353752] [00000x1faf] (269)[debug]	Process 2: VNS Output Message sent to grasp leader number 0. I(P) = 811
[28.09.2013 00:23:38.353776] [00000x1faf] (270)[debug]	Process 2 ready [VNS slave process].

[28.09.2013 00:23:38.362340] [00000x1faf] (271)[debug]	Process 2 [Parallel VNS]: Received message from leader.

[28.09.2013 00:23:38.362496] [00000x1faf] (272)[debug]	Process 2: VNS Output Message sent to grasp leader number 0. I(P) = 811
[28.09.2013 00:23:38.362518] [00000x1faf] (273)[debug]	Process 2 ready [VNS slave process].

[28.09.2013 00:23:38.370795] [00000x1faf] (274)[debug]	Process 2 [Parallel VNS]: Received message from leader.

[28.09.2013 00:23:38.370825] [00000x1faf] (275)[debug]	Process 2: ignoring VNS interrupt msg received.

[28.09.2013 00:23:38.370837] [00000x1faf] (276)[debug]	Process 2 ready [VNS slave process].

[28.09.2013 00:23:39.400407] [00000x1faf] (277)[debug]	Process 2 [Parallel VNS]: Received message from leader.

[28.09.2013 00:23:39.400547] [00000x1faf] (278)[debug]	Process 2: VNS Output Message sent to grasp leader number 0. I(P) = 810
[28.09.2013 00:23:39.400570] [00000x1faf] (279)[debug]	Process 2 ready [VNS slave process].

[28.09.2013 00:23:39.403472] [00000x1faf] (280)[debug]	Process 2 [Parallel VNS]: Received message from leader.

[28.09.2013 00:23:39.404710] [00000x1faf] (281)[debug]	Process 2: VNS Output Message sent to grasp leader number 0. I(P) = 809
[28.09.2013 00:23:39.404733] [00000x1faf] (282)[debug]	Process 2 ready [VNS slave process].

[28.09.2013 00:23:39.407502] [00000x1faf] (283)[debug]	Process 2 [Parallel VNS]: Received message from leader.

[28.09.2013 00:23:39.416263] [00000x1faf] (284)[debug]	Process 2: VNS Output Message sent to grasp leader number 0. I(P) = 809
[28.09.2013 00:23:39.416319] [00000x1faf] (285)[debug]	Process 2 ready [VNS slave process].

[28.09.2013 00:23:40.671038] [00000x1faf] (286)[debug]	Process 2 [Parallel VNS]: Received message from leader.

[28.09.2013 00:23:40.671151] [00000x1faf] (287)[debug]	Process 2: VNS Output Message sent to grasp leader number 0. I(P) = 795
[28.09.2013 00:23:40.671174] [00000x1faf] (288)[debug]	Process 2 ready [VNS slave process].

[28.09.2013 00:23:40.673426] [00000x1faf] (289)[debug]	Process 2 [Parallel VNS]: Received message from leader.

[28.09.2013 00:23:40.673529] [00000x1faf] (290)[debug]	Process 2: VNS Output Message sent to grasp leader number 0. I(P) = 795
[28.09.2013 00:23:40.673548] [00000x1faf] (291)[debug]	Process 2 ready [VNS slave process].

[28.09.2013 00:23:40.674688] [00000x1faf] (292)[debug]	Process 2 [Parallel VNS]: Received message from leader.

[28.09.2013 00:23:40.674704] [00000x1faf] (293)[debug]	Process 2: ignoring VNS interrupt msg received.

[28.09.2013 00:23:40.674716] [00000x1faf] (294)[debug]	Process 2 ready [VNS slave process].

[28.09.2013 00:23:42.245252] [00000x1faf] (295)[debug]	Process 2 [Parallel VNS]: Received message from leader.

[28.09.2013 00:23:42.245430] [00000x1faf] (296)[debug]	Process 2: VNS Output Message sent to grasp leader number 0. I(P) = 811
[28.09.2013 00:23:42.245452] [00000x1faf] (297)[debug]	Process 2 ready [VNS slave process].

[28.09.2013 00:23:42.265520] [00000x1faf] (298)[debug]	Process 2 [Parallel VNS]: Received message from leader.

[28.09.2013 00:23:42.266100] [00000x1faf] (299)[debug]	Process 2: VNS Output Message sent to grasp leader number 0. I(P) = 811
[28.09.2013 00:23:42.266123] [00000x1faf] (300)[debug]	Process 2 ready [VNS slave process].

[28.09.2013 00:23:42.271233] [00000x1faf] (301)[debug]	Process 2 [Parallel VNS]: Received message from leader.

[28.09.2013 00:23:42.278539] [00000x1faf] (302)[debug]	Process 2: VNS Output Message sent to grasp leader number 0. I(P) = 809
[28.09.2013 00:23:42.278589] [00000x1faf] (303)[debug]	Process 2 ready [VNS slave process].

[28.09.2013 00:23:42.297913] [00000x1faf] (304)[debug]	Process 2 [Parallel VNS]: Received message from leader.

[28.09.2013 00:23:42.301706] [00000x1faf] (305)[debug]	Process 2: VNS Output Message sent to grasp leader number 0. I(P) = 809
[28.09.2013 00:23:42.301745] [00000x1faf] (306)[debug]	Process 2 ready [VNS slave process].

[28.09.2013 00:23:42.309460] [00000x1faf] (307)[debug]	Process 2 [Parallel VNS]: Received message from leader.

[28.09.2013 00:23:42.608833] [00000x1faf] (308)[debug]	Process 2: VNS Output Message sent to grasp leader number 0. I(P) = 809
[28.09.2013 00:23:42.608920] [00000x1faf] (309)[debug]	Process 2 ready [VNS slave process].

[28.09.2013 00:23:48.525018] [00000x1faf] (310)[debug]	Process 2 [Parallel VNS]: Received message from leader.

[28.09.2013 00:23:48.525158] [00000x1faf] (311)[debug]	Process 2: VNS Output Message sent to grasp leader number 0. I(P) = 817
[28.09.2013 00:23:48.525182] [00000x1faf] (312)[debug]	Process 2 ready [VNS slave process].

[28.09.2013 00:23:48.541678] [00000x1faf] (313)[debug]	Process 2 [Parallel VNS]: Received message from leader.

[28.09.2013 00:23:48.542874] [00000x1faf] (314)[debug]	Process 2: VNS Output Message sent to grasp leader number 0. I(P) = 816
[28.09.2013 00:23:48.542903] [00000x1faf] (315)[debug]	Process 2 ready [VNS slave process].

[28.09.2013 00:23:48.546906] [00000x1faf] (316)[debug]	Process 2 [Parallel VNS]: Received message from leader.

[28.09.2013 00:23:48.602330] [00000x1faf] (317)[debug]	Process 2: VNS Output Message sent to grasp leader number 0. I(P) = 816
[28.09.2013 00:23:48.602395] [00000x1faf] (318)[debug]	Process 2 ready [VNS slave process].

[28.09.2013 00:23:50.051156] [00000x1faf] (319)[debug]	Process 2 [Parallel VNS]: Received message from leader.

[28.09.2013 00:23:50.052353] [00000x1faf] (320)[debug]	Process 2: VNS Output Message sent to grasp leader number 0. I(P) = 805
[28.09.2013 00:23:50.052379] [00000x1faf] (321)[debug]	Process 2 ready [VNS slave process].

[28.09.2013 00:23:50.057840] [00000x1faf] (322)[debug]	Process 2 [Parallel VNS]: Received message from leader.

[28.09.2013 00:23:50.105092] [00000x1faf] (323)[debug]	Process 2: VNS Output Message sent to grasp leader number 0. I(P) = 805
[28.09.2013 00:23:50.105178] [00000x1faf] (324)[debug]	Process 2 ready [VNS slave process].

[28.09.2013 00:23:50.120248] [00000x1faf] (325)[debug]	Process 2 [Parallel VNS]: Received message from leader.

[28.09.2013 00:23:50.120289] [00000x1faf] (326)[debug]	Process 2: ignoring VNS interrupt msg received.

[28.09.2013 00:23:50.120303] [00000x1faf] (327)[debug]	Process 2 ready [VNS slave process].

[28.09.2013 00:23:51.730348] [00000x1faf] (328)[debug]	Process 2 [Parallel VNS]: Received message from leader.

[28.09.2013 00:23:51.730479] [00000x1faf] (329)[debug]	Process 2: VNS Output Message sent to grasp leader number 0. I(P) = 805
[28.09.2013 00:23:51.730507] [00000x1faf] (330)[debug]	Process 2 ready [VNS slave process].

[28.09.2013 00:23:51.759102] [00000x1faf] (331)[debug]	Process 2 [Parallel VNS]: Received message from leader.

[28.09.2013 00:23:53.727580] [00000x1faf] (332)[trace]	VNS interrupt message received.
[28.09.2013 00:23:53.727638] [00000x1faf] (333)[debug]	Process 2: VNS Output Message sent to grasp leader number 0. I(P) = 805
[28.09.2013 00:23:53.727669] [00000x1faf] (334)[debug]	Process 2 ready [VNS slave process].

[28.09.2013 00:23:54.189946] [00000x1faf] (335)[debug]	Process 2 [Parallel VNS]: Received message from leader.

[28.09.2013 00:23:54.195042] [00000x1faf] (336)[debug]	Process 2: VNS Output Message sent to grasp leader number 0. I(P) = 797
[28.09.2013 00:23:54.195097] [00000x1faf] (337)[debug]	Process 2 ready [VNS slave process].

[28.09.2013 00:23:54.204825] [00000x1faf] (338)[debug]	Process 2 [Parallel VNS]: Received message from leader.

[28.09.2013 00:23:54.264718] [00000x1faf] (339)[debug]	Process 2: VNS Output Message sent to grasp leader number 0. I(P) = 797
[28.09.2013 00:23:54.264797] [00000x1faf] (340)[debug]	Process 2 ready [VNS slave process].

[28.09.2013 00:23:54.271968] [00000x1faf] (341)[debug]	Process 2 [Parallel VNS]: Received message from leader.

[28.09.2013 00:23:54.272027] [00000x1faf] (342)[debug]	Process 2: ignoring VNS interrupt msg received.

[28.09.2013 00:23:54.272041] [00000x1faf] (343)[debug]	Process 2 ready [VNS slave process].

[28.09.2013 00:23:54.771776] [00000x1faf] (344)[debug]	Process 2 [Parallel VNS]: Received message from leader.

[28.09.2013 00:23:54.771893] [00000x1faf] (345)[debug]	Process 2: VNS Output Message sent to grasp leader number 0. I(P) = 776
[28.09.2013 00:23:54.771915] [00000x1faf] (346)[debug]	Process 2 ready [VNS slave process].

[28.09.2013 00:23:54.781246] [00000x1faf] (347)[debug]	Process 2 [Parallel VNS]: Received message from leader.

[28.09.2013 00:23:54.790950] [00000x1faf] (348)[trace]	VNS interrupt message received.
[28.09.2013 00:23:54.791000] [00000x1faf] (349)[debug]	Process 2: VNS Output Message sent to grasp leader number 0. I(P) = 776
[28.09.2013 00:23:54.791024] [00000x1faf] (350)[debug]	Process 2 ready [VNS slave process].

[28.09.2013 00:23:55.309082] [00000x1faf] (351)[debug]	Process 2 [Parallel VNS]: Received message from leader.

[28.09.2013 00:23:55.309213] [00000x1faf] (352)[debug]	Process 2: VNS Output Message sent to grasp leader number 0. I(P) = 806
[28.09.2013 00:23:55.309235] [00000x1faf] (353)[debug]	Process 2 ready [VNS slave process].

[28.09.2013 00:23:55.322165] [00000x1faf] (354)[debug]	Process 2 [Parallel VNS]: Received message from leader.

[28.09.2013 00:23:55.349146] [00000x1faf] (355)[debug]	Process 2: VNS Output Message sent to grasp leader number 0. I(P) = 806
[28.09.2013 00:23:55.349223] [00000x1faf] (356)[debug]	Process 2 ready [VNS slave process].

[28.09.2013 00:23:55.370316] [00000x1faf] (357)[debug]	Process 2 [Parallel VNS]: Received message from leader.

[28.09.2013 00:23:55.370366] [00000x1faf] (358)[debug]	Process 2: ignoring VNS interrupt msg received.

[28.09.2013 00:23:55.370379] [00000x1faf] (359)[debug]	Process 2 ready [VNS slave process].

[28.09.2013 00:23:56.477772] [00000x1faf] (360)[debug]	Process 2 [Parallel VNS]: Received message from leader.

[28.09.2013 00:23:56.477918] [00000x1faf] (361)[debug]	Process 2: VNS Output Message sent to grasp leader number 0. I(P) = 805
[28.09.2013 00:23:56.477940] [00000x1faf] (362)[debug]	Process 2 ready [VNS slave process].

[28.09.2013 00:23:56.486837] [00000x1faf] (363)[debug]	Process 2 [Parallel VNS]: Received message from leader.

[28.09.2013 00:23:56.487125] [00000x1faf] (364)[debug]	Process 2: VNS Output Message sent to grasp leader number 0. I(P) = 805
[28.09.2013 00:23:56.487146] [00000x1faf] (365)[debug]	Process 2 ready [VNS slave process].

[28.09.2013 00:23:57.686327] [00000x1faf] (366)[debug]	Process 2 [Parallel VNS]: Received message from leader.

[28.09.2013 00:23:57.686510] [00000x1faf] (367)[debug]	Process 2: VNS Output Message sent to grasp leader number 0. I(P) = 807
[28.09.2013 00:23:57.686532] [00000x1faf] (368)[debug]	Process 2 ready [VNS slave process].

[28.09.2013 00:23:57.698101] [00000x1faf] (369)[debug]	Process 2 [Parallel VNS]: Received message from leader.

[28.09.2013 00:23:57.769481] [00000x1faf] (370)[trace]	VNS interrupt message received.
[28.09.2013 00:23:57.769558] [00000x1faf] (371)[debug]	Process 2: VNS Output Message sent to grasp leader number 0. I(P) = 807
[28.09.2013 00:23:57.769588] [00000x1faf] (372)[debug]	Process 2 ready [VNS slave process].

[28.09.2013 00:23:59.007645] [00000x1faf] (373)[debug]	Process 2 [Parallel VNS]: Received message from leader.

[28.09.2013 00:23:59.007733] [00000x1faf] (374)[debug]	Process 2: VNS Output Message sent to grasp leader number 0. I(P) = 800
[28.09.2013 00:23:59.007755] [00000x1faf] (375)[debug]	Process 2 ready [VNS slave process].

[28.09.2013 00:23:59.016558] [00000x1faf] (376)[debug]	Process 2 [Parallel VNS]: Received message from leader.

[28.09.2013 00:23:59.016634] [00000x1faf] (377)[debug]	Process 2: VNS Output Message sent to grasp leader number 0. I(P) = 800
[28.09.2013 00:23:59.016657] [00000x1faf] (378)[debug]	Process 2 ready [VNS slave process].

[28.09.2013 00:24:00.308584] [00000x1faf] (379)[debug]	Process 2 [Parallel VNS]: Received message from leader.

[28.09.2013 00:24:00.308744] [00000x1faf] (380)[debug]	Process 2: VNS Output Message sent to grasp leader number 0. I(P) = 808
[28.09.2013 00:24:00.308765] [00000x1faf] (381)[debug]	Process 2 ready [VNS slave process].

[28.09.2013 00:24:00.310237] [00000x1faf] (382)[debug]	Process 2 [Parallel VNS]: Received message from leader.

[28.09.2013 00:24:00.322157] [00000x1faf] (383)[trace]	VNS interrupt message received.
[28.09.2013 00:24:00.322190] [00000x1faf] (384)[debug]	Process 2: VNS Output Message sent to grasp leader number 0. I(P) = 808
[28.09.2013 00:24:00.322209] [00000x1faf] (385)[debug]	Process 2 ready [VNS slave process].

[28.09.2013 00:24:01.390384] [00000x1faf] (386)[debug]	Process 2 [Parallel VNS]: Received message from leader.

[28.09.2013 00:24:01.391544] [00000x1faf] (387)[debug]	Process 2: VNS Output Message sent to grasp leader number 0. I(P) = 807
[28.09.2013 00:24:01.391574] [00000x1faf] (388)[debug]	Process 2 ready [VNS slave process].

[28.09.2013 00:24:01.397281] [00000x1faf] (389)[debug]	Process 2 [Parallel VNS]: Received message from leader.

[28.09.2013 00:24:01.443787] [00000x1faf] (390)[debug]	Process 2: VNS Output Message sent to grasp leader number 0. I(P) = 807
[28.09.2013 00:24:01.443865] [00000x1faf] (391)[debug]	Process 2 ready [VNS slave process].

[28.09.2013 00:24:01.451897] [00000x1faf] (392)[debug]	Process 2 [Parallel VNS]: Received message from leader.

[28.09.2013 00:24:01.451936] [00000x1faf] (393)[debug]	Process 2: ignoring VNS interrupt msg received.

[28.09.2013 00:24:01.451948] [00000x1faf] (394)[debug]	Process 2 ready [VNS slave process].

[28.09.2013 00:24:02.815561] [00000x1faf] (395)[debug]	Process 2 [Parallel VNS]: Received message from leader.

[28.09.2013 00:24:02.816770] [00000x1faf] (396)[debug]	Process 2: VNS Output Message sent to grasp leader number 0. I(P) = 808
[28.09.2013 00:24:02.816806] [00000x1faf] (397)[debug]	Process 2 ready [VNS slave process].

[28.09.2013 00:24:02.818997] [00000x1faf] (398)[debug]	Process 2 [Parallel VNS]: Received message from leader.

[28.09.2013 00:24:02.820375] [00000x1faf] (399)[trace]	VNS interrupt message received.
[28.09.2013 00:24:02.820400] [00000x1faf] (400)[debug]	Process 2: VNS Output Message sent to grasp leader number 0. I(P) = 808
[28.09.2013 00:24:02.820418] [00000x1faf] (401)[debug]	Process 2 ready [VNS slave process].

[28.09.2013 00:24:04.141318] [00000x1faf] (402)[debug]	Process 2 [Parallel VNS]: Received message from leader.

[28.09.2013 00:24:04.141464] [00000x1faf] (403)[debug]	Process 2: VNS Output Message sent to grasp leader number 0. I(P) = 805
[28.09.2013 00:24:04.141487] [00000x1faf] (404)[debug]	Process 2 ready [VNS slave process].

[28.09.2013 00:24:04.150340] [00000x1faf] (405)[debug]	Process 2 [Parallel VNS]: Received message from leader.

[28.09.2013 00:24:04.150386] [00000x1faf] (406)[trace]	VNS interrupt message received.
[28.09.2013 00:24:04.150412] [00000x1faf] (407)[debug]	Process 2: VNS Output Message sent to grasp leader number 0. I(P) = 805
[28.09.2013 00:24:04.150430] [00000x1faf] (408)[debug]	Process 2 ready [VNS slave process].

[28.09.2013 00:24:04.914094] [00000x1faf] (409)[debug]	Process 2 [Parallel VNS]: Received message from leader.

[28.09.2013 00:24:04.914209] [00000x1faf] (410)[debug]	Process 2: VNS Output Message sent to grasp leader number 0. I(P) = 801
[28.09.2013 00:24:04.914231] [00000x1faf] (411)[debug]	Process 2 ready [VNS slave process].

[28.09.2013 00:24:04.927122] [00000x1faf] (412)[debug]	Process 2 [Parallel VNS]: Received message from leader.

[28.09.2013 00:24:04.929044] [00000x1faf] (413)[trace]	VNS interrupt message received.
[28.09.2013 00:24:04.929073] [00000x1faf] (414)[debug]	Process 2: VNS Output Message sent to grasp leader number 0. I(P) = 801
[28.09.2013 00:24:04.929092] [00000x1faf] (415)[debug]	Process 2 ready [VNS slave process].

[28.09.2013 00:24:05.829407] [00000x1faf] (416)[debug]	Process 2 [Parallel VNS]: Received message from leader.

[28.09.2013 00:24:05.829566] [00000x1faf] (417)[debug]	Process 2: VNS Output Message sent to grasp leader number 0. I(P) = 807
[28.09.2013 00:24:05.829608] [00000x1faf] (418)[debug]	Process 2 ready [VNS slave process].

[28.09.2013 00:24:05.832447] [00000x1faf] (419)[debug]	Process 2 [Parallel VNS]: Received message from leader.

[28.09.2013 00:24:05.832809] [00000x1faf] (420)[debug]	Process 2: VNS Output Message sent to grasp leader number 0. I(P) = 807
[28.09.2013 00:24:05.832829] [00000x1faf] (421)[debug]	Process 2 ready [VNS slave process].

[28.09.2013 00:24:05.846756] [00000x1faf] (422)[debug]	Process 2 [Parallel VNS]: Received message from leader.

[28.09.2013 00:24:05.846787] [00000x1faf] (423)[debug]	Process 2: ignoring VNS interrupt msg received.

[28.09.2013 00:24:05.846800] [00000x1faf] (424)[debug]	Process 2 ready [VNS slave process].

[28.09.2013 00:24:06.770187] [00000x1faf] (425)[debug]	Process 2 [Parallel VNS]: Received message from leader.

[28.09.2013 00:24:06.771373] [00000x1faf] (426)[debug]	Process 2: VNS Output Message sent to grasp leader number 0. I(P) = 812
[28.09.2013 00:24:06.771400] [00000x1faf] (427)[debug]	Process 2 ready [VNS slave process].

[28.09.2013 00:24:06.780402] [00000x1faf] (428)[debug]	Process 2 [Parallel VNS]: Received message from leader.

[28.09.2013 00:24:06.780736] [00000x1faf] (429)[debug]	Process 2: VNS Output Message sent to grasp leader number 0. I(P) = 812
[28.09.2013 00:24:06.780757] [00000x1faf] (430)[debug]	Process 2 ready [VNS slave process].

[28.09.2013 00:24:06.865117] [00000x1faf] (431)[debug]	Process 2 [Parallel VNS]: Received message from leader.

[28.09.2013 00:24:06.865153] [00000x1faf] (432)[debug]	Process 2: ignoring VNS interrupt msg received.

[28.09.2013 00:24:06.865166] [00000x1faf] (433)[debug]	Process 2 ready [VNS slave process].

[28.09.2013 00:24:06.865202] [00000x1faf] (434)[debug]	Process 2 [Parallel VNS]: Received message from leader.

[28.09.2013 00:24:06.866962] [00000x1faf] (435)[debug]	Process 2: VNS Output Message sent to grasp leader number 0. I(P) = 811
[28.09.2013 00:24:06.866988] [00000x1faf] (436)[debug]	Process 2 ready [VNS slave process].

[28.09.2013 00:24:06.880302] [00000x1faf] (437)[debug]	Process 2 [Parallel VNS]: Received message from leader.

[28.09.2013 00:24:06.947975] [00000x1faf] (438)[trace]	VNS interrupt message received.
[28.09.2013 00:24:06.948028] [00000x1faf] (439)[debug]	Process 2: VNS Output Message sent to grasp leader number 0. I(P) = 811
[28.09.2013 00:24:06.948052] [00000x1faf] (440)[debug]	Process 2 ready [VNS slave process].

[28.09.2013 00:24:07.933025] [00000x1faf] (441)[debug]	Process 2 [Parallel VNS]: Received message from leader.

[28.09.2013 00:24:07.934180] [00000x1faf] (442)[debug]	Process 2: VNS Output Message sent to grasp leader number 0. I(P) = 807
[28.09.2013 00:24:07.934214] [00000x1faf] (443)[debug]	Process 2 ready [VNS slave process].

[28.09.2013 00:24:07.940869] [00000x1faf] (444)[debug]	Process 2 [Parallel VNS]: Received message from leader.

[28.09.2013 00:24:07.940911] [00000x1faf] (445)[trace]	VNS interrupt message received.
[28.09.2013 00:24:07.940936] [00000x1faf] (446)[debug]	Process 2: VNS Output Message sent to grasp leader number 0. I(P) = 807
[28.09.2013 00:24:07.940953] [00000x1faf] (447)[debug]	Process 2 ready [VNS slave process].

[28.09.2013 00:24:09.410006] [00000x1faf] (448)[debug]	Process 2 [Parallel VNS]: Received message from leader.

[28.09.2013 00:24:09.410119] [00000x1faf] (449)[debug]	Process 2: VNS Output Message sent to grasp leader number 0. I(P) = 797
[28.09.2013 00:24:09.410144] [00000x1faf] (450)[debug]	Process 2 ready [VNS slave process].

[28.09.2013 00:24:09.411522] [00000x1faf] (451)[debug]	Process 2 [Parallel VNS]: Received message from leader.

[28.09.2013 00:24:09.418571] [00000x1faf] (452)[trace]	VNS interrupt message received.
[28.09.2013 00:24:09.418617] [00000x1faf] (453)[debug]	Process 2: VNS Output Message sent to grasp leader number 0. I(P) = 797
[28.09.2013 00:24:09.418639] [00000x1faf] (454)[debug]	Process 2 ready [VNS slave process].

[28.09.2013 00:24:10.109517] [00000x1faf] (455)[debug]	Process 2 [Parallel VNS]: Received message from leader.

[28.09.2013 00:24:10.109657] [00000x1faf] (456)[debug]	Process 2: VNS Output Message sent to grasp leader number 0. I(P) = 807
[28.09.2013 00:24:10.109679] [00000x1faf] (457)[debug]	Process 2 ready [VNS slave process].

[28.09.2013 00:24:10.112264] [00000x1faf] (458)[debug]	Process 2 [Parallel VNS]: Received message from leader.

[28.09.2013 00:24:10.113508] [00000x1faf] (459)[trace]	VNS interrupt message received.
[28.09.2013 00:24:10.113542] [00000x1faf] (460)[debug]	Process 2: VNS Output Message sent to grasp leader number 0. I(P) = 807
[28.09.2013 00:24:10.113562] [00000x1faf] (461)[debug]	Process 2 ready [VNS slave process].

[28.09.2013 00:24:10.747196] [00000x1faf] (462)[debug]	Process 2 [Parallel VNS]: Received message from leader.

[28.09.2013 00:24:10.747330] [00000x1faf] (463)[debug]	Process 2: VNS Output Message sent to grasp leader number 0. I(P) = 810
[28.09.2013 00:24:10.747351] [00000x1faf] (464)[debug]	Process 2 ready [VNS slave process].

[28.09.2013 00:24:10.754952] [00000x1faf] (465)[debug]	Process 2 [Parallel VNS]: Received message from leader.

[28.09.2013 00:24:10.775624] [00000x1faf] (466)[trace]	VNS interrupt message received.
[28.09.2013 00:24:10.775664] [00000x1faf] (467)[debug]	Process 2: VNS Output Message sent to grasp leader number 0. I(P) = 810
[28.09.2013 00:24:10.775684] [00000x1faf] (468)[debug]	Process 2 ready [VNS slave process].

[28.09.2013 00:24:10.776141] [00000x1faf] (469)[debug]	Process 2 [Parallel VNS]: Received message from leader.

[28.09.2013 00:24:10.776198] [00000x1faf] (470)[debug]	Process 2: VNS Output Message sent to grasp leader number 0. I(P) = 809
[28.09.2013 00:24:10.776217] [00000x1faf] (471)[debug]	Process 2 ready [VNS slave process].

[28.09.2013 00:24:10.782319] [00000x1faf] (472)[debug]	Process 2 [Parallel VNS]: Received message from leader.

[28.09.2013 00:24:10.782540] [00000x1faf] (473)[debug]	Process 2: VNS Output Message sent to grasp leader number 0. I(P) = 809
[28.09.2013 00:24:10.782562] [00000x1faf] (474)[debug]	Process 2 ready [VNS slave process].

[28.09.2013 00:24:11.384785] [00000x1faf] (475)[debug]	Process 2 [Parallel VNS]: Received message from leader.

[28.09.2013 00:24:11.384958] [00000x1faf] (476)[debug]	Process 2: VNS Output Message sent to grasp leader number 0. I(P) = 803
[28.09.2013 00:24:11.384981] [00000x1faf] (477)[debug]	Process 2 ready [VNS slave process].

[28.09.2013 00:24:11.387556] [00000x1faf] (478)[debug]	Process 2 [Parallel VNS]: Received message from leader.

[28.09.2013 00:24:11.425882] [00000x1faf] (479)[debug]	Process 2: VNS Output Message sent to grasp leader number 0. I(P) = 803
[28.09.2013 00:24:11.425955] [00000x1faf] (480)[debug]	Process 2 ready [VNS slave process].

[28.09.2013 00:24:11.429007] [00000x1faf] (481)[debug]	Process 2 [Parallel VNS]: Received message from leader.

[28.09.2013 00:24:11.429025] [00000x1faf] (482)[debug]	Process 2: ignoring VNS interrupt msg received.

[28.09.2013 00:24:11.429037] [00000x1faf] (483)[debug]	Process 2 ready [VNS slave process].

[28.09.2013 00:24:12.160498] [00000x1faf] (484)[debug]	Process 2 [Parallel VNS]: Received message from leader.

[28.09.2013 00:24:12.160670] [00000x1faf] (485)[debug]	Process 2: VNS Output Message sent to grasp leader number 0. I(P) = 800
[28.09.2013 00:24:12.160694] [00000x1faf] (486)[debug]	Process 2 ready [VNS slave process].

[28.09.2013 00:24:12.162912] [00000x1faf] (487)[debug]	Process 2 [Parallel VNS]: Received message from leader.

[28.09.2013 00:24:12.172408] [00000x1faf] (488)[debug]	Process 2: VNS Output Message sent to grasp leader number 0. I(P) = 799
[28.09.2013 00:24:12.172453] [00000x1faf] (489)[debug]	Process 2 ready [VNS slave process].

[28.09.2013 00:24:12.172912] [00000x1faf] (490)[debug]	Process 2 [Parallel VNS]: Received message from leader.

[28.09.2013 00:24:12.172928] [00000x1faf] (491)[debug]	Process 2: ignoring VNS interrupt msg received.

[28.09.2013 00:24:12.172940] [00000x1faf] (492)[debug]	Process 2 ready [VNS slave process].

[28.09.2013 00:24:12.178330] [00000x1faf] (493)[debug]	Process 2 [Parallel VNS]: Received message from leader.

[28.09.2013 00:24:12.180934] [00000x1faf] (494)[debug]	Process 2: VNS Output Message sent to grasp leader number 0. I(P) = 799
[28.09.2013 00:24:12.180964] [00000x1faf] (495)[debug]	Process 2 ready [VNS slave process].

[28.09.2013 00:24:12.182122] [00000x1faf] (496)[debug]	Process 2 [Parallel VNS]: Received message from leader.

[28.09.2013 00:24:12.182319] [00000x1faf] (497)[debug]	Process 2: VNS Output Message sent to grasp leader number 0. I(P) = 799
[28.09.2013 00:24:12.182341] [00000x1faf] (498)[debug]	Process 2 ready [VNS slave process].

[28.09.2013 00:24:12.662135] [00000x1faf] (499)[debug]	Process 2 [Parallel VNS]: Received message from leader.

[28.09.2013 00:24:12.662227] [00000x1faf] (500)[debug]	Process 2: VNS Output Message sent to grasp leader number 0. I(P) = 805
[28.09.2013 00:24:12.662249] [00000x1faf] (501)[debug]	Process 2 ready [VNS slave process].

[28.09.2013 00:24:12.666584] [00000x1faf] (502)[debug]	Process 2 [Parallel VNS]: Received message from leader.

[28.09.2013 00:24:12.668162] [00000x1faf] (503)[trace]	VNS interrupt message received.
[28.09.2013 00:24:12.668190] [00000x1faf] (504)[debug]	Process 2: VNS Output Message sent to grasp leader number 0. I(P) = 805
[28.09.2013 00:24:12.668209] [00000x1faf] (505)[debug]	Process 2 ready [VNS slave process].

[28.09.2013 00:24:13.099845] [00000x1faf] (506)[debug]	Process 2 [Parallel VNS]: Received message from leader.

[28.09.2013 00:24:13.099957] [00000x1faf] (507)[debug]	Process 2: VNS Output Message sent to grasp leader number 0. I(P) = 801
[28.09.2013 00:24:13.099979] [00000x1faf] (508)[debug]	Process 2 ready [VNS slave process].

[28.09.2013 00:24:13.100553] [00000x1faf] (509)[debug]	Process 2 [Parallel VNS]: Received message from leader.

[28.09.2013 00:24:13.101992] [00000x1faf] (510)[debug]	Process 2: VNS Output Message sent to grasp leader number 0. I(P) = 800
[28.09.2013 00:24:13.102013] [00000x1faf] (511)[debug]	Process 2 ready [VNS slave process].

[28.09.2013 00:24:13.104362] [00000x1faf] (512)[debug]	Process 2 [Parallel VNS]: Received message from leader.

[28.09.2013 00:24:13.104381] [00000x1faf] (513)[debug]	Process 2: ignoring VNS interrupt msg received.

[28.09.2013 00:24:13.104393] [00000x1faf] (514)[debug]	Process 2 ready [VNS slave process].

[28.09.2013 00:24:13.104427] [00000x1faf] (515)[debug]	Process 2 [Parallel VNS]: Received message from leader.

[28.09.2013 00:24:13.107365] [00000x1faf] (516)[debug]	Process 2: VNS Output Message sent to grasp leader number 0. I(P) = 799
[28.09.2013 00:24:13.107403] [00000x1faf] (517)[debug]	Process 2 ready [VNS slave process].

[28.09.2013 00:24:13.110554] [00000x1faf] (518)[debug]	Process 2 [Parallel VNS]: Received message from leader.

[28.09.2013 00:24:13.112264] [00000x1faf] (519)[debug]	Process 2: VNS Output Message sent to grasp leader number 0. I(P) = 798
[28.09.2013 00:24:13.112285] [00000x1faf] (520)[debug]	Process 2 ready [VNS slave process].

[28.09.2013 00:24:13.116494] [00000x1faf] (521)[debug]	Process 2 [Parallel VNS]: Received message from leader.

[28.09.2013 00:24:13.118317] [00000x1faf] (522)[debug]	Process 2: VNS Output Message sent to grasp leader number 0. I(P) = 797
[28.09.2013 00:24:13.118345] [00000x1faf] (523)[debug]	Process 2 ready [VNS slave process].

[28.09.2013 00:24:13.123106] [00000x1faf] (524)[debug]	Process 2 [Parallel VNS]: Received message from leader.

[28.09.2013 00:24:13.124822] [00000x1faf] (525)[debug]	Process 2: VNS Output Message sent to grasp leader number 0. I(P) = 797
[28.09.2013 00:24:13.124850] [00000x1faf] (526)[debug]	Process 2 ready [VNS slave process].

[28.09.2013 00:24:13.128598] [00000x1faf] (527)[debug]	Process 2 [Parallel VNS]: Received message from leader.

[28.09.2013 00:24:13.131983] [00000x1faf] (528)[debug]	Process 2: VNS Output Message sent to grasp leader number 0. I(P) = 795
[28.09.2013 00:24:13.132006] [00000x1faf] (529)[debug]	Process 2 ready [VNS slave process].

[28.09.2013 00:24:13.133952] [00000x1faf] (530)[debug]	Process 2 [Parallel VNS]: Received message from leader.

[28.09.2013 00:24:13.134003] [00000x1faf] (531)[trace]	VNS interrupt message received.
[28.09.2013 00:24:13.134030] [00000x1faf] (532)[debug]	Process 2: VNS Output Message sent to grasp leader number 0. I(P) = 795
[28.09.2013 00:24:13.134048] [00000x1faf] (533)[debug]	Process 2 ready [VNS slave process].

[28.09.2013 00:24:13.618051] [00000x1faf] (534)[debug]	Process 2 [Parallel VNS]: Received message from leader.

[28.09.2013 00:24:13.618192] [00000x1faf] (535)[debug]	Process 2: VNS Output Message sent to grasp leader number 0. I(P) = 799
[28.09.2013 00:24:13.618214] [00000x1faf] (536)[debug]	Process 2 ready [VNS slave process].

[28.09.2013 00:24:13.622587] [00000x1faf] (537)[debug]	Process 2 [Parallel VNS]: Received message from leader.

[28.09.2013 00:24:13.622711] [00000x1faf] (538)[debug]	Process 2: VNS Output Message sent to grasp leader number 0. I(P) = 798
[28.09.2013 00:24:13.622730] [00000x1faf] (539)[debug]	Process 2 ready [VNS slave process].

[28.09.2013 00:24:13.623960] [00000x1faf] (540)[debug]	Process 2 [Parallel VNS]: Received message from leader.

[28.09.2013 00:24:13.625042] [00000x1faf] (541)[debug]	Process 2: VNS Output Message sent to grasp leader number 0. I(P) = 797
[28.09.2013 00:24:13.625063] [00000x1faf] (542)[debug]	Process 2 ready [VNS slave process].

[28.09.2013 00:24:13.627117] [00000x1faf] (543)[debug]	Process 2 [Parallel VNS]: Received message from leader.

[28.09.2013 00:24:14.320465] [00000x1faf] (544)[trace]	VNS interrupt message received.
[28.09.2013 00:24:14.320517] [00000x1faf] (545)[debug]	Process 2: VNS Output Message sent to grasp leader number 0. I(P) = 797
[28.09.2013 00:24:14.320539] [00000x1faf] (546)[debug]	Process 2 ready [VNS slave process].

[28.09.2013 00:24:16.098350] [00000x1faf] (547)[debug]	Process 2 [Parallel VNS]: Received message from leader.

[28.09.2013 00:24:16.099468] [00000x1faf] (548)[debug]	Process 2: VNS Output Message sent to grasp leader number 0. I(P) = 810
[28.09.2013 00:24:16.099498] [00000x1faf] (549)[debug]	Process 2 ready [VNS slave process].

[28.09.2013 00:24:16.138355] [00000x1faf] (550)[debug]	Process 2 [Parallel VNS]: Received message from leader.

[28.09.2013 00:24:16.138498] [00000x1faf] (551)[debug]	Process 2: VNS Output Message sent to grasp leader number 0. I(P) = 810
[28.09.2013 00:24:16.138524] [00000x1faf] (552)[debug]	Process 2 ready [VNS slave process].

[28.09.2013 00:24:16.151519] [00000x1faf] (553)[debug]	Process 2 [Parallel VNS]: Received message from leader.

[28.09.2013 00:24:17.331493] [00000x1faf] (554)[debug]	Process 2: VNS Output Message sent to grasp leader number 0. I(P) = 810
[28.09.2013 00:24:17.331571] [00000x1faf] (555)[debug]	Process 2 ready [VNS slave process].

[28.09.2013 00:24:18.244307] [00000x1faf] (556)[debug]	Process 2 [Parallel VNS]: Received message from leader.

[28.09.2013 00:24:18.244498] [00000x1faf] (557)[debug]	Process 2: VNS Output Message sent to grasp leader number 0. I(P) = 798
[28.09.2013 00:24:18.244522] [00000x1faf] (558)[debug]	Process 2 ready [VNS slave process].

[28.09.2013 00:24:18.246885] [00000x1faf] (559)[debug]	Process 2 [Parallel VNS]: Received message from leader.

[28.09.2013 00:24:18.288634] [00000x1faf] (560)[trace]	VNS interrupt message received.
[28.09.2013 00:24:18.288702] [00000x1faf] (561)[debug]	Process 2: VNS Output Message sent to grasp leader number 0. I(P) = 798
[28.09.2013 00:24:18.288729] [00000x1faf] (562)[debug]	Process 2 ready [VNS slave process].

[28.09.2013 00:24:18.901267] [00000x1faf] (563)[debug]	Process 2 [Parallel VNS]: Received message from leader.

[28.09.2013 00:24:18.901403] [00000x1faf] (564)[debug]	Process 2: VNS Output Message sent to grasp leader number 0. I(P) = 807
[28.09.2013 00:24:18.901424] [00000x1faf] (565)[debug]	Process 2 ready [VNS slave process].

[28.09.2013 00:24:18.909072] [00000x1faf] (566)[debug]	Process 2 [Parallel VNS]: Received message from leader.

[28.09.2013 00:24:18.909206] [00000x1faf] (567)[debug]	Process 2: VNS Output Message sent to grasp leader number 0. I(P) = 805
[28.09.2013 00:24:18.909227] [00000x1faf] (568)[debug]	Process 2 ready [VNS slave process].

[28.09.2013 00:24:18.910826] [00000x1faf] (569)[debug]	Process 2 [Parallel VNS]: Received message from leader.

[28.09.2013 00:24:18.912098] [00000x1faf] (570)[debug]	Process 2: VNS Output Message sent to grasp leader number 0. I(P) = 805
[28.09.2013 00:24:18.912120] [00000x1faf] (571)[debug]	Process 2 ready [VNS slave process].

[28.09.2013 00:24:18.913388] [00000x1faf] (572)[debug]	Process 2 [Parallel VNS]: Received message from leader.

[28.09.2013 00:24:18.931675] [00000x1faf] (573)[debug]	Process 2: VNS Output Message sent to grasp leader number 0. I(P) = 805
[28.09.2013 00:24:18.931757] [00000x1faf] (574)[debug]	Process 2 ready [VNS slave process].

[28.09.2013 00:24:19.380114] [00000x1faf] (575)[debug]	Process 2 [Parallel VNS]: Received message from leader.

[28.09.2013 00:24:19.380211] [00000x1faf] (576)[debug]	Process 2: VNS Output Message sent to grasp leader number 0. I(P) = 799
[28.09.2013 00:24:19.380233] [00000x1faf] (577)[debug]	Process 2 ready [VNS slave process].

[28.09.2013 00:24:19.384062] [00000x1faf] (578)[debug]	Process 2 [Parallel VNS]: Received message from leader.

[28.09.2013 00:24:19.384147] [00000x1faf] (579)[debug]	Process 2: VNS Output Message sent to grasp leader number 0. I(P) = 798
[28.09.2013 00:24:19.384167] [00000x1faf] (580)[debug]	Process 2 ready [VNS slave process].

[28.09.2013 00:24:19.390332] [00000x1faf] (581)[debug]	Process 2 [Parallel VNS]: Received message from leader.

[28.09.2013 00:24:19.390462] [00000x1faf] (582)[debug]	Process 2: VNS Output Message sent to grasp leader number 0. I(P) = 798
[28.09.2013 00:24:19.390483] [00000x1faf] (583)[debug]	Process 2 ready [VNS slave process].

[28.09.2013 00:24:19.415824] [00000x1faf] (584)[debug]	Process 2 [Parallel VNS]: Received message from leader.

[28.09.2013 00:24:19.417726] [00000x1faf] (585)[debug]	Process 2: VNS Output Message sent to grasp leader number 0. I(P) = 797
[28.09.2013 00:24:19.417754] [00000x1faf] (586)[debug]	Process 2 ready [VNS slave process].

[28.09.2013 00:24:19.420525] [00000x1faf] (587)[debug]	Process 2 [Parallel VNS]: Received message from leader.

[28.09.2013 00:24:19.446422] [00000x1faf] (588)[trace]	VNS interrupt message received.
[28.09.2013 00:24:19.446503] [00000x1faf] (589)[debug]	Process 2: VNS Output Message sent to grasp leader number 0. I(P) = 797
[28.09.2013 00:24:19.446533] [00000x1faf] (590)[debug]	Process 2 ready [VNS slave process].

[28.09.2013 00:24:20.008097] [00000x1faf] (591)[debug]	Process 2 [Parallel VNS]: Received message from leader.

[28.09.2013 00:24:20.009365] [00000x1faf] (592)[debug]	Process 2: VNS Output Message sent to grasp leader number 0. I(P) = 807
[28.09.2013 00:24:20.009394] [00000x1faf] (593)[debug]	Process 2 ready [VNS slave process].

[28.09.2013 00:24:20.017032] [00000x1faf] (594)[debug]	Process 2 [Parallel VNS]: Received message from leader.

[28.09.2013 00:24:20.018286] [00000x1faf] (595)[debug]	Process 2: VNS Output Message sent to grasp leader number 0. I(P) = 806
[28.09.2013 00:24:20.018310] [00000x1faf] (596)[debug]	Process 2 ready [VNS slave process].

[28.09.2013 00:24:20.018699] [00000x1faf] (597)[debug]	Process 2 [Parallel VNS]: Received message from leader.

[28.09.2013 00:24:20.021047] [00000x1faf] (598)[debug]	Process 2: VNS Output Message sent to grasp leader number 0. I(P) = 806
[28.09.2013 00:24:20.021072] [00000x1faf] (599)[debug]	Process 2 ready [VNS slave process].

[28.09.2013 00:24:20.024840] [00000x1faf] (600)[debug]	Process 2 [Parallel VNS]: Received message from leader.

[28.09.2013 00:24:20.031624] [00000x1faf] (601)[trace]	VNS interrupt message received.
[28.09.2013 00:24:20.031674] [00000x1faf] (602)[debug]	Process 2: VNS Output Message sent to grasp leader number 0. I(P) = 806
[28.09.2013 00:24:20.031696] [00000x1faf] (603)[debug]	Process 2 ready [VNS slave process].

[28.09.2013 00:24:20.676203] [00000x1faf] (604)[debug]	Process 2 [Parallel VNS]: Received message from leader.

[28.09.2013 00:24:20.676347] [00000x1faf] (605)[debug]	Process 2: VNS Output Message sent to grasp leader number 0. I(P) = 815
[28.09.2013 00:24:20.676385] [00000x1faf] (606)[debug]	Process 2 ready [VNS slave process].

[28.09.2013 00:24:20.678209] [00000x1faf] (607)[debug]	Process 2 [Parallel VNS]: Received message from leader.

[28.09.2013 00:24:20.704934] [00000x1faf] (608)[debug]	Process 2: VNS Output Message sent to grasp leader number 0. I(P) = 815
[28.09.2013 00:24:20.705623] [00000x1faf] (609)[debug]	Process 2 ready [VNS slave process].

[28.09.2013 00:24:20.705651] [00000x1faf] (610)[debug]	Process 2 [Parallel VNS]: Received message from leader.

[28.09.2013 00:24:20.705664] [00000x1faf] (611)[debug]	Process 2: ignoring VNS interrupt msg received.

[28.09.2013 00:24:20.705676] [00000x1faf] (612)[debug]	Process 2 ready [VNS slave process].

[28.09.2013 00:24:21.223961] [00000x1faf] (613)[debug]	Process 2 [Parallel VNS]: Received message from leader.

[28.09.2013 00:24:21.225680] [00000x1faf] (614)[debug]	Process 2: VNS Output Message sent to grasp leader number 0. I(P) = 818
[28.09.2013 00:24:21.225708] [00000x1faf] (615)[debug]	Process 2 ready [VNS slave process].

[28.09.2013 00:24:21.229301] [00000x1faf] (616)[debug]	Process 2 [Parallel VNS]: Received message from leader.

[28.09.2013 00:24:21.229369] [00000x1faf] (617)[debug]	Process 2: VNS Output Message sent to grasp leader number 0. I(P) = 818
[28.09.2013 00:24:21.229389] [00000x1faf] (618)[debug]	Process 2 ready [VNS slave process].

[28.09.2013 00:24:21.230943] [00000x1faf] (619)[debug]	Process 2 [Parallel VNS]: Received message from leader.

[28.09.2013 00:24:21.286980] [00000x1faf] (620)[debug]	Process 2: VNS Output Message sent to grasp leader number 0. I(P) = 818
[28.09.2013 00:24:21.287056] [00000x1faf] (621)[debug]	Process 2 ready [VNS slave process].

[28.09.2013 00:24:22.764210] [00000x1faf] (622)[debug]	Process 2 [Parallel VNS]: Received message from leader.

[28.09.2013 00:24:22.769381] [00000x1faf] (623)[debug]	Process 2: VNS Output Message sent to grasp leader number 0. I(P) = 808
[28.09.2013 00:24:22.769431] [00000x1faf] (624)[debug]	Process 2 ready [VNS slave process].

[28.09.2013 00:24:22.769608] [00000x1faf] (625)[debug]	Process 2 [Parallel VNS]: Received message from leader.

[28.09.2013 00:24:22.770659] [00000x1faf] (626)[debug]	Process 2: VNS Output Message sent to grasp leader number 0. I(P) = 808
[28.09.2013 00:24:22.770688] [00000x1faf] (627)[debug]	Process 2 ready [VNS slave process].

[28.09.2013 00:24:22.771170] [00000x1faf] (628)[debug]	Process 2 [Parallel VNS]: Received message from leader.

[28.09.2013 00:24:22.771693] [00000x1faf] (629)[debug]	Process 2: VNS Output Message sent to grasp leader number 0. I(P) = 808
[28.09.2013 00:24:22.771712] [00000x1faf] (630)[debug]	Process 2 ready [VNS slave process].

[28.09.2013 00:24:22.772322] [00000x1faf] (631)[debug]	Process 2 [Parallel VNS]: Received message from leader.

[28.09.2013 00:24:22.772337] [00000x1faf] (632)[debug]	Process 2: ignoring VNS interrupt msg received.

[28.09.2013 00:24:22.772349] [00000x1faf] (633)[debug]	Process 2 ready [VNS slave process].

[28.09.2013 00:24:22.772411] [00000x1faf] (634)[debug]	Process 2 [Parallel VNS]: Received message from leader.

[28.09.2013 00:24:22.772425] [00000x1faf] (635)[debug]	Process 2: ignoring VNS interrupt msg received.

[28.09.2013 00:24:22.772437] [00000x1faf] (636)[debug]	Process 2 ready [VNS slave process].

[28.09.2013 00:24:22.772532] [00000x1faf] (637)[debug]	Process 2 [Parallel VNS]: Received message from leader.

[28.09.2013 00:24:22.773637] [00000x1faf] (638)[debug]	Process 2: VNS Output Message sent to grasp leader number 0. I(P) = 807
[28.09.2013 00:24:22.773657] [00000x1faf] (639)[debug]	Process 2 ready [VNS slave process].

[28.09.2013 00:24:22.780346] [00000x1faf] (640)[debug]	Process 2 [Parallel VNS]: Received message from leader.

[28.09.2013 00:24:22.788284] [00000x1faf] (641)[debug]	Process 2: VNS Output Message sent to grasp leader number 0. I(P) = 807
[28.09.2013 00:24:22.788345] [00000x1faf] (642)[debug]	Process 2 ready [VNS slave process].

[28.09.2013 00:24:23.585475] [00000x1faf] (643)[debug]	Process 2 [Parallel VNS]: Received message from leader.

[28.09.2013 00:24:23.586681] [00000x1faf] (644)[debug]	Process 2: VNS Output Message sent to grasp leader number 0. I(P) = 800
[28.09.2013 00:24:23.586707] [00000x1faf] (645)[debug]	Process 2 ready [VNS slave process].

[28.09.2013 00:24:23.588582] [00000x1faf] (646)[debug]	Process 2 [Parallel VNS]: Received message from leader.

[28.09.2013 00:24:23.609508] [00000x1faf] (647)[debug]	Process 2: VNS Output Message sent to grasp leader number 0. I(P) = 788
[28.09.2013 00:24:23.609595] [00000x1faf] (648)[debug]	Process 2 ready [VNS slave process].

[28.09.2013 00:24:23.609642] [00000x1faf] (649)[debug]	Process 2 [Parallel VNS]: Received message from leader.

[28.09.2013 00:24:23.609702] [00000x1faf] (650)[trace]	VNS interrupt message received.
[28.09.2013 00:24:23.609730] [00000x1faf] (651)[debug]	Process 2: VNS Output Message sent to grasp leader number 0. I(P) = 788
[28.09.2013 00:24:23.609748] [00000x1faf] (652)[debug]	Process 2 ready [VNS slave process].

[28.09.2013 00:24:24.223979] [00000x1faf] (653)[debug]	Process 2 [Parallel VNS]: Received message from leader.

[28.09.2013 00:24:24.224246] [00000x1faf] (654)[debug]	Process 2: VNS Output Message sent to grasp leader number 0. I(P) = 798
[28.09.2013 00:24:24.224269] [00000x1faf] (655)[debug]	Process 2 ready [VNS slave process].

[28.09.2013 00:24:24.236035] [00000x1faf] (656)[debug]	Process 2 [Parallel VNS]: Received message from leader.

[28.09.2013 00:24:24.238080] [00000x1faf] (657)[debug]	Process 2: VNS Output Message sent to grasp leader number 0. I(P) = 788
[28.09.2013 00:24:24.238110] [00000x1faf] (658)[debug]	Process 2 ready [VNS slave process].

[28.09.2013 00:24:24.245938] [00000x1faf] (659)[debug]	Process 2 [Parallel VNS]: Received message from leader.

[28.09.2013 00:24:24.246047] [00000x1faf] (660)[trace]	VNS interrupt message received.
[28.09.2013 00:24:24.246084] [00000x1faf] (661)[debug]	Process 2: VNS Output Message sent to grasp leader number 0. I(P) = 788
[28.09.2013 00:24:24.246113] [00000x1faf] (662)[debug]	Process 2 ready [VNS slave process].

[28.09.2013 00:24:25.039383] [00000x1faf] (663)[debug]	Process 2 [Parallel VNS]: Received message from leader.

[28.09.2013 00:24:25.039563] [00000x1faf] (664)[debug]	Process 2: VNS Output Message sent to grasp leader number 0. I(P) = 816
[28.09.2013 00:24:25.039584] [00000x1faf] (665)[debug]	Process 2 ready [VNS slave process].

[28.09.2013 00:24:25.041229] [00000x1faf] (666)[debug]	Process 2 [Parallel VNS]: Received message from leader.

[28.09.2013 00:24:25.049819] [00000x1faf] (667)[debug]	Process 2: VNS Output Message sent to grasp leader number 0. I(P) = 788
[28.09.2013 00:24:25.049871] [00000x1faf] (668)[debug]	Process 2 ready [VNS slave process].

[28.09.2013 00:24:25.049915] [00000x1faf] (669)[debug]	Process 2 [Parallel VNS]: Received message from leader.

[28.09.2013 00:24:25.049960] [00000x1faf] (670)[trace]	VNS interrupt message received.
[28.09.2013 00:24:25.049987] [00000x1faf] (671)[debug]	Process 2: VNS Output Message sent to grasp leader number 0. I(P) = 788
[28.09.2013 00:24:25.050005] [00000x1faf] (672)[debug]	Process 2 ready [VNS slave process].

[28.09.2013 00:24:25.602247] [00000x1faf] (673)[debug]	Process 2 [Parallel VNS]: Received message from leader.

[28.09.2013 00:24:25.602439] [00000x1faf] (674)[debug]	Process 2: VNS Output Message sent to grasp leader number 0. I(P) = 809
[28.09.2013 00:24:25.602463] [00000x1faf] (675)[debug]	Process 2 ready [VNS slave process].

[28.09.2013 00:24:25.605727] [00000x1faf] (676)[debug]	Process 2 [Parallel VNS]: Received message from leader.

[28.09.2013 00:24:25.612575] [00000x1faf] (677)[debug]	Process 2: VNS Output Message sent to grasp leader number 0. I(P) = 788
[28.09.2013 00:24:25.612621] [00000x1faf] (678)[debug]	Process 2 ready [VNS slave process].

[28.09.2013 00:24:25.612662] [00000x1faf] (679)[debug]	Process 2 [Parallel VNS]: Received message from leader.

[28.09.2013 00:24:25.612705] [00000x1faf] (680)[trace]	VNS interrupt message received.
[28.09.2013 00:24:25.612732] [00000x1faf] (681)[debug]	Process 2: VNS Output Message sent to grasp leader number 0. I(P) = 788
[28.09.2013 00:24:25.612762] [00000x1faf] (682)[debug]	Process 2 ready [VNS slave process].

[28.09.2013 00:24:25.864953] [00000x1faf] (683)[debug]	Process 2 [Parallel VNS]: Received message from leader.

[28.09.2013 00:24:25.865039] [00000x1faf] (684)[debug]	Process 2: VNS Output Message sent to grasp leader number 0. I(P) = 807
[28.09.2013 00:24:25.865061] [00000x1faf] (685)[debug]	Process 2 ready [VNS slave process].

[28.09.2013 00:24:25.867011] [00000x1faf] (686)[debug]	Process 2 [Parallel VNS]: Received message from leader.

[28.09.2013 00:24:25.869040] [00000x1faf] (687)[debug]	Process 2: VNS Output Message sent to grasp leader number 0. I(P) = 788
[28.09.2013 00:24:25.869063] [00000x1faf] (688)[debug]	Process 2 ready [VNS slave process].

[28.09.2013 00:24:25.869097] [00000x1faf] (689)[debug]	Process 2 [Parallel VNS]: Received message from leader.

[28.09.2013 00:24:25.869137] [00000x1faf] (690)[trace]	VNS interrupt message received.
[28.09.2013 00:24:25.869163] [00000x1faf] (691)[debug]	Process 2: VNS Output Message sent to grasp leader number 0. I(P) = 788
[28.09.2013 00:24:25.869180] [00000x1faf] (692)[debug]	Process 2 ready [VNS slave process].

[28.09.2013 00:24:26.211146] [00000x1faf] (693)[debug]	Process 2 [Parallel VNS]: Received message from leader.

[28.09.2013 00:24:26.211298] [00000x1faf] (694)[debug]	Process 2: VNS Output Message sent to grasp leader number 0. I(P) = 809
[28.09.2013 00:24:26.211320] [00000x1faf] (695)[debug]	Process 2 ready [VNS slave process].

[28.09.2013 00:24:26.212298] [00000x1faf] (696)[debug]	Process 2 [Parallel VNS]: Received message from leader.

[28.09.2013 00:24:26.214247] [00000x1faf] (697)[debug]	Process 2: VNS Output Message sent to grasp leader number 0. I(P) = 788
[28.09.2013 00:24:26.214282] [00000x1faf] (698)[debug]	Process 2 ready [VNS slave process].

[28.09.2013 00:24:26.221603] [00000x1faf] (699)[debug]	Process 2 [Parallel VNS]: Received message from leader.

[28.09.2013 00:24:26.222052] [00000x1faf] (700)[trace]	VNS interrupt message received.
[28.09.2013 00:24:26.222087] [00000x1faf] (701)[debug]	Process 2: VNS Output Message sent to grasp leader number 0. I(P) = 788
[28.09.2013 00:24:26.222109] [00000x1faf] (702)[debug]	Process 2 ready [VNS slave process].

[28.09.2013 00:24:26.518987] [00000x1faf] (703)[debug]	Process 2 [Parallel VNS]: Received message from leader.

[28.09.2013 00:24:26.519086] [00000x1faf] (704)[debug]	Process 2: VNS Output Message sent to grasp leader number 0. I(P) = 800
[28.09.2013 00:24:26.519109] [00000x1faf] (705)[debug]	Process 2 ready [VNS slave process].

[28.09.2013 00:24:26.520982] [00000x1faf] (706)[debug]	Process 2 [Parallel VNS]: Received message from leader.

[28.09.2013 00:24:26.523003] [00000x1faf] (707)[debug]	Process 2: VNS Output Message sent to grasp leader number 0. I(P) = 788
[28.09.2013 00:24:26.523027] [00000x1faf] (708)[debug]	Process 2 ready [VNS slave process].

[28.09.2013 00:24:26.523062] [00000x1faf] (709)[debug]	Process 2 [Parallel VNS]: Received message from leader.

[28.09.2013 00:24:26.523119] [00000x1faf] (710)[trace]	VNS interrupt message received.
[28.09.2013 00:24:26.523145] [00000x1faf] (711)[debug]	Process 2: VNS Output Message sent to grasp leader number 0. I(P) = 788
[28.09.2013 00:24:26.523162] [00000x1faf] (712)[debug]	Process 2 ready [VNS slave process].

[28.09.2013 00:24:26.847923] [00000x1faf] (713)[debug]	Process 2 [Parallel VNS]: Received message from leader.

[28.09.2013 00:24:26.848086] [00000x1faf] (714)[debug]	Process 2: VNS Output Message sent to grasp leader number 0. I(P) = 792
[28.09.2013 00:24:26.848108] [00000x1faf] (715)[debug]	Process 2 ready [VNS slave process].

[28.09.2013 00:24:26.849634] [00000x1faf] (716)[debug]	Process 2 [Parallel VNS]: Received message from leader.

[28.09.2013 00:24:26.856888] [00000x1faf] (717)[debug]	Process 2: VNS Output Message sent to grasp leader number 0. I(P) = 788
[28.09.2013 00:24:26.856917] [00000x1faf] (718)[debug]	Process 2 ready [VNS slave process].

[28.09.2013 00:24:26.857944] [00000x1faf] (719)[debug]	Process 2 [Parallel VNS]: Received message from leader.

[28.09.2013 00:24:26.863198] [00000x1faf] (720)[trace]	VNS interrupt message received.
[28.09.2013 00:24:26.863249] [00000x1faf] (721)[debug]	Process 2: VNS Output Message sent to grasp leader number 0. I(P) = 788
[28.09.2013 00:24:26.863270] [00000x1faf] (722)[debug]	Process 2 ready [VNS slave process].

[28.09.2013 00:24:27.193501] [00000x1faf] (723)[debug]	Process 2 [Parallel VNS]: Received message from leader.

[28.09.2013 00:24:27.193673] [00000x1faf] (724)[debug]	Process 2: VNS Output Message sent to grasp leader number 0. I(P) = 799
[28.09.2013 00:24:27.193696] [00000x1faf] (725)[debug]	Process 2 ready [VNS slave process].

[28.09.2013 00:24:27.197034] [00000x1faf] (726)[debug]	Process 2 [Parallel VNS]: Received message from leader.

[28.09.2013 00:24:27.204791] [00000x1faf] (727)[debug]	Process 2: VNS Output Message sent to grasp leader number 0. I(P) = 788
[28.09.2013 00:24:27.204826] [00000x1faf] (728)[debug]	Process 2 ready [VNS slave process].

[28.09.2013 00:24:27.204865] [00000x1faf] (729)[debug]	Process 2 [Parallel VNS]: Received message from leader.

[28.09.2013 00:24:27.204910] [00000x1faf] (730)[trace]	VNS interrupt message received.
[28.09.2013 00:24:27.204936] [00000x1faf] (731)[debug]	Process 2: VNS Output Message sent to grasp leader number 0. I(P) = 788
[28.09.2013 00:24:27.204954] [00000x1faf] (732)[debug]	Process 2 ready [VNS slave process].

[28.09.2013 00:24:27.578385] [00000x1faf] (733)[debug]	Process 2 [Parallel VNS]: Received message from leader.

[28.09.2013 00:24:27.578603] [00000x1faf] (734)[debug]	Process 2: VNS Output Message sent to grasp leader number 0. I(P) = 801
[28.09.2013 00:24:27.578625] [00000x1faf] (735)[debug]	Process 2 ready [VNS slave process].

[28.09.2013 00:24:27.582379] [00000x1faf] (736)[debug]	Process 2 [Parallel VNS]: Received message from leader.

[28.09.2013 00:24:27.584443] [00000x1faf] (737)[debug]	Process 2: VNS Output Message sent to grasp leader number 0. I(P) = 788
[28.09.2013 00:24:27.584468] [00000x1faf] (738)[debug]	Process 2 ready [VNS slave process].

[28.09.2013 00:24:27.606339] [00000x1faf] (739)[debug]	Process 2 [Parallel VNS]: Received message from leader.

[28.09.2013 00:24:27.606420] [00000x1faf] (740)[trace]	VNS interrupt message received.
[28.09.2013 00:24:27.606453] [00000x1faf] (741)[debug]	Process 2: VNS Output Message sent to grasp leader number 0. I(P) = 788
[28.09.2013 00:24:27.606476] [00000x1faf] (742)[debug]	Process 2 ready [VNS slave process].

[28.09.2013 00:24:28.143916] [00000x1faf] (743)[debug]	Process 2 [Parallel VNS]: Received message from leader.

[28.09.2013 00:24:28.144086] [00000x1faf] (744)[debug]	Process 2: VNS Output Message sent to grasp leader number 0. I(P) = 815
[28.09.2013 00:24:28.144111] [00000x1faf] (745)[debug]	Process 2 ready [VNS slave process].

[28.09.2013 00:24:28.145647] [00000x1faf] (746)[debug]	Process 2 [Parallel VNS]: Received message from leader.

[28.09.2013 00:24:28.148477] [00000x1faf] (747)[debug]	Process 2: VNS Output Message sent to grasp leader number 0. I(P) = 788
[28.09.2013 00:24:28.148518] [00000x1faf] (748)[debug]	Process 2 ready [VNS slave process].

[28.09.2013 00:24:28.154335] [00000x1faf] (749)[debug]	Process 2 [Parallel VNS]: Received message from leader.

[28.09.2013 00:24:28.154406] [00000x1faf] (750)[trace]	VNS interrupt message received.
[28.09.2013 00:24:28.154435] [00000x1faf] (751)[debug]	Process 2: VNS Output Message sent to grasp leader number 0. I(P) = 788
[28.09.2013 00:24:28.154455] [00000x1faf] (752)[debug]	Process 2 ready [VNS slave process].

[28.09.2013 00:24:28.992377] [00000x1faf] (753)[debug]	Process 2 [Parallel VNS]: Received message from leader.

[28.09.2013 00:24:28.993586] [00000x1faf] (754)[debug]	Process 2: VNS Output Message sent to grasp leader number 0. I(P) = 801
[28.09.2013 00:24:28.993610] [00000x1faf] (755)[debug]	Process 2 ready [VNS slave process].

[28.09.2013 00:24:28.996495] [00000x1faf] (756)[debug]	Process 2 [Parallel VNS]: Received message from leader.

[28.09.2013 00:24:29.001752] [00000x1faf] (757)[debug]	Process 2: VNS Output Message sent to grasp leader number 0. I(P) = 788
[28.09.2013 00:24:29.001790] [00000x1faf] (758)[debug]	Process 2 ready [VNS slave process].

[28.09.2013 00:24:29.002382] [00000x1faf] (759)[debug]	Process 2 [Parallel VNS]: Received message from leader.

[28.09.2013 00:24:29.014388] [00000x1faf] (760)[trace]	VNS interrupt message received.
[28.09.2013 00:24:29.014436] [00000x1faf] (761)[debug]	Process 2: VNS Output Message sent to grasp leader number 0. I(P) = 788
[28.09.2013 00:24:29.014457] [00000x1faf] (762)[debug]	Process 2 ready [VNS slave process].

[28.09.2013 00:24:29.528931] [00000x1faf] (763)[debug]	Process 2 [Parallel VNS]: Received message from leader.

[28.09.2013 00:24:29.529083] [00000x1faf] (764)[debug]	Process 2: VNS Output Message sent to grasp leader number 0. I(P) = 798
[28.09.2013 00:24:29.529103] [00000x1faf] (765)[debug]	Process 2 ready [VNS slave process].

[28.09.2013 00:24:29.529138] [00000x1faf] (766)[debug]	Process 2 [Parallel VNS]: Received message from leader.

[28.09.2013 00:24:29.532123] [00000x1faf] (767)[debug]	Process 2: VNS Output Message sent to grasp leader number 0. I(P) = 788
[28.09.2013 00:24:29.532180] [00000x1faf] (768)[debug]	Process 2 ready [VNS slave process].

[28.09.2013 00:24:29.535119] [00000x1faf] (769)[debug]	Process 2 [Parallel VNS]: Received message from leader.

[28.09.2013 00:24:29.535161] [00000x1faf] (770)[trace]	VNS interrupt message received.
[28.09.2013 00:24:29.535194] [00000x1faf] (771)[debug]	Process 2: VNS Output Message sent to grasp leader number 0. I(P) = 788
[28.09.2013 00:24:29.535212] [00000x1faf] (772)[debug]	Process 2 ready [VNS slave process].

[28.09.2013 00:24:30.088078] [00000x1faf] (773)[debug]	Process 2 [Parallel VNS]: Received message from leader.

[28.09.2013 00:24:30.088186] [00000x1faf] (774)[debug]	Process 2: VNS Output Message sent to grasp leader number 0. I(P) = 806
[28.09.2013 00:24:30.088207] [00000x1faf] (775)[debug]	Process 2 ready [VNS slave process].

[28.09.2013 00:24:30.095919] [00000x1faf] (776)[debug]	Process 2 [Parallel VNS]: Received message from leader.

[28.09.2013 00:24:30.102051] [00000x1faf] (777)[debug]	Process 2: VNS Output Message sent to grasp leader number 0. I(P) = 788
[28.09.2013 00:24:30.102101] [00000x1faf] (778)[debug]	Process 2 ready [VNS slave process].

[28.09.2013 00:24:30.102145] [00000x1faf] (779)[debug]	Process 2 [Parallel VNS]: Received message from leader.

[28.09.2013 00:24:30.118346] [00000x1faf] (780)[trace]	VNS interrupt message received.
[28.09.2013 00:24:30.118405] [00000x1faf] (781)[debug]	Process 2: VNS Output Message sent to grasp leader number 0. I(P) = 788
[28.09.2013 00:24:30.118429] [00000x1faf] (782)[debug]	Process 2 ready [VNS slave process].

[28.09.2013 00:24:30.704873] [00000x1faf] (783)[debug]	Process 2 [Parallel VNS]: Received message from leader.

[28.09.2013 00:24:30.704961] [00000x1faf] (784)[debug]	Process 2: VNS Output Message sent to grasp leader number 0. I(P) = 796
[28.09.2013 00:24:30.704983] [00000x1faf] (785)[debug]	Process 2 ready [VNS slave process].

[28.09.2013 00:24:30.708496] [00000x1faf] (786)[debug]	Process 2 [Parallel VNS]: Received message from leader.

[28.09.2013 00:24:30.710535] [00000x1faf] (787)[debug]	Process 2: VNS Output Message sent to grasp leader number 0. I(P) = 788
[28.09.2013 00:24:30.710567] [00000x1faf] (788)[debug]	Process 2 ready [VNS slave process].

[28.09.2013 00:24:30.718719] [00000x1faf] (789)[debug]	Process 2 [Parallel VNS]: Received message from leader.

[28.09.2013 00:24:30.718829] [00000x1faf] (790)[trace]	VNS interrupt message received.
[28.09.2013 00:24:30.718865] [00000x1faf] (791)[debug]	Process 2: VNS Output Message sent to grasp leader number 0. I(P) = 788
[28.09.2013 00:24:30.718892] [00000x1faf] (792)[debug]	Process 2 ready [VNS slave process].

[28.09.2013 00:24:31.353042] [00000x1faf] (793)[debug]	Process 2 [Parallel VNS]: Received message from leader.

[28.09.2013 00:24:31.354187] [00000x1faf] (794)[debug]	Process 2: VNS Output Message sent to grasp leader number 0. I(P) = 803
[28.09.2013 00:24:31.354227] [00000x1faf] (795)[debug]	Process 2 ready [VNS slave process].

[28.09.2013 00:24:31.360973] [00000x1faf] (796)[debug]	Process 2 [Parallel VNS]: Received message from leader.

[28.09.2013 00:24:31.364178] [00000x1faf] (797)[debug]	Process 2: VNS Output Message sent to grasp leader number 0. I(P) = 788
[28.09.2013 00:24:31.364212] [00000x1faf] (798)[debug]	Process 2 ready [VNS slave process].

[28.09.2013 00:24:31.364248] [00000x1faf] (799)[debug]	Process 2 [Parallel VNS]: Received message from leader.

[28.09.2013 00:24:31.364340] [00000x1faf] (800)[trace]	VNS interrupt message received.
[28.09.2013 00:24:31.364366] [00000x1faf] (801)[debug]	Process 2: VNS Output Message sent to grasp leader number 0. I(P) = 788
[28.09.2013 00:24:31.364384] [00000x1faf] (802)[debug]	Process 2 ready [VNS slave process].

[28.09.2013 00:24:31.497956] [00000x1faf] (803)[debug]	Process 2 [Parallel VNS]: Received message from leader.

[28.09.2013 00:24:31.503742] [00000x1faf] (804)[debug]	Process 2: VNS Output Message sent to grasp leader number 0. I(P) = 808
[28.09.2013 00:24:31.503792] [00000x1faf] (805)[debug]	Process 2 ready [VNS slave process].

[28.09.2013 00:24:31.503838] [00000x1faf] (806)[debug]	Process 2 [Parallel VNS]: Received message from leader.

[28.09.2013 00:24:31.505853] [00000x1faf] (807)[debug]	Process 2: VNS Output Message sent to grasp leader number 0. I(P) = 788
[28.09.2013 00:24:31.505875] [00000x1faf] (808)[debug]	Process 2 ready [VNS slave process].

[28.09.2013 00:24:31.515963] [00000x1faf] (809)[debug]	Process 2 [Parallel VNS]: Received message from leader.

[28.09.2013 00:24:31.516032] [00000x1faf] (810)[trace]	VNS interrupt message received.
[28.09.2013 00:24:31.516066] [00000x1faf] (811)[debug]	Process 2: VNS Output Message sent to grasp leader number 0. I(P) = 788
[28.09.2013 00:24:31.516088] [00000x1faf] (812)[debug]	Process 2 ready [VNS slave process].

[28.09.2013 00:24:31.686849] [00000x1faf] (813)[debug]	Process 2 [Parallel VNS]: Received message from leader.

[28.09.2013 00:24:31.688145] [00000x1faf] (814)[debug]	Process 2: VNS Output Message sent to grasp leader number 0. I(P) = 801
[28.09.2013 00:24:31.688169] [00000x1faf] (815)[debug]	Process 2 ready [VNS slave process].

[28.09.2013 00:24:31.694096] [00000x1faf] (816)[debug]	Process 2 [Parallel VNS]: Received message from leader.

[28.09.2013 00:24:31.696049] [00000x1faf] (817)[debug]	Process 2: VNS Output Message sent to grasp leader number 0. I(P) = 788
[28.09.2013 00:24:31.696075] [00000x1faf] (818)[debug]	Process 2 ready [VNS slave process].

[28.09.2013 00:24:31.704475] [00000x1faf] (819)[debug]	Process 2 [Parallel VNS]: Received message from leader.

[28.09.2013 00:24:31.704540] [00000x1faf] (820)[trace]	VNS interrupt message received.
[28.09.2013 00:24:31.704570] [00000x1faf] (821)[debug]	Process 2: VNS Output Message sent to grasp leader number 0. I(P) = 788
[28.09.2013 00:24:31.704591] [00000x1faf] (822)[debug]	Process 2 ready [VNS slave process].

[28.09.2013 00:24:31.861306] [00000x1faf] (823)[debug]	Process 2 [Parallel VNS]: Received message from leader.

[28.09.2013 00:24:31.861424] [00000x1faf] (824)[debug]	Process 2: VNS Output Message sent to grasp leader number 0. I(P) = 805
[28.09.2013 00:24:31.861445] [00000x1faf] (825)[debug]	Process 2 ready [VNS slave process].

[28.09.2013 00:24:31.861479] [00000x1faf] (826)[debug]	Process 2 [Parallel VNS]: Received message from leader.

[28.09.2013 00:24:31.863425] [00000x1faf] (827)[debug]	Process 2: VNS Output Message sent to grasp leader number 0. I(P) = 788
[28.09.2013 00:24:31.863448] [00000x1faf] (828)[debug]	Process 2 ready [VNS slave process].

[28.09.2013 00:24:31.872271] [00000x1faf] (829)[debug]	Process 2 [Parallel VNS]: Received message from leader.

[28.09.2013 00:24:31.872319] [00000x1faf] (830)[trace]	VNS interrupt message received.
[28.09.2013 00:24:31.872349] [00000x1faf] (831)[debug]	Process 2: VNS Output Message sent to grasp leader number 0. I(P) = 788
[28.09.2013 00:24:31.872368] [00000x1faf] (832)[debug]	Process 2 ready [VNS slave process].

[28.09.2013 00:24:32.012908] [00000x1faf] (833)[debug]	Process 2 [Parallel VNS]: Received message from leader.

[28.09.2013 00:24:32.012993] [00000x1faf] (834)[debug]	Process 2: VNS Output Message sent to grasp leader number 0. I(P) = 806
[28.09.2013 00:24:32.013014] [00000x1faf] (835)[debug]	Process 2 ready [VNS slave process].

[28.09.2013 00:24:32.014853] [00000x1faf] (836)[debug]	Process 2 [Parallel VNS]: Received message from leader.

[28.09.2013 00:24:32.016927] [00000x1faf] (837)[debug]	Process 2: VNS Output Message sent to grasp leader number 0. I(P) = 788
[28.09.2013 00:24:32.016948] [00000x1faf] (838)[debug]	Process 2 ready [VNS slave process].

[28.09.2013 00:24:32.025170] [00000x1faf] (839)[debug]	Process 2 [Parallel VNS]: Received message from leader.

[28.09.2013 00:24:32.025227] [00000x1faf] (840)[trace]	VNS interrupt message received.
[28.09.2013 00:24:32.025259] [00000x1faf] (841)[debug]	Process 2: VNS Output Message sent to grasp leader number 0. I(P) = 788
[28.09.2013 00:24:32.025280] [00000x1faf] (842)[debug]	Process 2 ready [VNS slave process].

[28.09.2013 00:24:32.188067] [00000x1faf] (843)[debug]	Process 2 [Parallel VNS]: Received message from leader.

[28.09.2013 00:24:32.189277] [00000x1faf] (844)[debug]	Process 2: VNS Output Message sent to grasp leader number 0. I(P) = 802
[28.09.2013 00:24:32.189301] [00000x1faf] (845)[debug]	Process 2 ready [VNS slave process].

[28.09.2013 00:24:32.196652] [00000x1faf] (846)[debug]	Process 2 [Parallel VNS]: Received message from leader.

[28.09.2013 00:24:32.198794] [00000x1faf] (847)[debug]	Process 2: VNS Output Message sent to grasp leader number 0. I(P) = 788
[28.09.2013 00:24:32.198827] [00000x1faf] (848)[debug]	Process 2 ready [VNS slave process].

[28.09.2013 00:24:32.198864] [00000x1faf] (849)[debug]	Process 2 [Parallel VNS]: Received message from leader.

[28.09.2013 00:24:32.198969] [00000x1faf] (850)[trace]	VNS interrupt message received.
[28.09.2013 00:24:32.198996] [00000x1faf] (851)[debug]	Process 2: VNS Output Message sent to grasp leader number 0. I(P) = 788
[28.09.2013 00:24:32.199014] [00000x1faf] (852)[debug]	Process 2 ready [VNS slave process].

[28.09.2013 00:24:32.208470] [00000x1faf] (853)[debug]	Process 2 [Parallel VNS]: Received message from leader.

[28.09.2013 00:24:32.208500] [00000x1faf] (854)[debug]	Process 2: terminate msg received.

