[28.09.2013 00:22:41.229460] [00000x1fb2] (1)[trace]	number of slaves received

[28.09.2013 00:22:41.231262] [00000x1fb2] (2)[info]	The number of VNS search slaves per master is 2

[28.09.2013 00:22:41.231300] [00000x1fb2] (3)[debug]	Process 5 ready [VNS slave process].

[28.09.2013 00:22:43.018444] [00000x1fb2] (4)[debug]	Process 5 [Parallel VNS]: Received message from leader.

[28.09.2013 00:22:43.018907] [00000x1fb2] (5)[trace]	Line: 200 887

[28.09.2013 00:22:43.018930] [00000x1fb2] (6)[trace]	Format type is 2

[28.09.2013 00:22:43.019284] [00000x1fb2] (7)[trace]	Successfully created signed graph with 200 vertices.

[28.09.2013 00:22:43.026699] [00000x1fb2] (8)[debug]	Process 5: VNS Output Message sent to grasp leader number 1. I(P) = 807
[28.09.2013 00:22:43.026768] [00000x1fb2] (9)[debug]	Process 5 ready [VNS slave process].

[28.09.2013 00:22:43.039298] [00000x1fb2] (10)[debug]	Process 5 [Parallel VNS]: Received message from leader.

[28.09.2013 00:22:43.039627] [00000x1fb2] (11)[debug]	Process 5: VNS Output Message sent to grasp leader number 1. I(P) = 807
[28.09.2013 00:22:43.039653] [00000x1fb2] (12)[debug]	Process 5 ready [VNS slave process].

[28.09.2013 00:22:44.411480] [00000x1fb2] (13)[debug]	Process 5 [Parallel VNS]: Received message from leader.

[28.09.2013 00:22:44.414170] [00000x1fb2] (14)[debug]	Process 5: VNS Output Message sent to grasp leader number 1. I(P) = 798
[28.09.2013 00:22:44.414203] [00000x1fb2] (15)[debug]	Process 5 ready [VNS slave process].

[28.09.2013 00:22:44.417128] [00000x1fb2] (16)[debug]	Process 5 [Parallel VNS]: Received message from leader.

[28.09.2013 00:22:44.417356] [00000x1fb2] (17)[debug]	Process 5: VNS Output Message sent to grasp leader number 1. I(P) = 798
[28.09.2013 00:22:44.417376] [00000x1fb2] (18)[debug]	Process 5 ready [VNS slave process].

[28.09.2013 00:22:44.418804] [00000x1fb2] (19)[debug]	Process 5 [Parallel VNS]: Received message from leader.

[28.09.2013 00:22:44.418821] [00000x1fb2] (20)[debug]	Process 5: ignoring VNS interrupt msg received.

[28.09.2013 00:22:44.418833] [00000x1fb2] (21)[debug]	Process 5 ready [VNS slave process].

[28.09.2013 00:22:45.783076] [00000x1fb2] (22)[debug]	Process 5 [Parallel VNS]: Received message from leader.

[28.09.2013 00:22:45.783246] [00000x1fb2] (23)[debug]	Process 5: VNS Output Message sent to grasp leader number 1. I(P) = 812
[28.09.2013 00:22:45.783266] [00000x1fb2] (24)[debug]	Process 5 ready [VNS slave process].

[28.09.2013 00:22:45.791880] [00000x1fb2] (25)[debug]	Process 5 [Parallel VNS]: Received message from leader.

[28.09.2013 00:22:47.051563] [00000x1fb2] (26)[debug]	Process 5: VNS Output Message sent to grasp leader number 1. I(P) = 812
[28.09.2013 00:22:47.051643] [00000x1fb2] (27)[debug]	Process 5 ready [VNS slave process].

[28.09.2013 00:22:47.055113] [00000x1fb2] (28)[debug]	Process 5 [Parallel VNS]: Received message from leader.

[28.09.2013 00:22:47.055131] [00000x1fb2] (29)[debug]	Process 5: ignoring VNS interrupt msg received.

[28.09.2013 00:22:47.055143] [00000x1fb2] (30)[debug]	Process 5 ready [VNS slave process].

[28.09.2013 00:22:48.659578] [00000x1fb2] (31)[debug]	Process 5 [Parallel VNS]: Received message from leader.

[28.09.2013 00:22:48.659672] [00000x1fb2] (32)[debug]	Process 5: VNS Output Message sent to grasp leader number 1. I(P) = 806
[28.09.2013 00:22:48.659695] [00000x1fb2] (33)[debug]	Process 5 ready [VNS slave process].

[28.09.2013 00:22:48.662817] [00000x1fb2] (34)[debug]	Process 5 [Parallel VNS]: Received message from leader.

[28.09.2013 00:22:48.672796] [00000x1fb2] (35)[trace]	VNS interrupt message received.
[28.09.2013 00:22:48.672880] [00000x1fb2] (36)[debug]	Process 5: VNS Output Message sent to grasp leader number 1. I(P) = 806
[28.09.2013 00:22:48.672909] [00000x1fb2] (37)[debug]	Process 5 ready [VNS slave process].

[28.09.2013 00:22:50.774582] [00000x1fb2] (38)[debug]	Process 5 [Parallel VNS]: Received message from leader.

[28.09.2013 00:22:50.774719] [00000x1fb2] (39)[debug]	Process 5: VNS Output Message sent to grasp leader number 1. I(P) = 793
[28.09.2013 00:22:50.774745] [00000x1fb2] (40)[debug]	Process 5 ready [VNS slave process].

[28.09.2013 00:22:50.790362] [00000x1fb2] (41)[debug]	Process 5 [Parallel VNS]: Received message from leader.

[28.09.2013 00:22:50.790457] [00000x1fb2] (42)[debug]	Process 5: VNS Output Message sent to grasp leader number 1. I(P) = 793
[28.09.2013 00:22:50.790481] [00000x1fb2] (43)[debug]	Process 5 ready [VNS slave process].

[28.09.2013 00:22:52.458349] [00000x1fb2] (44)[debug]	Process 5 [Parallel VNS]: Received message from leader.

[28.09.2013 00:22:52.459509] [00000x1fb2] (45)[debug]	Process 5: VNS Output Message sent to grasp leader number 1. I(P) = 808
[28.09.2013 00:22:52.459540] [00000x1fb2] (46)[debug]	Process 5 ready [VNS slave process].

[28.09.2013 00:22:52.471433] [00000x1fb2] (47)[debug]	Process 5 [Parallel VNS]: Received message from leader.

[28.09.2013 00:22:52.472663] [00000x1fb2] (48)[debug]	Process 5: VNS Output Message sent to grasp leader number 1. I(P) = 807
[28.09.2013 00:22:52.472687] [00000x1fb2] (49)[debug]	Process 5 ready [VNS slave process].

[28.09.2013 00:22:52.484529] [00000x1fb2] (50)[debug]	Process 5 [Parallel VNS]: Received message from leader.

[28.09.2013 00:22:52.484620] [00000x1fb2] (51)[debug]	Process 5: VNS Output Message sent to grasp leader number 1. I(P) = 807
[28.09.2013 00:22:52.484643] [00000x1fb2] (52)[debug]	Process 5 ready [VNS slave process].

[28.09.2013 00:22:52.522348] [00000x1fb2] (53)[debug]	Process 5 [Parallel VNS]: Received message from leader.

[28.09.2013 00:22:54.792779] [00000x1fb2] (54)[debug]	Process 5: VNS Output Message sent to grasp leader number 1. I(P) = 807
[28.09.2013 00:22:54.792863] [00000x1fb2] (55)[debug]	Process 5 ready [VNS slave process].

[28.09.2013 00:22:55.972227] [00000x1fb2] (56)[debug]	Process 5 [Parallel VNS]: Received message from leader.

[28.09.2013 00:22:55.973462] [00000x1fb2] (57)[debug]	Process 5: VNS Output Message sent to grasp leader number 1. I(P) = 800
[28.09.2013 00:22:55.973490] [00000x1fb2] (58)[debug]	Process 5 ready [VNS slave process].

[28.09.2013 00:22:55.978639] [00000x1fb2] (59)[debug]	Process 5 [Parallel VNS]: Received message from leader.

[28.09.2013 00:22:56.012770] [00000x1fb2] (60)[debug]	Process 5: VNS Output Message sent to grasp leader number 1. I(P) = 800
[28.09.2013 00:22:56.012843] [00000x1fb2] (61)[debug]	Process 5 ready [VNS slave process].

[28.09.2013 00:22:56.020046] [00000x1fb2] (62)[debug]	Process 5 [Parallel VNS]: Received message from leader.

[28.09.2013 00:22:56.020066] [00000x1fb2] (63)[debug]	Process 5: ignoring VNS interrupt msg received.

[28.09.2013 00:22:56.020078] [00000x1fb2] (64)[debug]	Process 5 ready [VNS slave process].

[28.09.2013 00:22:57.341277] [00000x1fb2] (65)[debug]	Process 5 [Parallel VNS]: Received message from leader.

[28.09.2013 00:22:57.341417] [00000x1fb2] (66)[debug]	Process 5: VNS Output Message sent to grasp leader number 1. I(P) = 799
[28.09.2013 00:22:57.341438] [00000x1fb2] (67)[debug]	Process 5 ready [VNS slave process].

[28.09.2013 00:22:57.354339] [00000x1fb2] (68)[debug]	Process 5 [Parallel VNS]: Received message from leader.

[28.09.2013 00:22:57.354472] [00000x1fb2] (69)[debug]	Process 5: VNS Output Message sent to grasp leader number 1. I(P) = 798
[28.09.2013 00:22:57.354492] [00000x1fb2] (70)[debug]	Process 5 ready [VNS slave process].

[28.09.2013 00:22:57.378388] [00000x1fb2] (71)[debug]	Process 5 [Parallel VNS]: Received message from leader.

[28.09.2013 00:22:57.378701] [00000x1fb2] (72)[debug]	Process 5: VNS Output Message sent to grasp leader number 1. I(P) = 798
[28.09.2013 00:22:57.378735] [00000x1fb2] (73)[debug]	Process 5 ready [VNS slave process].

[28.09.2013 00:22:58.869751] [00000x1fb2] (74)[debug]	Process 5 [Parallel VNS]: Received message from leader.

[28.09.2013 00:22:58.869837] [00000x1fb2] (75)[debug]	Process 5: VNS Output Message sent to grasp leader number 1. I(P) = 806
[28.09.2013 00:22:58.869858] [00000x1fb2] (76)[debug]	Process 5 ready [VNS slave process].

[28.09.2013 00:22:58.878331] [00000x1fb2] (77)[debug]	Process 5 [Parallel VNS]: Received message from leader.

[28.09.2013 00:22:58.879164] [00000x1fb2] (78)[debug]	Process 5: VNS Output Message sent to grasp leader number 1. I(P) = 806
[28.09.2013 00:22:58.879192] [00000x1fb2] (79)[debug]	Process 5 ready [VNS slave process].

[28.09.2013 00:23:00.593528] [00000x1fb2] (80)[debug]	Process 5 [Parallel VNS]: Received message from leader.

[28.09.2013 00:23:00.594832] [00000x1fb2] (81)[debug]	Process 5: VNS Output Message sent to grasp leader number 1. I(P) = 808
[28.09.2013 00:23:00.594866] [00000x1fb2] (82)[debug]	Process 5 ready [VNS slave process].

[28.09.2013 00:23:00.599903] [00000x1fb2] (83)[debug]	Process 5 [Parallel VNS]: Received message from leader.

[28.09.2013 00:23:00.599968] [00000x1fb2] (84)[debug]	Process 5: VNS Output Message sent to grasp leader number 1. I(P) = 808
[28.09.2013 00:23:00.599989] [00000x1fb2] (85)[debug]	Process 5 ready [VNS slave process].

[28.09.2013 00:23:02.373960] [00000x1fb2] (86)[debug]	Process 5 [Parallel VNS]: Received message from leader.

[28.09.2013 00:23:02.381273] [00000x1fb2] (87)[debug]	Process 5: VNS Output Message sent to grasp leader number 1. I(P) = 812
[28.09.2013 00:23:02.381349] [00000x1fb2] (88)[debug]	Process 5 ready [VNS slave process].

[28.09.2013 00:23:02.398381] [00000x1fb2] (89)[debug]	Process 5 [Parallel VNS]: Received message from leader.

[28.09.2013 00:23:02.398595] [00000x1fb2] (90)[debug]	Process 5: VNS Output Message sent to grasp leader number 1. I(P) = 812
[28.09.2013 00:23:02.398622] [00000x1fb2] (91)[debug]	Process 5 ready [VNS slave process].

[28.09.2013 00:23:07.552105] [00000x1fb2] (92)[debug]	Process 5 [Parallel VNS]: Received message from leader.

[28.09.2013 00:23:07.552301] [00000x1fb2] (93)[debug]	Process 5: VNS Output Message sent to grasp leader number 1. I(P) = 810
[28.09.2013 00:23:07.552330] [00000x1fb2] (94)[debug]	Process 5 ready [VNS slave process].

[28.09.2013 00:23:07.586372] [00000x1fb2] (95)[debug]	Process 5 [Parallel VNS]: Received message from leader.

[28.09.2013 00:23:07.586711] [00000x1fb2] (96)[debug]	Process 5: VNS Output Message sent to grasp leader number 1. I(P) = 810
[28.09.2013 00:23:07.586740] [00000x1fb2] (97)[debug]	Process 5 ready [VNS slave process].

[28.09.2013 00:23:07.616243] [00000x1fb2] (98)[debug]	Process 5 [Parallel VNS]: Received message from leader.

[28.09.2013 00:23:07.616380] [00000x1fb2] (99)[debug]	Process 5: VNS Output Message sent to grasp leader number 1. I(P) = 809
[28.09.2013 00:23:07.616406] [00000x1fb2] (100)[debug]	Process 5 ready [VNS slave process].

[28.09.2013 00:23:07.626617] [00000x1fb2] (101)[debug]	Process 5 [Parallel VNS]: Received message from leader.

[28.09.2013 00:23:07.700135] [00000x1fb2] (102)[debug]	Process 5: VNS Output Message sent to grasp leader number 1. I(P) = 809
[28.09.2013 00:23:07.700243] [00000x1fb2] (103)[debug]	Process 5 ready [VNS slave process].

[28.09.2013 00:23:07.716664] [00000x1fb2] (104)[debug]	Process 5 [Parallel VNS]: Received message from leader.

[28.09.2013 00:23:07.716736] [00000x1fb2] (105)[debug]	Process 5: ignoring VNS interrupt msg received.

[28.09.2013 00:23:07.716748] [00000x1fb2] (106)[debug]	Process 5 ready [VNS slave process].

[28.09.2013 00:23:09.183116] [00000x1fb2] (107)[debug]	Process 5 [Parallel VNS]: Received message from leader.

[28.09.2013 00:23:09.184437] [00000x1fb2] (108)[debug]	Process 5: VNS Output Message sent to grasp leader number 1. I(P) = 792
[28.09.2013 00:23:09.184478] [00000x1fb2] (109)[debug]	Process 5 ready [VNS slave process].

[28.09.2013 00:23:09.198316] [00000x1fb2] (110)[debug]	Process 5 [Parallel VNS]: Received message from leader.

[28.09.2013 00:23:09.199523] [00000x1fb2] (111)[debug]	Process 5: VNS Output Message sent to grasp leader number 1. I(P) = 792
[28.09.2013 00:23:09.199549] [00000x1fb2] (112)[debug]	Process 5 ready [VNS slave process].

[28.09.2013 00:23:09.202534] [00000x1fb2] (113)[debug]	Process 5 [Parallel VNS]: Received message from leader.

[28.09.2013 00:23:09.202999] [00000x1fb2] (114)[debug]	Process 5: VNS Output Message sent to grasp leader number 1. I(P) = 792
[28.09.2013 00:23:09.203019] [00000x1fb2] (115)[debug]	Process 5 ready [VNS slave process].

[28.09.2013 00:23:09.205085] [00000x1fb2] (116)[debug]	Process 5 [Parallel VNS]: Received message from leader.

[28.09.2013 00:23:09.205106] [00000x1fb2] (117)[debug]	Process 5: ignoring VNS interrupt msg received.

[28.09.2013 00:23:09.205118] [00000x1fb2] (118)[debug]	Process 5 ready [VNS slave process].

[28.09.2013 00:23:09.995641] [00000x1fb2] (119)[debug]	Process 5 [Parallel VNS]: Received message from leader.

[28.09.2013 00:23:09.996809] [00000x1fb2] (120)[debug]	Process 5: VNS Output Message sent to grasp leader number 1. I(P) = 806
[28.09.2013 00:23:09.996837] [00000x1fb2] (121)[debug]	Process 5 ready [VNS slave process].

[28.09.2013 00:23:10.003662] [00000x1fb2] (122)[debug]	Process 5 [Parallel VNS]: Received message from leader.

[28.09.2013 00:23:11.550164] [00000x1fb2] (123)[debug]	Process 5: VNS Output Message sent to grasp leader number 1. I(P) = 806
[28.09.2013 00:23:11.550245] [00000x1fb2] (124)[debug]	Process 5 ready [VNS slave process].

[28.09.2013 00:23:11.577855] [00000x1fb2] (125)[debug]	Process 5 [Parallel VNS]: Received message from leader.

[28.09.2013 00:23:11.577909] [00000x1fb2] (126)[debug]	Process 5: ignoring VNS interrupt msg received.

[28.09.2013 00:23:11.577922] [00000x1fb2] (127)[debug]	Process 5 ready [VNS slave process].

[28.09.2013 00:23:12.963372] [00000x1fb2] (128)[debug]	Process 5 [Parallel VNS]: Received message from leader.

[28.09.2013 00:23:12.963483] [00000x1fb2] (129)[debug]	Process 5: VNS Output Message sent to grasp leader number 1. I(P) = 811
[28.09.2013 00:23:12.963504] [00000x1fb2] (130)[debug]	Process 5 ready [VNS slave process].

[28.09.2013 00:23:12.971146] [00000x1fb2] (131)[debug]	Process 5 [Parallel VNS]: Received message from leader.

[28.09.2013 00:23:12.971281] [00000x1fb2] (132)[debug]	Process 5: VNS Output Message sent to grasp leader number 1. I(P) = 811
[28.09.2013 00:23:12.971301] [00000x1fb2] (133)[debug]	Process 5 ready [VNS slave process].

[28.09.2013 00:23:12.982921] [00000x1fb2] (134)[debug]	Process 5 [Parallel VNS]: Received message from leader.

[28.09.2013 00:23:12.982948] [00000x1fb2] (135)[debug]	Process 5: ignoring VNS interrupt msg received.

[28.09.2013 00:23:12.982961] [00000x1fb2] (136)[debug]	Process 5 ready [VNS slave process].

[28.09.2013 00:23:14.280213] [00000x1fb2] (137)[debug]	Process 5 [Parallel VNS]: Received message from leader.

[28.09.2013 00:23:14.280294] [00000x1fb2] (138)[debug]	Process 5: VNS Output Message sent to grasp leader number 1. I(P) = 798
[28.09.2013 00:23:14.280315] [00000x1fb2] (139)[debug]	Process 5 ready [VNS slave process].

[28.09.2013 00:23:14.290321] [00000x1fb2] (140)[debug]	Process 5 [Parallel VNS]: Received message from leader.

[28.09.2013 00:23:14.291121] [00000x1fb2] (141)[debug]	Process 5: VNS Output Message sent to grasp leader number 1. I(P) = 798
[28.09.2013 00:23:14.291145] [00000x1fb2] (142)[debug]	Process 5 ready [VNS slave process].

[28.09.2013 00:23:14.330357] [00000x1fb2] (143)[debug]	Process 5 [Parallel VNS]: Received message from leader.

[28.09.2013 00:23:14.330498] [00000x1fb2] (144)[debug]	Process 5: VNS Output Message sent to grasp leader number 1. I(P) = 797
[28.09.2013 00:23:14.330523] [00000x1fb2] (145)[debug]	Process 5 ready [VNS slave process].

[28.09.2013 00:23:14.342385] [00000x1fb2] (146)[debug]	Process 5 [Parallel VNS]: Received message from leader.

[28.09.2013 00:23:14.616893] [00000x1fb2] (147)[debug]	Process 5: VNS Output Message sent to grasp leader number 1. I(P) = 797
[28.09.2013 00:23:14.616976] [00000x1fb2] (148)[debug]	Process 5 ready [VNS slave process].

[28.09.2013 00:23:15.636850] [00000x1fb2] (149)[debug]	Process 5 [Parallel VNS]: Received message from leader.

[28.09.2013 00:23:15.636935] [00000x1fb2] (150)[debug]	Process 5: VNS Output Message sent to grasp leader number 1. I(P) = 807
[28.09.2013 00:23:15.636956] [00000x1fb2] (151)[debug]	Process 5 ready [VNS slave process].

[28.09.2013 00:23:15.641533] [00000x1fb2] (152)[debug]	Process 5 [Parallel VNS]: Received message from leader.

[28.09.2013 00:23:15.642807] [00000x1fb2] (153)[debug]	Process 5: VNS Output Message sent to grasp leader number 1. I(P) = 805
[28.09.2013 00:23:15.642833] [00000x1fb2] (154)[debug]	Process 5 ready [VNS slave process].

[28.09.2013 00:23:15.650704] [00000x1fb2] (155)[debug]	Process 5 [Parallel VNS]: Received message from leader.

[28.09.2013 00:23:15.650725] [00000x1fb2] (156)[debug]	Process 5: ignoring VNS interrupt msg received.

[28.09.2013 00:23:15.650737] [00000x1fb2] (157)[debug]	Process 5 ready [VNS slave process].

[28.09.2013 00:23:15.650755] [00000x1fb2] (158)[debug]	Process 5 [Parallel VNS]: Received message from leader.

[28.09.2013 00:23:15.650767] [00000x1fb2] (159)[debug]	Process 5: ignoring VNS interrupt msg received.

[28.09.2013 00:23:15.650779] [00000x1fb2] (160)[debug]	Process 5 ready [VNS slave process].

[28.09.2013 00:23:15.652781] [00000x1fb2] (161)[debug]	Process 5 [Parallel VNS]: Received message from leader.

[28.09.2013 00:23:15.655687] [00000x1fb2] (162)[debug]	Process 5: VNS Output Message sent to grasp leader number 1. I(P) = 804
[28.09.2013 00:23:15.655728] [00000x1fb2] (163)[debug]	Process 5 ready [VNS slave process].

[28.09.2013 00:23:15.659626] [00000x1fb2] (164)[debug]	Process 5 [Parallel VNS]: Received message from leader.

[28.09.2013 00:23:15.661304] [00000x1fb2] (165)[debug]	Process 5: VNS Output Message sent to grasp leader number 1. I(P) = 804
[28.09.2013 00:23:15.661328] [00000x1fb2] (166)[debug]	Process 5 ready [VNS slave process].

[28.09.2013 00:23:15.666554] [00000x1fb2] (167)[debug]	Process 5 [Parallel VNS]: Received message from leader.

[28.09.2013 00:23:15.667146] [00000x1fb2] (168)[debug]	Process 5: VNS Output Message sent to grasp leader number 1. I(P) = 804
[28.09.2013 00:23:15.667168] [00000x1fb2] (169)[debug]	Process 5 ready [VNS slave process].

[28.09.2013 00:23:15.669279] [00000x1fb2] (170)[debug]	Process 5 [Parallel VNS]: Received message from leader.

[28.09.2013 00:23:15.669300] [00000x1fb2] (171)[debug]	Process 5: ignoring VNS interrupt msg received.

[28.09.2013 00:23:15.669312] [00000x1fb2] (172)[debug]	Process 5 ready [VNS slave process].

[28.09.2013 00:23:16.889263] [00000x1fb2] (173)[debug]	Process 5 [Parallel VNS]: Received message from leader.

[28.09.2013 00:23:16.889447] [00000x1fb2] (174)[debug]	Process 5: VNS Output Message sent to grasp leader number 1. I(P) = 805
[28.09.2013 00:23:16.889470] [00000x1fb2] (175)[debug]	Process 5 ready [VNS slave process].

[28.09.2013 00:23:16.899692] [00000x1fb2] (176)[debug]	Process 5 [Parallel VNS]: Received message from leader.

[28.09.2013 00:23:17.010745] [00000x1fb2] (177)[trace]	VNS interrupt message received.
[28.09.2013 00:23:17.010788] [00000x1fb2] (178)[debug]	Process 5: VNS Output Message sent to grasp leader number 1. I(P) = 805
[28.09.2013 00:23:17.010809] [00000x1fb2] (179)[debug]	Process 5 ready [VNS slave process].

[28.09.2013 00:23:18.553537] [00000x1fb2] (180)[debug]	Process 5 [Parallel VNS]: Received message from leader.

[28.09.2013 00:23:18.553663] [00000x1fb2] (181)[debug]	Process 5: VNS Output Message sent to grasp leader number 1. I(P) = 807
[28.09.2013 00:23:18.553683] [00000x1fb2] (182)[debug]	Process 5 ready [VNS slave process].

[28.09.2013 00:23:18.582366] [00000x1fb2] (183)[debug]	Process 5 [Parallel VNS]: Received message from leader.

[28.09.2013 00:23:18.629333] [00000x1fb2] (184)[debug]	Process 5: VNS Output Message sent to grasp leader number 1. I(P) = 807
[28.09.2013 00:23:18.629415] [00000x1fb2] (185)[debug]	Process 5 ready [VNS slave process].

[28.09.2013 00:23:18.638872] [00000x1fb2] (186)[debug]	Process 5 [Parallel VNS]: Received message from leader.

[28.09.2013 00:23:18.638911] [00000x1fb2] (187)[debug]	Process 5: ignoring VNS interrupt msg received.

[28.09.2013 00:23:18.638923] [00000x1fb2] (188)[debug]	Process 5 ready [VNS slave process].

[28.09.2013 00:23:20.117663] [00000x1fb2] (189)[debug]	Process 5 [Parallel VNS]: Received message from leader.

[28.09.2013 00:23:20.127382] [00000x1fb2] (190)[debug]	Process 5: VNS Output Message sent to grasp leader number 1. I(P) = 807
[28.09.2013 00:23:20.127484] [00000x1fb2] (191)[debug]	Process 5 ready [VNS slave process].

[28.09.2013 00:23:20.137048] [00000x1fb2] (192)[debug]	Process 5 [Parallel VNS]: Received message from leader.

[28.09.2013 00:23:20.137195] [00000x1fb2] (193)[debug]	Process 5: VNS Output Message sent to grasp leader number 1. I(P) = 807
[28.09.2013 00:23:20.137225] [00000x1fb2] (194)[debug]	Process 5 ready [VNS slave process].

[28.09.2013 00:23:20.139916] [00000x1fb2] (195)[debug]	Process 5 [Parallel VNS]: Received message from leader.

[28.09.2013 00:23:20.140035] [00000x1fb2] (196)[debug]	Process 5: VNS Output Message sent to grasp leader number 1. I(P) = 806
[28.09.2013 00:23:20.140056] [00000x1fb2] (197)[debug]	Process 5 ready [VNS slave process].

[28.09.2013 00:23:20.143357] [00000x1fb2] (198)[debug]	Process 5 [Parallel VNS]: Received message from leader.

[28.09.2013 00:23:20.245888] [00000x1fb2] (199)[debug]	Process 5: VNS Output Message sent to grasp leader number 1. I(P) = 806
[28.09.2013 00:23:20.245972] [00000x1fb2] (200)[debug]	Process 5 ready [VNS slave process].

[28.09.2013 00:23:20.289550] [00000x1fb2] (201)[debug]	Process 5 [Parallel VNS]: Received message from leader.

[28.09.2013 00:23:20.289640] [00000x1fb2] (202)[debug]	Process 5: ignoring VNS interrupt msg received.

[28.09.2013 00:23:20.289654] [00000x1fb2] (203)[debug]	Process 5 ready [VNS slave process].

[28.09.2013 00:23:22.192803] [00000x1fb2] (204)[debug]	Process 5 [Parallel VNS]: Received message from leader.

[28.09.2013 00:23:22.192967] [00000x1fb2] (205)[debug]	Process 5: VNS Output Message sent to grasp leader number 1. I(P) = 789
[28.09.2013 00:23:22.192989] [00000x1fb2] (206)[debug]	Process 5 ready [VNS slave process].

[28.09.2013 00:23:22.201261] [00000x1fb2] (207)[debug]	Process 5 [Parallel VNS]: Received message from leader.

[28.09.2013 00:23:22.205786] [00000x1fb2] (208)[debug]	Process 5: VNS Output Message sent to grasp leader number 1. I(P) = 788
[28.09.2013 00:23:22.205834] [00000x1fb2] (209)[debug]	Process 5 ready [VNS slave process].

[28.09.2013 00:23:22.213575] [00000x1fb2] (210)[debug]	Process 5 [Parallel VNS]: Received message from leader.

[28.09.2013 00:23:22.325353] [00000x1fb2] (211)[debug]	Process 5: VNS Output Message sent to grasp leader number 1. I(P) = 788
[28.09.2013 00:23:22.325432] [00000x1fb2] (212)[debug]	Process 5 ready [VNS slave process].

[28.09.2013 00:23:22.334312] [00000x1fb2] (213)[debug]	Process 5 [Parallel VNS]: Received message from leader.

[28.09.2013 00:23:22.334358] [00000x1fb2] (214)[debug]	Process 5: ignoring VNS interrupt msg received.

[28.09.2013 00:23:22.334370] [00000x1fb2] (215)[debug]	Process 5 ready [VNS slave process].

[28.09.2013 00:23:23.871784] [00000x1fb2] (216)[debug]	Process 5 [Parallel VNS]: Received message from leader.

[28.09.2013 00:23:23.871959] [00000x1fb2] (217)[debug]	Process 5: VNS Output Message sent to grasp leader number 1. I(P) = 801
[28.09.2013 00:23:23.871980] [00000x1fb2] (218)[debug]	Process 5 ready [VNS slave process].

[28.09.2013 00:23:23.882453] [00000x1fb2] (219)[debug]	Process 5 [Parallel VNS]: Received message from leader.

[28.09.2013 00:23:23.882608] [00000x1fb2] (220)[debug]	Process 5: VNS Output Message sent to grasp leader number 1. I(P) = 800
[28.09.2013 00:23:23.882629] [00000x1fb2] (221)[debug]	Process 5 ready [VNS slave process].

[28.09.2013 00:23:23.885391] [00000x1fb2] (222)[debug]	Process 5 [Parallel VNS]: Received message from leader.

[28.09.2013 00:23:23.886069] [00000x1fb2] (223)[trace]	VNS interrupt message received.
[28.09.2013 00:23:23.886098] [00000x1fb2] (224)[debug]	Process 5: VNS Output Message sent to grasp leader number 1. I(P) = 800
[28.09.2013 00:23:23.886116] [00000x1fb2] (225)[debug]	Process 5 ready [VNS slave process].

[28.09.2013 00:23:25.081853] [00000x1fb2] (226)[debug]	Process 5 [Parallel VNS]: Received message from leader.

[28.09.2013 00:23:25.081967] [00000x1fb2] (227)[debug]	Process 5: VNS Output Message sent to grasp leader number 1. I(P) = 808
[28.09.2013 00:23:25.081988] [00000x1fb2] (228)[debug]	Process 5 ready [VNS slave process].

[28.09.2013 00:23:25.087445] [00000x1fb2] (229)[debug]	Process 5 [Parallel VNS]: Received message from leader.

[28.09.2013 00:23:25.090239] [00000x1fb2] (230)[debug]	Process 5: VNS Output Message sent to grasp leader number 1. I(P) = 807
[28.09.2013 00:23:25.090261] [00000x1fb2] (231)[debug]	Process 5 ready [VNS slave process].

[28.09.2013 00:23:25.103934] [00000x1fb2] (232)[debug]	Process 5 [Parallel VNS]: Received message from leader.

[28.09.2013 00:23:25.103953] [00000x1fb2] (233)[debug]	Process 5: ignoring VNS interrupt msg received.

[28.09.2013 00:23:25.103965] [00000x1fb2] (234)[debug]	Process 5 ready [VNS slave process].

[28.09.2013 00:23:25.103983] [00000x1fb2] (235)[debug]	Process 5 [Parallel VNS]: Received message from leader.

[28.09.2013 00:23:25.103995] [00000x1fb2] (236)[debug]	Process 5: ignoring VNS interrupt msg received.

[28.09.2013 00:23:25.104006] [00000x1fb2] (237)[debug]	Process 5 ready [VNS slave process].

[28.09.2013 00:23:25.104046] [00000x1fb2] (238)[debug]	Process 5 [Parallel VNS]: Received message from leader.

[28.09.2013 00:23:25.104155] [00000x1fb2] (239)[debug]	Process 5: VNS Output Message sent to grasp leader number 1. I(P) = 807
[28.09.2013 00:23:25.104179] [00000x1fb2] (240)[debug]	Process 5 ready [VNS slave process].

[28.09.2013 00:23:25.106295] [00000x1fb2] (241)[debug]	Process 5 [Parallel VNS]: Received message from leader.

[28.09.2013 00:23:25.146356] [00000x1fb2] (242)[debug]	Process 5: VNS Output Message sent to grasp leader number 1. I(P) = 807
[28.09.2013 00:23:25.146397] [00000x1fb2] (243)[debug]	Process 5 ready [VNS slave process].

[28.09.2013 00:23:25.146431] [00000x1fb2] (244)[debug]	Process 5 [Parallel VNS]: Received message from leader.

[28.09.2013 00:23:25.146445] [00000x1fb2] (245)[debug]	Process 5: ignoring VNS interrupt msg received.

[28.09.2013 00:23:25.146456] [00000x1fb2] (246)[debug]	Process 5 ready [VNS slave process].

[28.09.2013 00:23:26.171886] [00000x1fb2] (247)[debug]	Process 5 [Parallel VNS]: Received message from leader.

[28.09.2013 00:23:26.172101] [00000x1fb2] (248)[debug]	Process 5: VNS Output Message sent to grasp leader number 1. I(P) = 805
[28.09.2013 00:23:26.172122] [00000x1fb2] (249)[debug]	Process 5 ready [VNS slave process].

[28.09.2013 00:23:26.172793] [00000x1fb2] (250)[debug]	Process 5 [Parallel VNS]: Received message from leader.

[28.09.2013 00:23:26.192244] [00000x1fb2] (251)[trace]	VNS interrupt message received.
[28.09.2013 00:23:26.192304] [00000x1fb2] (252)[debug]	Process 5: VNS Output Message sent to grasp leader number 1. I(P) = 805
[28.09.2013 00:23:26.192329] [00000x1fb2] (253)[debug]	Process 5 ready [VNS slave process].

[28.09.2013 00:23:27.591798] [00000x1fb2] (254)[debug]	Process 5 [Parallel VNS]: Received message from leader.

[28.09.2013 00:23:27.592943] [00000x1fb2] (255)[debug]	Process 5: VNS Output Message sent to grasp leader number 1. I(P) = 803
[28.09.2013 00:23:27.592992] [00000x1fb2] (256)[debug]	Process 5 ready [VNS slave process].

[28.09.2013 00:23:27.599441] [00000x1fb2] (257)[debug]	Process 5 [Parallel VNS]: Received message from leader.

[28.09.2013 00:23:27.599571] [00000x1fb2] (258)[debug]	Process 5: VNS Output Message sent to grasp leader number 1. I(P) = 803
[28.09.2013 00:23:27.599591] [00000x1fb2] (259)[debug]	Process 5 ready [VNS slave process].

[28.09.2013 00:23:27.603591] [00000x1fb2] (260)[debug]	Process 5 [Parallel VNS]: Received message from leader.

[28.09.2013 00:23:27.638551] [00000x1fb2] (261)[trace]	VNS interrupt message received.
[28.09.2013 00:23:27.638639] [00000x1fb2] (262)[debug]	Process 5: VNS Output Message sent to grasp leader number 1. I(P) = 803
[28.09.2013 00:23:27.638667] [00000x1fb2] (263)[debug]	Process 5 ready [VNS slave process].

[28.09.2013 00:23:28.953094] [00000x1fb2] (264)[debug]	Process 5 [Parallel VNS]: Received message from leader.

[28.09.2013 00:23:28.958416] [00000x1fb2] (265)[debug]	Process 5: VNS Output Message sent to grasp leader number 1. I(P) = 806
[28.09.2013 00:23:28.958455] [00000x1fb2] (266)[debug]	Process 5 ready [VNS slave process].

[28.09.2013 00:23:28.962301] [00000x1fb2] (267)[debug]	Process 5 [Parallel VNS]: Received message from leader.

[28.09.2013 00:23:29.076624] [00000x1fb2] (268)[debug]	Process 5: VNS Output Message sent to grasp leader number 1. I(P) = 806
[28.09.2013 00:23:29.076711] [00000x1fb2] (269)[debug]	Process 5 ready [VNS slave process].

[28.09.2013 00:23:29.082291] [00000x1fb2] (270)[debug]	Process 5 [Parallel VNS]: Received message from leader.

[28.09.2013 00:23:29.082315] [00000x1fb2] (271)[debug]	Process 5: ignoring VNS interrupt msg received.

[28.09.2013 00:23:29.082327] [00000x1fb2] (272)[debug]	Process 5 ready [VNS slave process].

[28.09.2013 00:23:30.349705] [00000x1fb2] (273)[debug]	Process 5 [Parallel VNS]: Received message from leader.

[28.09.2013 00:23:30.350932] [00000x1fb2] (274)[debug]	Process 5: VNS Output Message sent to grasp leader number 1. I(P) = 796
[28.09.2013 00:23:30.350968] [00000x1fb2] (275)[debug]	Process 5 ready [VNS slave process].

[28.09.2013 00:23:30.353581] [00000x1fb2] (276)[debug]	Process 5 [Parallel VNS]: Received message from leader.

[28.09.2013 00:23:30.354757] [00000x1fb2] (277)[debug]	Process 5: VNS Output Message sent to grasp leader number 1. I(P) = 796
[28.09.2013 00:23:30.354783] [00000x1fb2] (278)[debug]	Process 5 ready [VNS slave process].

[28.09.2013 00:23:30.362284] [00000x1fb2] (279)[debug]	Process 5 [Parallel VNS]: Received message from leader.

[28.09.2013 00:23:30.520647] [00000x1fb2] (280)[debug]	Process 5: VNS Output Message sent to grasp leader number 1. I(P) = 796
[28.09.2013 00:23:30.520728] [00000x1fb2] (281)[debug]	Process 5 ready [VNS slave process].

[28.09.2013 00:23:31.879312] [00000x1fb2] (282)[debug]	Process 5 [Parallel VNS]: Received message from leader.

[28.09.2013 00:23:31.880508] [00000x1fb2] (283)[debug]	Process 5: VNS Output Message sent to grasp leader number 1. I(P) = 804
[28.09.2013 00:23:31.880540] [00000x1fb2] (284)[debug]	Process 5 ready [VNS slave process].

[28.09.2013 00:23:31.885744] [00000x1fb2] (285)[debug]	Process 5 [Parallel VNS]: Received message from leader.

[28.09.2013 00:23:31.885916] [00000x1fb2] (286)[debug]	Process 5: VNS Output Message sent to grasp leader number 1. I(P) = 804
[28.09.2013 00:23:31.885938] [00000x1fb2] (287)[debug]	Process 5 ready [VNS slave process].

[28.09.2013 00:23:31.890936] [00000x1fb2] (288)[debug]	Process 5 [Parallel VNS]: Received message from leader.

[28.09.2013 00:23:31.892000] [00000x1fb2] (289)[debug]	Process 5: VNS Output Message sent to grasp leader number 1. I(P) = 804
[28.09.2013 00:23:31.892020] [00000x1fb2] (290)[debug]	Process 5 ready [VNS slave process].

[28.09.2013 00:23:31.895901] [00000x1fb2] (291)[debug]	Process 5 [Parallel VNS]: Received message from leader.

[28.09.2013 00:23:31.895930] [00000x1fb2] (292)[debug]	Process 5: ignoring VNS interrupt msg received.

[28.09.2013 00:23:31.895943] [00000x1fb2] (293)[debug]	Process 5 ready [VNS slave process].

[28.09.2013 00:23:33.438076] [00000x1fb2] (294)[debug]	Process 5 [Parallel VNS]: Received message from leader.

[28.09.2013 00:23:33.438297] [00000x1fb2] (295)[debug]	Process 5: VNS Output Message sent to grasp leader number 1. I(P) = 801
[28.09.2013 00:23:33.438327] [00000x1fb2] (296)[debug]	Process 5 ready [VNS slave process].

[28.09.2013 00:23:33.452781] [00000x1fb2] (297)[debug]	Process 5 [Parallel VNS]: Received message from leader.

[28.09.2013 00:23:33.462244] [00000x1fb2] (298)[debug]	Process 5: VNS Output Message sent to grasp leader number 1. I(P) = 801
[28.09.2013 00:23:33.470820] [00000x1fb2] (299)[debug]	Process 5 ready [VNS slave process].

[28.09.2013 00:23:33.621185] [00000x1fb2] (300)[debug]	Process 5 [Parallel VNS]: Received message from leader.

[28.09.2013 00:23:33.621216] [00000x1fb2] (301)[debug]	Process 5: ignoring VNS interrupt msg received.

[28.09.2013 00:23:33.621228] [00000x1fb2] (302)[debug]	Process 5 ready [VNS slave process].

[28.09.2013 00:23:33.621264] [00000x1fb2] (303)[debug]	Process 5 [Parallel VNS]: Received message from leader.

[28.09.2013 00:23:33.621465] [00000x1fb2] (304)[debug]	Process 5: VNS Output Message sent to grasp leader number 1. I(P) = 800
[28.09.2013 00:23:33.621494] [00000x1fb2] (305)[debug]	Process 5 ready [VNS slave process].

[28.09.2013 00:23:33.634581] [00000x1fb2] (306)[debug]	Process 5 [Parallel VNS]: Received message from leader.

[28.09.2013 00:23:33.638083] [00000x1fb2] (307)[debug]	Process 5: VNS Output Message sent to grasp leader number 1. I(P) = 800
[28.09.2013 00:23:33.638116] [00000x1fb2] (308)[debug]	Process 5 ready [VNS slave process].

[28.09.2013 00:23:35.440679] [00000x1fb2] (309)[debug]	Process 5 [Parallel VNS]: Received message from leader.

[28.09.2013 00:23:35.441746] [00000x1fb2] (310)[debug]	Process 5: VNS Output Message sent to grasp leader number 1. I(P) = 808
[28.09.2013 00:23:35.441769] [00000x1fb2] (311)[debug]	Process 5 ready [VNS slave process].

[28.09.2013 00:23:35.450412] [00000x1fb2] (312)[debug]	Process 5 [Parallel VNS]: Received message from leader.

[28.09.2013 00:23:35.513089] [00000x1fb2] (313)[debug]	Process 5: VNS Output Message sent to grasp leader number 1. I(P) = 808
[28.09.2013 00:23:35.513177] [00000x1fb2] (314)[debug]	Process 5 ready [VNS slave process].

[28.09.2013 00:23:35.530677] [00000x1fb2] (315)[debug]	Process 5 [Parallel VNS]: Received message from leader.

[28.09.2013 00:23:35.530740] [00000x1fb2] (316)[debug]	Process 5: ignoring VNS interrupt msg received.

[28.09.2013 00:23:35.530753] [00000x1fb2] (317)[debug]	Process 5 ready [VNS slave process].

[28.09.2013 00:23:37.262354] [00000x1fb2] (318)[debug]	Process 5 [Parallel VNS]: Received message from leader.

[28.09.2013 00:23:37.262466] [00000x1fb2] (319)[debug]	Process 5: VNS Output Message sent to grasp leader number 1. I(P) = 815
[28.09.2013 00:23:37.262492] [00000x1fb2] (320)[debug]	Process 5 ready [VNS slave process].

[28.09.2013 00:23:37.286348] [00000x1fb2] (321)[debug]	Process 5 [Parallel VNS]: Received message from leader.

[28.09.2013 00:23:37.289638] [00000x1fb2] (322)[debug]	Process 5: VNS Output Message sent to grasp leader number 1. I(P) = 814
[28.09.2013 00:23:37.289679] [00000x1fb2] (323)[debug]	Process 5 ready [VNS slave process].

[28.09.2013 00:23:37.299853] [00000x1fb2] (324)[debug]	Process 5 [Parallel VNS]: Received message from leader.

[28.09.2013 00:23:37.299889] [00000x1fb2] (325)[debug]	Process 5: ignoring VNS interrupt msg received.

[28.09.2013 00:23:37.299901] [00000x1fb2] (326)[debug]	Process 5 ready [VNS slave process].

[28.09.2013 00:23:37.299945] [00000x1fb2] (327)[debug]	Process 5 [Parallel VNS]: Received message from leader.

[28.09.2013 00:23:37.300157] [00000x1fb2] (328)[debug]	Process 5: VNS Output Message sent to grasp leader number 1. I(P) = 814
[28.09.2013 00:23:37.300178] [00000x1fb2] (329)[debug]	Process 5 ready [VNS slave process].

[28.09.2013 00:23:37.303486] [00000x1fb2] (330)[debug]	Process 5 [Parallel VNS]: Received message from leader.

[28.09.2013 00:23:37.393155] [00000x1fb2] (331)[debug]	Process 5: VNS Output Message sent to grasp leader number 1. I(P) = 814
[28.09.2013 00:23:37.393235] [00000x1fb2] (332)[debug]	Process 5 ready [VNS slave process].

[28.09.2013 00:23:37.410251] [00000x1fb2] (333)[debug]	Process 5 [Parallel VNS]: Received message from leader.

[28.09.2013 00:23:37.410330] [00000x1fb2] (334)[debug]	Process 5: ignoring VNS interrupt msg received.

[28.09.2013 00:23:37.410343] [00000x1fb2] (335)[debug]	Process 5 ready [VNS slave process].

[28.09.2013 00:23:38.510074] [00000x1fb2] (336)[debug]	Process 5 [Parallel VNS]: Received message from leader.

[28.09.2013 00:23:38.510160] [00000x1fb2] (337)[debug]	Process 5: VNS Output Message sent to grasp leader number 1. I(P) = 807
[28.09.2013 00:23:38.510180] [00000x1fb2] (338)[debug]	Process 5 ready [VNS slave process].

[28.09.2013 00:23:38.526361] [00000x1fb2] (339)[debug]	Process 5 [Parallel VNS]: Received message from leader.

[28.09.2013 00:23:38.526420] [00000x1fb2] (340)[debug]	Process 5: VNS Output Message sent to grasp leader number 1. I(P) = 807
[28.09.2013 00:23:38.526440] [00000x1fb2] (341)[debug]	Process 5 ready [VNS slave process].

[28.09.2013 00:23:38.527652] [00000x1fb2] (342)[debug]	Process 5 [Parallel VNS]: Received message from leader.

[28.09.2013 00:23:38.527668] [00000x1fb2] (343)[debug]	Process 5: ignoring VNS interrupt msg received.

[28.09.2013 00:23:38.527679] [00000x1fb2] (344)[debug]	Process 5 ready [VNS slave process].

[28.09.2013 00:23:39.532206] [00000x1fb2] (345)[debug]	Process 5 [Parallel VNS]: Received message from leader.

[28.09.2013 00:23:39.533373] [00000x1fb2] (346)[debug]	Process 5: VNS Output Message sent to grasp leader number 1. I(P) = 821
[28.09.2013 00:23:39.533409] [00000x1fb2] (347)[debug]	Process 5 ready [VNS slave process].

[28.09.2013 00:23:39.537580] [00000x1fb2] (348)[debug]	Process 5 [Parallel VNS]: Received message from leader.

[28.09.2013 00:23:39.546694] [00000x1fb2] (349)[debug]	Process 5: VNS Output Message sent to grasp leader number 1. I(P) = 821
[28.09.2013 00:23:39.546736] [00000x1fb2] (350)[debug]	Process 5 ready [VNS slave process].

[28.09.2013 00:23:39.550585] [00000x1fb2] (351)[debug]	Process 5 [Parallel VNS]: Received message from leader.

[28.09.2013 00:23:39.550890] [00000x1fb2] (352)[debug]	Process 5: VNS Output Message sent to grasp leader number 1. I(P) = 821
[28.09.2013 00:23:39.550910] [00000x1fb2] (353)[debug]	Process 5 ready [VNS slave process].

[28.09.2013 00:23:40.681485] [00000x1fb2] (354)[debug]	Process 5 [Parallel VNS]: Received message from leader.

[28.09.2013 00:23:40.681571] [00000x1fb2] (355)[debug]	Process 5: VNS Output Message sent to grasp leader number 1. I(P) = 804
[28.09.2013 00:23:40.681592] [00000x1fb2] (356)[debug]	Process 5 ready [VNS slave process].

[28.09.2013 00:23:40.697415] [00000x1fb2] (357)[debug]	Process 5 [Parallel VNS]: Received message from leader.

[28.09.2013 00:23:40.704627] [00000x1fb2] (358)[debug]	Process 5: VNS Output Message sent to grasp leader number 1. I(P) = 804
[28.09.2013 00:23:40.704666] [00000x1fb2] (359)[debug]	Process 5 ready [VNS slave process].

[28.09.2013 00:23:40.718150] [00000x1fb2] (360)[debug]	Process 5 [Parallel VNS]: Received message from leader.

[28.09.2013 00:23:40.718195] [00000x1fb2] (361)[debug]	Process 5: ignoring VNS interrupt msg received.

[28.09.2013 00:23:40.718207] [00000x1fb2] (362)[debug]	Process 5 ready [VNS slave process].

[28.09.2013 00:23:42.281151] [00000x1fb2] (363)[debug]	Process 5 [Parallel VNS]: Received message from leader.

[28.09.2013 00:23:42.281238] [00000x1fb2] (364)[debug]	Process 5: VNS Output Message sent to grasp leader number 1. I(P) = 804
[28.09.2013 00:23:42.281258] [00000x1fb2] (365)[debug]	Process 5 ready [VNS slave process].

[28.09.2013 00:23:42.285103] [00000x1fb2] (366)[debug]	Process 5 [Parallel VNS]: Received message from leader.

[28.09.2013 00:23:44.836097] [00000x1fb2] (367)[debug]	Process 5: VNS Output Message sent to grasp leader number 1. I(P) = 804
[28.09.2013 00:23:44.836180] [00000x1fb2] (368)[debug]	Process 5 ready [VNS slave process].

[28.09.2013 00:23:46.261970] [00000x1fb2] (369)[debug]	Process 5 [Parallel VNS]: Received message from leader.

[28.09.2013 00:23:46.263115] [00000x1fb2] (370)[debug]	Process 5: VNS Output Message sent to grasp leader number 1. I(P) = 799
[28.09.2013 00:23:46.263143] [00000x1fb2] (371)[debug]	Process 5 ready [VNS slave process].

[28.09.2013 00:23:46.270821] [00000x1fb2] (372)[debug]	Process 5 [Parallel VNS]: Received message from leader.

[28.09.2013 00:23:46.271931] [00000x1fb2] (373)[debug]	Process 5: VNS Output Message sent to grasp leader number 1. I(P) = 799
[28.09.2013 00:23:46.271960] [00000x1fb2] (374)[debug]	Process 5 ready [VNS slave process].

[28.09.2013 00:23:46.274636] [00000x1fb2] (375)[debug]	Process 5 [Parallel VNS]: Received message from leader.

[28.09.2013 00:23:46.301599] [00000x1fb2] (376)[debug]	Process 5: VNS Output Message sent to grasp leader number 1. I(P) = 799
[28.09.2013 00:23:46.301663] [00000x1fb2] (377)[debug]	Process 5 ready [VNS slave process].

[28.09.2013 00:23:46.302062] [00000x1fb2] (378)[debug]	Process 5 [Parallel VNS]: Received message from leader.

[28.09.2013 00:23:46.302078] [00000x1fb2] (379)[debug]	Process 5: ignoring VNS interrupt msg received.

[28.09.2013 00:23:46.302096] [00000x1fb2] (380)[debug]	Process 5 ready [VNS slave process].

[28.09.2013 00:23:47.097118] [00000x1fb2] (381)[debug]	Process 5 [Parallel VNS]: Received message from leader.

[28.09.2013 00:23:47.097212] [00000x1fb2] (382)[debug]	Process 5: VNS Output Message sent to grasp leader number 1. I(P) = 800
[28.09.2013 00:23:47.097233] [00000x1fb2] (383)[debug]	Process 5 ready [VNS slave process].

[28.09.2013 00:23:47.112409] [00000x1fb2] (384)[debug]	Process 5 [Parallel VNS]: Received message from leader.

[28.09.2013 00:23:48.300903] [00000x1fb2] (385)[debug]	Process 5: VNS Output Message sent to grasp leader number 1. I(P) = 800
[28.09.2013 00:23:48.300982] [00000x1fb2] (386)[debug]	Process 5 ready [VNS slave process].

[28.09.2013 00:23:48.302902] [00000x1fb2] (387)[debug]	Process 5 [Parallel VNS]: Received message from leader.

[28.09.2013 00:23:48.302919] [00000x1fb2] (388)[debug]	Process 5: ignoring VNS interrupt msg received.

[28.09.2013 00:23:48.302930] [00000x1fb2] (389)[debug]	Process 5 ready [VNS slave process].

[28.09.2013 00:23:49.581952] [00000x1fb2] (390)[debug]	Process 5 [Parallel VNS]: Received message from leader.

[28.09.2013 00:23:49.585250] [00000x1fb2] (391)[debug]	Process 5: VNS Output Message sent to grasp leader number 1. I(P) = 799
[28.09.2013 00:23:49.585288] [00000x1fb2] (392)[debug]	Process 5 ready [VNS slave process].

[28.09.2013 00:23:49.606353] [00000x1fb2] (393)[debug]	Process 5 [Parallel VNS]: Received message from leader.

[28.09.2013 00:23:49.606452] [00000x1fb2] (394)[debug]	Process 5: VNS Output Message sent to grasp leader number 1. I(P) = 799
[28.09.2013 00:23:49.606478] [00000x1fb2] (395)[debug]	Process 5 ready [VNS slave process].

[28.09.2013 00:23:49.610596] [00000x1fb2] (396)[debug]	Process 5 [Parallel VNS]: Received message from leader.

[28.09.2013 00:23:49.610623] [00000x1fb2] (397)[debug]	Process 5: ignoring VNS interrupt msg received.

[28.09.2013 00:23:49.610636] [00000x1fb2] (398)[debug]	Process 5 ready [VNS slave process].

[28.09.2013 00:23:51.063882] [00000x1fb2] (399)[debug]	Process 5 [Parallel VNS]: Received message from leader.

[28.09.2013 00:23:51.064008] [00000x1fb2] (400)[debug]	Process 5: VNS Output Message sent to grasp leader number 1. I(P) = 793
[28.09.2013 00:23:51.064031] [00000x1fb2] (401)[debug]	Process 5 ready [VNS slave process].

[28.09.2013 00:23:51.070316] [00000x1fb2] (402)[debug]	Process 5 [Parallel VNS]: Received message from leader.

[28.09.2013 00:23:51.070538] [00000x1fb2] (403)[debug]	Process 5: VNS Output Message sent to grasp leader number 1. I(P) = 793
[28.09.2013 00:23:51.070559] [00000x1fb2] (404)[debug]	Process 5 ready [VNS slave process].

[28.09.2013 00:23:51.071350] [00000x1fb2] (405)[debug]	Process 5 [Parallel VNS]: Received message from leader.

[28.09.2013 00:23:51.071367] [00000x1fb2] (406)[debug]	Process 5: ignoring VNS interrupt msg received.

[28.09.2013 00:23:51.071379] [00000x1fb2] (407)[debug]	Process 5 ready [VNS slave process].

[28.09.2013 00:23:51.071412] [00000x1fb2] (408)[debug]	Process 5 [Parallel VNS]: Received message from leader.

[28.09.2013 00:23:51.071476] [00000x1fb2] (409)[debug]	Process 5: VNS Output Message sent to grasp leader number 1. I(P) = 792
[28.09.2013 00:23:51.071496] [00000x1fb2] (410)[debug]	Process 5 ready [VNS slave process].

[28.09.2013 00:23:51.078306] [00000x1fb2] (411)[debug]	Process 5 [Parallel VNS]: Received message from leader.

[28.09.2013 00:23:51.082075] [00000x1fb2] (412)[debug]	Process 5: VNS Output Message sent to grasp leader number 1. I(P) = 792
[28.09.2013 00:23:51.113222] [00000x1fb2] (413)[debug]	Process 5 ready [VNS slave process].

[28.09.2013 00:23:52.869320] [00000x1fb2] (414)[debug]	Process 5 [Parallel VNS]: Received message from leader.

[28.09.2013 00:23:52.869501] [00000x1fb2] (415)[debug]	Process 5: VNS Output Message sent to grasp leader number 1. I(P) = 811
[28.09.2013 00:23:52.869528] [00000x1fb2] (416)[debug]	Process 5 ready [VNS slave process].

[28.09.2013 00:23:52.874692] [00000x1fb2] (417)[debug]	Process 5 [Parallel VNS]: Received message from leader.

[28.09.2013 00:23:52.875812] [00000x1fb2] (418)[debug]	Process 5: VNS Output Message sent to grasp leader number 1. I(P) = 810
[28.09.2013 00:23:52.875834] [00000x1fb2] (419)[debug]	Process 5 ready [VNS slave process].

[28.09.2013 00:23:52.877333] [00000x1fb2] (420)[debug]	Process 5 [Parallel VNS]: Received message from leader.

[28.09.2013 00:23:52.877358] [00000x1fb2] (421)[debug]	Process 5: ignoring VNS interrupt msg received.

[28.09.2013 00:23:52.877370] [00000x1fb2] (422)[debug]	Process 5 ready [VNS slave process].

[28.09.2013 00:23:52.877389] [00000x1fb2] (423)[debug]	Process 5 [Parallel VNS]: Received message from leader.

[28.09.2013 00:23:52.877401] [00000x1fb2] (424)[debug]	Process 5: ignoring VNS interrupt msg received.

[28.09.2013 00:23:52.877413] [00000x1fb2] (425)[debug]	Process 5 ready [VNS slave process].

[28.09.2013 00:23:52.877447] [00000x1fb2] (426)[debug]	Process 5 [Parallel VNS]: Received message from leader.

[28.09.2013 00:23:52.890738] [00000x1fb2] (427)[debug]	Process 5: VNS Output Message sent to grasp leader number 1. I(P) = 809
[28.09.2013 00:23:52.890801] [00000x1fb2] (428)[debug]	Process 5 ready [VNS slave process].

[28.09.2013 00:23:52.891344] [00000x1fb2] (429)[debug]	Process 5 [Parallel VNS]: Received message from leader.

[28.09.2013 00:23:52.894761] [00000x1fb2] (430)[debug]	Process 5: VNS Output Message sent to grasp leader number 1. I(P) = 809
[28.09.2013 00:23:52.894816] [00000x1fb2] (431)[debug]	Process 5 ready [VNS slave process].

[28.09.2013 00:23:52.910344] [00000x1fb2] (432)[debug]	Process 5 [Parallel VNS]: Received message from leader.

[28.09.2013 00:23:52.911591] [00000x1fb2] (433)[debug]	Process 5: VNS Output Message sent to grasp leader number 1. I(P) = 808
[28.09.2013 00:23:52.911623] [00000x1fb2] (434)[debug]	Process 5 ready [VNS slave process].

[28.09.2013 00:23:52.934647] [00000x1fb2] (435)[debug]	Process 5 [Parallel VNS]: Received message from leader.

[28.09.2013 00:23:52.936416] [00000x1fb2] (436)[debug]	Process 5: VNS Output Message sent to grasp leader number 1. I(P) = 807
[28.09.2013 00:23:52.936446] [00000x1fb2] (437)[debug]	Process 5 ready [VNS slave process].

[28.09.2013 00:23:52.974115] [00000x1fb2] (438)[debug]	Process 5 [Parallel VNS]: Received message from leader.

[28.09.2013 00:23:52.974365] [00000x1fb2] (439)[debug]	Process 5: VNS Output Message sent to grasp leader number 1. I(P) = 807
[28.09.2013 00:23:52.974388] [00000x1fb2] (440)[debug]	Process 5 ready [VNS slave process].

[28.09.2013 00:23:52.994403] [00000x1fb2] (441)[debug]	Process 5 [Parallel VNS]: Received message from leader.

[28.09.2013 00:23:53.217462] [00000x1fb2] (442)[debug]	Process 5: VNS Output Message sent to grasp leader number 1. I(P) = 807
[28.09.2013 00:23:53.217544] [00000x1fb2] (443)[debug]	Process 5 ready [VNS slave process].

[28.09.2013 00:23:53.224942] [00000x1fb2] (444)[debug]	Process 5 [Parallel VNS]: Received message from leader.

[28.09.2013 00:23:53.225001] [00000x1fb2] (445)[debug]	Process 5: ignoring VNS interrupt msg received.

[28.09.2013 00:23:53.225014] [00000x1fb2] (446)[debug]	Process 5 ready [VNS slave process].

[28.09.2013 00:23:54.020623] [00000x1fb2] (447)[debug]	Process 5 [Parallel VNS]: Received message from leader.

[28.09.2013 00:23:54.021827] [00000x1fb2] (448)[debug]	Process 5: VNS Output Message sent to grasp leader number 1. I(P) = 806
[28.09.2013 00:23:54.021863] [00000x1fb2] (449)[debug]	Process 5 ready [VNS slave process].

[28.09.2013 00:23:54.029611] [00000x1fb2] (450)[debug]	Process 5 [Parallel VNS]: Received message from leader.

[28.09.2013 00:23:54.032473] [00000x1fb2] (451)[debug]	Process 5: VNS Output Message sent to grasp leader number 1. I(P) = 806
[28.09.2013 00:23:54.032515] [00000x1fb2] (452)[debug]	Process 5 ready [VNS slave process].

[28.09.2013 00:23:54.057015] [00000x1fb2] (453)[debug]	Process 5 [Parallel VNS]: Received message from leader.

[28.09.2013 00:23:54.057066] [00000x1fb2] (454)[debug]	Process 5: ignoring VNS interrupt msg received.

[28.09.2013 00:23:54.057093] [00000x1fb2] (455)[debug]	Process 5 ready [VNS slave process].

[28.09.2013 00:23:54.604567] [00000x1fb2] (456)[debug]	Process 5 [Parallel VNS]: Received message from leader.

[28.09.2013 00:23:54.604679] [00000x1fb2] (457)[debug]	Process 5: VNS Output Message sent to grasp leader number 1. I(P) = 807
[28.09.2013 00:23:54.604700] [00000x1fb2] (458)[debug]	Process 5 ready [VNS slave process].

[28.09.2013 00:23:54.623301] [00000x1fb2] (459)[debug]	Process 5 [Parallel VNS]: Received message from leader.

[28.09.2013 00:23:54.662234] [00000x1fb2] (460)[trace]	VNS interrupt message received.
[28.09.2013 00:23:54.662305] [00000x1fb2] (461)[debug]	Process 5: VNS Output Message sent to grasp leader number 1. I(P) = 807
[28.09.2013 00:23:54.662331] [00000x1fb2] (462)[debug]	Process 5 ready [VNS slave process].

[28.09.2013 00:23:55.166230] [00000x1fb2] (463)[debug]	Process 5 [Parallel VNS]: Received message from leader.

[28.09.2013 00:23:55.166408] [00000x1fb2] (464)[debug]	Process 5: VNS Output Message sent to grasp leader number 1. I(P) = 798
[28.09.2013 00:23:55.166430] [00000x1fb2] (465)[debug]	Process 5 ready [VNS slave process].

[28.09.2013 00:23:55.181481] [00000x1fb2] (466)[debug]	Process 5 [Parallel VNS]: Received message from leader.

[28.09.2013 00:23:55.182405] [00000x1fb2] (467)[debug]	Process 5: VNS Output Message sent to grasp leader number 1. I(P) = 798
[28.09.2013 00:23:55.182431] [00000x1fb2] (468)[debug]	Process 5 ready [VNS slave process].

[28.09.2013 00:23:55.189943] [00000x1fb2] (469)[debug]	Process 5 [Parallel VNS]: Received message from leader.

[28.09.2013 00:23:55.189966] [00000x1fb2] (470)[debug]	Process 5: ignoring VNS interrupt msg received.

[28.09.2013 00:23:55.189978] [00000x1fb2] (471)[debug]	Process 5 ready [VNS slave process].

[28.09.2013 00:23:56.198925] [00000x1fb2] (472)[debug]	Process 5 [Parallel VNS]: Received message from leader.

[28.09.2013 00:23:56.200163] [00000x1fb2] (473)[debug]	Process 5: VNS Output Message sent to grasp leader number 1. I(P) = 811
[28.09.2013 00:23:56.200198] [00000x1fb2] (474)[debug]	Process 5 ready [VNS slave process].

[28.09.2013 00:23:56.218046] [00000x1fb2] (475)[debug]	Process 5 [Parallel VNS]: Received message from leader.

[28.09.2013 00:23:57.838229] [00000x1fb2] (476)[debug]	Process 5: VNS Output Message sent to grasp leader number 1. I(P) = 811
[28.09.2013 00:23:57.844497] [00000x1fb2] (477)[debug]	Process 5 ready [VNS slave process].

[28.09.2013 00:23:58.888676] [00000x1fb2] (478)[debug]	Process 5 [Parallel VNS]: Received message from leader.

[28.09.2013 00:23:58.889845] [00000x1fb2] (479)[debug]	Process 5: VNS Output Message sent to grasp leader number 1. I(P) = 806
[28.09.2013 00:23:58.889869] [00000x1fb2] (480)[debug]	Process 5 ready [VNS slave process].

[28.09.2013 00:23:58.898221] [00000x1fb2] (481)[debug]	Process 5 [Parallel VNS]: Received message from leader.

[28.09.2013 00:23:58.898615] [00000x1fb2] (482)[debug]	Process 5: VNS Output Message sent to grasp leader number 1. I(P) = 806
[28.09.2013 00:23:58.898638] [00000x1fb2] (483)[debug]	Process 5 ready [VNS slave process].

[28.09.2013 00:23:58.906321] [00000x1fb2] (484)[debug]	Process 5 [Parallel VNS]: Received message from leader.

[28.09.2013 00:23:58.906350] [00000x1fb2] (485)[debug]	Process 5: ignoring VNS interrupt msg received.

[28.09.2013 00:23:58.906363] [00000x1fb2] (486)[debug]	Process 5 ready [VNS slave process].

[28.09.2013 00:24:00.082660] [00000x1fb2] (487)[debug]	Process 5 [Parallel VNS]: Received message from leader.

[28.09.2013 00:24:00.082755] [00000x1fb2] (488)[debug]	Process 5: VNS Output Message sent to grasp leader number 1. I(P) = 799
[28.09.2013 00:24:00.082777] [00000x1fb2] (489)[debug]	Process 5 ready [VNS slave process].

[28.09.2013 00:24:00.084289] [00000x1fb2] (490)[debug]	Process 5 [Parallel VNS]: Received message from leader.

[28.09.2013 00:24:00.085458] [00000x1fb2] (491)[debug]	Process 5: VNS Output Message sent to grasp leader number 1. I(P) = 798
[28.09.2013 00:24:00.085483] [00000x1fb2] (492)[debug]	Process 5 ready [VNS slave process].

[28.09.2013 00:24:00.092481] [00000x1fb2] (493)[debug]	Process 5 [Parallel VNS]: Received message from leader.

[28.09.2013 00:24:00.099808] [00000x1fb2] (494)[trace]	VNS interrupt message received.
[28.09.2013 00:24:00.099840] [00000x1fb2] (495)[debug]	Process 5: VNS Output Message sent to grasp leader number 1. I(P) = 798
[28.09.2013 00:24:00.099859] [00000x1fb2] (496)[debug]	Process 5 ready [VNS slave process].

[28.09.2013 00:24:01.097266] [00000x1fb2] (497)[debug]	Process 5 [Parallel VNS]: Received message from leader.

[28.09.2013 00:24:01.097353] [00000x1fb2] (498)[debug]	Process 5: VNS Output Message sent to grasp leader number 1. I(P) = 809
[28.09.2013 00:24:01.097373] [00000x1fb2] (499)[debug]	Process 5 ready [VNS slave process].

[28.09.2013 00:24:01.106179] [00000x1fb2] (500)[debug]	Process 5 [Parallel VNS]: Received message from leader.

[28.09.2013 00:24:01.123006] [00000x1fb2] (501)[debug]	Process 5: VNS Output Message sent to grasp leader number 1. I(P) = 809
[28.09.2013 00:24:01.123075] [00000x1fb2] (502)[debug]	Process 5 ready [VNS slave process].

[28.09.2013 00:24:01.126808] [00000x1fb2] (503)[debug]	Process 5 [Parallel VNS]: Received message from leader.

[28.09.2013 00:24:01.126835] [00000x1fb2] (504)[debug]	Process 5: ignoring VNS interrupt msg received.

[28.09.2013 00:24:01.126847] [00000x1fb2] (505)[debug]	Process 5 ready [VNS slave process].

[28.09.2013 00:24:02.053960] [00000x1fb2] (506)[debug]	Process 5 [Parallel VNS]: Received message from leader.

[28.09.2013 00:24:02.054100] [00000x1fb2] (507)[debug]	Process 5: VNS Output Message sent to grasp leader number 1. I(P) = 804
[28.09.2013 00:24:02.054120] [00000x1fb2] (508)[debug]	Process 5 ready [VNS slave process].

[28.09.2013 00:24:02.077154] [00000x1fb2] (509)[debug]	Process 5 [Parallel VNS]: Received message from leader.

[28.09.2013 00:24:02.077575] [00000x1fb2] (510)[debug]	Process 5: VNS Output Message sent to grasp leader number 1. I(P) = 804
[28.09.2013 00:24:02.077599] [00000x1fb2] (511)[debug]	Process 5 ready [VNS slave process].

[28.09.2013 00:24:02.079727] [00000x1fb2] (512)[debug]	Process 5 [Parallel VNS]: Received message from leader.

[28.09.2013 00:24:02.079746] [00000x1fb2] (513)[debug]	Process 5: ignoring VNS interrupt msg received.

[28.09.2013 00:24:02.079758] [00000x1fb2] (514)[debug]	Process 5 ready [VNS slave process].

[28.09.2013 00:24:02.079790] [00000x1fb2] (515)[debug]	Process 5 [Parallel VNS]: Received message from leader.

[28.09.2013 00:24:02.081703] [00000x1fb2] (516)[debug]	Process 5: VNS Output Message sent to grasp leader number 1. I(P) = 803
[28.09.2013 00:24:02.081731] [00000x1fb2] (517)[debug]	Process 5 ready [VNS slave process].

[28.09.2013 00:24:02.112939] [00000x1fb2] (518)[debug]	Process 5 [Parallel VNS]: Received message from leader.

[28.09.2013 00:24:02.192789] [00000x1fb2] (519)[debug]	Process 5: VNS Output Message sent to grasp leader number 1. I(P) = 803
[28.09.2013 00:24:02.192880] [00000x1fb2] (520)[debug]	Process 5 ready [VNS slave process].

[28.09.2013 00:24:02.199962] [00000x1fb2] (521)[debug]	Process 5 [Parallel VNS]: Received message from leader.

[28.09.2013 00:24:02.200020] [00000x1fb2] (522)[debug]	Process 5: ignoring VNS interrupt msg received.

[28.09.2013 00:24:02.200033] [00000x1fb2] (523)[debug]	Process 5 ready [VNS slave process].

[28.09.2013 00:24:03.829287] [00000x1fb2] (524)[debug]	Process 5 [Parallel VNS]: Received message from leader.

[28.09.2013 00:24:03.834756] [00000x1fb2] (525)[debug]	Process 5: VNS Output Message sent to grasp leader number 1. I(P) = 811
[28.09.2013 00:24:03.834788] [00000x1fb2] (526)[debug]	Process 5 ready [VNS slave process].

[28.09.2013 00:24:03.844338] [00000x1fb2] (527)[debug]	Process 5 [Parallel VNS]: Received message from leader.

[28.09.2013 00:24:03.845481] [00000x1fb2] (528)[debug]	Process 5: VNS Output Message sent to grasp leader number 1. I(P) = 811
[28.09.2013 00:24:03.845502] [00000x1fb2] (529)[debug]	Process 5 ready [VNS slave process].

[28.09.2013 00:24:03.847733] [00000x1fb2] (530)[debug]	Process 5 [Parallel VNS]: Received message from leader.

[28.09.2013 00:24:03.902165] [00000x1fb2] (531)[debug]	Process 5: VNS Output Message sent to grasp leader number 1. I(P) = 811
[28.09.2013 00:24:03.902237] [00000x1fb2] (532)[debug]	Process 5 ready [VNS slave process].

[28.09.2013 00:24:05.321751] [00000x1fb2] (533)[debug]	Process 5 [Parallel VNS]: Received message from leader.

[28.09.2013 00:24:05.321868] [00000x1fb2] (534)[debug]	Process 5: VNS Output Message sent to grasp leader number 1. I(P) = 816
[28.09.2013 00:24:05.321890] [00000x1fb2] (535)[debug]	Process 5 ready [VNS slave process].

[28.09.2013 00:24:05.334312] [00000x1fb2] (536)[debug]	Process 5 [Parallel VNS]: Received message from leader.

[28.09.2013 00:24:05.334726] [00000x1fb2] (537)[debug]	Process 5: VNS Output Message sent to grasp leader number 1. I(P) = 815
[28.09.2013 00:24:05.334748] [00000x1fb2] (538)[debug]	Process 5 ready [VNS slave process].

[28.09.2013 00:24:05.341225] [00000x1fb2] (539)[debug]	Process 5 [Parallel VNS]: Received message from leader.

[28.09.2013 00:24:05.341243] [00000x1fb2] (540)[debug]	Process 5: ignoring VNS interrupt msg received.

[28.09.2013 00:24:05.341255] [00000x1fb2] (541)[debug]	Process 5 ready [VNS slave process].

[28.09.2013 00:24:05.350321] [00000x1fb2] (542)[debug]	Process 5 [Parallel VNS]: Received message from leader.

[28.09.2013 00:24:05.350458] [00000x1fb2] (543)[debug]	Process 5: VNS Output Message sent to grasp leader number 1. I(P) = 815
[28.09.2013 00:24:05.350479] [00000x1fb2] (544)[debug]	Process 5 ready [VNS slave process].

[28.09.2013 00:24:05.351168] [00000x1fb2] (545)[debug]	Process 5 [Parallel VNS]: Received message from leader.

[28.09.2013 00:24:05.351215] [00000x1fb2] (546)[debug]	Process 5: VNS Output Message sent to grasp leader number 1. I(P) = 815
[28.09.2013 00:24:05.351233] [00000x1fb2] (547)[debug]	Process 5 ready [VNS slave process].

[28.09.2013 00:24:06.873532] [00000x1fb2] (548)[debug]	Process 5 [Parallel VNS]: Received message from leader.

[28.09.2013 00:24:06.873651] [00000x1fb2] (549)[debug]	Process 5: VNS Output Message sent to grasp leader number 1. I(P) = 814
[28.09.2013 00:24:06.873673] [00000x1fb2] (550)[debug]	Process 5 ready [VNS slave process].

[28.09.2013 00:24:06.887488] [00000x1fb2] (551)[debug]	Process 5 [Parallel VNS]: Received message from leader.

[28.09.2013 00:24:06.887682] [00000x1fb2] (552)[debug]	Process 5: VNS Output Message sent to grasp leader number 1. I(P) = 814
[28.09.2013 00:24:06.887703] [00000x1fb2] (553)[debug]	Process 5 ready [VNS slave process].

[28.09.2013 00:24:08.689811] [00000x1fb2] (554)[debug]	Process 5 [Parallel VNS]: Received message from leader.

[28.09.2013 00:24:08.690000] [00000x1fb2] (555)[debug]	Process 5: VNS Output Message sent to grasp leader number 1. I(P) = 801
[28.09.2013 00:24:08.690029] [00000x1fb2] (556)[debug]	Process 5 ready [VNS slave process].

[28.09.2013 00:24:08.699830] [00000x1fb2] (557)[debug]	Process 5 [Parallel VNS]: Received message from leader.

[28.09.2013 00:24:08.699971] [00000x1fb2] (558)[debug]	Process 5: VNS Output Message sent to grasp leader number 1. I(P) = 800
[28.09.2013 00:24:08.699995] [00000x1fb2] (559)[debug]	Process 5 ready [VNS slave process].

[28.09.2013 00:24:08.706472] [00000x1fb2] (560)[debug]	Process 5 [Parallel VNS]: Received message from leader.

[28.09.2013 00:24:09.777945] [00000x1fb2] (561)[debug]	Process 5: VNS Output Message sent to grasp leader number 1. I(P) = 800
[28.09.2013 00:24:09.778032] [00000x1fb2] (562)[debug]	Process 5 ready [VNS slave process].

[28.09.2013 00:24:10.324269] [00000x1fb2] (563)[debug]	Process 5 [Parallel VNS]: Received message from leader.

[28.09.2013 00:24:10.325441] [00000x1fb2] (564)[debug]	Process 5: VNS Output Message sent to grasp leader number 1. I(P) = 814
[28.09.2013 00:24:10.325469] [00000x1fb2] (565)[debug]	Process 5 ready [VNS slave process].

[28.09.2013 00:24:10.328065] [00000x1fb2] (566)[debug]	Process 5 [Parallel VNS]: Received message from leader.

[28.09.2013 00:24:10.328526] [00000x1fb2] (567)[trace]	VNS interrupt message received.
[28.09.2013 00:24:10.328560] [00000x1fb2] (568)[debug]	Process 5: VNS Output Message sent to grasp leader number 1. I(P) = 814
[28.09.2013 00:24:10.328578] [00000x1fb2] (569)[debug]	Process 5 ready [VNS slave process].

[28.09.2013 00:24:10.329758] [00000x1fb2] (570)[debug]	Process 5 [Parallel VNS]: Received message from leader.

[28.09.2013 00:24:10.329846] [00000x1fb2] (571)[debug]	Process 5: VNS Output Message sent to grasp leader number 1. I(P) = 813
[28.09.2013 00:24:10.329865] [00000x1fb2] (572)[debug]	Process 5 ready [VNS slave process].

[28.09.2013 00:24:10.330414] [00000x1fb2] (573)[debug]	Process 5 [Parallel VNS]: Received message from leader.

[28.09.2013 00:24:10.330516] [00000x1fb2] (574)[debug]	Process 5: VNS Output Message sent to grasp leader number 1. I(P) = 812
[28.09.2013 00:24:10.330535] [00000x1fb2] (575)[debug]	Process 5 ready [VNS slave process].

[28.09.2013 00:24:10.330984] [00000x1fb2] (576)[debug]	Process 5 [Parallel VNS]: Received message from leader.

[28.09.2013 00:24:10.331030] [00000x1fb2] (577)[debug]	Process 5: VNS Output Message sent to grasp leader number 1. I(P) = 812
[28.09.2013 00:24:10.331048] [00000x1fb2] (578)[debug]	Process 5 ready [VNS slave process].

[28.09.2013 00:24:10.561350] [00000x1fb2] (579)[debug]	Process 5 [Parallel VNS]: Received message from leader.

[28.09.2013 00:24:10.561960] [00000x1fb2] (580)[debug]	Process 5: VNS Output Message sent to grasp leader number 1. I(P) = 801
[28.09.2013 00:24:10.562010] [00000x1fb2] (581)[debug]	Process 5 ready [VNS slave process].

[28.09.2013 00:24:10.563106] [00000x1fb2] (582)[debug]	Process 5 [Parallel VNS]: Received message from leader.

[28.09.2013 00:24:10.563228] [00000x1fb2] (583)[debug]	Process 5: VNS Output Message sent to grasp leader number 1. I(P) = 800
[28.09.2013 00:24:10.563248] [00000x1fb2] (584)[debug]	Process 5 ready [VNS slave process].

[28.09.2013 00:24:10.568101] [00000x1fb2] (585)[debug]	Process 5 [Parallel VNS]: Received message from leader.

[28.09.2013 00:24:10.569969] [00000x1fb2] (586)[debug]	Process 5: VNS Output Message sent to grasp leader number 1. I(P) = 799
[28.09.2013 00:24:10.570001] [00000x1fb2] (587)[debug]	Process 5 ready [VNS slave process].

[28.09.2013 00:24:10.587027] [00000x1fb2] (588)[debug]	Process 5 [Parallel VNS]: Received message from leader.

[28.09.2013 00:24:10.646752] [00000x1fb2] (589)[debug]	Process 5: VNS Output Message sent to grasp leader number 1. I(P) = 799
[28.09.2013 00:24:10.646827] [00000x1fb2] (590)[debug]	Process 5 ready [VNS slave process].

[28.09.2013 00:24:10.653170] [00000x1fb2] (591)[debug]	Process 5 [Parallel VNS]: Received message from leader.

[28.09.2013 00:24:10.653203] [00000x1fb2] (592)[debug]	Process 5: ignoring VNS interrupt msg received.

[28.09.2013 00:24:10.653215] [00000x1fb2] (593)[debug]	Process 5 ready [VNS slave process].

[28.09.2013 00:24:11.070232] [00000x1fb2] (594)[debug]	Process 5 [Parallel VNS]: Received message from leader.

[28.09.2013 00:24:11.071441] [00000x1fb2] (595)[debug]	Process 5: VNS Output Message sent to grasp leader number 1. I(P) = 805
[28.09.2013 00:24:11.071476] [00000x1fb2] (596)[debug]	Process 5 ready [VNS slave process].

[28.09.2013 00:24:11.082641] [00000x1fb2] (597)[debug]	Process 5 [Parallel VNS]: Received message from leader.

[28.09.2013 00:24:11.082717] [00000x1fb2] (598)[debug]	Process 5: VNS Output Message sent to grasp leader number 1. I(P) = 805
[28.09.2013 00:24:11.082738] [00000x1fb2] (599)[debug]	Process 5 ready [VNS slave process].

[28.09.2013 00:24:11.084526] [00000x1fb2] (600)[debug]	Process 5 [Parallel VNS]: Received message from leader.

[28.09.2013 00:24:11.084688] [00000x1fb2] (601)[debug]	Process 5: VNS Output Message sent to grasp leader number 1. I(P) = 805
[28.09.2013 00:24:11.084707] [00000x1fb2] (602)[debug]	Process 5 ready [VNS slave process].

[28.09.2013 00:24:11.695264] [00000x1fb2] (603)[debug]	Process 5 [Parallel VNS]: Received message from leader.

[28.09.2013 00:24:11.696362] [00000x1fb2] (604)[debug]	Process 5: VNS Output Message sent to grasp leader number 1. I(P) = 807
[28.09.2013 00:24:11.696392] [00000x1fb2] (605)[debug]	Process 5 ready [VNS slave process].

[28.09.2013 00:24:11.705740] [00000x1fb2] (606)[debug]	Process 5 [Parallel VNS]: Received message from leader.

[28.09.2013 00:24:11.705926] [00000x1fb2] (607)[debug]	Process 5: VNS Output Message sent to grasp leader number 1. I(P) = 807
[28.09.2013 00:24:11.705948] [00000x1fb2] (608)[debug]	Process 5 ready [VNS slave process].

[28.09.2013 00:24:11.707512] [00000x1fb2] (609)[debug]	Process 5 [Parallel VNS]: Received message from leader.

[28.09.2013 00:24:11.715338] [00000x1fb2] (610)[debug]	Process 5: VNS Output Message sent to grasp leader number 1. I(P) = 807
[28.09.2013 00:24:11.715384] [00000x1fb2] (611)[debug]	Process 5 ready [VNS slave process].

[28.09.2013 00:24:11.718757] [00000x1fb2] (612)[debug]	Process 5 [Parallel VNS]: Received message from leader.

[28.09.2013 00:24:11.718780] [00000x1fb2] (613)[debug]	Process 5: ignoring VNS interrupt msg received.

[28.09.2013 00:24:11.718792] [00000x1fb2] (614)[debug]	Process 5 ready [VNS slave process].

[28.09.2013 00:24:12.308529] [00000x1fb2] (615)[debug]	Process 5 [Parallel VNS]: Received message from leader.

[28.09.2013 00:24:12.309727] [00000x1fb2] (616)[debug]	Process 5: VNS Output Message sent to grasp leader number 1. I(P) = 797
[28.09.2013 00:24:12.309752] [00000x1fb2] (617)[debug]	Process 5 ready [VNS slave process].

[28.09.2013 00:24:12.311658] [00000x1fb2] (618)[debug]	Process 5 [Parallel VNS]: Received message from leader.

[28.09.2013 00:24:12.311726] [00000x1fb2] (619)[debug]	Process 5: VNS Output Message sent to grasp leader number 1. I(P) = 797
[28.09.2013 00:24:12.311745] [00000x1fb2] (620)[debug]	Process 5 ready [VNS slave process].

[28.09.2013 00:24:12.318312] [00000x1fb2] (621)[debug]	Process 5 [Parallel VNS]: Received message from leader.

[28.09.2013 00:24:12.318459] [00000x1fb2] (622)[debug]	Process 5: VNS Output Message sent to grasp leader number 1. I(P) = 797
[28.09.2013 00:24:12.318478] [00000x1fb2] (623)[debug]	Process 5 ready [VNS slave process].

[28.09.2013 00:24:12.813017] [00000x1fb2] (624)[debug]	Process 5 [Parallel VNS]: Received message from leader.

[28.09.2013 00:24:12.813121] [00000x1fb2] (625)[debug]	Process 5: VNS Output Message sent to grasp leader number 1. I(P) = 801
[28.09.2013 00:24:12.813142] [00000x1fb2] (626)[debug]	Process 5 ready [VNS slave process].

[28.09.2013 00:24:12.816555] [00000x1fb2] (627)[debug]	Process 5 [Parallel VNS]: Received message from leader.

[28.09.2013 00:24:12.816668] [00000x1fb2] (628)[debug]	Process 5: VNS Output Message sent to grasp leader number 1. I(P) = 801
[28.09.2013 00:24:12.816688] [00000x1fb2] (629)[debug]	Process 5 ready [VNS slave process].

[28.09.2013 00:24:12.816829] [00000x1fb2] (630)[debug]	Process 5 [Parallel VNS]: Received message from leader.

[28.09.2013 00:24:12.816845] [00000x1fb2] (631)[debug]	Process 5: ignoring VNS interrupt msg received.

[28.09.2013 00:24:12.816856] [00000x1fb2] (632)[debug]	Process 5 ready [VNS slave process].

[28.09.2013 00:24:13.331843] [00000x1fb2] (633)[debug]	Process 5 [Parallel VNS]: Received message from leader.

[28.09.2013 00:24:13.332917] [00000x1fb2] (634)[debug]	Process 5: VNS Output Message sent to grasp leader number 1. I(P) = 795
[28.09.2013 00:24:13.332942] [00000x1fb2] (635)[debug]	Process 5 ready [VNS slave process].

[28.09.2013 00:24:13.336340] [00000x1fb2] (636)[debug]	Process 5 [Parallel VNS]: Received message from leader.

[28.09.2013 00:24:13.336918] [00000x1fb2] (637)[debug]	Process 5: VNS Output Message sent to grasp leader number 1. I(P) = 794
[28.09.2013 00:24:13.336943] [00000x1fb2] (638)[debug]	Process 5 ready [VNS slave process].

[28.09.2013 00:24:13.337089] [00000x1fb2] (639)[debug]	Process 5 [Parallel VNS]: Received message from leader.

[28.09.2013 00:24:13.337105] [00000x1fb2] (640)[debug]	Process 5: ignoring VNS interrupt msg received.

[28.09.2013 00:24:13.337117] [00000x1fb2] (641)[debug]	Process 5 ready [VNS slave process].

[28.09.2013 00:24:13.337583] [00000x1fb2] (642)[debug]	Process 5 [Parallel VNS]: Received message from leader.

[28.09.2013 00:24:13.337718] [00000x1fb2] (643)[debug]	Process 5: VNS Output Message sent to grasp leader number 1. I(P) = 794
[28.09.2013 00:24:13.337737] [00000x1fb2] (644)[debug]	Process 5 ready [VNS slave process].

[28.09.2013 00:24:13.339702] [00000x1fb2] (645)[debug]	Process 5 [Parallel VNS]: Received message from leader.

[28.09.2013 00:24:13.347261] [00000x1fb2] (646)[debug]	Process 5: VNS Output Message sent to grasp leader number 1. I(P) = 794
[28.09.2013 00:24:13.347296] [00000x1fb2] (647)[debug]	Process 5 ready [VNS slave process].

[28.09.2013 00:24:13.869788] [00000x1fb2] (648)[debug]	Process 5 [Parallel VNS]: Received message from leader.

[28.09.2013 00:24:13.870945] [00000x1fb2] (649)[debug]	Process 5: VNS Output Message sent to grasp leader number 1. I(P) = 796
[28.09.2013 00:24:13.870973] [00000x1fb2] (650)[debug]	Process 5 ready [VNS slave process].

[28.09.2013 00:24:13.871768] [00000x1fb2] (651)[debug]	Process 5 [Parallel VNS]: Received message from leader.

[28.09.2013 00:24:13.890971] [00000x1fb2] (652)[debug]	Process 5: VNS Output Message sent to grasp leader number 1. I(P) = 796
[28.09.2013 00:24:13.891029] [00000x1fb2] (653)[debug]	Process 5 ready [VNS slave process].

[28.09.2013 00:24:13.894308] [00000x1fb2] (654)[debug]	Process 5 [Parallel VNS]: Received message from leader.

[28.09.2013 00:24:13.894339] [00000x1fb2] (655)[debug]	Process 5: ignoring VNS interrupt msg received.

[28.09.2013 00:24:13.894352] [00000x1fb2] (656)[debug]	Process 5 ready [VNS slave process].

[28.09.2013 00:24:14.565056] [00000x1fb2] (657)[debug]	Process 5 [Parallel VNS]: Received message from leader.

[28.09.2013 00:24:14.566334] [00000x1fb2] (658)[debug]	Process 5: VNS Output Message sent to grasp leader number 1. I(P) = 806
[28.09.2013 00:24:14.566361] [00000x1fb2] (659)[debug]	Process 5 ready [VNS slave process].

[28.09.2013 00:24:14.576948] [00000x1fb2] (660)[debug]	Process 5 [Parallel VNS]: Received message from leader.

[28.09.2013 00:24:14.578260] [00000x1fb2] (661)[debug]	Process 5: VNS Output Message sent to grasp leader number 1. I(P) = 806
[28.09.2013 00:24:14.578892] [00000x1fb2] (662)[debug]	Process 5 ready [VNS slave process].

[28.09.2013 00:24:14.583400] [00000x1fb2] (663)[debug]	Process 5 [Parallel VNS]: Received message from leader.

[28.09.2013 00:24:14.645961] [00000x1fb2] (664)[debug]	Process 5: VNS Output Message sent to grasp leader number 1. I(P) = 806
[28.09.2013 00:24:14.646029] [00000x1fb2] (665)[debug]	Process 5 ready [VNS slave process].

[28.09.2013 00:24:15.319070] [00000x1fb2] (666)[debug]	Process 5 [Parallel VNS]: Received message from leader.

[28.09.2013 00:24:15.320227] [00000x1fb2] (667)[debug]	Process 5: VNS Output Message sent to grasp leader number 1. I(P) = 800
[28.09.2013 00:24:15.320256] [00000x1fb2] (668)[debug]	Process 5 ready [VNS slave process].

[28.09.2013 00:24:15.334146] [00000x1fb2] (669)[debug]	Process 5 [Parallel VNS]: Received message from leader.

[28.09.2013 00:24:16.151864] [00000x1fb2] (670)[debug]	Process 5: VNS Output Message sent to grasp leader number 1. I(P) = 800
[28.09.2013 00:24:16.151908] [00000x1fb2] (671)[debug]	Process 5 ready [VNS slave process].

[28.09.2013 00:24:16.152470] [00000x1fb2] (672)[debug]	Process 5 [Parallel VNS]: Received message from leader.

[28.09.2013 00:24:16.152486] [00000x1fb2] (673)[debug]	Process 5: ignoring VNS interrupt msg received.

[28.09.2013 00:24:16.152498] [00000x1fb2] (674)[debug]	Process 5 ready [VNS slave process].

[28.09.2013 00:24:16.892707] [00000x1fb2] (675)[debug]	Process 5 [Parallel VNS]: Received message from leader.

[28.09.2013 00:24:16.892847] [00000x1fb2] (676)[debug]	Process 5: VNS Output Message sent to grasp leader number 1. I(P) = 809
[28.09.2013 00:24:16.892869] [00000x1fb2] (677)[debug]	Process 5 ready [VNS slave process].

[28.09.2013 00:24:16.897498] [00000x1fb2] (678)[debug]	Process 5 [Parallel VNS]: Received message from leader.

[28.09.2013 00:24:16.911243] [00000x1fb2] (679)[trace]	VNS interrupt message received.
[28.09.2013 00:24:16.911286] [00000x1fb2] (680)[debug]	Process 5: VNS Output Message sent to grasp leader number 1. I(P) = 809
[28.09.2013 00:24:16.911318] [00000x1fb2] (681)[debug]	Process 5 ready [VNS slave process].

[28.09.2013 00:24:17.554373] [00000x1fb2] (682)[debug]	Process 5 [Parallel VNS]: Received message from leader.

[28.09.2013 00:24:17.554632] [00000x1fb2] (683)[debug]	Process 5: VNS Output Message sent to grasp leader number 1. I(P) = 811
[28.09.2013 00:24:17.554662] [00000x1fb2] (684)[debug]	Process 5 ready [VNS slave process].

[28.09.2013 00:24:17.560399] [00000x1fb2] (685)[debug]	Process 5 [Parallel VNS]: Received message from leader.

[28.09.2013 00:24:17.716547] [00000x1fb2] (686)[trace]	VNS interrupt message received.
[28.09.2013 00:24:17.716615] [00000x1fb2] (687)[debug]	Process 5: VNS Output Message sent to grasp leader number 1. I(P) = 811
[28.09.2013 00:24:17.716641] [00000x1fb2] (688)[debug]	Process 5 ready [VNS slave process].

[28.09.2013 00:24:18.255103] [00000x1fb2] (689)[debug]	Process 5 [Parallel VNS]: Received message from leader.

[28.09.2013 00:24:18.255275] [00000x1fb2] (690)[debug]	Process 5: VNS Output Message sent to grasp leader number 1. I(P) = 790
[28.09.2013 00:24:18.255296] [00000x1fb2] (691)[debug]	Process 5 ready [VNS slave process].

[28.09.2013 00:24:18.255669] [00000x1fb2] (692)[debug]	Process 5 [Parallel VNS]: Received message from leader.

[28.09.2013 00:24:18.258320] [00000x1fb2] (693)[debug]	Process 5: VNS Output Message sent to grasp leader number 1. I(P) = 789
[28.09.2013 00:24:18.258346] [00000x1fb2] (694)[debug]	Process 5 ready [VNS slave process].

[28.09.2013 00:24:18.258521] [00000x1fb2] (695)[debug]	Process 5 [Parallel VNS]: Received message from leader.

[28.09.2013 00:24:18.258538] [00000x1fb2] (696)[debug]	Process 5: ignoring VNS interrupt msg received.

[28.09.2013 00:24:18.258549] [00000x1fb2] (697)[debug]	Process 5 ready [VNS slave process].

[28.09.2013 00:24:18.258947] [00000x1fb2] (698)[debug]	Process 5 [Parallel VNS]: Received message from leader.

[28.09.2013 00:24:18.259057] [00000x1fb2] (699)[debug]	Process 5: VNS Output Message sent to grasp leader number 1. I(P) = 789
[28.09.2013 00:24:18.259076] [00000x1fb2] (700)[debug]	Process 5 ready [VNS slave process].

[28.09.2013 00:24:18.266314] [00000x1fb2] (701)[debug]	Process 5 [Parallel VNS]: Received message from leader.

[28.09.2013 00:24:18.266596] [00000x1fb2] (702)[debug]	Process 5: VNS Output Message sent to grasp leader number 1. I(P) = 789
[28.09.2013 00:24:18.266620] [00000x1fb2] (703)[debug]	Process 5 ready [VNS slave process].

[28.09.2013 00:24:18.889710] [00000x1fb2] (704)[debug]	Process 5 [Parallel VNS]: Received message from leader.

[28.09.2013 00:24:18.889956] [00000x1fb2] (705)[debug]	Process 5: VNS Output Message sent to grasp leader number 1. I(P) = 811
[28.09.2013 00:24:18.889980] [00000x1fb2] (706)[debug]	Process 5 ready [VNS slave process].

[28.09.2013 00:24:18.890829] [00000x1fb2] (707)[debug]	Process 5 [Parallel VNS]: Received message from leader.

[28.09.2013 00:24:18.892212] [00000x1fb2] (708)[debug]	Process 5: VNS Output Message sent to grasp leader number 1. I(P) = 811
[28.09.2013 00:24:18.892232] [00000x1fb2] (709)[debug]	Process 5 ready [VNS slave process].

[28.09.2013 00:24:18.893413] [00000x1fb2] (710)[debug]	Process 5 [Parallel VNS]: Received message from leader.

[28.09.2013 00:24:18.893427] [00000x1fb2] (711)[debug]	Process 5: ignoring VNS interrupt msg received.

[28.09.2013 00:24:18.893439] [00000x1fb2] (712)[debug]	Process 5 ready [VNS slave process].

[28.09.2013 00:24:18.893596] [00000x1fb2] (713)[debug]	Process 5 [Parallel VNS]: Received message from leader.

[28.09.2013 00:24:18.894843] [00000x1fb2] (714)[debug]	Process 5: VNS Output Message sent to grasp leader number 1. I(P) = 809
[28.09.2013 00:24:18.894869] [00000x1fb2] (715)[debug]	Process 5 ready [VNS slave process].

[28.09.2013 00:24:18.895733] [00000x1fb2] (716)[debug]	Process 5 [Parallel VNS]: Received message from leader.

[28.09.2013 00:24:18.896066] [00000x1fb2] (717)[debug]	Process 5: VNS Output Message sent to grasp leader number 1. I(P) = 809
[28.09.2013 00:24:18.896094] [00000x1fb2] (718)[debug]	Process 5 ready [VNS slave process].

[28.09.2013 00:24:18.977119] [00000x1fb2] (719)[debug]	Process 5 [Parallel VNS]: Received message from leader.

[28.09.2013 00:24:18.977150] [00000x1fb2] (720)[debug]	Process 5: ignoring VNS interrupt msg received.

[28.09.2013 00:24:18.977162] [00000x1fb2] (721)[debug]	Process 5 ready [VNS slave process].

[28.09.2013 00:24:18.977197] [00000x1fb2] (722)[debug]	Process 5 [Parallel VNS]: Received message from leader.

[28.09.2013 00:24:18.977268] [00000x1fb2] (723)[debug]	Process 5: VNS Output Message sent to grasp leader number 1. I(P) = 808
[28.09.2013 00:24:18.977288] [00000x1fb2] (724)[debug]	Process 5 ready [VNS slave process].

[28.09.2013 00:24:18.982327] [00000x1fb2] (725)[debug]	Process 5 [Parallel VNS]: Received message from leader.

[28.09.2013 00:24:18.982769] [00000x1fb2] (726)[debug]	Process 5: VNS Output Message sent to grasp leader number 1. I(P) = 808
[28.09.2013 00:24:18.982792] [00000x1fb2] (727)[debug]	Process 5 ready [VNS slave process].

[28.09.2013 00:24:19.527674] [00000x1fb2] (728)[debug]	Process 5 [Parallel VNS]: Received message from leader.

[28.09.2013 00:24:19.528917] [00000x1fb2] (729)[debug]	Process 5: VNS Output Message sent to grasp leader number 1. I(P) = 798
[28.09.2013 00:24:19.528950] [00000x1fb2] (730)[debug]	Process 5 ready [VNS slave process].

[28.09.2013 00:24:19.534314] [00000x1fb2] (731)[debug]	Process 5 [Parallel VNS]: Received message from leader.

[28.09.2013 00:24:20.089949] [00000x1fb2] (732)[debug]	Process 5: VNS Output Message sent to grasp leader number 1. I(P) = 798
[28.09.2013 00:24:20.090022] [00000x1fb2] (733)[debug]	Process 5 ready [VNS slave process].

[28.09.2013 00:24:20.092965] [00000x1fb2] (734)[debug]	Process 5 [Parallel VNS]: Received message from leader.

[28.09.2013 00:24:20.092982] [00000x1fb2] (735)[debug]	Process 5: ignoring VNS interrupt msg received.

[28.09.2013 00:24:20.092994] [00000x1fb2] (736)[debug]	Process 5 ready [VNS slave process].

[28.09.2013 00:24:21.533125] [00000x1fb2] (737)[debug]	Process 5 [Parallel VNS]: Received message from leader.

[28.09.2013 00:24:21.534287] [00000x1fb2] (738)[debug]	Process 5: VNS Output Message sent to grasp leader number 1. I(P) = 805
[28.09.2013 00:24:21.534314] [00000x1fb2] (739)[debug]	Process 5 ready [VNS slave process].

[28.09.2013 00:24:21.534785] [00000x1fb2] (740)[debug]	Process 5 [Parallel VNS]: Received message from leader.

[28.09.2013 00:24:21.572711] [00000x1fb2] (741)[trace]	VNS interrupt message received.
[28.09.2013 00:24:21.572769] [00000x1fb2] (742)[debug]	Process 5: VNS Output Message sent to grasp leader number 1. I(P) = 805
[28.09.2013 00:24:21.572794] [00000x1fb2] (743)[debug]	Process 5 ready [VNS slave process].

[28.09.2013 00:24:22.327816] [00000x1fb2] (744)[debug]	Process 5 [Parallel VNS]: Received message from leader.

[28.09.2013 00:24:22.327907] [00000x1fb2] (745)[debug]	Process 5: VNS Output Message sent to grasp leader number 1. I(P) = 798
[28.09.2013 00:24:22.327928] [00000x1fb2] (746)[debug]	Process 5 ready [VNS slave process].

[28.09.2013 00:24:22.337556] [00000x1fb2] (747)[debug]	Process 5 [Parallel VNS]: Received message from leader.

[28.09.2013 00:24:22.341313] [00000x1fb2] (748)[debug]	Process 5: VNS Output Message sent to grasp leader number 1. I(P) = 798
[28.09.2013 00:24:22.341380] [00000x1fb2] (749)[debug]	Process 5 ready [VNS slave process].

[28.09.2013 00:24:23.024860] [00000x1fb2] (750)[debug]	Process 5 [Parallel VNS]: Received message from leader.

[28.09.2013 00:24:23.025976] [00000x1fb2] (751)[debug]	Process 5: VNS Output Message sent to grasp leader number 1. I(P) = 799
[28.09.2013 00:24:23.026012] [00000x1fb2] (752)[debug]	Process 5 ready [VNS slave process].

[28.09.2013 00:24:23.036907] [00000x1fb2] (753)[debug]	Process 5 [Parallel VNS]: Received message from leader.

[28.09.2013 00:24:23.063294] [00000x1fb2] (754)[trace]	VNS interrupt message received.
[28.09.2013 00:24:23.063352] [00000x1fb2] (755)[debug]	Process 5: VNS Output Message sent to grasp leader number 1. I(P) = 799
[28.09.2013 00:24:23.063392] [00000x1fb2] (756)[debug]	Process 5 ready [VNS slave process].

[28.09.2013 00:24:32.201546] [00000x1fb2] (757)[debug]	Process 5 [Parallel VNS]: Received message from leader.

[28.09.2013 00:24:32.201581] [00000x1fb2] (758)[debug]	Process 5: terminate msg received.

