[28.09.2013 00:22:41.230046] [00000x1fb0] (1)[trace]	number of slaves received

[28.09.2013 00:22:41.230422] [00000x1fb0] (2)[info]	The number of VNS search slaves per master is 2

[28.09.2013 00:22:41.230456] [00000x1fb0] (3)[debug]	Process 3 ready [VNS slave process].

[28.09.2013 00:22:42.394403] [00000x1fb0] (4)[debug]	Process 3 [Parallel VNS]: Received message from leader.

[28.09.2013 00:22:42.394863] [00000x1fb0] (5)[trace]	Line: 200 887

[28.09.2013 00:22:42.394887] [00000x1fb0] (6)[trace]	Format type is 2

[28.09.2013 00:22:42.395199] [00000x1fb0] (7)[trace]	Successfully created signed graph with 200 vertices.

[28.09.2013 00:22:42.398092] [00000x1fb0] (8)[debug]	Process 3: VNS Output Message sent to grasp leader number 0. I(P) = 809
[28.09.2013 00:22:42.398131] [00000x1fb0] (9)[debug]	Process 3 ready [VNS slave process].

[28.09.2013 00:22:42.421984] [00000x1fb0] (10)[debug]	Process 3 [Parallel VNS]: Received message from leader.

[28.09.2013 00:22:42.552903] [00000x1fb0] (11)[debug]	Process 3: VNS Output Message sent to grasp leader number 0. I(P) = 809
[28.09.2013 00:22:42.552985] [00000x1fb0] (12)[debug]	Process 3 ready [VNS slave process].

[28.09.2013 00:22:45.219531] [00000x1fb0] (13)[debug]	Process 3 [Parallel VNS]: Received message from leader.

[28.09.2013 00:22:45.227721] [00000x1fb0] (14)[debug]	Process 3: VNS Output Message sent to grasp leader number 0. I(P) = 806
[28.09.2013 00:22:45.227783] [00000x1fb0] (15)[debug]	Process 3 ready [VNS slave process].

[28.09.2013 00:22:45.239375] [00000x1fb0] (16)[debug]	Process 3 [Parallel VNS]: Received message from leader.

[28.09.2013 00:22:45.296772] [00000x1fb0] (17)[trace]	VNS interrupt message received.
[28.09.2013 00:22:45.296820] [00000x1fb0] (18)[debug]	Process 3: VNS Output Message sent to grasp leader number 0. I(P) = 806
[28.09.2013 00:22:45.296846] [00000x1fb0] (19)[debug]	Process 3 ready [VNS slave process].

[28.09.2013 00:22:46.271950] [00000x1fb0] (20)[debug]	Process 3 [Parallel VNS]: Received message from leader.

[28.09.2013 00:22:46.272079] [00000x1fb0] (21)[debug]	Process 3: VNS Output Message sent to grasp leader number 0. I(P) = 808
[28.09.2013 00:22:46.272107] [00000x1fb0] (22)[debug]	Process 3 ready [VNS slave process].

[28.09.2013 00:22:46.282712] [00000x1fb0] (23)[debug]	Process 3 [Parallel VNS]: Received message from leader.

[28.09.2013 00:22:46.282806] [00000x1fb0] (24)[debug]	Process 3: VNS Output Message sent to grasp leader number 0. I(P) = 808
[28.09.2013 00:22:46.282831] [00000x1fb0] (25)[debug]	Process 3 ready [VNS slave process].

[28.09.2013 00:22:46.298689] [00000x1fb0] (26)[debug]	Process 3 [Parallel VNS]: Received message from leader.

[28.09.2013 00:22:46.298747] [00000x1fb0] (27)[debug]	Process 3: ignoring VNS interrupt msg received.

[28.09.2013 00:22:46.298760] [00000x1fb0] (28)[debug]	Process 3 ready [VNS slave process].

[28.09.2013 00:22:47.682621] [00000x1fb0] (29)[debug]	Process 3 [Parallel VNS]: Received message from leader.

[28.09.2013 00:22:47.683802] [00000x1fb0] (30)[debug]	Process 3: VNS Output Message sent to grasp leader number 0. I(P) = 815
[28.09.2013 00:22:47.683826] [00000x1fb0] (31)[debug]	Process 3 ready [VNS slave process].

[28.09.2013 00:22:47.691040] [00000x1fb0] (32)[debug]	Process 3 [Parallel VNS]: Received message from leader.

[28.09.2013 00:22:47.703615] [00000x1fb0] (33)[debug]	Process 3: VNS Output Message sent to grasp leader number 0. I(P) = 815
[28.09.2013 00:22:47.703682] [00000x1fb0] (34)[debug]	Process 3 ready [VNS slave process].

[28.09.2013 00:22:47.717082] [00000x1fb0] (35)[debug]	Process 3 [Parallel VNS]: Received message from leader.

[28.09.2013 00:22:47.717117] [00000x1fb0] (36)[debug]	Process 3: ignoring VNS interrupt msg received.

[28.09.2013 00:22:47.717129] [00000x1fb0] (37)[debug]	Process 3 ready [VNS slave process].

[28.09.2013 00:22:49.674303] [00000x1fb0] (38)[debug]	Process 3 [Parallel VNS]: Received message from leader.

[28.09.2013 00:22:49.675468] [00000x1fb0] (39)[debug]	Process 3: VNS Output Message sent to grasp leader number 0. I(P) = 807
[28.09.2013 00:22:49.675502] [00000x1fb0] (40)[debug]	Process 3 ready [VNS slave process].

[28.09.2013 00:22:49.696195] [00000x1fb0] (41)[debug]	Process 3 [Parallel VNS]: Received message from leader.

[28.09.2013 00:22:49.697383] [00000x1fb0] (42)[debug]	Process 3: VNS Output Message sent to grasp leader number 0. I(P) = 807
[28.09.2013 00:22:49.697420] [00000x1fb0] (43)[debug]	Process 3 ready [VNS slave process].

[28.09.2013 00:22:49.701178] [00000x1fb0] (44)[debug]	Process 3 [Parallel VNS]: Received message from leader.

[28.09.2013 00:22:49.776115] [00000x1fb0] (45)[debug]	Process 3: VNS Output Message sent to grasp leader number 0. I(P) = 807
[28.09.2013 00:22:49.776207] [00000x1fb0] (46)[debug]	Process 3 ready [VNS slave process].

[28.09.2013 00:22:49.779175] [00000x1fb0] (47)[debug]	Process 3 [Parallel VNS]: Received message from leader.

[28.09.2013 00:22:49.779205] [00000x1fb0] (48)[debug]	Process 3: ignoring VNS interrupt msg received.

[28.09.2013 00:22:49.779217] [00000x1fb0] (49)[debug]	Process 3 ready [VNS slave process].

[28.09.2013 00:22:51.662405] [00000x1fb0] (50)[debug]	Process 3 [Parallel VNS]: Received message from leader.

[28.09.2013 00:22:51.663628] [00000x1fb0] (51)[debug]	Process 3: VNS Output Message sent to grasp leader number 0. I(P) = 809
[28.09.2013 00:22:51.663653] [00000x1fb0] (52)[debug]	Process 3 ready [VNS slave process].

[28.09.2013 00:22:51.676741] [00000x1fb0] (53)[debug]	Process 3 [Parallel VNS]: Received message from leader.

[28.09.2013 00:22:51.677984] [00000x1fb0] (54)[debug]	Process 3: VNS Output Message sent to grasp leader number 0. I(P) = 808
[28.09.2013 00:22:51.678012] [00000x1fb0] (55)[debug]	Process 3 ready [VNS slave process].

[28.09.2013 00:22:51.691629] [00000x1fb0] (56)[debug]	Process 3 [Parallel VNS]: Received message from leader.

[28.09.2013 00:22:51.691801] [00000x1fb0] (57)[debug]	Process 3: VNS Output Message sent to grasp leader number 0. I(P) = 808
[28.09.2013 00:22:51.691828] [00000x1fb0] (58)[debug]	Process 3 ready [VNS slave process].

[28.09.2013 00:22:51.695476] [00000x1fb0] (59)[debug]	Process 3 [Parallel VNS]: Received message from leader.

[28.09.2013 00:22:51.729106] [00000x1fb0] (60)[debug]	Process 3: VNS Output Message sent to grasp leader number 0. I(P) = 808
[28.09.2013 00:22:51.729179] [00000x1fb0] (61)[debug]	Process 3 ready [VNS slave process].

[28.09.2013 00:22:55.644978] [00000x1fb0] (62)[debug]	Process 3 [Parallel VNS]: Received message from leader.

[28.09.2013 00:22:55.646147] [00000x1fb0] (63)[debug]	Process 3: VNS Output Message sent to grasp leader number 0. I(P) = 802
[28.09.2013 00:22:55.646178] [00000x1fb0] (64)[debug]	Process 3 ready [VNS slave process].

[28.09.2013 00:22:55.665043] [00000x1fb0] (65)[debug]	Process 3 [Parallel VNS]: Received message from leader.

[28.09.2013 00:22:55.741183] [00000x1fb0] (66)[trace]	VNS interrupt message received.
[28.09.2013 00:22:55.741241] [00000x1fb0] (67)[debug]	Process 3: VNS Output Message sent to grasp leader number 0. I(P) = 802
[28.09.2013 00:22:55.741265] [00000x1fb0] (68)[debug]	Process 3 ready [VNS slave process].

[28.09.2013 00:22:56.978966] [00000x1fb0] (69)[debug]	Process 3 [Parallel VNS]: Received message from leader.

[28.09.2013 00:22:56.980203] [00000x1fb0] (70)[debug]	Process 3: VNS Output Message sent to grasp leader number 0. I(P) = 807
[28.09.2013 00:22:56.980234] [00000x1fb0] (71)[debug]	Process 3 ready [VNS slave process].

[28.09.2013 00:22:56.987456] [00000x1fb0] (72)[debug]	Process 3 [Parallel VNS]: Received message from leader.

[28.09.2013 00:22:56.987531] [00000x1fb0] (73)[debug]	Process 3: VNS Output Message sent to grasp leader number 0. I(P) = 807
[28.09.2013 00:22:56.987551] [00000x1fb0] (74)[debug]	Process 3 ready [VNS slave process].

[28.09.2013 00:22:56.999782] [00000x1fb0] (75)[debug]	Process 3 [Parallel VNS]: Received message from leader.

[28.09.2013 00:22:56.999846] [00000x1fb0] (76)[debug]	Process 3: VNS Output Message sent to grasp leader number 0. I(P) = 807
[28.09.2013 00:22:56.999866] [00000x1fb0] (77)[debug]	Process 3 ready [VNS slave process].

[28.09.2013 00:22:58.425215] [00000x1fb0] (78)[debug]	Process 3 [Parallel VNS]: Received message from leader.

[28.09.2013 00:22:58.431107] [00000x1fb0] (79)[debug]	Process 3: VNS Output Message sent to grasp leader number 0. I(P) = 799
[28.09.2013 00:22:58.431159] [00000x1fb0] (80)[debug]	Process 3 ready [VNS slave process].

[28.09.2013 00:22:58.455863] [00000x1fb0] (81)[debug]	Process 3 [Parallel VNS]: Received message from leader.

[28.09.2013 00:22:58.501407] [00000x1fb0] (82)[debug]	Process 3: VNS Output Message sent to grasp leader number 0. I(P) = 799
[28.09.2013 00:22:58.501481] [00000x1fb0] (83)[debug]	Process 3 ready [VNS slave process].

[28.09.2013 00:22:58.511904] [00000x1fb0] (84)[debug]	Process 3 [Parallel VNS]: Received message from leader.

[28.09.2013 00:22:58.511933] [00000x1fb0] (85)[debug]	Process 3: ignoring VNS interrupt msg received.

[28.09.2013 00:22:58.511944] [00000x1fb0] (86)[debug]	Process 3 ready [VNS slave process].

[28.09.2013 00:23:00.002283] [00000x1fb0] (87)[debug]	Process 3 [Parallel VNS]: Received message from leader.

[28.09.2013 00:23:00.003458] [00000x1fb0] (88)[debug]	Process 3: VNS Output Message sent to grasp leader number 0. I(P) = 788
[28.09.2013 00:23:00.003490] [00000x1fb0] (89)[debug]	Process 3 ready [VNS slave process].

[28.09.2013 00:23:00.015001] [00000x1fb0] (90)[debug]	Process 3 [Parallel VNS]: Received message from leader.

[28.09.2013 00:23:00.018741] [00000x1fb0] (91)[debug]	Process 3: VNS Output Message sent to grasp leader number 0. I(P) = 788
[28.09.2013 00:23:00.018773] [00000x1fb0] (92)[debug]	Process 3 ready [VNS slave process].

[28.09.2013 00:23:00.021187] [00000x1fb0] (93)[debug]	Process 3 [Parallel VNS]: Received message from leader.

[28.09.2013 00:23:00.104340] [00000x1fb0] (94)[debug]	Process 3: VNS Output Message sent to grasp leader number 0. I(P) = 788
[28.09.2013 00:23:00.104418] [00000x1fb0] (95)[debug]	Process 3 ready [VNS slave process].

[28.09.2013 00:23:00.122285] [00000x1fb0] (96)[debug]	Process 3 [Parallel VNS]: Received message from leader.

[28.09.2013 00:23:00.122343] [00000x1fb0] (97)[debug]	Process 3: ignoring VNS interrupt msg received.

[28.09.2013 00:23:00.122356] [00000x1fb0] (98)[debug]	Process 3 ready [VNS slave process].

[28.09.2013 00:23:01.889358] [00000x1fb0] (99)[debug]	Process 3 [Parallel VNS]: Received message from leader.

[28.09.2013 00:23:01.889622] [00000x1fb0] (100)[debug]	Process 3: VNS Output Message sent to grasp leader number 0. I(P) = 800
[28.09.2013 00:23:01.889647] [00000x1fb0] (101)[debug]	Process 3 ready [VNS slave process].

[28.09.2013 00:23:01.891214] [00000x1fb0] (102)[debug]	Process 3 [Parallel VNS]: Received message from leader.

[28.09.2013 00:23:01.894530] [00000x1fb0] (103)[trace]	VNS interrupt message received.
[28.09.2013 00:23:01.894560] [00000x1fb0] (104)[debug]	Process 3: VNS Output Message sent to grasp leader number 0. I(P) = 800
[28.09.2013 00:23:01.894578] [00000x1fb0] (105)[debug]	Process 3 ready [VNS slave process].

[28.09.2013 00:23:01.895080] [00000x1fb0] (106)[debug]	Process 3 [Parallel VNS]: Received message from leader.

[28.09.2013 00:23:01.895222] [00000x1fb0] (107)[debug]	Process 3: VNS Output Message sent to grasp leader number 0. I(P) = 799
[28.09.2013 00:23:01.895240] [00000x1fb0] (108)[debug]	Process 3 ready [VNS slave process].

[28.09.2013 00:23:01.902641] [00000x1fb0] (109)[debug]	Process 3 [Parallel VNS]: Received message from leader.

[28.09.2013 00:23:02.047348] [00000x1fb0] (110)[debug]	Process 3: VNS Output Message sent to grasp leader number 0. I(P) = 799
[28.09.2013 00:23:02.047427] [00000x1fb0] (111)[debug]	Process 3 ready [VNS slave process].

[28.09.2013 00:23:03.987581] [00000x1fb0] (112)[debug]	Process 3 [Parallel VNS]: Received message from leader.

[28.09.2013 00:23:03.987827] [00000x1fb0] (113)[debug]	Process 3: VNS Output Message sent to grasp leader number 0. I(P) = 803
[28.09.2013 00:23:03.987851] [00000x1fb0] (114)[debug]	Process 3 ready [VNS slave process].

[28.09.2013 00:23:03.993164] [00000x1fb0] (115)[debug]	Process 3 [Parallel VNS]: Received message from leader.

[28.09.2013 00:23:04.003308] [00000x1fb0] (116)[debug]	Process 3: VNS Output Message sent to grasp leader number 0. I(P) = 803
[28.09.2013 00:23:04.003373] [00000x1fb0] (117)[debug]	Process 3 ready [VNS slave process].

[28.09.2013 00:23:04.009153] [00000x1fb0] (118)[debug]	Process 3 [Parallel VNS]: Received message from leader.

[28.09.2013 00:23:04.009199] [00000x1fb0] (119)[debug]	Process 3: ignoring VNS interrupt msg received.

[28.09.2013 00:23:04.009212] [00000x1fb0] (120)[debug]	Process 3 ready [VNS slave process].

[28.09.2013 00:23:06.001439] [00000x1fb0] (121)[debug]	Process 3 [Parallel VNS]: Received message from leader.

[28.09.2013 00:23:06.001581] [00000x1fb0] (122)[debug]	Process 3: VNS Output Message sent to grasp leader number 0. I(P) = 809
[28.09.2013 00:23:06.001606] [00000x1fb0] (123)[debug]	Process 3 ready [VNS slave process].

[28.09.2013 00:23:06.008478] [00000x1fb0] (124)[debug]	Process 3 [Parallel VNS]: Received message from leader.

[28.09.2013 00:23:06.008620] [00000x1fb0] (125)[debug]	Process 3: VNS Output Message sent to grasp leader number 0. I(P) = 807
[28.09.2013 00:23:06.008642] [00000x1fb0] (126)[debug]	Process 3 ready [VNS slave process].

[28.09.2013 00:23:06.015047] [00000x1fb0] (127)[debug]	Process 3 [Parallel VNS]: Received message from leader.

[28.09.2013 00:23:06.073347] [00000x1fb0] (128)[trace]	VNS interrupt message received.
[28.09.2013 00:23:06.073396] [00000x1fb0] (129)[debug]	Process 3: VNS Output Message sent to grasp leader number 0. I(P) = 807
[28.09.2013 00:23:06.073418] [00000x1fb0] (130)[debug]	Process 3 ready [VNS slave process].

[28.09.2013 00:23:07.997438] [00000x1fb0] (131)[debug]	Process 3 [Parallel VNS]: Received message from leader.

[28.09.2013 00:23:07.998697] [00000x1fb0] (132)[debug]	Process 3: VNS Output Message sent to grasp leader number 0. I(P) = 800
[28.09.2013 00:23:07.998722] [00000x1fb0] (133)[debug]	Process 3 ready [VNS slave process].

[28.09.2013 00:23:08.030832] [00000x1fb0] (134)[debug]	Process 3 [Parallel VNS]: Received message from leader.

[28.09.2013 00:23:08.032047] [00000x1fb0] (135)[debug]	Process 3: VNS Output Message sent to grasp leader number 0. I(P) = 800
[28.09.2013 00:23:08.032070] [00000x1fb0] (136)[debug]	Process 3 ready [VNS slave process].

[28.09.2013 00:23:08.046095] [00000x1fb0] (137)[debug]	Process 3 [Parallel VNS]: Received message from leader.

[28.09.2013 00:23:08.046148] [00000x1fb0] (138)[trace]	VNS interrupt message received.
[28.09.2013 00:23:08.046174] [00000x1fb0] (139)[debug]	Process 3: VNS Output Message sent to grasp leader number 0. I(P) = 800
[28.09.2013 00:23:08.046193] [00000x1fb0] (140)[debug]	Process 3 ready [VNS slave process].

[28.09.2013 00:23:09.477781] [00000x1fb0] (141)[debug]	Process 3 [Parallel VNS]: Received message from leader.

[28.09.2013 00:23:09.483203] [00000x1fb0] (142)[debug]	Process 3: VNS Output Message sent to grasp leader number 0. I(P) = 807
[28.09.2013 00:23:09.483267] [00000x1fb0] (143)[debug]	Process 3 ready [VNS slave process].

[28.09.2013 00:23:09.491288] [00000x1fb0] (144)[debug]	Process 3 [Parallel VNS]: Received message from leader.

[28.09.2013 00:23:09.513253] [00000x1fb0] (145)[debug]	Process 3: VNS Output Message sent to grasp leader number 0. I(P) = 807
[28.09.2013 00:23:09.513324] [00000x1fb0] (146)[debug]	Process 3 ready [VNS slave process].

[28.09.2013 00:23:09.519004] [00000x1fb0] (147)[debug]	Process 3 [Parallel VNS]: Received message from leader.

[28.09.2013 00:23:09.519036] [00000x1fb0] (148)[debug]	Process 3: ignoring VNS interrupt msg received.

[28.09.2013 00:23:09.519049] [00000x1fb0] (149)[debug]	Process 3 ready [VNS slave process].

[28.09.2013 00:23:11.188268] [00000x1fb0] (150)[debug]	Process 3 [Parallel VNS]: Received message from leader.

[28.09.2013 00:23:11.188416] [00000x1fb0] (151)[debug]	Process 3: VNS Output Message sent to grasp leader number 0. I(P) = 806
[28.09.2013 00:23:11.188445] [00000x1fb0] (152)[debug]	Process 3 ready [VNS slave process].

[28.09.2013 00:23:11.208446] [00000x1fb0] (153)[debug]	Process 3 [Parallel VNS]: Received message from leader.

[28.09.2013 00:23:11.214313] [00000x1fb0] (154)[debug]	Process 3: VNS Output Message sent to grasp leader number 0. I(P) = 805
[28.09.2013 00:23:11.214355] [00000x1fb0] (155)[debug]	Process 3 ready [VNS slave process].

[28.09.2013 00:23:11.222764] [00000x1fb0] (156)[debug]	Process 3 [Parallel VNS]: Received message from leader.

[28.09.2013 00:23:11.400395] [00000x1fb0] (157)[debug]	Process 3: VNS Output Message sent to grasp leader number 0. I(P) = 805
[28.09.2013 00:23:11.400479] [00000x1fb0] (158)[debug]	Process 3 ready [VNS slave process].

[28.09.2013 00:23:11.418811] [00000x1fb0] (159)[debug]	Process 3 [Parallel VNS]: Received message from leader.

[28.09.2013 00:23:11.418867] [00000x1fb0] (160)[debug]	Process 3: ignoring VNS interrupt msg received.

[28.09.2013 00:23:11.418880] [00000x1fb0] (161)[debug]	Process 3 ready [VNS slave process].

[28.09.2013 00:23:12.102326] [00000x1fb0] (162)[debug]	Process 3 [Parallel VNS]: Received message from leader.

[28.09.2013 00:23:12.102412] [00000x1fb0] (163)[debug]	Process 3: VNS Output Message sent to grasp leader number 0. I(P) = 795
[28.09.2013 00:23:12.102435] [00000x1fb0] (164)[debug]	Process 3 ready [VNS slave process].

[28.09.2013 00:23:12.122336] [00000x1fb0] (165)[debug]	Process 3 [Parallel VNS]: Received message from leader.

[28.09.2013 00:23:12.122413] [00000x1fb0] (166)[debug]	Process 3: VNS Output Message sent to grasp leader number 0. I(P) = 795
[28.09.2013 00:23:12.122436] [00000x1fb0] (167)[debug]	Process 3 ready [VNS slave process].

[28.09.2013 00:23:12.134924] [00000x1fb0] (168)[debug]	Process 3 [Parallel VNS]: Received message from leader.

[28.09.2013 00:23:12.134963] [00000x1fb0] (169)[debug]	Process 3: ignoring VNS interrupt msg received.

[28.09.2013 00:23:12.134975] [00000x1fb0] (170)[debug]	Process 3 ready [VNS slave process].

[28.09.2013 00:23:12.945840] [00000x1fb0] (171)[debug]	Process 3 [Parallel VNS]: Received message from leader.

[28.09.2013 00:23:12.947803] [00000x1fb0] (172)[debug]	Process 3: VNS Output Message sent to grasp leader number 0. I(P) = 808
[28.09.2013 00:23:12.947832] [00000x1fb0] (173)[debug]	Process 3 ready [VNS slave process].

[28.09.2013 00:23:12.950360] [00000x1fb0] (174)[debug]	Process 3 [Parallel VNS]: Received message from leader.

[28.09.2013 00:23:12.950465] [00000x1fb0] (175)[debug]	Process 3: VNS Output Message sent to grasp leader number 0. I(P) = 808
[28.09.2013 00:23:12.950485] [00000x1fb0] (176)[debug]	Process 3 ready [VNS slave process].

[28.09.2013 00:23:12.954318] [00000x1fb0] (177)[debug]	Process 3 [Parallel VNS]: Received message from leader.

[28.09.2013 00:23:13.029176] [00000x1fb0] (178)[debug]	Process 3: VNS Output Message sent to grasp leader number 0. I(P) = 808
[28.09.2013 00:23:13.029258] [00000x1fb0] (179)[debug]	Process 3 ready [VNS slave process].

[28.09.2013 00:23:13.039590] [00000x1fb0] (180)[debug]	Process 3 [Parallel VNS]: Received message from leader.

[28.09.2013 00:23:13.040382] [00000x1fb0] (181)[debug]	Process 3: ignoring VNS interrupt msg received.

[28.09.2013 00:23:13.040401] [00000x1fb0] (182)[debug]	Process 3 ready [VNS slave process].

[28.09.2013 00:23:14.169843] [00000x1fb0] (183)[debug]	Process 3 [Parallel VNS]: Received message from leader.

[28.09.2013 00:23:14.175245] [00000x1fb0] (184)[debug]	Process 3: VNS Output Message sent to grasp leader number 0. I(P) = 802
[28.09.2013 00:23:14.175293] [00000x1fb0] (185)[debug]	Process 3 ready [VNS slave process].

[28.09.2013 00:23:14.183953] [00000x1fb0] (186)[debug]	Process 3 [Parallel VNS]: Received message from leader.

[28.09.2013 00:23:16.132902] [00000x1fb0] (187)[debug]	Process 3: VNS Output Message sent to grasp leader number 0. I(P) = 802
[28.09.2013 00:23:16.132991] [00000x1fb0] (188)[debug]	Process 3 ready [VNS slave process].

[28.09.2013 00:23:17.620852] [00000x1fb0] (189)[debug]	Process 3 [Parallel VNS]: Received message from leader.

[28.09.2013 00:23:17.622070] [00000x1fb0] (190)[debug]	Process 3: VNS Output Message sent to grasp leader number 0. I(P) = 803
[28.09.2013 00:23:17.622105] [00000x1fb0] (191)[debug]	Process 3 ready [VNS slave process].

[28.09.2013 00:23:17.627623] [00000x1fb0] (192)[debug]	Process 3 [Parallel VNS]: Received message from leader.

[28.09.2013 00:23:17.806693] [00000x1fb0] (193)[trace]	VNS interrupt message received.
[28.09.2013 00:23:17.806765] [00000x1fb0] (194)[debug]	Process 3: VNS Output Message sent to grasp leader number 0. I(P) = 803
[28.09.2013 00:23:17.806792] [00000x1fb0] (195)[debug]	Process 3 ready [VNS slave process].

[28.09.2013 00:23:19.230333] [00000x1fb0] (196)[debug]	Process 3 [Parallel VNS]: Received message from leader.

[28.09.2013 00:23:19.231508] [00000x1fb0] (197)[debug]	Process 3: VNS Output Message sent to grasp leader number 0. I(P) = 799
[28.09.2013 00:23:19.231543] [00000x1fb0] (198)[debug]	Process 3 ready [VNS slave process].

[28.09.2013 00:23:19.245192] [00000x1fb0] (199)[debug]	Process 3 [Parallel VNS]: Received message from leader.

[28.09.2013 00:23:19.310958] [00000x1fb0] (200)[trace]	VNS interrupt message received.
[28.09.2013 00:23:19.311037] [00000x1fb0] (201)[debug]	Process 3: VNS Output Message sent to grasp leader number 0. I(P) = 799
[28.09.2013 00:23:19.311067] [00000x1fb0] (202)[debug]	Process 3 ready [VNS slave process].

[28.09.2013 00:23:20.685922] [00000x1fb0] (203)[debug]	Process 3 [Parallel VNS]: Received message from leader.

[28.09.2013 00:23:20.691430] [00000x1fb0] (204)[debug]	Process 3: VNS Output Message sent to grasp leader number 0. I(P) = 799
[28.09.2013 00:23:20.691472] [00000x1fb0] (205)[debug]	Process 3 ready [VNS slave process].

[28.09.2013 00:23:20.696239] [00000x1fb0] (206)[debug]	Process 3 [Parallel VNS]: Received message from leader.

[28.09.2013 00:23:20.696372] [00000x1fb0] (207)[debug]	Process 3: VNS Output Message sent to grasp leader number 0. I(P) = 799
[28.09.2013 00:23:20.696394] [00000x1fb0] (208)[debug]	Process 3 ready [VNS slave process].

[28.09.2013 00:23:20.698482] [00000x1fb0] (209)[debug]	Process 3 [Parallel VNS]: Received message from leader.

[28.09.2013 00:23:20.698579] [00000x1fb0] (210)[debug]	Process 3: VNS Output Message sent to grasp leader number 0. I(P) = 798
[28.09.2013 00:23:20.698601] [00000x1fb0] (211)[debug]	Process 3 ready [VNS slave process].

[28.09.2013 00:23:20.704161] [00000x1fb0] (212)[debug]	Process 3 [Parallel VNS]: Received message from leader.

[28.09.2013 00:23:20.768473] [00000x1fb0] (213)[debug]	Process 3: VNS Output Message sent to grasp leader number 0. I(P) = 798
[28.09.2013 00:23:20.768551] [00000x1fb0] (214)[debug]	Process 3 ready [VNS slave process].

[28.09.2013 00:23:22.198066] [00000x1fb0] (215)[debug]	Process 3 [Parallel VNS]: Received message from leader.

[28.09.2013 00:23:22.199337] [00000x1fb0] (216)[debug]	Process 3: VNS Output Message sent to grasp leader number 0. I(P) = 804
[28.09.2013 00:23:22.199364] [00000x1fb0] (217)[debug]	Process 3 ready [VNS slave process].

[28.09.2013 00:23:22.222414] [00000x1fb0] (218)[debug]	Process 3 [Parallel VNS]: Received message from leader.

[28.09.2013 00:23:22.222510] [00000x1fb0] (219)[debug]	Process 3: VNS Output Message sent to grasp leader number 0. I(P) = 804
[28.09.2013 00:23:22.222532] [00000x1fb0] (220)[debug]	Process 3 ready [VNS slave process].

[28.09.2013 00:23:22.222821] [00000x1fb0] (221)[debug]	Process 3 [Parallel VNS]: Received message from leader.

[28.09.2013 00:23:22.222984] [00000x1fb0] (222)[debug]	Process 3: VNS Output Message sent to grasp leader number 0. I(P) = 804
[28.09.2013 00:23:22.223004] [00000x1fb0] (223)[debug]	Process 3 ready [VNS slave process].

[28.09.2013 00:23:23.659204] [00000x1fb0] (224)[debug]	Process 3 [Parallel VNS]: Received message from leader.

[28.09.2013 00:23:23.660472] [00000x1fb0] (225)[debug]	Process 3: VNS Output Message sent to grasp leader number 0. I(P) = 805
[28.09.2013 00:23:23.660510] [00000x1fb0] (226)[debug]	Process 3 ready [VNS slave process].

[28.09.2013 00:23:23.665564] [00000x1fb0] (227)[debug]	Process 3 [Parallel VNS]: Received message from leader.

[28.09.2013 00:23:23.684892] [00000x1fb0] (228)[debug]	Process 3: VNS Output Message sent to grasp leader number 0. I(P) = 805
[28.09.2013 00:23:23.685006] [00000x1fb0] (229)[debug]	Process 3 ready [VNS slave process].

[28.09.2013 00:23:26.274020] [00000x1fb0] (230)[debug]	Process 3 [Parallel VNS]: Received message from leader.

[28.09.2013 00:23:26.274172] [00000x1fb0] (231)[debug]	Process 3: VNS Output Message sent to grasp leader number 0. I(P) = 809
[28.09.2013 00:23:26.274196] [00000x1fb0] (232)[debug]	Process 3 ready [VNS slave process].

[28.09.2013 00:23:26.295735] [00000x1fb0] (233)[debug]	Process 3 [Parallel VNS]: Received message from leader.

[28.09.2013 00:23:26.295835] [00000x1fb0] (234)[trace]	VNS interrupt message received.
[28.09.2013 00:23:26.295872] [00000x1fb0] (235)[debug]	Process 3: VNS Output Message sent to grasp leader number 0. I(P) = 809
[28.09.2013 00:23:26.295902] [00000x1fb0] (236)[debug]	Process 3 ready [VNS slave process].

[28.09.2013 00:23:26.298751] [00000x1fb0] (237)[debug]	Process 3 [Parallel VNS]: Received message from leader.

[28.09.2013 00:23:26.298895] [00000x1fb0] (238)[debug]	Process 3: VNS Output Message sent to grasp leader number 0. I(P) = 808
[28.09.2013 00:23:26.298917] [00000x1fb0] (239)[debug]	Process 3 ready [VNS slave process].

[28.09.2013 00:23:26.339492] [00000x1fb0] (240)[debug]	Process 3 [Parallel VNS]: Received message from leader.

[28.09.2013 00:23:26.367269] [00000x1fb0] (241)[debug]	Process 3: VNS Output Message sent to grasp leader number 0. I(P) = 808
[28.09.2013 00:23:26.367349] [00000x1fb0] (242)[debug]	Process 3 ready [VNS slave process].

[28.09.2013 00:23:26.376822] [00000x1fb0] (243)[debug]	Process 3 [Parallel VNS]: Received message from leader.

[28.09.2013 00:23:26.377012] [00000x1fb0] (244)[debug]	Process 3: VNS Output Message sent to grasp leader number 0. I(P) = 807
[28.09.2013 00:23:26.377039] [00000x1fb0] (245)[debug]	Process 3 ready [VNS slave process].

[28.09.2013 00:23:26.379127] [00000x1fb0] (246)[debug]	Process 3 [Parallel VNS]: Received message from leader.

[28.09.2013 00:23:30.835143] [00000x1fb0] (247)[trace]	VNS interrupt message received.
[28.09.2013 00:23:30.835216] [00000x1fb0] (248)[debug]	Process 3: VNS Output Message sent to grasp leader number 0. I(P) = 807
[28.09.2013 00:23:30.835244] [00000x1fb0] (249)[debug]	Process 3 ready [VNS slave process].

[28.09.2013 00:23:32.104202] [00000x1fb0] (250)[debug]	Process 3 [Parallel VNS]: Received message from leader.

[28.09.2013 00:23:32.105401] [00000x1fb0] (251)[debug]	Process 3: VNS Output Message sent to grasp leader number 0. I(P) = 798
[28.09.2013 00:23:32.105424] [00000x1fb0] (252)[debug]	Process 3 ready [VNS slave process].

[28.09.2013 00:23:32.116589] [00000x1fb0] (253)[debug]	Process 3 [Parallel VNS]: Received message from leader.

[28.09.2013 00:23:32.128668] [00000x1fb0] (254)[trace]	VNS interrupt message received.
[28.09.2013 00:23:32.128725] [00000x1fb0] (255)[debug]	Process 3: VNS Output Message sent to grasp leader number 0. I(P) = 798
[28.09.2013 00:23:32.128750] [00000x1fb0] (256)[debug]	Process 3 ready [VNS slave process].

[28.09.2013 00:23:33.459218] [00000x1fb0] (257)[debug]	Process 3 [Parallel VNS]: Received message from leader.

[28.09.2013 00:23:33.460316] [00000x1fb0] (258)[debug]	Process 3: VNS Output Message sent to grasp leader number 0. I(P) = 805
[28.09.2013 00:23:33.460338] [00000x1fb0] (259)[debug]	Process 3 ready [VNS slave process].

[28.09.2013 00:23:33.474969] [00000x1fb0] (260)[debug]	Process 3 [Parallel VNS]: Received message from leader.

[28.09.2013 00:23:33.475052] [00000x1fb0] (261)[debug]	Process 3: VNS Output Message sent to grasp leader number 0. I(P) = 805
[28.09.2013 00:23:33.475073] [00000x1fb0] (262)[debug]	Process 3 ready [VNS slave process].

[28.09.2013 00:23:33.490095] [00000x1fb0] (263)[debug]	Process 3 [Parallel VNS]: Received message from leader.

[28.09.2013 00:23:33.491304] [00000x1fb0] (264)[debug]	Process 3: VNS Output Message sent to grasp leader number 0. I(P) = 805
[28.09.2013 00:23:33.491331] [00000x1fb0] (265)[debug]	Process 3 ready [VNS slave process].

[28.09.2013 00:23:38.352355] [00000x1fb0] (266)[debug]	Process 3 [Parallel VNS]: Received message from leader.

[28.09.2013 00:23:38.353562] [00000x1fb0] (267)[debug]	Process 3: VNS Output Message sent to grasp leader number 0. I(P) = 811
[28.09.2013 00:23:38.353599] [00000x1fb0] (268)[debug]	Process 3 ready [VNS slave process].

[28.09.2013 00:23:38.371718] [00000x1fb0] (269)[debug]	Process 3 [Parallel VNS]: Received message from leader.

[28.09.2013 00:23:38.371797] [00000x1fb0] (270)[trace]	VNS interrupt message received.
[28.09.2013 00:23:38.371828] [00000x1fb0] (271)[debug]	Process 3: VNS Output Message sent to grasp leader number 0. I(P) = 811
[28.09.2013 00:23:38.371850] [00000x1fb0] (272)[debug]	Process 3 ready [VNS slave process].

[28.09.2013 00:23:39.400534] [00000x1fb0] (273)[debug]	Process 3 [Parallel VNS]: Received message from leader.

[28.09.2013 00:23:39.401702] [00000x1fb0] (274)[debug]	Process 3: VNS Output Message sent to grasp leader number 0. I(P) = 809
[28.09.2013 00:23:39.401725] [00000x1fb0] (275)[debug]	Process 3 ready [VNS slave process].

[28.09.2013 00:23:39.403591] [00000x1fb0] (276)[debug]	Process 3 [Parallel VNS]: Received message from leader.

[28.09.2013 00:23:39.403736] [00000x1fb0] (277)[debug]	Process 3: VNS Output Message sent to grasp leader number 0. I(P) = 809
[28.09.2013 00:23:39.403757] [00000x1fb0] (278)[debug]	Process 3 ready [VNS slave process].

[28.09.2013 00:23:39.406344] [00000x1fb0] (279)[debug]	Process 3 [Parallel VNS]: Received message from leader.

[28.09.2013 00:23:39.406494] [00000x1fb0] (280)[debug]	Process 3: VNS Output Message sent to grasp leader number 0. I(P) = 809
[28.09.2013 00:23:39.406514] [00000x1fb0] (281)[debug]	Process 3 ready [VNS slave process].

[28.09.2013 00:23:40.671148] [00000x1fb0] (282)[debug]	Process 3 [Parallel VNS]: Received message from leader.

[28.09.2013 00:23:40.671258] [00000x1fb0] (283)[debug]	Process 3: VNS Output Message sent to grasp leader number 0. I(P) = 795
[28.09.2013 00:23:40.671279] [00000x1fb0] (284)[debug]	Process 3 ready [VNS slave process].

[28.09.2013 00:23:40.673561] [00000x1fb0] (285)[debug]	Process 3 [Parallel VNS]: Received message from leader.

[28.09.2013 00:23:40.673673] [00000x1fb0] (286)[debug]	Process 3: VNS Output Message sent to grasp leader number 0. I(P) = 795
[28.09.2013 00:23:40.673692] [00000x1fb0] (287)[debug]	Process 3 ready [VNS slave process].

[28.09.2013 00:23:40.677179] [00000x1fb0] (288)[debug]	Process 3 [Parallel VNS]: Received message from leader.

[28.09.2013 00:23:40.677202] [00000x1fb0] (289)[debug]	Process 3: ignoring VNS interrupt msg received.

[28.09.2013 00:23:40.677214] [00000x1fb0] (290)[debug]	Process 3 ready [VNS slave process].

[28.09.2013 00:23:42.244689] [00000x1fb0] (291)[debug]	Process 3 [Parallel VNS]: Received message from leader.

[28.09.2013 00:23:42.244795] [00000x1fb0] (292)[debug]	Process 3: VNS Output Message sent to grasp leader number 0. I(P) = 811
[28.09.2013 00:23:42.244817] [00000x1fb0] (293)[debug]	Process 3 ready [VNS slave process].

[28.09.2013 00:23:42.265679] [00000x1fb0] (294)[debug]	Process 3 [Parallel VNS]: Received message from leader.

[28.09.2013 00:23:42.269996] [00000x1fb0] (295)[debug]	Process 3: VNS Output Message sent to grasp leader number 0. I(P) = 810
[28.09.2013 00:23:42.270022] [00000x1fb0] (296)[debug]	Process 3 ready [VNS slave process].

[28.09.2013 00:23:42.297429] [00000x1fb0] (297)[debug]	Process 3 [Parallel VNS]: Received message from leader.

[28.09.2013 00:23:42.297593] [00000x1fb0] (298)[debug]	Process 3: VNS Output Message sent to grasp leader number 0. I(P) = 810
[28.09.2013 00:23:42.297617] [00000x1fb0] (299)[debug]	Process 3 ready [VNS slave process].

[28.09.2013 00:23:42.302700] [00000x1fb0] (300)[debug]	Process 3 [Parallel VNS]: Received message from leader.

[28.09.2013 00:23:42.308899] [00000x1fb0] (301)[debug]	Process 3: VNS Output Message sent to grasp leader number 0. I(P) = 809
[28.09.2013 00:23:42.308954] [00000x1fb0] (302)[debug]	Process 3 ready [VNS slave process].

[28.09.2013 00:23:42.315562] [00000x1fb0] (303)[debug]	Process 3 [Parallel VNS]: Received message from leader.

[28.09.2013 00:23:47.609928] [00000x1fb0] (304)[debug]	Process 3: VNS Output Message sent to grasp leader number 0. I(P) = 809
[28.09.2013 00:23:47.610011] [00000x1fb0] (305)[debug]	Process 3 ready [VNS slave process].

[28.09.2013 00:23:48.525139] [00000x1fb0] (306)[debug]	Process 3 [Parallel VNS]: Received message from leader.

[28.09.2013 00:23:48.526235] [00000x1fb0] (307)[debug]	Process 3: VNS Output Message sent to grasp leader number 0. I(P) = 816
[28.09.2013 00:23:48.526258] [00000x1fb0] (308)[debug]	Process 3 ready [VNS slave process].

[28.09.2013 00:23:48.541902] [00000x1fb0] (309)[debug]	Process 3 [Parallel VNS]: Received message from leader.

[28.09.2013 00:23:48.542012] [00000x1fb0] (310)[debug]	Process 3: VNS Output Message sent to grasp leader number 0. I(P) = 816
[28.09.2013 00:23:48.542034] [00000x1fb0] (311)[debug]	Process 3 ready [VNS slave process].

[28.09.2013 00:23:48.551145] [00000x1fb0] (312)[debug]	Process 3 [Parallel VNS]: Received message from leader.

[28.09.2013 00:23:48.551342] [00000x1fb0] (313)[debug]	Process 3: VNS Output Message sent to grasp leader number 0. I(P) = 816
[28.09.2013 00:23:48.551370] [00000x1fb0] (314)[debug]	Process 3 ready [VNS slave process].

[28.09.2013 00:23:50.051267] [00000x1fb0] (315)[debug]	Process 3 [Parallel VNS]: Received message from leader.

[28.09.2013 00:23:50.051417] [00000x1fb0] (316)[debug]	Process 3: VNS Output Message sent to grasp leader number 0. I(P) = 805
[28.09.2013 00:23:50.051441] [00000x1fb0] (317)[debug]	Process 3 ready [VNS slave process].

[28.09.2013 00:23:50.053567] [00000x1fb0] (318)[debug]	Process 3 [Parallel VNS]: Received message from leader.

[28.09.2013 00:23:50.115671] [00000x1fb0] (319)[trace]	VNS interrupt message received.
[28.09.2013 00:23:50.115747] [00000x1fb0] (320)[debug]	Process 3: VNS Output Message sent to grasp leader number 0. I(P) = 805
[28.09.2013 00:23:50.115776] [00000x1fb0] (321)[debug]	Process 3 ready [VNS slave process].

[28.09.2013 00:23:51.729520] [00000x1fb0] (322)[debug]	Process 3 [Parallel VNS]: Received message from leader.

[28.09.2013 00:23:51.733670] [00000x1fb0] (323)[debug]	Process 3: VNS Output Message sent to grasp leader number 0. I(P) = 805
[28.09.2013 00:23:51.733730] [00000x1fb0] (324)[debug]	Process 3 ready [VNS slave process].

[28.09.2013 00:23:51.759102] [00000x1fb0] (325)[debug]	Process 3 [Parallel VNS]: Received message from leader.

[28.09.2013 00:23:53.716045] [00000x1fb0] (326)[debug]	Process 3: VNS Output Message sent to grasp leader number 0. I(P) = 805
[28.09.2013 00:23:53.716125] [00000x1fb0] (327)[debug]	Process 3 ready [VNS slave process].

[28.09.2013 00:23:53.726592] [00000x1fb0] (328)[debug]	Process 3 [Parallel VNS]: Received message from leader.

[28.09.2013 00:23:53.726659] [00000x1fb0] (329)[debug]	Process 3: ignoring VNS interrupt msg received.

[28.09.2013 00:23:53.726673] [00000x1fb0] (330)[debug]	Process 3 ready [VNS slave process].

[28.09.2013 00:23:54.191508] [00000x1fb0] (331)[debug]	Process 3 [Parallel VNS]: Received message from leader.

[28.09.2013 00:23:54.191635] [00000x1fb0] (332)[debug]	Process 3: VNS Output Message sent to grasp leader number 0. I(P) = 797
[28.09.2013 00:23:54.191664] [00000x1fb0] (333)[debug]	Process 3 ready [VNS slave process].

[28.09.2013 00:23:54.201504] [00000x1fb0] (334)[debug]	Process 3 [Parallel VNS]: Received message from leader.

[28.09.2013 00:23:54.267566] [00000x1fb0] (335)[trace]	VNS interrupt message received.
[28.09.2013 00:23:54.267610] [00000x1fb0] (336)[debug]	Process 3: VNS Output Message sent to grasp leader number 0. I(P) = 797
[28.09.2013 00:23:54.267632] [00000x1fb0] (337)[debug]	Process 3 ready [VNS slave process].

[28.09.2013 00:23:54.772253] [00000x1fb0] (338)[debug]	Process 3 [Parallel VNS]: Received message from leader.

[28.09.2013 00:23:54.772362] [00000x1fb0] (339)[debug]	Process 3: VNS Output Message sent to grasp leader number 0. I(P) = 776
[28.09.2013 00:23:54.772384] [00000x1fb0] (340)[debug]	Process 3 ready [VNS slave process].

[28.09.2013 00:23:54.783676] [00000x1fb0] (341)[debug]	Process 3 [Parallel VNS]: Received message from leader.

[28.09.2013 00:23:54.783856] [00000x1fb0] (342)[debug]	Process 3: VNS Output Message sent to grasp leader number 0. I(P) = 776
[28.09.2013 00:23:54.783882] [00000x1fb0] (343)[debug]	Process 3 ready [VNS slave process].

[28.09.2013 00:23:54.785601] [00000x1fb0] (344)[debug]	Process 3 [Parallel VNS]: Received message from leader.

[28.09.2013 00:23:54.785615] [00000x1fb0] (345)[debug]	Process 3: ignoring VNS interrupt msg received.

[28.09.2013 00:23:54.785627] [00000x1fb0] (346)[debug]	Process 3 ready [VNS slave process].

[28.09.2013 00:23:55.309671] [00000x1fb0] (347)[debug]	Process 3 [Parallel VNS]: Received message from leader.

[28.09.2013 00:23:55.309797] [00000x1fb0] (348)[debug]	Process 3: VNS Output Message sent to grasp leader number 0. I(P) = 806
[28.09.2013 00:23:55.309819] [00000x1fb0] (349)[debug]	Process 3 ready [VNS slave process].

[28.09.2013 00:23:55.315345] [00000x1fb0] (350)[debug]	Process 3 [Parallel VNS]: Received message from leader.

[28.09.2013 00:23:55.358664] [00000x1fb0] (351)[trace]	VNS interrupt message received.
[28.09.2013 00:23:55.358714] [00000x1fb0] (352)[debug]	Process 3: VNS Output Message sent to grasp leader number 0. I(P) = 806
[28.09.2013 00:23:55.358738] [00000x1fb0] (353)[debug]	Process 3 ready [VNS slave process].

[28.09.2013 00:23:56.478014] [00000x1fb0] (354)[debug]	Process 3 [Parallel VNS]: Received message from leader.

[28.09.2013 00:23:56.478166] [00000x1fb0] (355)[debug]	Process 3: VNS Output Message sent to grasp leader number 0. I(P) = 805
[28.09.2013 00:23:56.478186] [00000x1fb0] (356)[debug]	Process 3 ready [VNS slave process].

[28.09.2013 00:23:56.487228] [00000x1fb0] (357)[debug]	Process 3 [Parallel VNS]: Received message from leader.

[28.09.2013 00:23:56.499580] [00000x1fb0] (358)[debug]	Process 3: VNS Output Message sent to grasp leader number 0. I(P) = 805
[28.09.2013 00:23:56.499645] [00000x1fb0] (359)[debug]	Process 3 ready [VNS slave process].

[28.09.2013 00:23:57.686623] [00000x1fb0] (360)[debug]	Process 3 [Parallel VNS]: Received message from leader.

[28.09.2013 00:23:57.687768] [00000x1fb0] (361)[debug]	Process 3: VNS Output Message sent to grasp leader number 0. I(P) = 807
[28.09.2013 00:23:57.687795] [00000x1fb0] (362)[debug]	Process 3 ready [VNS slave process].

[28.09.2013 00:23:57.694324] [00000x1fb0] (363)[debug]	Process 3 [Parallel VNS]: Received message from leader.

[28.09.2013 00:23:57.764992] [00000x1fb0] (364)[debug]	Process 3: VNS Output Message sent to grasp leader number 0. I(P) = 807
[28.09.2013 00:23:57.765080] [00000x1fb0] (365)[debug]	Process 3 ready [VNS slave process].

[28.09.2013 00:23:57.789699] [00000x1fb0] (366)[debug]	Process 3 [Parallel VNS]: Received message from leader.

[28.09.2013 00:23:57.789738] [00000x1fb0] (367)[debug]	Process 3: ignoring VNS interrupt msg received.

[28.09.2013 00:23:57.789751] [00000x1fb0] (368)[debug]	Process 3 ready [VNS slave process].

[28.09.2013 00:23:59.007828] [00000x1fb0] (369)[debug]	Process 3 [Parallel VNS]: Received message from leader.

[28.09.2013 00:23:59.009091] [00000x1fb0] (370)[debug]	Process 3: VNS Output Message sent to grasp leader number 0. I(P) = 800
[28.09.2013 00:23:59.009114] [00000x1fb0] (371)[debug]	Process 3 ready [VNS slave process].

[28.09.2013 00:23:59.022404] [00000x1fb0] (372)[debug]	Process 3 [Parallel VNS]: Received message from leader.

[28.09.2013 00:23:59.165736] [00000x1fb0] (373)[debug]	Process 3: VNS Output Message sent to grasp leader number 0. I(P) = 800
[28.09.2013 00:23:59.165814] [00000x1fb0] (374)[debug]	Process 3 ready [VNS slave process].

[28.09.2013 00:24:00.308324] [00000x1fb0] (375)[debug]	Process 3 [Parallel VNS]: Received message from leader.

[28.09.2013 00:24:00.308473] [00000x1fb0] (376)[debug]	Process 3: VNS Output Message sent to grasp leader number 0. I(P) = 808
[28.09.2013 00:24:00.308495] [00000x1fb0] (377)[debug]	Process 3 ready [VNS slave process].

[28.09.2013 00:24:00.310304] [00000x1fb0] (378)[debug]	Process 3 [Parallel VNS]: Received message from leader.

[28.09.2013 00:24:00.310882] [00000x1fb0] (379)[debug]	Process 3: VNS Output Message sent to grasp leader number 0. I(P) = 808
[28.09.2013 00:24:00.310908] [00000x1fb0] (380)[debug]	Process 3 ready [VNS slave process].

[28.09.2013 00:24:00.318848] [00000x1fb0] (381)[debug]	Process 3 [Parallel VNS]: Received message from leader.

[28.09.2013 00:24:00.318872] [00000x1fb0] (382)[debug]	Process 3: ignoring VNS interrupt msg received.

[28.09.2013 00:24:00.318884] [00000x1fb0] (383)[debug]	Process 3 ready [VNS slave process].

[28.09.2013 00:24:01.387001] [00000x1fb0] (384)[debug]	Process 3 [Parallel VNS]: Received message from leader.

[28.09.2013 00:24:01.387166] [00000x1fb0] (385)[debug]	Process 3: VNS Output Message sent to grasp leader number 0. I(P) = 807
[28.09.2013 00:24:01.387195] [00000x1fb0] (386)[debug]	Process 3 ready [VNS slave process].

[28.09.2013 00:24:01.396692] [00000x1fb0] (387)[debug]	Process 3 [Parallel VNS]: Received message from leader.

[28.09.2013 00:24:01.447397] [00000x1fb0] (388)[trace]	VNS interrupt message received.
[28.09.2013 00:24:01.447442] [00000x1fb0] (389)[debug]	Process 3: VNS Output Message sent to grasp leader number 0. I(P) = 807
[28.09.2013 00:24:01.447463] [00000x1fb0] (390)[debug]	Process 3 ready [VNS slave process].

[28.09.2013 00:24:02.815653] [00000x1fb0] (391)[debug]	Process 3 [Parallel VNS]: Received message from leader.

[28.09.2013 00:24:02.816838] [00000x1fb0] (392)[debug]	Process 3: VNS Output Message sent to grasp leader number 0. I(P) = 808
[28.09.2013 00:24:02.816863] [00000x1fb0] (393)[debug]	Process 3 ready [VNS slave process].

[28.09.2013 00:24:02.819137] [00000x1fb0] (394)[debug]	Process 3 [Parallel VNS]: Received message from leader.

[28.09.2013 00:24:02.819188] [00000x1fb0] (395)[debug]	Process 3: VNS Output Message sent to grasp leader number 0. I(P) = 808
[28.09.2013 00:24:02.819207] [00000x1fb0] (396)[debug]	Process 3 ready [VNS slave process].

[28.09.2013 00:24:02.820432] [00000x1fb0] (397)[debug]	Process 3 [Parallel VNS]: Received message from leader.

[28.09.2013 00:24:02.820448] [00000x1fb0] (398)[debug]	Process 3: ignoring VNS interrupt msg received.

[28.09.2013 00:24:02.820460] [00000x1fb0] (399)[debug]	Process 3 ready [VNS slave process].

[28.09.2013 00:24:04.141459] [00000x1fb0] (400)[debug]	Process 3 [Parallel VNS]: Received message from leader.

[28.09.2013 00:24:04.141592] [00000x1fb0] (401)[debug]	Process 3: VNS Output Message sent to grasp leader number 0. I(P) = 805
[28.09.2013 00:24:04.141613] [00000x1fb0] (402)[debug]	Process 3 ready [VNS slave process].

[28.09.2013 00:24:04.147790] [00000x1fb0] (403)[debug]	Process 3 [Parallel VNS]: Received message from leader.

[28.09.2013 00:24:04.148040] [00000x1fb0] (404)[debug]	Process 3: VNS Output Message sent to grasp leader number 0. I(P) = 805
[28.09.2013 00:24:04.148060] [00000x1fb0] (405)[debug]	Process 3 ready [VNS slave process].

[28.09.2013 00:24:04.149593] [00000x1fb0] (406)[debug]	Process 3 [Parallel VNS]: Received message from leader.

[28.09.2013 00:24:04.149609] [00000x1fb0] (407)[debug]	Process 3: ignoring VNS interrupt msg received.

[28.09.2013 00:24:04.149621] [00000x1fb0] (408)[debug]	Process 3 ready [VNS slave process].

[28.09.2013 00:24:04.914222] [00000x1fb0] (409)[debug]	Process 3 [Parallel VNS]: Received message from leader.

[28.09.2013 00:24:04.914342] [00000x1fb0] (410)[debug]	Process 3: VNS Output Message sent to grasp leader number 0. I(P) = 801
[28.09.2013 00:24:04.914364] [00000x1fb0] (411)[debug]	Process 3 ready [VNS slave process].

[28.09.2013 00:24:04.927259] [00000x1fb0] (412)[debug]	Process 3 [Parallel VNS]: Received message from leader.

[28.09.2013 00:24:04.927376] [00000x1fb0] (413)[debug]	Process 3: VNS Output Message sent to grasp leader number 0. I(P) = 801
[28.09.2013 00:24:04.927397] [00000x1fb0] (414)[debug]	Process 3 ready [VNS slave process].

[28.09.2013 00:24:04.929079] [00000x1fb0] (415)[debug]	Process 3 [Parallel VNS]: Received message from leader.

[28.09.2013 00:24:04.929096] [00000x1fb0] (416)[debug]	Process 3: ignoring VNS interrupt msg received.

[28.09.2013 00:24:04.929108] [00000x1fb0] (417)[debug]	Process 3 ready [VNS slave process].

[28.09.2013 00:24:05.829540] [00000x1fb0] (418)[debug]	Process 3 [Parallel VNS]: Received message from leader.

[28.09.2013 00:24:05.829682] [00000x1fb0] (419)[debug]	Process 3: VNS Output Message sent to grasp leader number 0. I(P) = 807
[28.09.2013 00:24:05.829703] [00000x1fb0] (420)[debug]	Process 3 ready [VNS slave process].

[28.09.2013 00:24:05.832569] [00000x1fb0] (421)[debug]	Process 3 [Parallel VNS]: Received message from leader.

[28.09.2013 00:24:05.853503] [00000x1fb0] (422)[trace]	VNS interrupt message received.
[28.09.2013 00:24:05.853549] [00000x1fb0] (423)[debug]	Process 3: VNS Output Message sent to grasp leader number 0. I(P) = 807
[28.09.2013 00:24:05.853572] [00000x1fb0] (424)[debug]	Process 3 ready [VNS slave process].

[28.09.2013 00:24:06.769968] [00000x1fb0] (425)[debug]	Process 3 [Parallel VNS]: Received message from leader.

[28.09.2013 00:24:06.770049] [00000x1fb0] (426)[debug]	Process 3: VNS Output Message sent to grasp leader number 0. I(P) = 812
[28.09.2013 00:24:06.770070] [00000x1fb0] (427)[debug]	Process 3 ready [VNS slave process].

[28.09.2013 00:24:06.781143] [00000x1fb0] (428)[debug]	Process 3 [Parallel VNS]: Received message from leader.

[28.09.2013 00:24:06.813964] [00000x1fb0] (429)[debug]	Process 3: VNS Output Message sent to grasp leader number 0. I(P) = 811
[28.09.2013 00:24:06.814033] [00000x1fb0] (430)[debug]	Process 3 ready [VNS slave process].

[28.09.2013 00:24:06.864897] [00000x1fb0] (431)[debug]	Process 3 [Parallel VNS]: Received message from leader.

[28.09.2013 00:24:06.864931] [00000x1fb0] (432)[debug]	Process 3: ignoring VNS interrupt msg received.

[28.09.2013 00:24:06.864943] [00000x1fb0] (433)[debug]	Process 3 ready [VNS slave process].

[28.09.2013 00:24:06.864979] [00000x1fb0] (434)[debug]	Process 3 [Parallel VNS]: Received message from leader.

[28.09.2013 00:24:06.865222] [00000x1fb0] (435)[debug]	Process 3: VNS Output Message sent to grasp leader number 0. I(P) = 811
[28.09.2013 00:24:06.865246] [00000x1fb0] (436)[debug]	Process 3 ready [VNS slave process].

[28.09.2013 00:24:06.875349] [00000x1fb0] (437)[debug]	Process 3 [Parallel VNS]: Received message from leader.

[28.09.2013 00:24:06.941337] [00000x1fb0] (438)[debug]	Process 3: VNS Output Message sent to grasp leader number 0. I(P) = 811
[28.09.2013 00:24:06.941404] [00000x1fb0] (439)[debug]	Process 3 ready [VNS slave process].

[28.09.2013 00:24:06.943626] [00000x1fb0] (440)[debug]	Process 3 [Parallel VNS]: Received message from leader.

[28.09.2013 00:24:06.943645] [00000x1fb0] (441)[debug]	Process 3: ignoring VNS interrupt msg received.

[28.09.2013 00:24:06.943657] [00000x1fb0] (442)[debug]	Process 3 ready [VNS slave process].

[28.09.2013 00:24:07.933157] [00000x1fb0] (443)[debug]	Process 3 [Parallel VNS]: Received message from leader.

[28.09.2013 00:24:07.934323] [00000x1fb0] (444)[debug]	Process 3: VNS Output Message sent to grasp leader number 0. I(P) = 807
[28.09.2013 00:24:07.934349] [00000x1fb0] (445)[debug]	Process 3 ready [VNS slave process].

[28.09.2013 00:24:07.938314] [00000x1fb0] (446)[debug]	Process 3 [Parallel VNS]: Received message from leader.

[28.09.2013 00:24:07.938700] [00000x1fb0] (447)[debug]	Process 3: VNS Output Message sent to grasp leader number 0. I(P) = 807
[28.09.2013 00:24:07.938720] [00000x1fb0] (448)[debug]	Process 3 ready [VNS slave process].

[28.09.2013 00:24:07.939486] [00000x1fb0] (449)[debug]	Process 3 [Parallel VNS]: Received message from leader.

[28.09.2013 00:24:07.939501] [00000x1fb0] (450)[debug]	Process 3: ignoring VNS interrupt msg received.

[28.09.2013 00:24:07.939513] [00000x1fb0] (451)[debug]	Process 3 ready [VNS slave process].

[28.09.2013 00:24:09.410159] [00000x1fb0] (452)[debug]	Process 3 [Parallel VNS]: Received message from leader.

[28.09.2013 00:24:09.410260] [00000x1fb0] (453)[debug]	Process 3: VNS Output Message sent to grasp leader number 0. I(P) = 797
[28.09.2013 00:24:09.410295] [00000x1fb0] (454)[debug]	Process 3 ready [VNS slave process].

[28.09.2013 00:24:09.411441] [00000x1fb0] (455)[debug]	Process 3 [Parallel VNS]: Received message from leader.

[28.09.2013 00:24:09.417291] [00000x1fb0] (456)[debug]	Process 3: VNS Output Message sent to grasp leader number 0. I(P) = 797
[28.09.2013 00:24:09.417368] [00000x1fb0] (457)[debug]	Process 3 ready [VNS slave process].

[28.09.2013 00:24:09.426308] [00000x1fb0] (458)[debug]	Process 3 [Parallel VNS]: Received message from leader.

[28.09.2013 00:24:09.426352] [00000x1fb0] (459)[debug]	Process 3: ignoring VNS interrupt msg received.

[28.09.2013 00:24:09.426364] [00000x1fb0] (460)[debug]	Process 3 ready [VNS slave process].

[28.09.2013 00:24:10.109638] [00000x1fb0] (461)[debug]	Process 3 [Parallel VNS]: Received message from leader.

[28.09.2013 00:24:10.110768] [00000x1fb0] (462)[debug]	Process 3: VNS Output Message sent to grasp leader number 0. I(P) = 807
[28.09.2013 00:24:10.110803] [00000x1fb0] (463)[debug]	Process 3 ready [VNS slave process].

[28.09.2013 00:24:10.112222] [00000x1fb0] (464)[debug]	Process 3 [Parallel VNS]: Received message from leader.

[28.09.2013 00:24:10.112367] [00000x1fb0] (465)[debug]	Process 3: VNS Output Message sent to grasp leader number 0. I(P) = 807
[28.09.2013 00:24:10.112389] [00000x1fb0] (466)[debug]	Process 3 ready [VNS slave process].

[28.09.2013 00:24:10.113332] [00000x1fb0] (467)[debug]	Process 3 [Parallel VNS]: Received message from leader.

[28.09.2013 00:24:10.113350] [00000x1fb0] (468)[debug]	Process 3: ignoring VNS interrupt msg received.

[28.09.2013 00:24:10.113362] [00000x1fb0] (469)[debug]	Process 3 ready [VNS slave process].

[28.09.2013 00:24:10.747424] [00000x1fb0] (470)[debug]	Process 3 [Parallel VNS]: Received message from leader.

[28.09.2013 00:24:10.748575] [00000x1fb0] (471)[debug]	Process 3: VNS Output Message sent to grasp leader number 0. I(P) = 810
[28.09.2013 00:24:10.748603] [00000x1fb0] (472)[debug]	Process 3 ready [VNS slave process].

[28.09.2013 00:24:10.758315] [00000x1fb0] (473)[debug]	Process 3 [Parallel VNS]: Received message from leader.

[28.09.2013 00:24:10.773008] [00000x1fb0] (474)[debug]	Process 3: VNS Output Message sent to grasp leader number 0. I(P) = 809
[28.09.2013 00:24:10.773060] [00000x1fb0] (475)[debug]	Process 3 ready [VNS slave process].

[28.09.2013 00:24:10.776276] [00000x1fb0] (476)[debug]	Process 3 [Parallel VNS]: Received message from leader.

[28.09.2013 00:24:10.776296] [00000x1fb0] (477)[debug]	Process 3: ignoring VNS interrupt msg received.

[28.09.2013 00:24:10.776308] [00000x1fb0] (478)[debug]	Process 3 ready [VNS slave process].

[28.09.2013 00:24:10.776343] [00000x1fb0] (479)[debug]	Process 3 [Parallel VNS]: Received message from leader.

[28.09.2013 00:24:10.777380] [00000x1fb0] (480)[debug]	Process 3: VNS Output Message sent to grasp leader number 0. I(P) = 809
[28.09.2013 00:24:10.777402] [00000x1fb0] (481)[debug]	Process 3 ready [VNS slave process].

[28.09.2013 00:24:10.784023] [00000x1fb0] (482)[debug]	Process 3 [Parallel VNS]: Received message from leader.

[28.09.2013 00:24:10.784229] [00000x1fb0] (483)[debug]	Process 3: VNS Output Message sent to grasp leader number 0. I(P) = 809
[28.09.2013 00:24:10.784249] [00000x1fb0] (484)[debug]	Process 3 ready [VNS slave process].

[28.09.2013 00:24:11.385072] [00000x1fb0] (485)[debug]	Process 3 [Parallel VNS]: Received message from leader.

[28.09.2013 00:24:11.385239] [00000x1fb0] (486)[debug]	Process 3: VNS Output Message sent to grasp leader number 0. I(P) = 803
[28.09.2013 00:24:11.385260] [00000x1fb0] (487)[debug]	Process 3 ready [VNS slave process].

[28.09.2013 00:24:11.394303] [00000x1fb0] (488)[debug]	Process 3 [Parallel VNS]: Received message from leader.

[28.09.2013 00:24:11.433406] [00000x1fb0] (489)[trace]	VNS interrupt message received.
[28.09.2013 00:24:11.433451] [00000x1fb0] (490)[debug]	Process 3: VNS Output Message sent to grasp leader number 0. I(P) = 803
[28.09.2013 00:24:11.433473] [00000x1fb0] (491)[debug]	Process 3 ready [VNS slave process].

[28.09.2013 00:24:12.160730] [00000x1fb0] (492)[debug]	Process 3 [Parallel VNS]: Received message from leader.

[28.09.2013 00:24:12.160895] [00000x1fb0] (493)[debug]	Process 3: VNS Output Message sent to grasp leader number 0. I(P) = 800
[28.09.2013 00:24:12.160916] [00000x1fb0] (494)[debug]	Process 3 ready [VNS slave process].

[28.09.2013 00:24:12.162820] [00000x1fb0] (495)[debug]	Process 3 [Parallel VNS]: Received message from leader.

[28.09.2013 00:24:12.177757] [00000x1fb0] (496)[trace]	VNS interrupt message received.
[28.09.2013 00:24:12.177807] [00000x1fb0] (497)[debug]	Process 3: VNS Output Message sent to grasp leader number 0. I(P) = 800
[28.09.2013 00:24:12.177830] [00000x1fb0] (498)[debug]	Process 3 ready [VNS slave process].

[28.09.2013 00:24:12.178053] [00000x1fb0] (499)[debug]	Process 3 [Parallel VNS]: Received message from leader.

[28.09.2013 00:24:12.179514] [00000x1fb0] (500)[debug]	Process 3: VNS Output Message sent to grasp leader number 0. I(P) = 799
[28.09.2013 00:24:12.179548] [00000x1fb0] (501)[debug]	Process 3 ready [VNS slave process].

[28.09.2013 00:24:12.183254] [00000x1fb0] (502)[debug]	Process 3 [Parallel VNS]: Received message from leader.

[28.09.2013 00:24:12.222745] [00000x1fb0] (503)[debug]	Process 3: VNS Output Message sent to grasp leader number 0. I(P) = 799
[28.09.2013 00:24:12.222823] [00000x1fb0] (504)[debug]	Process 3 ready [VNS slave process].

[28.09.2013 00:24:12.662342] [00000x1fb0] (505)[debug]	Process 3 [Parallel VNS]: Received message from leader.

[28.09.2013 00:24:12.662419] [00000x1fb0] (506)[debug]	Process 3: VNS Output Message sent to grasp leader number 0. I(P) = 805
[28.09.2013 00:24:12.662440] [00000x1fb0] (507)[debug]	Process 3 ready [VNS slave process].

[28.09.2013 00:24:12.667186] [00000x1fb0] (508)[debug]	Process 3 [Parallel VNS]: Received message from leader.

[28.09.2013 00:24:12.667242] [00000x1fb0] (509)[debug]	Process 3: VNS Output Message sent to grasp leader number 0. I(P) = 805
[28.09.2013 00:24:12.667262] [00000x1fb0] (510)[debug]	Process 3 ready [VNS slave process].

[28.09.2013 00:24:12.667348] [00000x1fb0] (511)[debug]	Process 3 [Parallel VNS]: Received message from leader.

[28.09.2013 00:24:12.667362] [00000x1fb0] (512)[debug]	Process 3: ignoring VNS interrupt msg received.

[28.09.2013 00:24:12.667373] [00000x1fb0] (513)[debug]	Process 3 ready [VNS slave process].

[28.09.2013 00:24:13.100052] [00000x1fb0] (514)[debug]	Process 3 [Parallel VNS]: Received message from leader.

[28.09.2013 00:24:13.100157] [00000x1fb0] (515)[debug]	Process 3: VNS Output Message sent to grasp leader number 0. I(P) = 801
[28.09.2013 00:24:13.100177] [00000x1fb0] (516)[debug]	Process 3 ready [VNS slave process].

[28.09.2013 00:24:13.102086] [00000x1fb0] (517)[debug]	Process 3 [Parallel VNS]: Received message from leader.

[28.09.2013 00:24:13.102128] [00000x1fb0] (518)[trace]	VNS interrupt message received.
[28.09.2013 00:24:13.102152] [00000x1fb0] (519)[debug]	Process 3: VNS Output Message sent to grasp leader number 0. I(P) = 801
[28.09.2013 00:24:13.102170] [00000x1fb0] (520)[debug]	Process 3 ready [VNS slave process].

[28.09.2013 00:24:13.102499] [00000x1fb0] (521)[debug]	Process 3 [Parallel VNS]: Received message from leader.

[28.09.2013 00:24:13.104279] [00000x1fb0] (522)[debug]	Process 3: VNS Output Message sent to grasp leader number 0. I(P) = 799
[28.09.2013 00:24:13.104301] [00000x1fb0] (523)[debug]	Process 3 ready [VNS slave process].

[28.09.2013 00:24:13.112364] [00000x1fb0] (524)[debug]	Process 3 [Parallel VNS]: Received message from leader.

[28.09.2013 00:24:13.112460] [00000x1fb0] (525)[debug]	Process 3: VNS Output Message sent to grasp leader number 0. I(P) = 799
[28.09.2013 00:24:13.112480] [00000x1fb0] (526)[debug]	Process 3 ready [VNS slave process].

[28.09.2013 00:24:13.112666] [00000x1fb0] (527)[debug]	Process 3 [Parallel VNS]: Received message from leader.

[28.09.2013 00:24:13.112770] [00000x1fb0] (528)[debug]	Process 3: VNS Output Message sent to grasp leader number 0. I(P) = 798
[28.09.2013 00:24:13.112789] [00000x1fb0] (529)[debug]	Process 3 ready [VNS slave process].

[28.09.2013 00:24:13.118615] [00000x1fb0] (530)[debug]	Process 3 [Parallel VNS]: Received message from leader.

[28.09.2013 00:24:13.118755] [00000x1fb0] (531)[debug]	Process 3: VNS Output Message sent to grasp leader number 0. I(P) = 795
[28.09.2013 00:24:13.118776] [00000x1fb0] (532)[debug]	Process 3 ready [VNS slave process].

[28.09.2013 00:24:13.126532] [00000x1fb0] (533)[debug]	Process 3 [Parallel VNS]: Received message from leader.

[28.09.2013 00:24:13.126677] [00000x1fb0] (534)[debug]	Process 3: VNS Output Message sent to grasp leader number 0. I(P) = 795
[28.09.2013 00:24:13.126698] [00000x1fb0] (535)[debug]	Process 3 ready [VNS slave process].

[28.09.2013 00:24:13.132207] [00000x1fb0] (536)[debug]	Process 3 [Parallel VNS]: Received message from leader.

[28.09.2013 00:24:13.132784] [00000x1fb0] (537)[debug]	Process 3: VNS Output Message sent to grasp leader number 0. I(P) = 795
[28.09.2013 00:24:13.132804] [00000x1fb0] (538)[debug]	Process 3 ready [VNS slave process].

[28.09.2013 00:24:13.133476] [00000x1fb0] (539)[debug]	Process 3 [Parallel VNS]: Received message from leader.

[28.09.2013 00:24:13.133490] [00000x1fb0] (540)[debug]	Process 3: ignoring VNS interrupt msg received.

[28.09.2013 00:24:13.133502] [00000x1fb0] (541)[debug]	Process 3 ready [VNS slave process].

[28.09.2013 00:24:13.618319] [00000x1fb0] (542)[debug]	Process 3 [Parallel VNS]: Received message from leader.

[28.09.2013 00:24:13.619452] [00000x1fb0] (543)[debug]	Process 3: VNS Output Message sent to grasp leader number 0. I(P) = 798
[28.09.2013 00:24:13.619483] [00000x1fb0] (544)[debug]	Process 3 ready [VNS slave process].

[28.09.2013 00:24:13.622788] [00000x1fb0] (545)[debug]	Process 3 [Parallel VNS]: Received message from leader.

[28.09.2013 00:24:13.623778] [00000x1fb0] (546)[debug]	Process 3: VNS Output Message sent to grasp leader number 0. I(P) = 797
[28.09.2013 00:24:13.623797] [00000x1fb0] (547)[debug]	Process 3 ready [VNS slave process].

[28.09.2013 00:24:13.625136] [00000x1fb0] (548)[debug]	Process 3 [Parallel VNS]: Received message from leader.

[28.09.2013 00:24:13.625249] [00000x1fb0] (549)[debug]	Process 3: VNS Output Message sent to grasp leader number 0. I(P) = 797
[28.09.2013 00:24:13.625268] [00000x1fb0] (550)[debug]	Process 3 ready [VNS slave process].

[28.09.2013 00:24:13.625465] [00000x1fb0] (551)[debug]	Process 3 [Parallel VNS]: Received message from leader.

[28.09.2013 00:24:14.317965] [00000x1fb0] (552)[debug]	Process 3: VNS Output Message sent to grasp leader number 0. I(P) = 797
[28.09.2013 00:24:14.318044] [00000x1fb0] (553)[debug]	Process 3 ready [VNS slave process].

[28.09.2013 00:24:14.328208] [00000x1fb0] (554)[debug]	Process 3 [Parallel VNS]: Received message from leader.

[28.09.2013 00:24:14.328261] [00000x1fb0] (555)[debug]	Process 3: ignoring VNS interrupt msg received.

[28.09.2013 00:24:14.328274] [00000x1fb0] (556)[debug]	Process 3 ready [VNS slave process].

[28.09.2013 00:24:16.088752] [00000x1fb0] (557)[debug]	Process 3 [Parallel VNS]: Received message from leader.

[28.09.2013 00:24:16.088867] [00000x1fb0] (558)[debug]	Process 3: VNS Output Message sent to grasp leader number 0. I(P) = 811
[28.09.2013 00:24:16.088891] [00000x1fb0] (559)[debug]	Process 3 ready [VNS slave process].

[28.09.2013 00:24:16.131389] [00000x1fb0] (560)[debug]	Process 3 [Parallel VNS]: Received message from leader.

[28.09.2013 00:24:16.131488] [00000x1fb0] (561)[debug]	Process 3: VNS Output Message sent to grasp leader number 0. I(P) = 810
[28.09.2013 00:24:16.131510] [00000x1fb0] (562)[debug]	Process 3 ready [VNS slave process].

[28.09.2013 00:24:16.147795] [00000x1fb0] (563)[debug]	Process 3 [Parallel VNS]: Received message from leader.

[28.09.2013 00:24:16.147931] [00000x1fb0] (564)[debug]	Process 3: VNS Output Message sent to grasp leader number 0. I(P) = 810
[28.09.2013 00:24:16.147953] [00000x1fb0] (565)[debug]	Process 3 ready [VNS slave process].

[28.09.2013 00:24:18.246334] [00000x1fb0] (566)[debug]	Process 3 [Parallel VNS]: Received message from leader.

[28.09.2013 00:24:18.246510] [00000x1fb0] (567)[debug]	Process 3: VNS Output Message sent to grasp leader number 0. I(P) = 798
[28.09.2013 00:24:18.246550] [00000x1fb0] (568)[debug]	Process 3 ready [VNS slave process].

[28.09.2013 00:24:18.246803] [00000x1fb0] (569)[debug]	Process 3 [Parallel VNS]: Received message from leader.

[28.09.2013 00:24:18.279980] [00000x1fb0] (570)[debug]	Process 3: VNS Output Message sent to grasp leader number 0. I(P) = 798
[28.09.2013 00:24:18.280031] [00000x1fb0] (571)[debug]	Process 3 ready [VNS slave process].

[28.09.2013 00:24:18.282447] [00000x1fb0] (572)[debug]	Process 3 [Parallel VNS]: Received message from leader.

[28.09.2013 00:24:18.282464] [00000x1fb0] (573)[debug]	Process 3: ignoring VNS interrupt msg received.

[28.09.2013 00:24:18.282475] [00000x1fb0] (574)[debug]	Process 3 ready [VNS slave process].

[28.09.2013 00:24:18.901184] [00000x1fb0] (575)[debug]	Process 3 [Parallel VNS]: Received message from leader.

[28.09.2013 00:24:18.902408] [00000x1fb0] (576)[debug]	Process 3: VNS Output Message sent to grasp leader number 0. I(P) = 806
[28.09.2013 00:24:18.902439] [00000x1fb0] (577)[debug]	Process 3 ready [VNS slave process].

[28.09.2013 00:24:18.908961] [00000x1fb0] (578)[debug]	Process 3 [Parallel VNS]: Received message from leader.

[28.09.2013 00:24:18.910207] [00000x1fb0] (579)[debug]	Process 3: VNS Output Message sent to grasp leader number 0. I(P) = 806
[28.09.2013 00:24:18.910230] [00000x1fb0] (580)[debug]	Process 3 ready [VNS slave process].

[28.09.2013 00:24:18.910668] [00000x1fb0] (581)[debug]	Process 3 [Parallel VNS]: Received message from leader.

[28.09.2013 00:24:18.910742] [00000x1fb0] (582)[debug]	Process 3: VNS Output Message sent to grasp leader number 0. I(P) = 805
[28.09.2013 00:24:18.910761] [00000x1fb0] (583)[debug]	Process 3 ready [VNS slave process].

[28.09.2013 00:24:18.914312] [00000x1fb0] (584)[debug]	Process 3 [Parallel VNS]: Received message from leader.

[28.09.2013 00:24:18.914368] [00000x1fb0] (585)[debug]	Process 3: VNS Output Message sent to grasp leader number 0. I(P) = 805
[28.09.2013 00:24:18.914387] [00000x1fb0] (586)[debug]	Process 3 ready [VNS slave process].

[28.09.2013 00:24:19.380033] [00000x1fb0] (587)[debug]	Process 3 [Parallel VNS]: Received message from leader.

[28.09.2013 00:24:19.381197] [00000x1fb0] (588)[debug]	Process 3: VNS Output Message sent to grasp leader number 0. I(P) = 798
[28.09.2013 00:24:19.381221] [00000x1fb0] (589)[debug]	Process 3 ready [VNS slave process].

[28.09.2013 00:24:19.382679] [00000x1fb0] (590)[debug]	Process 3 [Parallel VNS]: Received message from leader.

[28.09.2013 00:24:19.382742] [00000x1fb0] (591)[debug]	Process 3: VNS Output Message sent to grasp leader number 0. I(P) = 798
[28.09.2013 00:24:19.382761] [00000x1fb0] (592)[debug]	Process 3 ready [VNS slave process].

[28.09.2013 00:24:19.387940] [00000x1fb0] (593)[debug]	Process 3 [Parallel VNS]: Received message from leader.

[28.09.2013 00:24:19.402112] [00000x1fb0] (594)[debug]	Process 3: VNS Output Message sent to grasp leader number 0. I(P) = 798
[28.09.2013 00:24:19.402155] [00000x1fb0] (595)[debug]	Process 3 ready [VNS slave process].

[28.09.2013 00:24:19.418316] [00000x1fb0] (596)[debug]	Process 3 [Parallel VNS]: Received message from leader.

[28.09.2013 00:24:19.420170] [00000x1fb0] (597)[debug]	Process 3: VNS Output Message sent to grasp leader number 0. I(P) = 797
[28.09.2013 00:24:19.420193] [00000x1fb0] (598)[debug]	Process 3 ready [VNS slave process].

[28.09.2013 00:24:19.427704] [00000x1fb0] (599)[debug]	Process 3 [Parallel VNS]: Received message from leader.

[28.09.2013 00:24:19.428554] [00000x1fb0] (600)[debug]	Process 3: VNS Output Message sent to grasp leader number 0. I(P) = 797
[28.09.2013 00:24:19.428583] [00000x1fb0] (601)[debug]	Process 3 ready [VNS slave process].

[28.09.2013 00:24:19.439855] [00000x1fb0] (602)[debug]	Process 3 [Parallel VNS]: Received message from leader.

[28.09.2013 00:24:19.439918] [00000x1fb0] (603)[debug]	Process 3: ignoring VNS interrupt msg received.

[28.09.2013 00:24:19.439930] [00000x1fb0] (604)[debug]	Process 3 ready [VNS slave process].

[28.09.2013 00:24:20.008016] [00000x1fb0] (605)[debug]	Process 3 [Parallel VNS]: Received message from leader.

[28.09.2013 00:24:20.008226] [00000x1fb0] (606)[debug]	Process 3: VNS Output Message sent to grasp leader number 0. I(P) = 808
[28.09.2013 00:24:20.008250] [00000x1fb0] (607)[debug]	Process 3 ready [VNS slave process].

[28.09.2013 00:24:20.016860] [00000x1fb0] (608)[debug]	Process 3 [Parallel VNS]: Received message from leader.

[28.09.2013 00:24:20.016943] [00000x1fb0] (609)[debug]	Process 3: VNS Output Message sent to grasp leader number 0. I(P) = 807
[28.09.2013 00:24:20.016964] [00000x1fb0] (610)[debug]	Process 3 ready [VNS slave process].

[28.09.2013 00:24:20.018604] [00000x1fb0] (611)[debug]	Process 3 [Parallel VNS]: Received message from leader.

[28.09.2013 00:24:20.018712] [00000x1fb0] (612)[debug]	Process 3: VNS Output Message sent to grasp leader number 0. I(P) = 806
[28.09.2013 00:24:20.018732] [00000x1fb0] (613)[debug]	Process 3 ready [VNS slave process].

[28.09.2013 00:24:20.026314] [00000x1fb0] (614)[debug]	Process 3 [Parallel VNS]: Received message from leader.

[28.09.2013 00:24:20.026771] [00000x1fb0] (615)[debug]	Process 3: VNS Output Message sent to grasp leader number 0. I(P) = 806
[28.09.2013 00:24:20.026795] [00000x1fb0] (616)[debug]	Process 3 ready [VNS slave process].

[28.09.2013 00:24:20.026883] [00000x1fb0] (617)[debug]	Process 3 [Parallel VNS]: Received message from leader.

[28.09.2013 00:24:20.026897] [00000x1fb0] (618)[debug]	Process 3: ignoring VNS interrupt msg received.

[28.09.2013 00:24:20.026908] [00000x1fb0] (619)[debug]	Process 3 ready [VNS slave process].

[28.09.2013 00:24:20.676328] [00000x1fb0] (620)[debug]	Process 3 [Parallel VNS]: Received message from leader.

[28.09.2013 00:24:20.676449] [00000x1fb0] (621)[debug]	Process 3: VNS Output Message sent to grasp leader number 0. I(P) = 815
[28.09.2013 00:24:20.676470] [00000x1fb0] (622)[debug]	Process 3 ready [VNS slave process].

[28.09.2013 00:24:20.678345] [00000x1fb0] (623)[debug]	Process 3 [Parallel VNS]: Received message from leader.

[28.09.2013 00:24:20.709429] [00000x1fb0] (624)[trace]	VNS interrupt message received.
[28.09.2013 00:24:20.709473] [00000x1fb0] (625)[debug]	Process 3: VNS Output Message sent to grasp leader number 0. I(P) = 815
[28.09.2013 00:24:20.709494] [00000x1fb0] (626)[debug]	Process 3 ready [VNS slave process].

[28.09.2013 00:24:21.224081] [00000x1fb0] (627)[debug]	Process 3 [Parallel VNS]: Received message from leader.

[28.09.2013 00:24:21.224255] [00000x1fb0] (628)[debug]	Process 3: VNS Output Message sent to grasp leader number 0. I(P) = 819
[28.09.2013 00:24:21.224278] [00000x1fb0] (629)[debug]	Process 3 ready [VNS slave process].

[28.09.2013 00:24:21.229514] [00000x1fb0] (630)[debug]	Process 3 [Parallel VNS]: Received message from leader.

[28.09.2013 00:24:21.230698] [00000x1fb0] (631)[debug]	Process 3: VNS Output Message sent to grasp leader number 0. I(P) = 818
[28.09.2013 00:24:21.230721] [00000x1fb0] (632)[debug]	Process 3 ready [VNS slave process].

[28.09.2013 00:24:21.238327] [00000x1fb0] (633)[debug]	Process 3 [Parallel VNS]: Received message from leader.

[28.09.2013 00:24:22.105696] [00000x1fb0] (634)[debug]	Process 3: VNS Output Message sent to grasp leader number 0. I(P) = 818
[28.09.2013 00:24:22.105778] [00000x1fb0] (635)[debug]	Process 3 ready [VNS slave process].

[28.09.2013 00:24:22.764329] [00000x1fb0] (636)[debug]	Process 3 [Parallel VNS]: Received message from leader.

[28.09.2013 00:24:22.764473] [00000x1fb0] (637)[debug]	Process 3: VNS Output Message sent to grasp leader number 0. I(P) = 809
[28.09.2013 00:24:22.764496] [00000x1fb0] (638)[debug]	Process 3 ready [VNS slave process].

[28.09.2013 00:24:22.769732] [00000x1fb0] (639)[debug]	Process 3 [Parallel VNS]: Received message from leader.

[28.09.2013 00:24:22.770864] [00000x1fb0] (640)[debug]	Process 3: VNS Output Message sent to grasp leader number 0. I(P) = 808
[28.09.2013 00:24:22.770889] [00000x1fb0] (641)[debug]	Process 3 ready [VNS slave process].

[28.09.2013 00:24:22.771495] [00000x1fb0] (642)[debug]	Process 3 [Parallel VNS]: Received message from leader.

[28.09.2013 00:24:22.772170] [00000x1fb0] (643)[debug]	Process 3: VNS Output Message sent to grasp leader number 0. I(P) = 807
[28.09.2013 00:24:22.772189] [00000x1fb0] (644)[debug]	Process 3 ready [VNS slave process].

[28.09.2013 00:24:22.773204] [00000x1fb0] (645)[debug]	Process 3 [Parallel VNS]: Received message from leader.

[28.09.2013 00:24:22.773220] [00000x1fb0] (646)[debug]	Process 3: ignoring VNS interrupt msg received.

[28.09.2013 00:24:22.773232] [00000x1fb0] (647)[debug]	Process 3 ready [VNS slave process].

[28.09.2013 00:24:22.773250] [00000x1fb0] (648)[debug]	Process 3 [Parallel VNS]: Received message from leader.

[28.09.2013 00:24:22.773262] [00000x1fb0] (649)[debug]	Process 3: ignoring VNS interrupt msg received.

[28.09.2013 00:24:22.773274] [00000x1fb0] (650)[debug]	Process 3 ready [VNS slave process].

[28.09.2013 00:24:22.773305] [00000x1fb0] (651)[debug]	Process 3 [Parallel VNS]: Received message from leader.

[28.09.2013 00:24:22.780049] [00000x1fb0] (652)[debug]	Process 3: VNS Output Message sent to grasp leader number 0. I(P) = 807
[28.09.2013 00:24:22.782311] [00000x1fb0] (653)[debug]	Process 3 ready [VNS slave process].

[28.09.2013 00:24:22.782355] [00000x1fb0] (654)[debug]	Process 3 [Parallel VNS]: Received message from leader.

[28.09.2013 00:24:22.783429] [00000x1fb0] (655)[debug]	Process 3: VNS Output Message sent to grasp leader number 0. I(P) = 807
[28.09.2013 00:24:22.783457] [00000x1fb0] (656)[debug]	Process 3 ready [VNS slave process].

[28.09.2013 00:24:23.586782] [00000x1fb0] (657)[debug]	Process 3 [Parallel VNS]: Received message from leader.

[28.09.2013 00:24:23.588268] [00000x1fb0] (658)[debug]	Process 3: VNS Output Message sent to grasp leader number 0. I(P) = 800
[28.09.2013 00:24:23.588301] [00000x1fb0] (659)[debug]	Process 3 ready [VNS slave process].

[28.09.2013 00:24:23.588338] [00000x1fb0] (660)[debug]	Process 3 [Parallel VNS]: Received message from leader.

[28.09.2013 00:24:23.588485] [00000x1fb0] (661)[debug]	Process 3: VNS Output Message sent to grasp leader number 0. I(P) = 788
[28.09.2013 00:24:23.588504] [00000x1fb0] (662)[debug]	Process 3 ready [VNS slave process].

[28.09.2013 00:24:23.590187] [00000x1fb0] (663)[debug]	Process 3 [Parallel VNS]: Received message from leader.

[28.09.2013 00:24:23.599049] [00000x1fb0] (664)[debug]	Process 3: VNS Output Message sent to grasp leader number 0. I(P) = 788
[28.09.2013 00:24:23.613593] [00000x1fb0] (665)[debug]	Process 3 ready [VNS slave process].

[28.09.2013 00:24:23.613639] [00000x1fb0] (666)[debug]	Process 3 [Parallel VNS]: Received message from leader.

[28.09.2013 00:24:23.613653] [00000x1fb0] (667)[debug]	Process 3: ignoring VNS interrupt msg received.

[28.09.2013 00:24:23.613665] [00000x1fb0] (668)[debug]	Process 3 ready [VNS slave process].

[28.09.2013 00:24:24.224349] [00000x1fb0] (669)[debug]	Process 3 [Parallel VNS]: Received message from leader.

[28.09.2013 00:24:24.224438] [00000x1fb0] (670)[debug]	Process 3: VNS Output Message sent to grasp leader number 0. I(P) = 799
[28.09.2013 00:24:24.224459] [00000x1fb0] (671)[debug]	Process 3 ready [VNS slave process].

[28.09.2013 00:24:24.238336] [00000x1fb0] (672)[debug]	Process 3 [Parallel VNS]: Received message from leader.

[28.09.2013 00:24:24.240393] [00000x1fb0] (673)[debug]	Process 3: VNS Output Message sent to grasp leader number 0. I(P) = 788
[28.09.2013 00:24:24.240418] [00000x1fb0] (674)[debug]	Process 3 ready [VNS slave process].

[28.09.2013 00:24:24.240454] [00000x1fb0] (675)[debug]	Process 3 [Parallel VNS]: Received message from leader.

[28.09.2013 00:24:24.240580] [00000x1fb0] (676)[trace]	VNS interrupt message received.
[28.09.2013 00:24:24.240607] [00000x1fb0] (677)[debug]	Process 3: VNS Output Message sent to grasp leader number 0. I(P) = 788
[28.09.2013 00:24:24.240625] [00000x1fb0] (678)[debug]	Process 3 ready [VNS slave process].

[28.09.2013 00:24:25.039111] [00000x1fb0] (679)[debug]	Process 3 [Parallel VNS]: Received message from leader.

[28.09.2013 00:24:25.039246] [00000x1fb0] (680)[debug]	Process 3: VNS Output Message sent to grasp leader number 0. I(P) = 816
[28.09.2013 00:24:25.039284] [00000x1fb0] (681)[debug]	Process 3 ready [VNS slave process].

[28.09.2013 00:24:25.042317] [00000x1fb0] (682)[debug]	Process 3 [Parallel VNS]: Received message from leader.

[28.09.2013 00:24:25.042424] [00000x1fb0] (683)[debug]	Process 3: VNS Output Message sent to grasp leader number 0. I(P) = 788
[28.09.2013 00:24:25.042446] [00000x1fb0] (684)[debug]	Process 3 ready [VNS slave process].

[28.09.2013 00:24:25.047862] [00000x1fb0] (685)[debug]	Process 3 [Parallel VNS]: Received message from leader.

[28.09.2013 00:24:25.054420] [00000x1fb0] (686)[trace]	VNS interrupt message received.
[28.09.2013 00:24:25.054495] [00000x1fb0] (687)[debug]	Process 3: VNS Output Message sent to grasp leader number 0. I(P) = 788
[28.09.2013 00:24:25.054524] [00000x1fb0] (688)[debug]	Process 3 ready [VNS slave process].

[28.09.2013 00:24:25.602536] [00000x1fb0] (689)[debug]	Process 3 [Parallel VNS]: Received message from leader.

[28.09.2013 00:24:25.602734] [00000x1fb0] (690)[debug]	Process 3: VNS Output Message sent to grasp leader number 0. I(P) = 809
[28.09.2013 00:24:25.602755] [00000x1fb0] (691)[debug]	Process 3 ready [VNS slave process].

[28.09.2013 00:24:25.606324] [00000x1fb0] (692)[debug]	Process 3 [Parallel VNS]: Received message from leader.

[28.09.2013 00:24:25.606496] [00000x1fb0] (693)[debug]	Process 3: VNS Output Message sent to grasp leader number 0. I(P) = 788
[28.09.2013 00:24:25.606516] [00000x1fb0] (694)[debug]	Process 3 ready [VNS slave process].

[28.09.2013 00:24:25.607219] [00000x1fb0] (695)[debug]	Process 3 [Parallel VNS]: Received message from leader.

[28.09.2013 00:24:25.621865] [00000x1fb0] (696)[trace]	VNS interrupt message received.
[28.09.2013 00:24:25.621918] [00000x1fb0] (697)[debug]	Process 3: VNS Output Message sent to grasp leader number 0. I(P) = 788
[28.09.2013 00:24:25.621941] [00000x1fb0] (698)[debug]	Process 3 ready [VNS slave process].

[28.09.2013 00:24:25.865167] [00000x1fb0] (699)[debug]	Process 3 [Parallel VNS]: Received message from leader.

[28.09.2013 00:24:25.866418] [00000x1fb0] (700)[debug]	Process 3: VNS Output Message sent to grasp leader number 0. I(P) = 807
[28.09.2013 00:24:25.866444] [00000x1fb0] (701)[debug]	Process 3 ready [VNS slave process].

[28.09.2013 00:24:25.866478] [00000x1fb0] (702)[debug]	Process 3 [Parallel VNS]: Received message from leader.

[28.09.2013 00:24:25.866561] [00000x1fb0] (703)[debug]	Process 3: VNS Output Message sent to grasp leader number 0. I(P) = 788
[28.09.2013 00:24:25.866580] [00000x1fb0] (704)[debug]	Process 3 ready [VNS slave process].

[28.09.2013 00:24:25.871868] [00000x1fb0] (705)[debug]	Process 3 [Parallel VNS]: Received message from leader.

[28.09.2013 00:24:25.871916] [00000x1fb0] (706)[trace]	VNS interrupt message received.
[28.09.2013 00:24:25.871944] [00000x1fb0] (707)[debug]	Process 3: VNS Output Message sent to grasp leader number 0. I(P) = 788
[28.09.2013 00:24:25.871963] [00000x1fb0] (708)[debug]	Process 3 ready [VNS slave process].

[28.09.2013 00:24:26.211409] [00000x1fb0] (709)[debug]	Process 3 [Parallel VNS]: Received message from leader.

[28.09.2013 00:24:26.215275] [00000x1fb0] (710)[debug]	Process 3: VNS Output Message sent to grasp leader number 0. I(P) = 808
[28.09.2013 00:24:26.215307] [00000x1fb0] (711)[debug]	Process 3 ready [VNS slave process].

[28.09.2013 00:24:26.215345] [00000x1fb0] (712)[debug]	Process 3 [Parallel VNS]: Received message from leader.

[28.09.2013 00:24:26.217264] [00000x1fb0] (713)[debug]	Process 3: VNS Output Message sent to grasp leader number 0. I(P) = 788
[28.09.2013 00:24:26.217284] [00000x1fb0] (714)[debug]	Process 3 ready [VNS slave process].

[28.09.2013 00:24:26.217317] [00000x1fb0] (715)[debug]	Process 3 [Parallel VNS]: Received message from leader.

[28.09.2013 00:24:26.217415] [00000x1fb0] (716)[trace]	VNS interrupt message received.
[28.09.2013 00:24:26.217441] [00000x1fb0] (717)[debug]	Process 3: VNS Output Message sent to grasp leader number 0. I(P) = 788
[28.09.2013 00:24:26.217458] [00000x1fb0] (718)[debug]	Process 3 ready [VNS slave process].

[28.09.2013 00:24:26.519180] [00000x1fb0] (719)[debug]	Process 3 [Parallel VNS]: Received message from leader.

[28.09.2013 00:24:26.520312] [00000x1fb0] (720)[debug]	Process 3: VNS Output Message sent to grasp leader number 0. I(P) = 800
[28.09.2013 00:24:26.520337] [00000x1fb0] (721)[debug]	Process 3 ready [VNS slave process].

[28.09.2013 00:24:26.520371] [00000x1fb0] (722)[debug]	Process 3 [Parallel VNS]: Received message from leader.

[28.09.2013 00:24:26.520505] [00000x1fb0] (723)[debug]	Process 3: VNS Output Message sent to grasp leader number 0. I(P) = 788
[28.09.2013 00:24:26.520523] [00000x1fb0] (724)[debug]	Process 3 ready [VNS slave process].

[28.09.2013 00:24:26.526071] [00000x1fb0] (725)[debug]	Process 3 [Parallel VNS]: Received message from leader.

[28.09.2013 00:24:26.526154] [00000x1fb0] (726)[trace]	VNS interrupt message received.
[28.09.2013 00:24:26.526184] [00000x1fb0] (727)[debug]	Process 3: VNS Output Message sent to grasp leader number 0. I(P) = 788
[28.09.2013 00:24:26.526206] [00000x1fb0] (728)[debug]	Process 3 ready [VNS slave process].

[28.09.2013 00:24:26.848212] [00000x1fb0] (729)[debug]	Process 3 [Parallel VNS]: Received message from leader.

[28.09.2013 00:24:26.852912] [00000x1fb0] (730)[debug]	Process 3: VNS Output Message sent to grasp leader number 0. I(P) = 792
[28.09.2013 00:24:26.852948] [00000x1fb0] (731)[debug]	Process 3 ready [VNS slave process].

[28.09.2013 00:24:26.852986] [00000x1fb0] (732)[debug]	Process 3 [Parallel VNS]: Received message from leader.

[28.09.2013 00:24:26.860598] [00000x1fb0] (733)[debug]	Process 3: VNS Output Message sent to grasp leader number 0. I(P) = 788
[28.09.2013 00:24:26.860632] [00000x1fb0] (734)[debug]	Process 3 ready [VNS slave process].

[28.09.2013 00:24:26.860669] [00000x1fb0] (735)[debug]	Process 3 [Parallel VNS]: Received message from leader.

[28.09.2013 00:24:26.860711] [00000x1fb0] (736)[trace]	VNS interrupt message received.
[28.09.2013 00:24:26.860737] [00000x1fb0] (737)[debug]	Process 3: VNS Output Message sent to grasp leader number 0. I(P) = 788
[28.09.2013 00:24:26.860755] [00000x1fb0] (738)[debug]	Process 3 ready [VNS slave process].

[28.09.2013 00:24:27.193770] [00000x1fb0] (739)[debug]	Process 3 [Parallel VNS]: Received message from leader.

[28.09.2013 00:24:27.194929] [00000x1fb0] (740)[debug]	Process 3: VNS Output Message sent to grasp leader number 0. I(P) = 798
[28.09.2013 00:24:27.194953] [00000x1fb0] (741)[debug]	Process 3 ready [VNS slave process].

[28.09.2013 00:24:27.199267] [00000x1fb0] (742)[debug]	Process 3 [Parallel VNS]: Received message from leader.

[28.09.2013 00:24:27.201329] [00000x1fb0] (743)[debug]	Process 3: VNS Output Message sent to grasp leader number 0. I(P) = 788
[28.09.2013 00:24:27.201354] [00000x1fb0] (744)[debug]	Process 3 ready [VNS slave process].

[28.09.2013 00:24:27.208454] [00000x1fb0] (745)[debug]	Process 3 [Parallel VNS]: Received message from leader.

[28.09.2013 00:24:27.208520] [00000x1fb0] (746)[trace]	VNS interrupt message received.
[28.09.2013 00:24:27.208551] [00000x1fb0] (747)[debug]	Process 3: VNS Output Message sent to grasp leader number 0. I(P) = 788
[28.09.2013 00:24:27.208573] [00000x1fb0] (748)[debug]	Process 3 ready [VNS slave process].

[28.09.2013 00:24:27.578733] [00000x1fb0] (749)[debug]	Process 3 [Parallel VNS]: Received message from leader.

[28.09.2013 00:24:27.578929] [00000x1fb0] (750)[debug]	Process 3: VNS Output Message sent to grasp leader number 0. I(P) = 801
[28.09.2013 00:24:27.578950] [00000x1fb0] (751)[debug]	Process 3 ready [VNS slave process].

[28.09.2013 00:24:27.580290] [00000x1fb0] (752)[debug]	Process 3 [Parallel VNS]: Received message from leader.

[28.09.2013 00:24:27.601926] [00000x1fb0] (753)[debug]	Process 3: VNS Output Message sent to grasp leader number 0. I(P) = 788
[28.09.2013 00:24:27.602014] [00000x1fb0] (754)[debug]	Process 3 ready [VNS slave process].

[28.09.2013 00:24:27.602060] [00000x1fb0] (755)[debug]	Process 3 [Parallel VNS]: Received message from leader.

[28.09.2013 00:24:27.602117] [00000x1fb0] (756)[trace]	VNS interrupt message received.
[28.09.2013 00:24:27.602160] [00000x1fb0] (757)[debug]	Process 3: VNS Output Message sent to grasp leader number 0. I(P) = 788
[28.09.2013 00:24:27.602178] [00000x1fb0] (758)[debug]	Process 3 ready [VNS slave process].

[28.09.2013 00:24:28.148157] [00000x1fb0] (759)[debug]	Process 3 [Parallel VNS]: Received message from leader.

[28.09.2013 00:24:28.151808] [00000x1fb0] (760)[debug]	Process 3: VNS Output Message sent to grasp leader number 0. I(P) = 814
[28.09.2013 00:24:28.151882] [00000x1fb0] (761)[debug]	Process 3 ready [VNS slave process].

[28.09.2013 00:24:28.151926] [00000x1fb0] (762)[debug]	Process 3 [Parallel VNS]: Received message from leader.

[28.09.2013 00:24:28.152031] [00000x1fb0] (763)[debug]	Process 3: VNS Output Message sent to grasp leader number 0. I(P) = 788
[28.09.2013 00:24:28.152050] [00000x1fb0] (764)[debug]	Process 3 ready [VNS slave process].

[28.09.2013 00:24:28.152100] [00000x1fb0] (765)[debug]	Process 3 [Parallel VNS]: Received message from leader.

[28.09.2013 00:24:28.152258] [00000x1fb0] (766)[trace]	VNS interrupt message received.
[28.09.2013 00:24:28.152285] [00000x1fb0] (767)[debug]	Process 3: VNS Output Message sent to grasp leader number 0. I(P) = 788
[28.09.2013 00:24:28.152302] [00000x1fb0] (768)[debug]	Process 3 ready [VNS slave process].

[28.09.2013 00:24:28.992229] [00000x1fb0] (769)[debug]	Process 3 [Parallel VNS]: Received message from leader.

[28.09.2013 00:24:28.993436] [00000x1fb0] (770)[debug]	Process 3: VNS Output Message sent to grasp leader number 0. I(P) = 800
[28.09.2013 00:24:28.993468] [00000x1fb0] (771)[debug]	Process 3 ready [VNS slave process].

[28.09.2013 00:24:28.996343] [00000x1fb0] (772)[debug]	Process 3 [Parallel VNS]: Received message from leader.

[28.09.2013 00:24:29.002447] [00000x1fb0] (773)[debug]	Process 3: VNS Output Message sent to grasp leader number 0. I(P) = 788
[28.09.2013 00:24:29.002478] [00000x1fb0] (774)[debug]	Process 3 ready [VNS slave process].

[28.09.2013 00:24:29.002516] [00000x1fb0] (775)[debug]	Process 3 [Parallel VNS]: Received message from leader.

[28.09.2013 00:24:29.006505] [00000x1fb0] (776)[trace]	VNS interrupt message received.
[28.09.2013 00:24:29.006534] [00000x1fb0] (777)[debug]	Process 3: VNS Output Message sent to grasp leader number 0. I(P) = 788
[28.09.2013 00:24:29.006551] [00000x1fb0] (778)[debug]	Process 3 ready [VNS slave process].

[28.09.2013 00:24:29.527415] [00000x1fb0] (779)[debug]	Process 3 [Parallel VNS]: Received message from leader.

[28.09.2013 00:24:29.527503] [00000x1fb0] (780)[debug]	Process 3: VNS Output Message sent to grasp leader number 0. I(P) = 798
[28.09.2013 00:24:29.527526] [00000x1fb0] (781)[debug]	Process 3 ready [VNS slave process].

[28.09.2013 00:24:29.528820] [00000x1fb0] (782)[debug]	Process 3 [Parallel VNS]: Received message from leader.

[28.09.2013 00:24:29.529010] [00000x1fb0] (783)[debug]	Process 3: VNS Output Message sent to grasp leader number 0. I(P) = 788
[28.09.2013 00:24:29.529031] [00000x1fb0] (784)[debug]	Process 3 ready [VNS slave process].

[28.09.2013 00:24:29.534970] [00000x1fb0] (785)[debug]	Process 3 [Parallel VNS]: Received message from leader.

[28.09.2013 00:24:29.535091] [00000x1fb0] (786)[trace]	VNS interrupt message received.
[28.09.2013 00:24:29.535120] [00000x1fb0] (787)[debug]	Process 3: VNS Output Message sent to grasp leader number 0. I(P) = 788
[28.09.2013 00:24:29.535139] [00000x1fb0] (788)[debug]	Process 3 ready [VNS slave process].

[28.09.2013 00:24:30.086786] [00000x1fb0] (789)[debug]	Process 3 [Parallel VNS]: Received message from leader.

[28.09.2013 00:24:30.088062] [00000x1fb0] (790)[debug]	Process 3: VNS Output Message sent to grasp leader number 0. I(P) = 806
[28.09.2013 00:24:30.088089] [00000x1fb0] (791)[debug]	Process 3 ready [VNS slave process].

[28.09.2013 00:24:30.095487] [00000x1fb0] (792)[debug]	Process 3 [Parallel VNS]: Received message from leader.

[28.09.2013 00:24:30.095587] [00000x1fb0] (793)[debug]	Process 3: VNS Output Message sent to grasp leader number 0. I(P) = 788
[28.09.2013 00:24:30.095616] [00000x1fb0] (794)[debug]	Process 3 ready [VNS slave process].

[28.09.2013 00:24:30.096051] [00000x1fb0] (795)[debug]	Process 3 [Parallel VNS]: Received message from leader.

[28.09.2013 00:24:30.108266] [00000x1fb0] (796)[trace]	VNS interrupt message received.
[28.09.2013 00:24:30.108308] [00000x1fb0] (797)[debug]	Process 3: VNS Output Message sent to grasp leader number 0. I(P) = 788
[28.09.2013 00:24:30.108329] [00000x1fb0] (798)[debug]	Process 3 ready [VNS slave process].

[28.09.2013 00:24:30.704771] [00000x1fb0] (799)[debug]	Process 3 [Parallel VNS]: Received message from leader.

[28.09.2013 00:24:30.705981] [00000x1fb0] (800)[debug]	Process 3: VNS Output Message sent to grasp leader number 0. I(P) = 795
[28.09.2013 00:24:30.706006] [00000x1fb0] (801)[debug]	Process 3 ready [VNS slave process].

[28.09.2013 00:24:30.708651] [00000x1fb0] (802)[debug]	Process 3 [Parallel VNS]: Received message from leader.

[28.09.2013 00:24:30.708740] [00000x1fb0] (803)[debug]	Process 3: VNS Output Message sent to grasp leader number 0. I(P) = 788
[28.09.2013 00:24:30.708760] [00000x1fb0] (804)[debug]	Process 3 ready [VNS slave process].

[28.09.2013 00:24:30.711695] [00000x1fb0] (805)[debug]	Process 3 [Parallel VNS]: Received message from leader.

[28.09.2013 00:24:30.712255] [00000x1fb0] (806)[trace]	VNS interrupt message received.
[28.09.2013 00:24:30.712286] [00000x1fb0] (807)[debug]	Process 3: VNS Output Message sent to grasp leader number 0. I(P) = 788
[28.09.2013 00:24:30.712306] [00000x1fb0] (808)[debug]	Process 3 ready [VNS slave process].

[28.09.2013 00:24:31.354346] [00000x1fb0] (809)[debug]	Process 3 [Parallel VNS]: Received message from leader.

[28.09.2013 00:24:31.354487] [00000x1fb0] (810)[debug]	Process 3: VNS Output Message sent to grasp leader number 0. I(P) = 803
[28.09.2013 00:24:31.354508] [00000x1fb0] (811)[debug]	Process 3 ready [VNS slave process].

[28.09.2013 00:24:31.354542] [00000x1fb0] (812)[debug]	Process 3 [Parallel VNS]: Received message from leader.

[28.09.2013 00:24:31.354623] [00000x1fb0] (813)[debug]	Process 3: VNS Output Message sent to grasp leader number 0. I(P) = 788
[28.09.2013 00:24:31.354642] [00000x1fb0] (814)[debug]	Process 3 ready [VNS slave process].

[28.09.2013 00:24:31.355882] [00000x1fb0] (815)[debug]	Process 3 [Parallel VNS]: Received message from leader.

[28.09.2013 00:24:31.368005] [00000x1fb0] (816)[trace]	VNS interrupt message received.
[28.09.2013 00:24:31.368061] [00000x1fb0] (817)[debug]	Process 3: VNS Output Message sent to grasp leader number 0. I(P) = 788
[28.09.2013 00:24:31.368085] [00000x1fb0] (818)[debug]	Process 3 ready [VNS slave process].

[28.09.2013 00:24:31.498325] [00000x1fb0] (819)[debug]	Process 3 [Parallel VNS]: Received message from leader.

[28.09.2013 00:24:31.499419] [00000x1fb0] (820)[debug]	Process 3: VNS Output Message sent to grasp leader number 0. I(P) = 808
[28.09.2013 00:24:31.499444] [00000x1fb0] (821)[debug]	Process 3 ready [VNS slave process].

[28.09.2013 00:24:31.506410] [00000x1fb0] (822)[debug]	Process 3 [Parallel VNS]: Received message from leader.

[28.09.2013 00:24:31.506518] [00000x1fb0] (823)[debug]	Process 3: VNS Output Message sent to grasp leader number 0. I(P) = 788
[28.09.2013 00:24:31.506538] [00000x1fb0] (824)[debug]	Process 3 ready [VNS slave process].

[28.09.2013 00:24:31.506571] [00000x1fb0] (825)[debug]	Process 3 [Parallel VNS]: Received message from leader.

[28.09.2013 00:24:31.506629] [00000x1fb0] (826)[trace]	VNS interrupt message received.
[28.09.2013 00:24:31.506655] [00000x1fb0] (827)[debug]	Process 3: VNS Output Message sent to grasp leader number 0. I(P) = 788
[28.09.2013 00:24:31.506672] [00000x1fb0] (828)[debug]	Process 3 ready [VNS slave process].

[28.09.2013 00:24:31.688281] [00000x1fb0] (829)[debug]	Process 3 [Parallel VNS]: Received message from leader.

[28.09.2013 00:24:31.688366] [00000x1fb0] (830)[debug]	Process 3: VNS Output Message sent to grasp leader number 0. I(P) = 801
[28.09.2013 00:24:31.688387] [00000x1fb0] (831)[debug]	Process 3 ready [VNS slave process].

[28.09.2013 00:24:31.688421] [00000x1fb0] (832)[debug]	Process 3 [Parallel VNS]: Received message from leader.

[28.09.2013 00:24:31.697096] [00000x1fb0] (833)[debug]	Process 3: VNS Output Message sent to grasp leader number 0. I(P) = 788
[28.09.2013 00:24:31.697137] [00000x1fb0] (834)[debug]	Process 3 ready [VNS slave process].

[28.09.2013 00:24:31.697177] [00000x1fb0] (835)[debug]	Process 3 [Parallel VNS]: Received message from leader.

[28.09.2013 00:24:31.697226] [00000x1fb0] (836)[trace]	VNS interrupt message received.
[28.09.2013 00:24:31.697252] [00000x1fb0] (837)[debug]	Process 3: VNS Output Message sent to grasp leader number 0. I(P) = 788
[28.09.2013 00:24:31.697270] [00000x1fb0] (838)[debug]	Process 3 ready [VNS slave process].

[28.09.2013 00:24:31.861072] [00000x1fb0] (839)[debug]	Process 3 [Parallel VNS]: Received message from leader.

[28.09.2013 00:24:31.861207] [00000x1fb0] (840)[debug]	Process 3: VNS Output Message sent to grasp leader number 0. I(P) = 805
[28.09.2013 00:24:31.861230] [00000x1fb0] (841)[debug]	Process 3 ready [VNS slave process].

[28.09.2013 00:24:31.864206] [00000x1fb0] (842)[debug]	Process 3 [Parallel VNS]: Received message from leader.

[28.09.2013 00:24:31.864315] [00000x1fb0] (843)[debug]	Process 3: VNS Output Message sent to grasp leader number 0. I(P) = 788
[28.09.2013 00:24:31.864335] [00000x1fb0] (844)[debug]	Process 3 ready [VNS slave process].

[28.09.2013 00:24:31.864368] [00000x1fb0] (845)[debug]	Process 3 [Parallel VNS]: Received message from leader.

[28.09.2013 00:24:31.864457] [00000x1fb0] (846)[trace]	VNS interrupt message received.
[28.09.2013 00:24:31.864483] [00000x1fb0] (847)[debug]	Process 3: VNS Output Message sent to grasp leader number 0. I(P) = 788
[28.09.2013 00:24:31.864501] [00000x1fb0] (848)[debug]	Process 3 ready [VNS slave process].

[28.09.2013 00:24:32.013102] [00000x1fb0] (849)[debug]	Process 3 [Parallel VNS]: Received message from leader.

[28.09.2013 00:24:32.014219] [00000x1fb0] (850)[debug]	Process 3: VNS Output Message sent to grasp leader number 0. I(P) = 805
[28.09.2013 00:24:32.014243] [00000x1fb0] (851)[debug]	Process 3 ready [VNS slave process].

[28.09.2013 00:24:32.020091] [00000x1fb0] (852)[debug]	Process 3 [Parallel VNS]: Received message from leader.

[28.09.2013 00:24:32.020249] [00000x1fb0] (853)[debug]	Process 3: VNS Output Message sent to grasp leader number 0. I(P) = 788
[28.09.2013 00:24:32.020269] [00000x1fb0] (854)[debug]	Process 3 ready [VNS slave process].

[28.09.2013 00:24:32.020302] [00000x1fb0] (855)[debug]	Process 3 [Parallel VNS]: Received message from leader.

[28.09.2013 00:24:32.020362] [00000x1fb0] (856)[trace]	VNS interrupt message received.
[28.09.2013 00:24:32.021863] [00000x1fb0] (857)[debug]	Process 3: VNS Output Message sent to grasp leader number 0. I(P) = 788
[28.09.2013 00:24:32.021885] [00000x1fb0] (858)[debug]	Process 3 ready [VNS slave process].

[28.09.2013 00:24:32.189377] [00000x1fb0] (859)[debug]	Process 3 [Parallel VNS]: Received message from leader.

[28.09.2013 00:24:32.189464] [00000x1fb0] (860)[debug]	Process 3: VNS Output Message sent to grasp leader number 0. I(P) = 802
[28.09.2013 00:24:32.189486] [00000x1fb0] (861)[debug]	Process 3 ready [VNS slave process].

[28.09.2013 00:24:32.189520] [00000x1fb0] (862)[debug]	Process 3 [Parallel VNS]: Received message from leader.

[28.09.2013 00:24:32.189701] [00000x1fb0] (863)[debug]	Process 3: VNS Output Message sent to grasp leader number 0. I(P) = 788
[28.09.2013 00:24:32.189720] [00000x1fb0] (864)[debug]	Process 3 ready [VNS slave process].

[28.09.2013 00:24:32.191147] [00000x1fb0] (865)[debug]	Process 3 [Parallel VNS]: Received message from leader.

[28.09.2013 00:24:32.200706] [00000x1fb0] (866)[trace]	VNS interrupt message received.
[28.09.2013 00:24:32.200750] [00000x1fb0] (867)[debug]	Process 3: VNS Output Message sent to grasp leader number 0. I(P) = 788
[28.09.2013 00:24:32.200771] [00000x1fb0] (868)[debug]	Process 3 ready [VNS slave process].

[28.09.2013 00:24:32.201703] [00000x1fb0] (869)[debug]	Process 3 [Parallel VNS]: Received message from leader.

[28.09.2013 00:24:32.201732] [00000x1fb0] (870)[debug]	Process 3: terminate msg received.

