[28.09.2013 00:21:59.656003] [00000x1f92] (1)[trace]	number of slaves received

[28.09.2013 00:21:59.656329] [00000x1f92] (2)[info]	The number of VNS search slaves per master is 2

[28.09.2013 00:21:59.656358] [00000x1f92] (3)[debug]	Process 3 ready [VNS slave process].

[28.09.2013 00:22:00.160309] [00000x1f92] (4)[debug]	Process 3 [Parallel VNS]: Received message from leader.

[28.09.2013 00:22:00.160851] [00000x1f92] (5)[trace]	Line: 200 887

[28.09.2013 00:22:00.160878] [00000x1f92] (6)[trace]	Format type is 2

[28.09.2013 00:22:00.161218] [00000x1f92] (7)[trace]	Successfully created signed graph with 200 vertices.

[28.09.2013 00:22:00.165606] [00000x1f92] (8)[debug]	Process 3: VNS Output Message sent to grasp leader number 0. I(P) = 799
[28.09.2013 00:22:00.165666] [00000x1f92] (9)[debug]	Process 3 ready [VNS slave process].

[28.09.2013 00:22:00.193683] [00000x1f92] (10)[debug]	Process 3 [Parallel VNS]: Received message from leader.

[28.09.2013 00:22:00.199343] [00000x1f92] (11)[debug]	Process 3: VNS Output Message sent to grasp leader number 0. I(P) = 799
[28.09.2013 00:22:00.199411] [00000x1f92] (12)[debug]	Process 3 ready [VNS slave process].

[28.09.2013 00:22:00.218349] [00000x1f92] (13)[debug]	Process 3 [Parallel VNS]: Received message from leader.

[28.09.2013 00:22:00.222154] [00000x1f92] (14)[debug]	Process 3: VNS Output Message sent to grasp leader number 0. I(P) = 799
[28.09.2013 00:22:00.222219] [00000x1f92] (15)[debug]	Process 3 ready [VNS slave process].

[28.09.2013 00:22:01.525575] [00000x1f92] (16)[debug]	Process 3 [Parallel VNS]: Received message from leader.

[28.09.2013 00:22:01.525685] [00000x1f92] (17)[debug]	Process 3: VNS Output Message sent to grasp leader number 0. I(P) = 807
[28.09.2013 00:22:01.525707] [00000x1f92] (18)[debug]	Process 3 ready [VNS slave process].

[28.09.2013 00:22:01.527952] [00000x1f92] (19)[debug]	Process 3 [Parallel VNS]: Received message from leader.

[28.09.2013 00:22:01.533759] [00000x1f92] (20)[debug]	Process 3: VNS Output Message sent to grasp leader number 0. I(P) = 807
[28.09.2013 00:22:01.533799] [00000x1f92] (21)[debug]	Process 3 ready [VNS slave process].

[28.09.2013 00:22:01.544357] [00000x1f92] (22)[debug]	Process 3 [Parallel VNS]: Received message from leader.

[28.09.2013 00:22:01.544392] [00000x1f92] (23)[debug]	Process 3: ignoring VNS interrupt msg received.

[28.09.2013 00:22:01.544404] [00000x1f92] (24)[debug]	Process 3 ready [VNS slave process].

[28.09.2013 00:22:02.078655] [00000x1f92] (25)[debug]	Process 3 [Parallel VNS]: Received message from leader.

[28.09.2013 00:22:02.079839] [00000x1f92] (26)[debug]	Process 3: VNS Output Message sent to grasp leader number 0. I(P) = 795
[28.09.2013 00:22:02.079865] [00000x1f92] (27)[debug]	Process 3 ready [VNS slave process].

[28.09.2013 00:22:02.086666] [00000x1f92] (28)[debug]	Process 3 [Parallel VNS]: Received message from leader.

[28.09.2013 00:22:02.087844] [00000x1f92] (29)[debug]	Process 3: VNS Output Message sent to grasp leader number 0. I(P) = 795
[28.09.2013 00:22:02.087872] [00000x1f92] (30)[debug]	Process 3 ready [VNS slave process].

[28.09.2013 00:22:02.092333] [00000x1f92] (31)[debug]	Process 3 [Parallel VNS]: Received message from leader.

[28.09.2013 00:22:02.092592] [00000x1f92] (32)[debug]	Process 3: VNS Output Message sent to grasp leader number 0. I(P) = 795
[28.09.2013 00:22:02.092613] [00000x1f92] (33)[debug]	Process 3 ready [VNS slave process].

[28.09.2013 00:22:02.614355] [00000x1f92] (34)[debug]	Process 3 [Parallel VNS]: Received message from leader.

[28.09.2013 00:22:02.615477] [00000x1f92] (35)[debug]	Process 3: VNS Output Message sent to grasp leader number 0. I(P) = 800
[28.09.2013 00:22:02.615500] [00000x1f92] (36)[debug]	Process 3 ready [VNS slave process].

[28.09.2013 00:22:02.615855] [00000x1f92] (37)[debug]	Process 3 [Parallel VNS]: Received message from leader.

[28.09.2013 00:22:02.616384] [00000x1f92] (38)[trace]	VNS interrupt message received.
[28.09.2013 00:22:02.616409] [00000x1f92] (39)[debug]	Process 3: VNS Output Message sent to grasp leader number 0. I(P) = 800
[28.09.2013 00:22:02.616435] [00000x1f92] (40)[debug]	Process 3 ready [VNS slave process].

[28.09.2013 00:22:03.111110] [00000x1f92] (41)[debug]	Process 3 [Parallel VNS]: Received message from leader.

[28.09.2013 00:22:03.111223] [00000x1f92] (42)[debug]	Process 3: VNS Output Message sent to grasp leader number 0. I(P) = 806
[28.09.2013 00:22:03.111246] [00000x1f92] (43)[debug]	Process 3 ready [VNS slave process].

[28.09.2013 00:22:03.114395] [00000x1f92] (44)[debug]	Process 3 [Parallel VNS]: Received message from leader.

[28.09.2013 00:22:03.114476] [00000x1f92] (45)[debug]	Process 3: VNS Output Message sent to grasp leader number 0. I(P) = 805
[28.09.2013 00:22:03.114496] [00000x1f92] (46)[debug]	Process 3 ready [VNS slave process].

[28.09.2013 00:22:03.118585] [00000x1f92] (47)[debug]	Process 3 [Parallel VNS]: Received message from leader.

[28.09.2013 00:22:03.122016] [00000x1f92] (48)[debug]	Process 3: VNS Output Message sent to grasp leader number 0. I(P) = 804
[28.09.2013 00:22:03.122057] [00000x1f92] (49)[debug]	Process 3 ready [VNS slave process].

[28.09.2013 00:22:03.127843] [00000x1f92] (50)[debug]	Process 3 [Parallel VNS]: Received message from leader.

[28.09.2013 00:22:03.127866] [00000x1f92] (51)[debug]	Process 3: ignoring VNS interrupt msg received.

[28.09.2013 00:22:03.127878] [00000x1f92] (52)[debug]	Process 3 ready [VNS slave process].

[28.09.2013 00:22:03.128044] [00000x1f92] (53)[debug]	Process 3 [Parallel VNS]: Received message from leader.

[28.09.2013 00:22:03.129239] [00000x1f92] (54)[debug]	Process 3: VNS Output Message sent to grasp leader number 0. I(P) = 804
[28.09.2013 00:22:03.129265] [00000x1f92] (55)[debug]	Process 3 ready [VNS slave process].

[28.09.2013 00:22:03.133847] [00000x1f92] (56)[debug]	Process 3 [Parallel VNS]: Received message from leader.

[28.09.2013 00:22:03.133999] [00000x1f92] (57)[debug]	Process 3: VNS Output Message sent to grasp leader number 0. I(P) = 804
[28.09.2013 00:22:03.134020] [00000x1f92] (58)[debug]	Process 3 ready [VNS slave process].

[28.09.2013 00:22:04.418346] [00000x1f92] (59)[debug]	Process 3 [Parallel VNS]: Received message from leader.

[28.09.2013 00:22:04.419461] [00000x1f92] (60)[debug]	Process 3: VNS Output Message sent to grasp leader number 0. I(P) = 806
[28.09.2013 00:22:04.419494] [00000x1f92] (61)[debug]	Process 3 ready [VNS slave process].

[28.09.2013 00:22:04.426683] [00000x1f92] (62)[debug]	Process 3 [Parallel VNS]: Received message from leader.

[28.09.2013 00:22:04.426975] [00000x1f92] (63)[debug]	Process 3: VNS Output Message sent to grasp leader number 0. I(P) = 806
[28.09.2013 00:22:04.426999] [00000x1f92] (64)[debug]	Process 3 ready [VNS slave process].

[28.09.2013 00:22:04.427542] [00000x1f92] (65)[debug]	Process 3 [Parallel VNS]: Received message from leader.

[28.09.2013 00:22:04.994944] [00000x1f92] (66)[trace]	VNS interrupt message received.
[28.09.2013 00:22:04.994987] [00000x1f92] (67)[debug]	Process 3: VNS Output Message sent to grasp leader number 0. I(P) = 806
[28.09.2013 00:22:04.995007] [00000x1f92] (68)[debug]	Process 3 ready [VNS slave process].

[28.09.2013 00:22:05.663714] [00000x1f92] (69)[debug]	Process 3 [Parallel VNS]: Received message from leader.

[28.09.2013 00:22:05.665053] [00000x1f92] (70)[debug]	Process 3: VNS Output Message sent to grasp leader number 0. I(P) = 803
[28.09.2013 00:22:05.665080] [00000x1f92] (71)[debug]	Process 3 ready [VNS slave process].

[28.09.2013 00:22:05.669980] [00000x1f92] (72)[debug]	Process 3 [Parallel VNS]: Received message from leader.

[28.09.2013 00:22:05.670093] [00000x1f92] (73)[debug]	Process 3: VNS Output Message sent to grasp leader number 0. I(P) = 803
[28.09.2013 00:22:05.670115] [00000x1f92] (74)[debug]	Process 3 ready [VNS slave process].

[28.09.2013 00:22:05.670354] [00000x1f92] (75)[debug]	Process 3 [Parallel VNS]: Received message from leader.

[28.09.2013 00:22:05.670791] [00000x1f92] (76)[debug]	Process 3: VNS Output Message sent to grasp leader number 0. I(P) = 803
[28.09.2013 00:22:05.670811] [00000x1f92] (77)[debug]	Process 3 ready [VNS slave process].

[28.09.2013 00:22:05.670905] [00000x1f92] (78)[debug]	Process 3 [Parallel VNS]: Received message from leader.

[28.09.2013 00:22:05.670919] [00000x1f92] (79)[debug]	Process 3: ignoring VNS interrupt msg received.

[28.09.2013 00:22:05.670931] [00000x1f92] (80)[debug]	Process 3 ready [VNS slave process].

[28.09.2013 00:22:06.263434] [00000x1f92] (81)[debug]	Process 3 [Parallel VNS]: Received message from leader.

[28.09.2013 00:22:06.264592] [00000x1f92] (82)[debug]	Process 3: VNS Output Message sent to grasp leader number 0. I(P) = 797
[28.09.2013 00:22:06.264642] [00000x1f92] (83)[debug]	Process 3 ready [VNS slave process].

[28.09.2013 00:22:06.277813] [00000x1f92] (84)[debug]	Process 3 [Parallel VNS]: Received message from leader.

[28.09.2013 00:22:06.279090] [00000x1f92] (85)[debug]	Process 3: VNS Output Message sent to grasp leader number 0. I(P) = 797
[28.09.2013 00:22:06.279117] [00000x1f92] (86)[debug]	Process 3 ready [VNS slave process].

[28.09.2013 00:22:06.286330] [00000x1f92] (87)[debug]	Process 3 [Parallel VNS]: Received message from leader.

[28.09.2013 00:22:06.286804] [00000x1f92] (88)[debug]	Process 3: VNS Output Message sent to grasp leader number 0. I(P) = 797
[28.09.2013 00:22:06.286829] [00000x1f92] (89)[debug]	Process 3 ready [VNS slave process].

[28.09.2013 00:22:06.987197] [00000x1f92] (90)[debug]	Process 3 [Parallel VNS]: Received message from leader.

[28.09.2013 00:22:06.987308] [00000x1f92] (91)[debug]	Process 3: VNS Output Message sent to grasp leader number 0. I(P) = 805
[28.09.2013 00:22:06.987331] [00000x1f92] (92)[debug]	Process 3 ready [VNS slave process].

[28.09.2013 00:22:06.993842] [00000x1f92] (93)[debug]	Process 3 [Parallel VNS]: Received message from leader.

[28.09.2013 00:22:06.995976] [00000x1f92] (94)[trace]	VNS interrupt message received.
[28.09.2013 00:22:06.996007] [00000x1f92] (95)[debug]	Process 3: VNS Output Message sent to grasp leader number 0. I(P) = 805
[28.09.2013 00:22:06.996026] [00000x1f92] (96)[debug]	Process 3 ready [VNS slave process].

[28.09.2013 00:22:06.996352] [00000x1f92] (97)[debug]	Process 3 [Parallel VNS]: Received message from leader.

[28.09.2013 00:22:06.996431] [00000x1f92] (98)[debug]	Process 3: VNS Output Message sent to grasp leader number 0. I(P) = 804
[28.09.2013 00:22:06.996450] [00000x1f92] (99)[debug]	Process 3 ready [VNS slave process].

[28.09.2013 00:22:06.997458] [00000x1f92] (100)[debug]	Process 3 [Parallel VNS]: Received message from leader.

[28.09.2013 00:22:06.997596] [00000x1f92] (101)[debug]	Process 3: VNS Output Message sent to grasp leader number 0. I(P) = 804
[28.09.2013 00:22:06.997614] [00000x1f92] (102)[debug]	Process 3 ready [VNS slave process].

[28.09.2013 00:22:07.592906] [00000x1f92] (103)[debug]	Process 3 [Parallel VNS]: Received message from leader.

[28.09.2013 00:22:07.594096] [00000x1f92] (104)[debug]	Process 3: VNS Output Message sent to grasp leader number 0. I(P) = 801
[28.09.2013 00:22:07.594141] [00000x1f92] (105)[debug]	Process 3 ready [VNS slave process].

[28.09.2013 00:22:07.604156] [00000x1f92] (106)[debug]	Process 3 [Parallel VNS]: Received message from leader.

[28.09.2013 00:22:07.604246] [00000x1f92] (107)[debug]	Process 3: VNS Output Message sent to grasp leader number 0. I(P) = 801
[28.09.2013 00:22:07.604271] [00000x1f92] (108)[debug]	Process 3 ready [VNS slave process].

[28.09.2013 00:22:07.614563] [00000x1f92] (109)[debug]	Process 3 [Parallel VNS]: Received message from leader.

[28.09.2013 00:22:07.614656] [00000x1f92] (110)[debug]	Process 3: VNS Output Message sent to grasp leader number 0. I(P) = 800
[28.09.2013 00:22:07.614677] [00000x1f92] (111)[debug]	Process 3 ready [VNS slave process].

[28.09.2013 00:22:07.616939] [00000x1f92] (112)[debug]	Process 3 [Parallel VNS]: Received message from leader.

[28.09.2013 00:22:07.617498] [00000x1f92] (113)[debug]	Process 3: VNS Output Message sent to grasp leader number 0. I(P) = 800
[28.09.2013 00:22:07.617523] [00000x1f92] (114)[debug]	Process 3 ready [VNS slave process].

[28.09.2013 00:22:08.141226] [00000x1f92] (115)[debug]	Process 3 [Parallel VNS]: Received message from leader.

[28.09.2013 00:22:08.142397] [00000x1f92] (116)[debug]	Process 3: VNS Output Message sent to grasp leader number 0. I(P) = 812
[28.09.2013 00:22:08.142432] [00000x1f92] (117)[debug]	Process 3 ready [VNS slave process].

[28.09.2013 00:22:08.158331] [00000x1f92] (118)[debug]	Process 3 [Parallel VNS]: Received message from leader.

[28.09.2013 00:22:08.204918] [00000x1f92] (119)[debug]	Process 3: VNS Output Message sent to grasp leader number 0. I(P) = 812
[28.09.2013 00:22:08.204995] [00000x1f92] (120)[debug]	Process 3 ready [VNS slave process].

[28.09.2013 00:22:08.216278] [00000x1f92] (121)[debug]	Process 3 [Parallel VNS]: Received message from leader.

[28.09.2013 00:22:08.216310] [00000x1f92] (122)[debug]	Process 3: ignoring VNS interrupt msg received.

[28.09.2013 00:22:08.216322] [00000x1f92] (123)[debug]	Process 3 ready [VNS slave process].

[28.09.2013 00:22:08.596025] [00000x1f92] (124)[debug]	Process 3 [Parallel VNS]: Received message from leader.

[28.09.2013 00:22:08.597184] [00000x1f92] (125)[debug]	Process 3: VNS Output Message sent to grasp leader number 0. I(P) = 815
[28.09.2013 00:22:08.597213] [00000x1f92] (126)[debug]	Process 3 ready [VNS slave process].

[28.09.2013 00:22:08.608658] [00000x1f92] (127)[debug]	Process 3 [Parallel VNS]: Received message from leader.

[28.09.2013 00:22:08.627133] [00000x1f92] (128)[debug]	Process 3: VNS Output Message sent to grasp leader number 0. I(P) = 815
[28.09.2013 00:22:08.627178] [00000x1f92] (129)[debug]	Process 3 ready [VNS slave process].

[28.09.2013 00:22:08.631431] [00000x1f92] (130)[debug]	Process 3 [Parallel VNS]: Received message from leader.

[28.09.2013 00:22:08.631461] [00000x1f92] (131)[debug]	Process 3: ignoring VNS interrupt msg received.

[28.09.2013 00:22:08.631473] [00000x1f92] (132)[debug]	Process 3 ready [VNS slave process].

[28.09.2013 00:22:09.191620] [00000x1f92] (133)[debug]	Process 3 [Parallel VNS]: Received message from leader.

[28.09.2013 00:22:09.192776] [00000x1f92] (134)[debug]	Process 3: VNS Output Message sent to grasp leader number 0. I(P) = 814
[28.09.2013 00:22:09.192810] [00000x1f92] (135)[debug]	Process 3 ready [VNS slave process].

[28.09.2013 00:22:09.198310] [00000x1f92] (136)[debug]	Process 3 [Parallel VNS]: Received message from leader.

[28.09.2013 00:22:09.198873] [00000x1f92] (137)[debug]	Process 3: VNS Output Message sent to grasp leader number 0. I(P) = 814
[28.09.2013 00:22:09.198894] [00000x1f92] (138)[debug]	Process 3 ready [VNS slave process].

[28.09.2013 00:22:09.198981] [00000x1f92] (139)[debug]	Process 3 [Parallel VNS]: Received message from leader.

[28.09.2013 00:22:09.198995] [00000x1f92] (140)[debug]	Process 3: ignoring VNS interrupt msg received.

[28.09.2013 00:22:09.199007] [00000x1f92] (141)[debug]	Process 3 ready [VNS slave process].

[28.09.2013 00:22:09.666632] [00000x1f92] (142)[debug]	Process 3 [Parallel VNS]: Received message from leader.

[28.09.2013 00:22:09.667897] [00000x1f92] (143)[debug]	Process 3: VNS Output Message sent to grasp leader number 0. I(P) = 798
[28.09.2013 00:22:09.667921] [00000x1f92] (144)[debug]	Process 3 ready [VNS slave process].

[28.09.2013 00:22:09.670864] [00000x1f92] (145)[debug]	Process 3 [Parallel VNS]: Received message from leader.

[28.09.2013 00:22:09.670951] [00000x1f92] (146)[debug]	Process 3: VNS Output Message sent to grasp leader number 0. I(P) = 798
[28.09.2013 00:22:09.670971] [00000x1f92] (147)[debug]	Process 3 ready [VNS slave process].

[28.09.2013 00:22:09.673765] [00000x1f92] (148)[debug]	Process 3 [Parallel VNS]: Received message from leader.

[28.09.2013 00:22:09.702711] [00000x1f92] (149)[debug]	Process 3: VNS Output Message sent to grasp leader number 0. I(P) = 798
[28.09.2013 00:22:09.702748] [00000x1f92] (150)[debug]	Process 3 ready [VNS slave process].

[28.09.2013 00:22:09.703999] [00000x1f92] (151)[debug]	Process 3 [Parallel VNS]: Received message from leader.

[28.09.2013 00:22:09.704014] [00000x1f92] (152)[debug]	Process 3: ignoring VNS interrupt msg received.

[28.09.2013 00:22:09.704026] [00000x1f92] (153)[debug]	Process 3 ready [VNS slave process].

[28.09.2013 00:22:10.167564] [00000x1f92] (154)[debug]	Process 3 [Parallel VNS]: Received message from leader.

[28.09.2013 00:22:10.168705] [00000x1f92] (155)[debug]	Process 3: VNS Output Message sent to grasp leader number 0. I(P) = 801
[28.09.2013 00:22:10.168726] [00000x1f92] (156)[debug]	Process 3 ready [VNS slave process].

[28.09.2013 00:22:10.170335] [00000x1f92] (157)[debug]	Process 3 [Parallel VNS]: Received message from leader.

[28.09.2013 00:22:10.184989] [00000x1f92] (158)[trace]	VNS interrupt message received.
[28.09.2013 00:22:10.185026] [00000x1f92] (159)[debug]	Process 3: VNS Output Message sent to grasp leader number 0. I(P) = 801
[28.09.2013 00:22:10.185046] [00000x1f92] (160)[debug]	Process 3 ready [VNS slave process].

[28.09.2013 00:22:10.708029] [00000x1f92] (161)[debug]	Process 3 [Parallel VNS]: Received message from leader.

[28.09.2013 00:22:10.708154] [00000x1f92] (162)[debug]	Process 3: VNS Output Message sent to grasp leader number 0. I(P) = 786
[28.09.2013 00:22:10.708174] [00000x1f92] (163)[debug]	Process 3 ready [VNS slave process].

[28.09.2013 00:22:10.711489] [00000x1f92] (164)[debug]	Process 3 [Parallel VNS]: Received message from leader.

[28.09.2013 00:22:10.716431] [00000x1f92] (165)[trace]	VNS interrupt message received.
[28.09.2013 00:22:10.716505] [00000x1f92] (166)[debug]	Process 3: VNS Output Message sent to grasp leader number 0. I(P) = 786
[28.09.2013 00:22:10.716534] [00000x1f92] (167)[debug]	Process 3 ready [VNS slave process].

[28.09.2013 00:22:11.385446] [00000x1f92] (168)[debug]	Process 3 [Parallel VNS]: Received message from leader.

[28.09.2013 00:22:11.385672] [00000x1f92] (169)[debug]	Process 3: VNS Output Message sent to grasp leader number 0. I(P) = 795
[28.09.2013 00:22:11.385695] [00000x1f92] (170)[debug]	Process 3 ready [VNS slave process].

[28.09.2013 00:22:11.402482] [00000x1f92] (171)[debug]	Process 3 [Parallel VNS]: Received message from leader.

[28.09.2013 00:22:11.403913] [00000x1f92] (172)[trace]	VNS interrupt message received.
[28.09.2013 00:22:11.403943] [00000x1f92] (173)[debug]	Process 3: VNS Output Message sent to grasp leader number 0. I(P) = 795
[28.09.2013 00:22:11.403963] [00000x1f92] (174)[debug]	Process 3 ready [VNS slave process].

[28.09.2013 00:22:11.965133] [00000x1f92] (175)[debug]	Process 3 [Parallel VNS]: Received message from leader.

[28.09.2013 00:22:11.965239] [00000x1f92] (176)[debug]	Process 3: VNS Output Message sent to grasp leader number 0. I(P) = 812
[28.09.2013 00:22:11.965260] [00000x1f92] (177)[debug]	Process 3 ready [VNS slave process].

[28.09.2013 00:22:11.970314] [00000x1f92] (178)[debug]	Process 3 [Parallel VNS]: Received message from leader.

[28.09.2013 00:22:11.985783] [00000x1f92] (179)[trace]	VNS interrupt message received.
[28.09.2013 00:22:11.985832] [00000x1f92] (180)[debug]	Process 3: VNS Output Message sent to grasp leader number 0. I(P) = 812
[28.09.2013 00:22:11.985855] [00000x1f92] (181)[debug]	Process 3 ready [VNS slave process].

[28.09.2013 00:22:12.600484] [00000x1f92] (182)[debug]	Process 3 [Parallel VNS]: Received message from leader.

[28.09.2013 00:22:12.600716] [00000x1f92] (183)[debug]	Process 3: VNS Output Message sent to grasp leader number 0. I(P) = 804
[28.09.2013 00:22:12.600739] [00000x1f92] (184)[debug]	Process 3 ready [VNS slave process].

[28.09.2013 00:22:12.602906] [00000x1f92] (185)[debug]	Process 3 [Parallel VNS]: Received message from leader.

[28.09.2013 00:22:12.603060] [00000x1f92] (186)[debug]	Process 3: VNS Output Message sent to grasp leader number 0. I(P) = 803
[28.09.2013 00:22:12.603079] [00000x1f92] (187)[debug]	Process 3 ready [VNS slave process].

[28.09.2013 00:22:12.604766] [00000x1f92] (188)[debug]	Process 3 [Parallel VNS]: Received message from leader.

[28.09.2013 00:22:12.669676] [00000x1f92] (189)[trace]	VNS interrupt message received.
[28.09.2013 00:22:12.669721] [00000x1f92] (190)[debug]	Process 3: VNS Output Message sent to grasp leader number 0. I(P) = 803
[28.09.2013 00:22:12.669742] [00000x1f92] (191)[debug]	Process 3 ready [VNS slave process].

[28.09.2013 00:22:13.188983] [00000x1f92] (192)[debug]	Process 3 [Parallel VNS]: Received message from leader.

[28.09.2013 00:22:13.193205] [00000x1f92] (193)[debug]	Process 3: VNS Output Message sent to grasp leader number 0. I(P) = 807
[28.09.2013 00:22:13.193253] [00000x1f92] (194)[debug]	Process 3 ready [VNS slave process].

[28.09.2013 00:22:13.196310] [00000x1f92] (195)[debug]	Process 3 [Parallel VNS]: Received message from leader.

[28.09.2013 00:22:13.202133] [00000x1f92] (196)[debug]	Process 3: VNS Output Message sent to grasp leader number 0. I(P) = 806
[28.09.2013 00:22:13.202179] [00000x1f92] (197)[debug]	Process 3 ready [VNS slave process].

[28.09.2013 00:22:13.204061] [00000x1f92] (198)[debug]	Process 3 [Parallel VNS]: Received message from leader.

[28.09.2013 00:22:13.206458] [00000x1f92] (199)[debug]	Process 3: VNS Output Message sent to grasp leader number 0. I(P) = 805
[28.09.2013 00:22:13.206489] [00000x1f92] (200)[debug]	Process 3 ready [VNS slave process].

[28.09.2013 00:22:13.210084] [00000x1f92] (201)[debug]	Process 3 [Parallel VNS]: Received message from leader.

[28.09.2013 00:22:13.210197] [00000x1f92] (202)[debug]	Process 3: VNS Output Message sent to grasp leader number 0. I(P) = 805
[28.09.2013 00:22:13.210218] [00000x1f92] (203)[debug]	Process 3 ready [VNS slave process].

[28.09.2013 00:22:13.213678] [00000x1f92] (204)[debug]	Process 3 [Parallel VNS]: Received message from leader.

[28.09.2013 00:22:13.213797] [00000x1f92] (205)[debug]	Process 3: VNS Output Message sent to grasp leader number 0. I(P) = 804
[28.09.2013 00:22:13.213816] [00000x1f92] (206)[debug]	Process 3 ready [VNS slave process].

[28.09.2013 00:22:13.221832] [00000x1f92] (207)[debug]	Process 3 [Parallel VNS]: Received message from leader.

[28.09.2013 00:22:13.296875] [00000x1f92] (208)[trace]	VNS interrupt message received.
[28.09.2013 00:22:13.296922] [00000x1f92] (209)[debug]	Process 3: VNS Output Message sent to grasp leader number 0. I(P) = 804
[28.09.2013 00:22:13.296943] [00000x1f92] (210)[debug]	Process 3 ready [VNS slave process].

[28.09.2013 00:22:13.825285] [00000x1f92] (211)[debug]	Process 3 [Parallel VNS]: Received message from leader.

[28.09.2013 00:22:13.827040] [00000x1f92] (212)[debug]	Process 3: VNS Output Message sent to grasp leader number 0. I(P) = 809
[28.09.2013 00:22:13.827076] [00000x1f92] (213)[debug]	Process 3 ready [VNS slave process].

[28.09.2013 00:22:13.830696] [00000x1f92] (214)[debug]	Process 3 [Parallel VNS]: Received message from leader.

[28.09.2013 00:22:13.867782] [00000x1f92] (215)[trace]	VNS interrupt message received.
[28.09.2013 00:22:13.867844] [00000x1f92] (216)[debug]	Process 3: VNS Output Message sent to grasp leader number 0. I(P) = 809
[28.09.2013 00:22:13.867868] [00000x1f92] (217)[debug]	Process 3 ready [VNS slave process].

[28.09.2013 00:22:14.540480] [00000x1f92] (218)[debug]	Process 3 [Parallel VNS]: Received message from leader.

[28.09.2013 00:22:14.540645] [00000x1f92] (219)[debug]	Process 3: VNS Output Message sent to grasp leader number 0. I(P) = 802
[28.09.2013 00:22:14.540666] [00000x1f92] (220)[debug]	Process 3 ready [VNS slave process].

[28.09.2013 00:22:14.547087] [00000x1f92] (221)[debug]	Process 3 [Parallel VNS]: Received message from leader.

[28.09.2013 00:22:14.557253] [00000x1f92] (222)[trace]	VNS interrupt message received.
[28.09.2013 00:22:14.557296] [00000x1f92] (223)[debug]	Process 3: VNS Output Message sent to grasp leader number 0. I(P) = 802
[28.09.2013 00:22:14.557318] [00000x1f92] (224)[debug]	Process 3 ready [VNS slave process].

[28.09.2013 00:22:15.246280] [00000x1f92] (225)[debug]	Process 3 [Parallel VNS]: Received message from leader.

[28.09.2013 00:22:15.248162] [00000x1f92] (226)[debug]	Process 3: VNS Output Message sent to grasp leader number 0. I(P) = 805
[28.09.2013 00:22:15.248226] [00000x1f92] (227)[debug]	Process 3 ready [VNS slave process].

[28.09.2013 00:22:15.249666] [00000x1f92] (228)[debug]	Process 3 [Parallel VNS]: Received message from leader.

[28.09.2013 00:22:15.249771] [00000x1f92] (229)[debug]	Process 3: VNS Output Message sent to grasp leader number 0. I(P) = 805
[28.09.2013 00:22:15.249807] [00000x1f92] (230)[debug]	Process 3 ready [VNS slave process].

[28.09.2013 00:22:15.252026] [00000x1f92] (231)[debug]	Process 3 [Parallel VNS]: Received message from leader.

[28.09.2013 00:22:15.252158] [00000x1f92] (232)[debug]	Process 3: VNS Output Message sent to grasp leader number 0. I(P) = 804
[28.09.2013 00:22:15.252178] [00000x1f92] (233)[debug]	Process 3 ready [VNS slave process].

[28.09.2013 00:22:15.259190] [00000x1f92] (234)[debug]	Process 3 [Parallel VNS]: Received message from leader.

[28.09.2013 00:22:17.451312] [00000x1f92] (235)[debug]	Process 3: VNS Output Message sent to grasp leader number 0. I(P) = 804
[28.09.2013 00:22:17.451400] [00000x1f92] (236)[debug]	Process 3 ready [VNS slave process].

[28.09.2013 00:22:17.454203] [00000x1f92] (237)[debug]	Process 3 [Parallel VNS]: Received message from leader.

[28.09.2013 00:22:17.454252] [00000x1f92] (238)[debug]	Process 3: ignoring VNS interrupt msg received.

[28.09.2013 00:22:17.454280] [00000x1f92] (239)[debug]	Process 3 ready [VNS slave process].

[28.09.2013 00:22:18.680053] [00000x1f92] (240)[debug]	Process 3 [Parallel VNS]: Received message from leader.

[28.09.2013 00:22:18.680162] [00000x1f92] (241)[debug]	Process 3: VNS Output Message sent to grasp leader number 0. I(P) = 806
[28.09.2013 00:22:18.680186] [00000x1f92] (242)[debug]	Process 3 ready [VNS slave process].

[28.09.2013 00:22:18.694331] [00000x1f92] (243)[debug]	Process 3 [Parallel VNS]: Received message from leader.

[28.09.2013 00:22:18.696977] [00000x1f92] (244)[debug]	Process 3: VNS Output Message sent to grasp leader number 0. I(P) = 806
[28.09.2013 00:22:18.697008] [00000x1f92] (245)[debug]	Process 3 ready [VNS slave process].

[28.09.2013 00:22:18.708812] [00000x1f92] (246)[debug]	Process 3 [Parallel VNS]: Received message from leader.

[28.09.2013 00:22:18.708851] [00000x1f92] (247)[debug]	Process 3: ignoring VNS interrupt msg received.

[28.09.2013 00:22:18.708863] [00000x1f92] (248)[debug]	Process 3 ready [VNS slave process].

[28.09.2013 00:22:19.431908] [00000x1f92] (249)[debug]	Process 3 [Parallel VNS]: Received message from leader.

[28.09.2013 00:22:19.432056] [00000x1f92] (250)[debug]	Process 3: VNS Output Message sent to grasp leader number 0. I(P) = 814
[28.09.2013 00:22:19.432079] [00000x1f92] (251)[debug]	Process 3 ready [VNS slave process].

[28.09.2013 00:22:19.434162] [00000x1f92] (252)[debug]	Process 3 [Parallel VNS]: Received message from leader.

[28.09.2013 00:22:19.459781] [00000x1f92] (253)[debug]	Process 3: VNS Output Message sent to grasp leader number 0. I(P) = 814
[28.09.2013 00:22:19.459816] [00000x1f92] (254)[debug]	Process 3 ready [VNS slave process].

[28.09.2013 00:22:19.459965] [00000x1f92] (255)[debug]	Process 3 [Parallel VNS]: Received message from leader.

[28.09.2013 00:22:19.459979] [00000x1f92] (256)[debug]	Process 3: ignoring VNS interrupt msg received.

[28.09.2013 00:22:19.459990] [00000x1f92] (257)[debug]	Process 3 ready [VNS slave process].

[28.09.2013 00:22:20.534543] [00000x1f92] (258)[debug]	Process 3 [Parallel VNS]: Received message from leader.

[28.09.2013 00:22:20.534667] [00000x1f92] (259)[debug]	Process 3: VNS Output Message sent to grasp leader number 0. I(P) = 808
[28.09.2013 00:22:20.534688] [00000x1f92] (260)[debug]	Process 3 ready [VNS slave process].

[28.09.2013 00:22:20.543248] [00000x1f92] (261)[debug]	Process 3 [Parallel VNS]: Received message from leader.

[28.09.2013 00:22:20.543442] [00000x1f92] (262)[debug]	Process 3: VNS Output Message sent to grasp leader number 0. I(P) = 808
[28.09.2013 00:22:20.543463] [00000x1f92] (263)[debug]	Process 3 ready [VNS slave process].

[28.09.2013 00:22:21.066366] [00000x1f92] (264)[debug]	Process 3 [Parallel VNS]: Received message from leader.

[28.09.2013 00:22:21.067446] [00000x1f92] (265)[debug]	Process 3: VNS Output Message sent to grasp leader number 0. I(P) = 801
[28.09.2013 00:22:21.067477] [00000x1f92] (266)[debug]	Process 3 ready [VNS slave process].

[28.09.2013 00:22:21.092083] [00000x1f92] (267)[debug]	Process 3 [Parallel VNS]: Received message from leader.

[28.09.2013 00:22:21.093285] [00000x1f92] (268)[debug]	Process 3: VNS Output Message sent to grasp leader number 0. I(P) = 801
[28.09.2013 00:22:21.093311] [00000x1f92] (269)[debug]	Process 3 ready [VNS slave process].

[28.09.2013 00:22:21.113586] [00000x1f92] (270)[debug]	Process 3 [Parallel VNS]: Received message from leader.

[28.09.2013 00:22:21.113839] [00000x1f92] (271)[debug]	Process 3: VNS Output Message sent to grasp leader number 0. I(P) = 801
[28.09.2013 00:22:21.113866] [00000x1f92] (272)[debug]	Process 3 ready [VNS slave process].

[28.09.2013 00:22:22.260844] [00000x1f92] (273)[debug]	Process 3 [Parallel VNS]: Received message from leader.

[28.09.2013 00:22:22.262044] [00000x1f92] (274)[debug]	Process 3: VNS Output Message sent to grasp leader number 0. I(P) = 806
[28.09.2013 00:22:22.262087] [00000x1f92] (275)[debug]	Process 3 ready [VNS slave process].

[28.09.2013 00:22:22.270340] [00000x1f92] (276)[debug]	Process 3 [Parallel VNS]: Received message from leader.

[28.09.2013 00:22:22.294076] [00000x1f92] (277)[trace]	VNS interrupt message received.
[28.09.2013 00:22:22.294144] [00000x1f92] (278)[debug]	Process 3: VNS Output Message sent to grasp leader number 0. I(P) = 806
[28.09.2013 00:22:22.294171] [00000x1f92] (279)[debug]	Process 3 ready [VNS slave process].

[28.09.2013 00:22:23.909392] [00000x1f92] (280)[debug]	Process 3 [Parallel VNS]: Received message from leader.

[28.09.2013 00:22:23.909531] [00000x1f92] (281)[debug]	Process 3: VNS Output Message sent to grasp leader number 0. I(P) = 783
[28.09.2013 00:22:23.909553] [00000x1f92] (282)[debug]	Process 3 ready [VNS slave process].

[28.09.2013 00:22:23.915997] [00000x1f92] (283)[debug]	Process 3 [Parallel VNS]: Received message from leader.

[28.09.2013 00:22:23.916311] [00000x1f92] (284)[debug]	Process 3: VNS Output Message sent to grasp leader number 0. I(P) = 782
[28.09.2013 00:22:23.916334] [00000x1f92] (285)[debug]	Process 3 ready [VNS slave process].

[28.09.2013 00:22:23.942665] [00000x1f92] (286)[debug]	Process 3 [Parallel VNS]: Received message from leader.

[28.09.2013 00:22:23.942696] [00000x1f92] (287)[debug]	Process 3: ignoring VNS interrupt msg received.

[28.09.2013 00:22:23.942708] [00000x1f92] (288)[debug]	Process 3 ready [VNS slave process].

[28.09.2013 00:22:23.942744] [00000x1f92] (289)[debug]	Process 3 [Parallel VNS]: Received message from leader.

[28.09.2013 00:22:23.942905] [00000x1f92] (290)[debug]	Process 3: VNS Output Message sent to grasp leader number 0. I(P) = 782
[28.09.2013 00:22:23.942927] [00000x1f92] (291)[debug]	Process 3 ready [VNS slave process].

[28.09.2013 00:22:23.962949] [00000x1f92] (292)[debug]	Process 3 [Parallel VNS]: Received message from leader.

[28.09.2013 00:22:24.045600] [00000x1f92] (293)[debug]	Process 3: VNS Output Message sent to grasp leader number 0. I(P) = 781
[28.09.2013 00:22:24.045687] [00000x1f92] (294)[debug]	Process 3 ready [VNS slave process].

[28.09.2013 00:22:24.054319] [00000x1f92] (295)[debug]	Process 3 [Parallel VNS]: Received message from leader.

[28.09.2013 00:22:24.054380] [00000x1f92] (296)[debug]	Process 3: ignoring VNS interrupt msg received.

[28.09.2013 00:22:24.054393] [00000x1f92] (297)[debug]	Process 3 ready [VNS slave process].

[28.09.2013 00:22:24.056296] [00000x1f92] (298)[debug]	Process 3 [Parallel VNS]: Received message from leader.

[28.09.2013 00:22:24.057635] [00000x1f92] (299)[debug]	Process 3: VNS Output Message sent to grasp leader number 0. I(P) = 781
[28.09.2013 00:22:24.057684] [00000x1f92] (300)[debug]	Process 3 ready [VNS slave process].

[28.09.2013 00:22:24.063015] [00000x1f92] (301)[debug]	Process 3 [Parallel VNS]: Received message from leader.

[28.09.2013 00:22:24.099510] [00000x1f92] (302)[debug]	Process 3: VNS Output Message sent to grasp leader number 0. I(P) = 781
[28.09.2013 00:22:24.099602] [00000x1f92] (303)[debug]	Process 3 ready [VNS slave process].

[28.09.2013 00:22:24.895669] [00000x1f92] (304)[debug]	Process 3 [Parallel VNS]: Received message from leader.

[28.09.2013 00:22:24.896822] [00000x1f92] (305)[debug]	Process 3: VNS Output Message sent to grasp leader number 0. I(P) = 794
[28.09.2013 00:22:24.896846] [00000x1f92] (306)[debug]	Process 3 ready [VNS slave process].

[28.09.2013 00:22:24.899391] [00000x1f92] (307)[debug]	Process 3 [Parallel VNS]: Received message from leader.

[28.09.2013 00:22:24.900221] [00000x1f92] (308)[debug]	Process 3: VNS Output Message sent to grasp leader number 0. I(P) = 794
[28.09.2013 00:22:24.900243] [00000x1f92] (309)[debug]	Process 3 ready [VNS slave process].

[28.09.2013 00:22:24.900905] [00000x1f92] (310)[debug]	Process 3 [Parallel VNS]: Received message from leader.

[28.09.2013 00:22:24.900919] [00000x1f92] (311)[debug]	Process 3: ignoring VNS interrupt msg received.

[28.09.2013 00:22:24.900931] [00000x1f92] (312)[debug]	Process 3 ready [VNS slave process].

[28.09.2013 00:22:25.234329] [00000x1f92] (313)[debug]	Process 3 [Parallel VNS]: Received message from leader.

[28.09.2013 00:22:25.235536] [00000x1f92] (314)[debug]	Process 3: VNS Output Message sent to grasp leader number 0. I(P) = 800
[28.09.2013 00:22:25.235564] [00000x1f92] (315)[debug]	Process 3 ready [VNS slave process].

[28.09.2013 00:22:25.239465] [00000x1f92] (316)[debug]	Process 3 [Parallel VNS]: Received message from leader.

[28.09.2013 00:22:25.291287] [00000x1f92] (317)[trace]	VNS interrupt message received.
[28.09.2013 00:22:25.291331] [00000x1f92] (318)[debug]	Process 3: VNS Output Message sent to grasp leader number 0. I(P) = 800
[28.09.2013 00:22:25.291351] [00000x1f92] (319)[debug]	Process 3 ready [VNS slave process].

[28.09.2013 00:22:25.450358] [00000x1f92] (320)[debug]	Process 3 [Parallel VNS]: Received message from leader.

[28.09.2013 00:22:25.451510] [00000x1f92] (321)[debug]	Process 3: VNS Output Message sent to grasp leader number 0. I(P) = 812
[28.09.2013 00:22:25.451537] [00000x1f92] (322)[debug]	Process 3 ready [VNS slave process].

[28.09.2013 00:22:25.455685] [00000x1f92] (323)[debug]	Process 3 [Parallel VNS]: Received message from leader.

[28.09.2013 00:22:25.465484] [00000x1f92] (324)[trace]	VNS interrupt message received.
[28.09.2013 00:22:25.465537] [00000x1f92] (325)[debug]	Process 3: VNS Output Message sent to grasp leader number 0. I(P) = 812
[28.09.2013 00:22:25.465561] [00000x1f92] (326)[debug]	Process 3 ready [VNS slave process].

[28.09.2013 00:22:25.644557] [00000x1f92] (327)[debug]	Process 3 [Parallel VNS]: Received message from leader.

[28.09.2013 00:22:25.645786] [00000x1f92] (328)[debug]	Process 3: VNS Output Message sent to grasp leader number 0. I(P) = 801
[28.09.2013 00:22:25.645810] [00000x1f92] (329)[debug]	Process 3 ready [VNS slave process].

[28.09.2013 00:22:25.656089] [00000x1f92] (330)[debug]	Process 3 [Parallel VNS]: Received message from leader.

[28.09.2013 00:22:25.694338] [00000x1f92] (331)[trace]	VNS interrupt message received.
[28.09.2013 00:22:25.694381] [00000x1f92] (332)[debug]	Process 3: VNS Output Message sent to grasp leader number 0. I(P) = 801
[28.09.2013 00:22:25.694401] [00000x1f92] (333)[debug]	Process 3 ready [VNS slave process].

[28.09.2013 00:22:26.420363] [00000x1f92] (334)[debug]	Process 3 [Parallel VNS]: Received message from leader.

[28.09.2013 00:22:26.421137] [00000x1f92] (335)[debug]	Process 3: VNS Output Message sent to grasp leader number 0. I(P) = 802
[28.09.2013 00:22:26.421161] [00000x1f92] (336)[debug]	Process 3 ready [VNS slave process].

[28.09.2013 00:22:26.424891] [00000x1f92] (337)[debug]	Process 3 [Parallel VNS]: Received message from leader.

[28.09.2013 00:22:26.465996] [00000x1f92] (338)[debug]	Process 3: VNS Output Message sent to grasp leader number 0. I(P) = 802
[28.09.2013 00:22:26.466072] [00000x1f92] (339)[debug]	Process 3 ready [VNS slave process].

[28.09.2013 00:22:26.470058] [00000x1f92] (340)[debug]	Process 3 [Parallel VNS]: Received message from leader.

[28.09.2013 00:22:26.470081] [00000x1f92] (341)[debug]	Process 3: ignoring VNS interrupt msg received.

[28.09.2013 00:22:26.470093] [00000x1f92] (342)[debug]	Process 3 ready [VNS slave process].

[28.09.2013 00:22:27.542360] [00000x1f92] (343)[debug]	Process 3 [Parallel VNS]: Received message from leader.

[28.09.2013 00:22:27.543522] [00000x1f92] (344)[debug]	Process 3: VNS Output Message sent to grasp leader number 0. I(P) = 805
[28.09.2013 00:22:27.543568] [00000x1f92] (345)[debug]	Process 3 ready [VNS slave process].

[28.09.2013 00:22:27.562110] [00000x1f92] (346)[debug]	Process 3 [Parallel VNS]: Received message from leader.

[28.09.2013 00:22:27.562342] [00000x1f92] (347)[debug]	Process 3: VNS Output Message sent to grasp leader number 0. I(P) = 805
[28.09.2013 00:22:27.562369] [00000x1f92] (348)[debug]	Process 3 ready [VNS slave process].

[28.09.2013 00:22:27.567644] [00000x1f92] (349)[debug]	Process 3 [Parallel VNS]: Received message from leader.

[28.09.2013 00:22:27.605270] [00000x1f92] (350)[trace]	VNS interrupt message received.
[28.09.2013 00:22:27.605357] [00000x1f92] (351)[debug]	Process 3: VNS Output Message sent to grasp leader number 0. I(P) = 805
[28.09.2013 00:22:27.605385] [00000x1f92] (352)[debug]	Process 3 ready [VNS slave process].

[28.09.2013 00:22:28.519125] [00000x1f92] (353)[debug]	Process 3 [Parallel VNS]: Received message from leader.

[28.09.2013 00:22:28.520445] [00000x1f92] (354)[debug]	Process 3: VNS Output Message sent to grasp leader number 0. I(P) = 797
[28.09.2013 00:22:28.520486] [00000x1f92] (355)[debug]	Process 3 ready [VNS slave process].

[28.09.2013 00:22:28.530096] [00000x1f92] (356)[debug]	Process 3 [Parallel VNS]: Received message from leader.

[28.09.2013 00:22:28.544340] [00000x1f92] (357)[trace]	VNS interrupt message received.
[28.09.2013 00:22:28.544392] [00000x1f92] (358)[debug]	Process 3: VNS Output Message sent to grasp leader number 0. I(P) = 797
[28.09.2013 00:22:28.544414] [00000x1f92] (359)[debug]	Process 3 ready [VNS slave process].

[28.09.2013 00:22:29.118186] [00000x1f92] (360)[debug]	Process 3 [Parallel VNS]: Received message from leader.

[28.09.2013 00:22:29.119361] [00000x1f92] (361)[debug]	Process 3: VNS Output Message sent to grasp leader number 0. I(P) = 799
[28.09.2013 00:22:29.119393] [00000x1f92] (362)[debug]	Process 3 ready [VNS slave process].

[28.09.2013 00:22:29.124330] [00000x1f92] (363)[debug]	Process 3 [Parallel VNS]: Received message from leader.

[28.09.2013 00:22:29.127405] [00000x1f92] (364)[debug]	Process 3: VNS Output Message sent to grasp leader number 0. I(P) = 799
[28.09.2013 00:22:29.127441] [00000x1f92] (365)[debug]	Process 3 ready [VNS slave process].

[28.09.2013 00:22:29.130490] [00000x1f92] (366)[debug]	Process 3 [Parallel VNS]: Received message from leader.

[28.09.2013 00:22:29.130514] [00000x1f92] (367)[debug]	Process 3: ignoring VNS interrupt msg received.

[28.09.2013 00:22:29.130526] [00000x1f92] (368)[debug]	Process 3 ready [VNS slave process].

[28.09.2013 00:22:29.719743] [00000x1f92] (369)[debug]	Process 3 [Parallel VNS]: Received message from leader.

[28.09.2013 00:22:29.720895] [00000x1f92] (370)[debug]	Process 3: VNS Output Message sent to grasp leader number 0. I(P) = 802
[28.09.2013 00:22:29.720920] [00000x1f92] (371)[debug]	Process 3 ready [VNS slave process].

[28.09.2013 00:22:29.721327] [00000x1f92] (372)[debug]	Process 3 [Parallel VNS]: Received message from leader.

[28.09.2013 00:22:29.722883] [00000x1f92] (373)[debug]	Process 3: VNS Output Message sent to grasp leader number 0. I(P) = 801
[28.09.2013 00:22:29.722921] [00000x1f92] (374)[debug]	Process 3 ready [VNS slave process].

[28.09.2013 00:22:29.726627] [00000x1f92] (375)[debug]	Process 3 [Parallel VNS]: Received message from leader.

[28.09.2013 00:22:29.726780] [00000x1f92] (376)[debug]	Process 3: VNS Output Message sent to grasp leader number 0. I(P) = 801
[28.09.2013 00:22:29.726800] [00000x1f92] (377)[debug]	Process 3 ready [VNS slave process].

[28.09.2013 00:22:29.728839] [00000x1f92] (378)[debug]	Process 3 [Parallel VNS]: Received message from leader.

[28.09.2013 00:22:29.729861] [00000x1f92] (379)[debug]	Process 3: VNS Output Message sent to grasp leader number 0. I(P) = 800
[28.09.2013 00:22:29.729889] [00000x1f92] (380)[debug]	Process 3 ready [VNS slave process].

[28.09.2013 00:22:29.735393] [00000x1f92] (381)[debug]	Process 3 [Parallel VNS]: Received message from leader.

[28.09.2013 00:22:29.743382] [00000x1f92] (382)[debug]	Process 3: VNS Output Message sent to grasp leader number 0. I(P) = 800
[28.09.2013 00:22:29.743411] [00000x1f92] (383)[debug]	Process 3 ready [VNS slave process].

[28.09.2013 00:22:29.746293] [00000x1f92] (384)[debug]	Process 3 [Parallel VNS]: Received message from leader.

[28.09.2013 00:22:29.746313] [00000x1f92] (385)[debug]	Process 3: ignoring VNS interrupt msg received.

[28.09.2013 00:22:29.746325] [00000x1f92] (386)[debug]	Process 3 ready [VNS slave process].

[28.09.2013 00:22:30.365119] [00000x1f92] (387)[debug]	Process 3 [Parallel VNS]: Received message from leader.

[28.09.2013 00:22:30.365270] [00000x1f92] (388)[debug]	Process 3: VNS Output Message sent to grasp leader number 0. I(P) = 812
[28.09.2013 00:22:30.365291] [00000x1f92] (389)[debug]	Process 3 ready [VNS slave process].

[28.09.2013 00:22:30.369118] [00000x1f92] (390)[debug]	Process 3 [Parallel VNS]: Received message from leader.

[28.09.2013 00:22:30.370175] [00000x1f92] (391)[debug]	Process 3: VNS Output Message sent to grasp leader number 0. I(P) = 811
[28.09.2013 00:22:30.370197] [00000x1f92] (392)[debug]	Process 3 ready [VNS slave process].

[28.09.2013 00:22:30.379232] [00000x1f92] (393)[debug]	Process 3 [Parallel VNS]: Received message from leader.

[28.09.2013 00:22:30.411786] [00000x1f92] (394)[debug]	Process 3: VNS Output Message sent to grasp leader number 0. I(P) = 811
[28.09.2013 00:22:30.411851] [00000x1f92] (395)[debug]	Process 3 ready [VNS slave process].

[28.09.2013 00:22:30.414417] [00000x1f92] (396)[debug]	Process 3 [Parallel VNS]: Received message from leader.

[28.09.2013 00:22:30.414436] [00000x1f92] (397)[debug]	Process 3: ignoring VNS interrupt msg received.

[28.09.2013 00:22:30.414448] [00000x1f92] (398)[debug]	Process 3 ready [VNS slave process].

[28.09.2013 00:22:30.761391] [00000x1f92] (399)[debug]	Process 3 [Parallel VNS]: Received message from leader.

[28.09.2013 00:22:30.761542] [00000x1f92] (400)[debug]	Process 3: VNS Output Message sent to grasp leader number 0. I(P) = 802
[28.09.2013 00:22:30.761565] [00000x1f92] (401)[debug]	Process 3 ready [VNS slave process].

[28.09.2013 00:22:30.766614] [00000x1f92] (402)[debug]	Process 3 [Parallel VNS]: Received message from leader.

[28.09.2013 00:22:30.791333] [00000x1f92] (403)[trace]	VNS interrupt message received.
[28.09.2013 00:22:30.791390] [00000x1f92] (404)[debug]	Process 3: VNS Output Message sent to grasp leader number 0. I(P) = 802
[28.09.2013 00:22:30.791415] [00000x1f92] (405)[debug]	Process 3 ready [VNS slave process].

[28.09.2013 00:22:31.122701] [00000x1f92] (406)[debug]	Process 3 [Parallel VNS]: Received message from leader.

[28.09.2013 00:22:31.127226] [00000x1f92] (407)[debug]	Process 3: VNS Output Message sent to grasp leader number 0. I(P) = 812
[28.09.2013 00:22:31.127281] [00000x1f92] (408)[debug]	Process 3 ready [VNS slave process].

[28.09.2013 00:22:31.135036] [00000x1f92] (409)[debug]	Process 3 [Parallel VNS]: Received message from leader.

[28.09.2013 00:22:31.135145] [00000x1f92] (410)[debug]	Process 3: VNS Output Message sent to grasp leader number 0. I(P) = 812
[28.09.2013 00:22:31.135166] [00000x1f92] (411)[debug]	Process 3 ready [VNS slave process].

[28.09.2013 00:22:31.135602] [00000x1f92] (412)[debug]	Process 3 [Parallel VNS]: Received message from leader.

[28.09.2013 00:22:31.135616] [00000x1f92] (413)[debug]	Process 3: ignoring VNS interrupt msg received.

[28.09.2013 00:22:31.135628] [00000x1f92] (414)[debug]	Process 3 ready [VNS slave process].

[28.09.2013 00:22:31.471919] [00000x1f92] (415)[debug]	Process 3 [Parallel VNS]: Received message from leader.

[28.09.2013 00:22:31.473144] [00000x1f92] (416)[debug]	Process 3: VNS Output Message sent to grasp leader number 0. I(P) = 800
[28.09.2013 00:22:31.473189] [00000x1f92] (417)[debug]	Process 3 ready [VNS slave process].

[28.09.2013 00:22:31.480012] [00000x1f92] (418)[debug]	Process 3 [Parallel VNS]: Received message from leader.

[28.09.2013 00:22:31.480084] [00000x1f92] (419)[trace]	VNS interrupt message received.
[28.09.2013 00:22:31.480115] [00000x1f92] (420)[debug]	Process 3: VNS Output Message sent to grasp leader number 0. I(P) = 800
[28.09.2013 00:22:31.480138] [00000x1f92] (421)[debug]	Process 3 ready [VNS slave process].

[28.09.2013 00:22:31.904088] [00000x1f92] (422)[debug]	Process 3 [Parallel VNS]: Received message from leader.

[28.09.2013 00:22:31.904268] [00000x1f92] (423)[debug]	Process 3: VNS Output Message sent to grasp leader number 0. I(P) = 806
[28.09.2013 00:22:31.904291] [00000x1f92] (424)[debug]	Process 3 ready [VNS slave process].

[28.09.2013 00:22:31.912181] [00000x1f92] (425)[debug]	Process 3 [Parallel VNS]: Received message from leader.

[28.09.2013 00:22:31.943451] [00000x1f92] (426)[debug]	Process 3: VNS Output Message sent to grasp leader number 0. I(P) = 806
[28.09.2013 00:22:31.943517] [00000x1f92] (427)[debug]	Process 3 ready [VNS slave process].

[28.09.2013 00:22:31.946427] [00000x1f92] (428)[debug]	Process 3 [Parallel VNS]: Received message from leader.

[28.09.2013 00:22:31.946446] [00000x1f92] (429)[debug]	Process 3: ignoring VNS interrupt msg received.

[28.09.2013 00:22:31.946458] [00000x1f92] (430)[debug]	Process 3 ready [VNS slave process].

[28.09.2013 00:22:32.507456] [00000x1f92] (431)[debug]	Process 3 [Parallel VNS]: Received message from leader.

[28.09.2013 00:22:32.507602] [00000x1f92] (432)[debug]	Process 3: VNS Output Message sent to grasp leader number 0. I(P) = 808
[28.09.2013 00:22:32.507625] [00000x1f92] (433)[debug]	Process 3 ready [VNS slave process].

[28.09.2013 00:22:32.514594] [00000x1f92] (434)[debug]	Process 3 [Parallel VNS]: Received message from leader.

[28.09.2013 00:22:32.528398] [00000x1f92] (435)[debug]	Process 3: VNS Output Message sent to grasp leader number 0. I(P) = 807
[28.09.2013 00:22:32.528437] [00000x1f92] (436)[debug]	Process 3 ready [VNS slave process].

[28.09.2013 00:22:32.530041] [00000x1f92] (437)[debug]	Process 3 [Parallel VNS]: Received message from leader.

[28.09.2013 00:22:32.532176] [00000x1f92] (438)[debug]	Process 3: VNS Output Message sent to grasp leader number 0. I(P) = 807
[28.09.2013 00:22:32.532202] [00000x1f92] (439)[debug]	Process 3 ready [VNS slave process].

[28.09.2013 00:22:32.535950] [00000x1f92] (440)[debug]	Process 3 [Parallel VNS]: Received message from leader.

[28.09.2013 00:22:32.600476] [00000x1f92] (441)[debug]	Process 3: VNS Output Message sent to grasp leader number 0. I(P) = 807
[28.09.2013 00:22:32.600555] [00000x1f92] (442)[debug]	Process 3 ready [VNS slave process].

[28.09.2013 00:22:32.607082] [00000x1f92] (443)[debug]	Process 3 [Parallel VNS]: Received message from leader.

[28.09.2013 00:22:32.607123] [00000x1f92] (444)[debug]	Process 3: ignoring VNS interrupt msg received.

[28.09.2013 00:22:32.607135] [00000x1f92] (445)[debug]	Process 3 ready [VNS slave process].

[28.09.2013 00:22:32.996360] [00000x1f92] (446)[debug]	Process 3 [Parallel VNS]: Received message from leader.

[28.09.2013 00:22:32.996485] [00000x1f92] (447)[debug]	Process 3: VNS Output Message sent to grasp leader number 0. I(P) = 806
[28.09.2013 00:22:32.996507] [00000x1f92] (448)[debug]	Process 3 ready [VNS slave process].

[28.09.2013 00:22:33.002328] [00000x1f92] (449)[debug]	Process 3 [Parallel VNS]: Received message from leader.

[28.09.2013 00:22:33.010938] [00000x1f92] (450)[debug]	Process 3: VNS Output Message sent to grasp leader number 0. I(P) = 805
[28.09.2013 00:22:33.011023] [00000x1f92] (451)[debug]	Process 3 ready [VNS slave process].

[28.09.2013 00:22:33.018674] [00000x1f92] (452)[debug]	Process 3 [Parallel VNS]: Received message from leader.

[28.09.2013 00:22:33.018940] [00000x1f92] (453)[debug]	Process 3: VNS Output Message sent to grasp leader number 0. I(P) = 805
[28.09.2013 00:22:33.018964] [00000x1f92] (454)[debug]	Process 3 ready [VNS slave process].

[28.09.2013 00:22:33.374866] [00000x1f92] (455)[debug]	Process 3 [Parallel VNS]: Received message from leader.

[28.09.2013 00:22:33.375048] [00000x1f92] (456)[debug]	Process 3: VNS Output Message sent to grasp leader number 0. I(P) = 808
[28.09.2013 00:22:33.375070] [00000x1f92] (457)[debug]	Process 3 ready [VNS slave process].

[28.09.2013 00:22:33.376084] [00000x1f92] (458)[debug]	Process 3 [Parallel VNS]: Received message from leader.

[28.09.2013 00:22:33.410729] [00000x1f92] (459)[debug]	Process 3: VNS Output Message sent to grasp leader number 0. I(P) = 808
[28.09.2013 00:22:33.422589] [00000x1f92] (460)[debug]	Process 3 ready [VNS slave process].

[28.09.2013 00:22:33.422625] [00000x1f92] (461)[debug]	Process 3 [Parallel VNS]: Received message from leader.

[28.09.2013 00:22:33.422638] [00000x1f92] (462)[debug]	Process 3: ignoring VNS interrupt msg received.

[28.09.2013 00:22:33.422650] [00000x1f92] (463)[debug]	Process 3 ready [VNS slave process].

[28.09.2013 00:22:33.928235] [00000x1f92] (464)[debug]	Process 3 [Parallel VNS]: Received message from leader.

[28.09.2013 00:22:33.928397] [00000x1f92] (465)[debug]	Process 3: VNS Output Message sent to grasp leader number 0. I(P) = 806
[28.09.2013 00:22:33.928418] [00000x1f92] (466)[debug]	Process 3 ready [VNS slave process].

[28.09.2013 00:22:33.929006] [00000x1f92] (467)[debug]	Process 3 [Parallel VNS]: Received message from leader.

[28.09.2013 00:22:33.938246] [00000x1f92] (468)[debug]	Process 3: VNS Output Message sent to grasp leader number 0. I(P) = 805
[28.09.2013 00:22:33.938310] [00000x1f92] (469)[debug]	Process 3 ready [VNS slave process].

[28.09.2013 00:22:33.943178] [00000x1f92] (470)[debug]	Process 3 [Parallel VNS]: Received message from leader.

[28.09.2013 00:22:33.943197] [00000x1f92] (471)[debug]	Process 3: ignoring VNS interrupt msg received.

[28.09.2013 00:22:33.943209] [00000x1f92] (472)[debug]	Process 3 ready [VNS slave process].

[28.09.2013 00:22:33.958919] [00000x1f92] (473)[debug]	Process 3 [Parallel VNS]: Received message from leader.

[28.09.2013 00:22:33.960142] [00000x1f92] (474)[debug]	Process 3: VNS Output Message sent to grasp leader number 0. I(P) = 805
[28.09.2013 00:22:33.960168] [00000x1f92] (475)[debug]	Process 3 ready [VNS slave process].

[28.09.2013 00:22:33.965059] [00000x1f92] (476)[debug]	Process 3 [Parallel VNS]: Received message from leader.

[28.09.2013 00:22:33.965906] [00000x1f92] (477)[debug]	Process 3: VNS Output Message sent to grasp leader number 0. I(P) = 805
[28.09.2013 00:22:33.965932] [00000x1f92] (478)[debug]	Process 3 ready [VNS slave process].

[28.09.2013 00:22:35.257813] [00000x1f92] (479)[debug]	Process 3 [Parallel VNS]: Received message from leader.

[28.09.2013 00:22:35.257910] [00000x1f92] (480)[debug]	Process 3: VNS Output Message sent to grasp leader number 0. I(P) = 802
[28.09.2013 00:22:35.257932] [00000x1f92] (481)[debug]	Process 3 ready [VNS slave process].

[28.09.2013 00:22:35.258897] [00000x1f92] (482)[debug]	Process 3 [Parallel VNS]: Received message from leader.

[28.09.2013 00:22:35.258946] [00000x1f92] (483)[debug]	Process 3: VNS Output Message sent to grasp leader number 0. I(P) = 802
[28.09.2013 00:22:35.258965] [00000x1f92] (484)[debug]	Process 3 ready [VNS slave process].

[28.09.2013 00:22:35.262190] [00000x1f92] (485)[debug]	Process 3 [Parallel VNS]: Received message from leader.

[28.09.2013 00:22:35.262206] [00000x1f92] (486)[debug]	Process 3: ignoring VNS interrupt msg received.

[28.09.2013 00:22:35.262218] [00000x1f92] (487)[debug]	Process 3 ready [VNS slave process].

[28.09.2013 00:22:35.840952] [00000x1f92] (488)[debug]	Process 3 [Parallel VNS]: Received message from leader.

[28.09.2013 00:22:35.845129] [00000x1f92] (489)[debug]	Process 3: VNS Output Message sent to grasp leader number 0. I(P) = 804
[28.09.2013 00:22:35.845160] [00000x1f92] (490)[debug]	Process 3 ready [VNS slave process].

[28.09.2013 00:22:35.854501] [00000x1f92] (491)[debug]	Process 3 [Parallel VNS]: Received message from leader.

[28.09.2013 00:22:35.854593] [00000x1f92] (492)[debug]	Process 3: VNS Output Message sent to grasp leader number 0. I(P) = 804
[28.09.2013 00:22:35.854613] [00000x1f92] (493)[debug]	Process 3 ready [VNS slave process].

[28.09.2013 00:22:35.857669] [00000x1f92] (494)[debug]	Process 3 [Parallel VNS]: Received message from leader.

[28.09.2013 00:22:35.865460] [00000x1f92] (495)[debug]	Process 3: VNS Output Message sent to grasp leader number 0. I(P) = 804
[28.09.2013 00:22:35.868290] [00000x1f92] (496)[debug]	Process 3 ready [VNS slave process].

[28.09.2013 00:22:35.868330] [00000x1f92] (497)[debug]	Process 3 [Parallel VNS]: Received message from leader.

[28.09.2013 00:22:35.868464] [00000x1f92] (498)[debug]	Process 3: VNS Output Message sent to grasp leader number 0. I(P) = 803
[28.09.2013 00:22:35.868483] [00000x1f92] (499)[debug]	Process 3 ready [VNS slave process].

[28.09.2013 00:22:35.871623] [00000x1f92] (500)[debug]	Process 3 [Parallel VNS]: Received message from leader.

[28.09.2013 00:22:35.909043] [00000x1f92] (501)[debug]	Process 3: VNS Output Message sent to grasp leader number 0. I(P) = 803
[28.09.2013 00:22:35.909083] [00000x1f92] (502)[debug]	Process 3 ready [VNS slave process].

[28.09.2013 00:22:35.909109] [00000x1f92] (503)[debug]	Process 3 [Parallel VNS]: Received message from leader.

[28.09.2013 00:22:35.909122] [00000x1f92] (504)[debug]	Process 3: ignoring VNS interrupt msg received.

[28.09.2013 00:22:35.909134] [00000x1f92] (505)[debug]	Process 3 ready [VNS slave process].

[28.09.2013 00:22:36.664841] [00000x1f92] (506)[debug]	Process 3 [Parallel VNS]: Received message from leader.

[28.09.2013 00:22:36.666075] [00000x1f92] (507)[debug]	Process 3: VNS Output Message sent to grasp leader number 0. I(P) = 809
[28.09.2013 00:22:36.666102] [00000x1f92] (508)[debug]	Process 3 ready [VNS slave process].

[28.09.2013 00:22:36.669845] [00000x1f92] (509)[debug]	Process 3 [Parallel VNS]: Received message from leader.

[28.09.2013 00:22:36.673208] [00000x1f92] (510)[debug]	Process 3: VNS Output Message sent to grasp leader number 0. I(P) = 809
[28.09.2013 00:22:36.673234] [00000x1f92] (511)[debug]	Process 3 ready [VNS slave process].

[28.09.2013 00:22:36.678144] [00000x1f92] (512)[debug]	Process 3 [Parallel VNS]: Received message from leader.

[28.09.2013 00:22:36.744259] [00000x1f92] (513)[debug]	Process 3: VNS Output Message sent to grasp leader number 0. I(P) = 808
[28.09.2013 00:22:36.744334] [00000x1f92] (514)[debug]	Process 3 ready [VNS slave process].

[28.09.2013 00:22:36.744537] [00000x1f92] (515)[debug]	Process 3 [Parallel VNS]: Received message from leader.

[28.09.2013 00:22:36.744553] [00000x1f92] (516)[debug]	Process 3: ignoring VNS interrupt msg received.

[28.09.2013 00:22:36.744567] [00000x1f92] (517)[debug]	Process 3 ready [VNS slave process].

[28.09.2013 00:22:36.746304] [00000x1f92] (518)[debug]	Process 3 [Parallel VNS]: Received message from leader.

[28.09.2013 00:22:36.748247] [00000x1f92] (519)[debug]	Process 3: VNS Output Message sent to grasp leader number 0. I(P) = 808
[28.09.2013 00:22:36.748284] [00000x1f92] (520)[debug]	Process 3 ready [VNS slave process].

[28.09.2013 00:22:36.754313] [00000x1f92] (521)[debug]	Process 3 [Parallel VNS]: Received message from leader.

[28.09.2013 00:22:36.782078] [00000x1f92] (522)[debug]	Process 3: VNS Output Message sent to grasp leader number 0. I(P) = 808
[28.09.2013 00:22:36.782158] [00000x1f92] (523)[debug]	Process 3 ready [VNS slave process].

[28.09.2013 00:22:37.326318] [00000x1f92] (524)[debug]	Process 3 [Parallel VNS]: Received message from leader.

[28.09.2013 00:22:37.327511] [00000x1f92] (525)[debug]	Process 3: VNS Output Message sent to grasp leader number 0. I(P) = 800
[28.09.2013 00:22:37.327536] [00000x1f92] (526)[debug]	Process 3 ready [VNS slave process].

[28.09.2013 00:22:37.331157] [00000x1f92] (527)[debug]	Process 3 [Parallel VNS]: Received message from leader.

[28.09.2013 00:22:37.331862] [00000x1f92] (528)[trace]	VNS interrupt message received.
[28.09.2013 00:22:37.331886] [00000x1f92] (529)[debug]	Process 3: VNS Output Message sent to grasp leader number 0. I(P) = 800
[28.09.2013 00:22:37.331904] [00000x1f92] (530)[debug]	Process 3 ready [VNS slave process].

[28.09.2013 00:22:37.882333] [00000x1f92] (531)[debug]	Process 3 [Parallel VNS]: Received message from leader.

[28.09.2013 00:22:37.883534] [00000x1f92] (532)[debug]	Process 3: VNS Output Message sent to grasp leader number 0. I(P) = 805
[28.09.2013 00:22:37.883558] [00000x1f92] (533)[debug]	Process 3 ready [VNS slave process].

[28.09.2013 00:22:37.902131] [00000x1f92] (534)[debug]	Process 3 [Parallel VNS]: Received message from leader.

[28.09.2013 00:22:37.918145] [00000x1f92] (535)[trace]	VNS interrupt message received.
[28.09.2013 00:22:37.918199] [00000x1f92] (536)[debug]	Process 3: VNS Output Message sent to grasp leader number 0. I(P) = 805
[28.09.2013 00:22:37.918222] [00000x1f92] (537)[debug]	Process 3 ready [VNS slave process].

[28.09.2013 00:22:38.533780] [00000x1f92] (538)[debug]	Process 3 [Parallel VNS]: Received message from leader.

[28.09.2013 00:22:38.533895] [00000x1f92] (539)[debug]	Process 3: VNS Output Message sent to grasp leader number 0. I(P) = 805
[28.09.2013 00:22:38.533918] [00000x1f92] (540)[debug]	Process 3 ready [VNS slave process].

[28.09.2013 00:22:38.539315] [00000x1f92] (541)[debug]	Process 3 [Parallel VNS]: Received message from leader.

[28.09.2013 00:22:38.539434] [00000x1f92] (542)[debug]	Process 3: VNS Output Message sent to grasp leader number 0. I(P) = 805
[28.09.2013 00:22:38.539454] [00000x1f92] (543)[debug]	Process 3 ready [VNS slave process].

[28.09.2013 00:22:38.545774] [00000x1f92] (544)[debug]	Process 3 [Parallel VNS]: Received message from leader.

[28.09.2013 00:22:38.545797] [00000x1f92] (545)[debug]	Process 3: ignoring VNS interrupt msg received.

[28.09.2013 00:22:38.545809] [00000x1f92] (546)[debug]	Process 3 ready [VNS slave process].

[28.09.2013 00:22:38.546019] [00000x1f92] (547)[debug]	Process 3 [Parallel VNS]: Received message from leader.

[28.09.2013 00:22:38.546083] [00000x1f92] (548)[debug]	Process 3: VNS Output Message sent to grasp leader number 0. I(P) = 804
[28.09.2013 00:22:38.546103] [00000x1f92] (549)[debug]	Process 3 ready [VNS slave process].

[28.09.2013 00:22:38.551764] [00000x1f92] (550)[debug]	Process 3 [Parallel VNS]: Received message from leader.

[28.09.2013 00:22:38.563142] [00000x1f92] (551)[debug]	Process 3: VNS Output Message sent to grasp leader number 0. I(P) = 804
[28.09.2013 00:22:38.563195] [00000x1f92] (552)[debug]	Process 3 ready [VNS slave process].

[28.09.2013 00:22:39.076845] [00000x1f92] (553)[debug]	Process 3 [Parallel VNS]: Received message from leader.

[28.09.2013 00:22:39.077041] [00000x1f92] (554)[debug]	Process 3: VNS Output Message sent to grasp leader number 0. I(P) = 805
[28.09.2013 00:22:39.077064] [00000x1f92] (555)[debug]	Process 3 ready [VNS slave process].

[28.09.2013 00:22:39.081420] [00000x1f92] (556)[debug]	Process 3 [Parallel VNS]: Received message from leader.

[28.09.2013 00:22:39.081995] [00000x1f92] (557)[trace]	VNS interrupt message received.
[28.09.2013 00:22:39.082024] [00000x1f92] (558)[debug]	Process 3: VNS Output Message sent to grasp leader number 0. I(P) = 805
[28.09.2013 00:22:39.082043] [00000x1f92] (559)[debug]	Process 3 ready [VNS slave process].

[28.09.2013 00:22:39.670679] [00000x1f92] (560)[debug]	Process 3 [Parallel VNS]: Received message from leader.

[28.09.2013 00:22:39.670818] [00000x1f92] (561)[debug]	Process 3: VNS Output Message sent to grasp leader number 0. I(P) = 794
[28.09.2013 00:22:39.670839] [00000x1f92] (562)[debug]	Process 3 ready [VNS slave process].

[28.09.2013 00:22:39.671040] [00000x1f92] (563)[debug]	Process 3 [Parallel VNS]: Received message from leader.

[28.09.2013 00:22:39.672801] [00000x1f92] (564)[trace]	VNS interrupt message received.
[28.09.2013 00:22:39.672832] [00000x1f92] (565)[debug]	Process 3: VNS Output Message sent to grasp leader number 0. I(P) = 794
[28.09.2013 00:22:39.672852] [00000x1f92] (566)[debug]	Process 3 ready [VNS slave process].

[28.09.2013 00:22:40.246332] [00000x1f92] (567)[debug]	Process 3 [Parallel VNS]: Received message from leader.

[28.09.2013 00:22:40.246474] [00000x1f92] (568)[debug]	Process 3: VNS Output Message sent to grasp leader number 0. I(P) = 810
[28.09.2013 00:22:40.246511] [00000x1f92] (569)[debug]	Process 3 ready [VNS slave process].

[28.09.2013 00:22:40.258799] [00000x1f92] (570)[debug]	Process 3 [Parallel VNS]: Received message from leader.

[28.09.2013 00:22:40.260099] [00000x1f92] (571)[debug]	Process 3: VNS Output Message sent to grasp leader number 0. I(P) = 808
[28.09.2013 00:22:40.260126] [00000x1f92] (572)[debug]	Process 3 ready [VNS slave process].

[28.09.2013 00:22:40.262578] [00000x1f92] (573)[debug]	Process 3 [Parallel VNS]: Received message from leader.

[28.09.2013 00:22:40.262701] [00000x1f92] (574)[debug]	Process 3: VNS Output Message sent to grasp leader number 0. I(P) = 808
[28.09.2013 00:22:40.262721] [00000x1f92] (575)[debug]	Process 3 ready [VNS slave process].

[28.09.2013 00:22:40.264449] [00000x1f92] (576)[debug]	Process 3 [Parallel VNS]: Received message from leader.

[28.09.2013 00:22:40.264498] [00000x1f92] (577)[debug]	Process 3: VNS Output Message sent to grasp leader number 0. I(P) = 808
[28.09.2013 00:22:40.264516] [00000x1f92] (578)[debug]	Process 3 ready [VNS slave process].

[28.09.2013 00:22:40.814206] [00000x1f92] (579)[debug]	Process 3 [Parallel VNS]: Received message from leader.

[28.09.2013 00:22:40.815354] [00000x1f92] (580)[debug]	Process 3: VNS Output Message sent to grasp leader number 0. I(P) = 813
[28.09.2013 00:22:40.815385] [00000x1f92] (581)[debug]	Process 3 ready [VNS slave process].

[28.09.2013 00:22:40.818454] [00000x1f92] (582)[debug]	Process 3 [Parallel VNS]: Received message from leader.

[28.09.2013 00:22:40.818821] [00000x1f92] (583)[debug]	Process 3: VNS Output Message sent to grasp leader number 0. I(P) = 813
[28.09.2013 00:22:40.818841] [00000x1f92] (584)[debug]	Process 3 ready [VNS slave process].

[28.09.2013 00:22:40.818928] [00000x1f92] (585)[debug]	Process 3 [Parallel VNS]: Received message from leader.

[28.09.2013 00:22:40.818941] [00000x1f92] (586)[debug]	Process 3: ignoring VNS interrupt msg received.

[28.09.2013 00:22:40.818953] [00000x1f92] (587)[debug]	Process 3 ready [VNS slave process].

[28.09.2013 00:22:41.880370] [00000x1f92] (588)[debug]	Process 3 [Parallel VNS]: Received message from leader.

[28.09.2013 00:22:41.881546] [00000x1f92] (589)[debug]	Process 3: VNS Output Message sent to grasp leader number 0. I(P) = 806
[28.09.2013 00:22:41.881569] [00000x1f92] (590)[debug]	Process 3 ready [VNS slave process].

[28.09.2013 00:22:41.894868] [00000x1f92] (591)[debug]	Process 3 [Parallel VNS]: Received message from leader.

[28.09.2013 00:22:41.894980] [00000x1f92] (592)[trace]	VNS interrupt message received.
[28.09.2013 00:22:41.895007] [00000x1f92] (593)[debug]	Process 3: VNS Output Message sent to grasp leader number 0. I(P) = 806
[28.09.2013 00:22:41.895026] [00000x1f92] (594)[debug]	Process 3 ready [VNS slave process].

[28.09.2013 00:22:43.541422] [00000x1f92] (595)[debug]	Process 3 [Parallel VNS]: Received message from leader.

[28.09.2013 00:22:43.541682] [00000x1f92] (596)[debug]	Process 3: VNS Output Message sent to grasp leader number 0. I(P) = 798
[28.09.2013 00:22:43.541703] [00000x1f92] (597)[debug]	Process 3 ready [VNS slave process].

[28.09.2013 00:22:43.558377] [00000x1f92] (598)[debug]	Process 3 [Parallel VNS]: Received message from leader.

[28.09.2013 00:22:43.571569] [00000x1f92] (599)[debug]	Process 3: VNS Output Message sent to grasp leader number 0. I(P) = 798
[28.09.2013 00:22:43.571612] [00000x1f92] (600)[debug]	Process 3 ready [VNS slave process].

[28.09.2013 00:22:44.957432] [00000x1f92] (601)[debug]	Process 3 [Parallel VNS]: Received message from leader.

[28.09.2013 00:22:44.957576] [00000x1f92] (602)[debug]	Process 3: VNS Output Message sent to grasp leader number 0. I(P) = 804
[28.09.2013 00:22:44.957597] [00000x1f92] (603)[debug]	Process 3 ready [VNS slave process].

[28.09.2013 00:22:44.966041] [00000x1f92] (604)[debug]	Process 3 [Parallel VNS]: Received message from leader.

[28.09.2013 00:22:44.966172] [00000x1f92] (605)[debug]	Process 3: VNS Output Message sent to grasp leader number 0. I(P) = 803
[28.09.2013 00:22:44.966199] [00000x1f92] (606)[debug]	Process 3 ready [VNS slave process].

[28.09.2013 00:22:44.974324] [00000x1f92] (607)[debug]	Process 3 [Parallel VNS]: Received message from leader.

[28.09.2013 00:22:45.003014] [00000x1f92] (608)[trace]	VNS interrupt message received.
[28.09.2013 00:22:45.003080] [00000x1f92] (609)[debug]	Process 3: VNS Output Message sent to grasp leader number 0. I(P) = 803
[28.09.2013 00:22:45.003105] [00000x1f92] (610)[debug]	Process 3 ready [VNS slave process].

[28.09.2013 00:22:45.003591] [00000x1f92] (611)[debug]	Process 3 [Parallel VNS]: Received message from leader.

[28.09.2013 00:22:45.004770] [00000x1f92] (612)[debug]	Process 3: VNS Output Message sent to grasp leader number 0. I(P) = 802
[28.09.2013 00:22:45.004791] [00000x1f92] (613)[debug]	Process 3 ready [VNS slave process].

[28.09.2013 00:22:45.008125] [00000x1f92] (614)[debug]	Process 3 [Parallel VNS]: Received message from leader.

[28.09.2013 00:22:45.008417] [00000x1f92] (615)[debug]	Process 3: VNS Output Message sent to grasp leader number 0. I(P) = 802
[28.09.2013 00:22:45.008440] [00000x1f92] (616)[debug]	Process 3 ready [VNS slave process].

[28.09.2013 00:22:45.046332] [00000x1f92] (617)[debug]	Process 3 [Parallel VNS]: Received message from leader.

[28.09.2013 00:22:45.046365] [00000x1f92] (618)[debug]	Process 3: ignoring VNS interrupt msg received.

[28.09.2013 00:22:45.046378] [00000x1f92] (619)[debug]	Process 3 ready [VNS slave process].

[28.09.2013 00:22:45.046414] [00000x1f92] (620)[debug]	Process 3 [Parallel VNS]: Received message from leader.

[28.09.2013 00:22:45.046626] [00000x1f92] (621)[debug]	Process 3: VNS Output Message sent to grasp leader number 0. I(P) = 801
[28.09.2013 00:22:45.046648] [00000x1f92] (622)[debug]	Process 3 ready [VNS slave process].

[28.09.2013 00:22:45.052797] [00000x1f92] (623)[debug]	Process 3 [Parallel VNS]: Received message from leader.

[28.09.2013 00:22:45.126073] [00000x1f92] (624)[debug]	Process 3: VNS Output Message sent to grasp leader number 0. I(P) = 801
[28.09.2013 00:22:45.126162] [00000x1f92] (625)[debug]	Process 3 ready [VNS slave process].

[28.09.2013 00:22:45.139977] [00000x1f92] (626)[debug]	Process 3 [Parallel VNS]: Received message from leader.

[28.09.2013 00:22:45.140035] [00000x1f92] (627)[debug]	Process 3: ignoring VNS interrupt msg received.

[28.09.2013 00:22:45.140048] [00000x1f92] (628)[debug]	Process 3 ready [VNS slave process].

[28.09.2013 00:22:46.433863] [00000x1f92] (629)[debug]	Process 3 [Parallel VNS]: Received message from leader.

[28.09.2013 00:22:46.435082] [00000x1f92] (630)[debug]	Process 3: VNS Output Message sent to grasp leader number 0. I(P) = 801
[28.09.2013 00:22:46.435108] [00000x1f92] (631)[debug]	Process 3 ready [VNS slave process].

[28.09.2013 00:22:46.442346] [00000x1f92] (632)[debug]	Process 3 [Parallel VNS]: Received message from leader.

[28.09.2013 00:22:46.442427] [00000x1f92] (633)[debug]	Process 3: VNS Output Message sent to grasp leader number 0. I(P) = 801
[28.09.2013 00:22:46.442449] [00000x1f92] (634)[debug]	Process 3 ready [VNS slave process].

[28.09.2013 00:22:46.450343] [00000x1f92] (635)[debug]	Process 3 [Parallel VNS]: Received message from leader.

[28.09.2013 00:22:46.450516] [00000x1f92] (636)[debug]	Process 3: VNS Output Message sent to grasp leader number 0. I(P) = 801
[28.09.2013 00:22:46.450537] [00000x1f92] (637)[debug]	Process 3 ready [VNS slave process].

[28.09.2013 00:22:50.287829] [00000x1f92] (638)[debug]	Process 3 [Parallel VNS]: Received message from leader.

[28.09.2013 00:22:50.288986] [00000x1f92] (639)[debug]	Process 3: VNS Output Message sent to grasp leader number 0. I(P) = 799
[28.09.2013 00:22:50.289021] [00000x1f92] (640)[debug]	Process 3 ready [VNS slave process].

[28.09.2013 00:22:50.292241] [00000x1f92] (641)[debug]	Process 3 [Parallel VNS]: Received message from leader.

[28.09.2013 00:22:50.292356] [00000x1f92] (642)[debug]	Process 3: VNS Output Message sent to grasp leader number 0. I(P) = 799
[28.09.2013 00:22:50.292376] [00000x1f92] (643)[debug]	Process 3 ready [VNS slave process].

[28.09.2013 00:22:50.293485] [00000x1f92] (644)[debug]	Process 3 [Parallel VNS]: Received message from leader.

[28.09.2013 00:22:50.294617] [00000x1f92] (645)[debug]	Process 3: VNS Output Message sent to grasp leader number 0. I(P) = 798
[28.09.2013 00:22:50.294646] [00000x1f92] (646)[debug]	Process 3 ready [VNS slave process].

[28.09.2013 00:22:50.302213] [00000x1f92] (647)[debug]	Process 3 [Parallel VNS]: Received message from leader.

[28.09.2013 00:22:50.302528] [00000x1f92] (648)[debug]	Process 3: ignoring VNS interrupt msg received.

[28.09.2013 00:22:50.302546] [00000x1f92] (649)[debug]	Process 3 ready [VNS slave process].

[28.09.2013 00:22:50.302588] [00000x1f92] (650)[debug]	Process 3 [Parallel VNS]: Received message from leader.

[28.09.2013 00:22:50.308460] [00000x1f92] (651)[debug]	Process 3: VNS Output Message sent to grasp leader number 0. I(P) = 798
[28.09.2013 00:22:50.308535] [00000x1f92] (652)[debug]	Process 3 ready [VNS slave process].

[28.09.2013 00:22:50.314029] [00000x1f92] (653)[debug]	Process 3 [Parallel VNS]: Received message from leader.

[28.09.2013 00:22:50.314129] [00000x1f92] (654)[debug]	Process 3: VNS Output Message sent to grasp leader number 0. I(P) = 798
[28.09.2013 00:22:50.314156] [00000x1f92] (655)[debug]	Process 3 ready [VNS slave process].

[28.09.2013 00:22:52.171213] [00000x1f92] (656)[debug]	Process 3 [Parallel VNS]: Received message from leader.

[28.09.2013 00:22:52.171319] [00000x1f92] (657)[debug]	Process 3: VNS Output Message sent to grasp leader number 0. I(P) = 810
[28.09.2013 00:22:52.171340] [00000x1f92] (658)[debug]	Process 3 ready [VNS slave process].

[28.09.2013 00:22:52.179858] [00000x1f92] (659)[debug]	Process 3 [Parallel VNS]: Received message from leader.

[28.09.2013 00:22:52.180246] [00000x1f92] (660)[debug]	Process 3: VNS Output Message sent to grasp leader number 0. I(P) = 809
[28.09.2013 00:22:52.180266] [00000x1f92] (661)[debug]	Process 3 ready [VNS slave process].

[28.09.2013 00:22:52.181832] [00000x1f92] (662)[debug]	Process 3 [Parallel VNS]: Received message from leader.

[28.09.2013 00:22:52.181849] [00000x1f92] (663)[debug]	Process 3: ignoring VNS interrupt msg received.

[28.09.2013 00:22:52.181861] [00000x1f92] (664)[debug]	Process 3 ready [VNS slave process].

[28.09.2013 00:22:52.181893] [00000x1f92] (665)[debug]	Process 3 [Parallel VNS]: Received message from leader.

[28.09.2013 00:22:52.181948] [00000x1f92] (666)[debug]	Process 3: VNS Output Message sent to grasp leader number 0. I(P) = 809
[28.09.2013 00:22:52.181967] [00000x1f92] (667)[debug]	Process 3 ready [VNS slave process].

[28.09.2013 00:22:52.190422] [00000x1f92] (668)[debug]	Process 3 [Parallel VNS]: Received message from leader.

[28.09.2013 00:22:52.204114] [00000x1f92] (669)[debug]	Process 3: VNS Output Message sent to grasp leader number 0. I(P) = 809
[28.09.2013 00:22:52.204179] [00000x1f92] (670)[debug]	Process 3 ready [VNS slave process].

[28.09.2013 00:22:53.898115] [00000x1f92] (671)[debug]	Process 3 [Parallel VNS]: Received message from leader.

[28.09.2013 00:22:53.899287] [00000x1f92] (672)[debug]	Process 3: VNS Output Message sent to grasp leader number 0. I(P) = 813
[28.09.2013 00:22:53.899330] [00000x1f92] (673)[debug]	Process 3 ready [VNS slave process].

[28.09.2013 00:22:53.910381] [00000x1f92] (674)[debug]	Process 3 [Parallel VNS]: Received message from leader.

[28.09.2013 00:22:53.910533] [00000x1f92] (675)[debug]	Process 3: VNS Output Message sent to grasp leader number 0. I(P) = 813
[28.09.2013 00:22:53.910559] [00000x1f92] (676)[debug]	Process 3 ready [VNS slave process].

[28.09.2013 00:22:53.915188] [00000x1f92] (677)[debug]	Process 3 [Parallel VNS]: Received message from leader.

[28.09.2013 00:22:53.915568] [00000x1f92] (678)[debug]	Process 3: VNS Output Message sent to grasp leader number 0. I(P) = 813
[28.09.2013 00:22:53.915594] [00000x1f92] (679)[debug]	Process 3 ready [VNS slave process].

[28.09.2013 00:22:55.170429] [00000x1f92] (680)[debug]	Process 3 [Parallel VNS]: Received message from leader.

[28.09.2013 00:22:55.171622] [00000x1f92] (681)[debug]	Process 3: VNS Output Message sent to grasp leader number 0. I(P) = 804
[28.09.2013 00:22:55.171660] [00000x1f92] (682)[debug]	Process 3 ready [VNS slave process].

[28.09.2013 00:22:55.175182] [00000x1f92] (683)[debug]	Process 3 [Parallel VNS]: Received message from leader.

[28.09.2013 00:22:55.176433] [00000x1f92] (684)[debug]	Process 3: VNS Output Message sent to grasp leader number 0. I(P) = 804
[28.09.2013 00:22:55.176490] [00000x1f92] (685)[debug]	Process 3 ready [VNS slave process].

[28.09.2013 00:22:55.194251] [00000x1f92] (686)[debug]	Process 3 [Parallel VNS]: Received message from leader.

[28.09.2013 00:22:55.213657] [00000x1f92] (687)[trace]	VNS interrupt message received.
[28.09.2013 00:22:55.213718] [00000x1f92] (688)[debug]	Process 3: VNS Output Message sent to grasp leader number 0. I(P) = 804
[28.09.2013 00:22:55.213743] [00000x1f92] (689)[debug]	Process 3 ready [VNS slave process].

[28.09.2013 00:22:56.746502] [00000x1f92] (690)[debug]	Process 3 [Parallel VNS]: Received message from leader.

[28.09.2013 00:22:56.746636] [00000x1f92] (691)[debug]	Process 3: VNS Output Message sent to grasp leader number 0. I(P) = 798
[28.09.2013 00:22:56.746657] [00000x1f92] (692)[debug]	Process 3 ready [VNS slave process].

[28.09.2013 00:22:56.757894] [00000x1f92] (693)[debug]	Process 3 [Parallel VNS]: Received message from leader.

[28.09.2013 00:22:56.758043] [00000x1f92] (694)[debug]	Process 3: VNS Output Message sent to grasp leader number 0. I(P) = 797
[28.09.2013 00:22:56.758067] [00000x1f92] (695)[debug]	Process 3 ready [VNS slave process].

[28.09.2013 00:22:56.766333] [00000x1f92] (696)[debug]	Process 3 [Parallel VNS]: Received message from leader.

[28.09.2013 00:22:56.793491] [00000x1f92] (697)[debug]	Process 3: VNS Output Message sent to grasp leader number 0. I(P) = 797
[28.09.2013 00:22:56.793557] [00000x1f92] (698)[debug]	Process 3 ready [VNS slave process].

[28.09.2013 00:22:56.802930] [00000x1f92] (699)[debug]	Process 3 [Parallel VNS]: Received message from leader.

[28.09.2013 00:22:56.802958] [00000x1f92] (700)[debug]	Process 3: ignoring VNS interrupt msg received.

[28.09.2013 00:22:56.802970] [00000x1f92] (701)[debug]	Process 3 ready [VNS slave process].

[28.09.2013 00:22:58.252333] [00000x1f92] (702)[debug]	Process 3 [Parallel VNS]: Received message from leader.

[28.09.2013 00:22:58.252449] [00000x1f92] (703)[debug]	Process 3: VNS Output Message sent to grasp leader number 0. I(P) = 802
[28.09.2013 00:22:58.252469] [00000x1f92] (704)[debug]	Process 3 ready [VNS slave process].

[28.09.2013 00:22:58.273057] [00000x1f92] (705)[debug]	Process 3 [Parallel VNS]: Received message from leader.

[28.09.2013 00:22:58.273111] [00000x1f92] (706)[trace]	VNS interrupt message received.
[28.09.2013 00:22:58.273138] [00000x1f92] (707)[debug]	Process 3: VNS Output Message sent to grasp leader number 0. I(P) = 802
[28.09.2013 00:22:58.273157] [00000x1f92] (708)[debug]	Process 3 ready [VNS slave process].

[28.09.2013 00:22:58.274046] [00000x1f92] (709)[debug]	Process 3 [Parallel VNS]: Received message from leader.

[28.09.2013 00:22:58.274185] [00000x1f92] (710)[debug]	Process 3: VNS Output Message sent to grasp leader number 0. I(P) = 801
[28.09.2013 00:22:58.274204] [00000x1f92] (711)[debug]	Process 3 ready [VNS slave process].

[28.09.2013 00:22:58.282993] [00000x1f92] (712)[debug]	Process 3 [Parallel VNS]: Received message from leader.

[28.09.2013 00:22:58.283084] [00000x1f92] (713)[debug]	Process 3: VNS Output Message sent to grasp leader number 0. I(P) = 801
[28.09.2013 00:22:58.283111] [00000x1f92] (714)[debug]	Process 3 ready [VNS slave process].

[28.09.2013 00:22:59.624129] [00000x1f92] (715)[debug]	Process 3 [Parallel VNS]: Received message from leader.

[28.09.2013 00:22:59.624274] [00000x1f92] (716)[debug]	Process 3: VNS Output Message sent to grasp leader number 0. I(P) = 806
[28.09.2013 00:22:59.624301] [00000x1f92] (717)[debug]	Process 3 ready [VNS slave process].

[28.09.2013 00:22:59.659804] [00000x1f92] (718)[debug]	Process 3 [Parallel VNS]: Received message from leader.

[28.09.2013 00:22:59.659932] [00000x1f92] (719)[debug]	Process 3: VNS Output Message sent to grasp leader number 0. I(P) = 805
[28.09.2013 00:22:59.659954] [00000x1f92] (720)[debug]	Process 3 ready [VNS slave process].

[28.09.2013 00:22:59.661272] [00000x1f92] (721)[debug]	Process 3 [Parallel VNS]: Received message from leader.

[28.09.2013 00:22:59.685460] [00000x1f92] (722)[debug]	Process 3: VNS Output Message sent to grasp leader number 0. I(P) = 805
[28.09.2013 00:22:59.685538] [00000x1f92] (723)[debug]	Process 3 ready [VNS slave process].

[28.09.2013 00:23:01.162567] [00000x1f92] (724)[debug]	Process 3 [Parallel VNS]: Received message from leader.

[28.09.2013 00:23:01.163839] [00000x1f92] (725)[debug]	Process 3: VNS Output Message sent to grasp leader number 0. I(P) = 791
[28.09.2013 00:23:01.163869] [00000x1f92] (726)[debug]	Process 3 ready [VNS slave process].

[28.09.2013 00:23:01.176967] [00000x1f92] (727)[debug]	Process 3 [Parallel VNS]: Received message from leader.

[28.09.2013 00:23:01.177100] [00000x1f92] (728)[trace]	VNS interrupt message received.
[28.09.2013 00:23:01.177126] [00000x1f92] (729)[debug]	Process 3: VNS Output Message sent to grasp leader number 0. I(P) = 791
[28.09.2013 00:23:01.177144] [00000x1f92] (730)[debug]	Process 3 ready [VNS slave process].

[28.09.2013 00:23:02.976724] [00000x1f92] (731)[debug]	Process 3 [Parallel VNS]: Received message from leader.

[28.09.2013 00:23:02.976808] [00000x1f92] (732)[debug]	Process 3: VNS Output Message sent to grasp leader number 0. I(P) = 813
[28.09.2013 00:23:02.976832] [00000x1f92] (733)[debug]	Process 3 ready [VNS slave process].

[28.09.2013 00:23:02.992959] [00000x1f92] (734)[debug]	Process 3 [Parallel VNS]: Received message from leader.

[28.09.2013 00:23:02.993160] [00000x1f92] (735)[debug]	Process 3: VNS Output Message sent to grasp leader number 0. I(P) = 812
[28.09.2013 00:23:02.993187] [00000x1f92] (736)[debug]	Process 3 ready [VNS slave process].

[28.09.2013 00:23:03.018805] [00000x1f92] (737)[debug]	Process 3 [Parallel VNS]: Received message from leader.

[28.09.2013 00:23:03.079003] [00000x1f92] (738)[debug]	Process 3: VNS Output Message sent to grasp leader number 0. I(P) = 812
[28.09.2013 00:23:03.079084] [00000x1f92] (739)[debug]	Process 3 ready [VNS slave process].

[28.09.2013 00:23:03.094850] [00000x1f92] (740)[debug]	Process 3 [Parallel VNS]: Received message from leader.

[28.09.2013 00:23:03.094912] [00000x1f92] (741)[debug]	Process 3: ignoring VNS interrupt msg received.

[28.09.2013 00:23:03.094925] [00000x1f92] (742)[debug]	Process 3 ready [VNS slave process].

[28.09.2013 00:23:05.272110] [00000x1f92] (743)[debug]	Process 3 [Parallel VNS]: Received message from leader.

[28.09.2013 00:23:05.272229] [00000x1f92] (744)[debug]	Process 3: VNS Output Message sent to grasp leader number 0. I(P) = 802
[28.09.2013 00:23:05.272253] [00000x1f92] (745)[debug]	Process 3 ready [VNS slave process].

[28.09.2013 00:23:05.296705] [00000x1f92] (746)[debug]	Process 3 [Parallel VNS]: Received message from leader.

[28.09.2013 00:23:07.642163] [00000x1f92] (747)[debug]	Process 3: VNS Output Message sent to grasp leader number 0. I(P) = 802
[28.09.2013 00:23:07.642239] [00000x1f92] (748)[debug]	Process 3 ready [VNS slave process].

[28.09.2013 00:23:09.266347] [00000x1f92] (749)[debug]	Process 3 [Parallel VNS]: Received message from leader.

[28.09.2013 00:23:09.267480] [00000x1f92] (750)[debug]	Process 3: VNS Output Message sent to grasp leader number 0. I(P) = 809
[28.09.2013 00:23:09.267513] [00000x1f92] (751)[debug]	Process 3 ready [VNS slave process].

[28.09.2013 00:23:09.290802] [00000x1f92] (752)[debug]	Process 3 [Parallel VNS]: Received message from leader.

[28.09.2013 00:23:09.292018] [00000x1f92] (753)[debug]	Process 3: VNS Output Message sent to grasp leader number 0. I(P) = 808
[28.09.2013 00:23:09.292048] [00000x1f92] (754)[debug]	Process 3 ready [VNS slave process].

[28.09.2013 00:23:09.297680] [00000x1f92] (755)[debug]	Process 3 [Parallel VNS]: Received message from leader.

[28.09.2013 00:23:09.302657] [00000x1f92] (756)[debug]	Process 3: VNS Output Message sent to grasp leader number 0. I(P) = 808
[28.09.2013 00:23:09.302721] [00000x1f92] (757)[debug]	Process 3 ready [VNS slave process].

[28.09.2013 00:23:09.310869] [00000x1f92] (758)[debug]	Process 3 [Parallel VNS]: Received message from leader.

[28.09.2013 00:23:12.643121] [00000x1f92] (759)[debug]	Process 3: VNS Output Message sent to grasp leader number 0. I(P) = 808
[28.09.2013 00:23:12.643218] [00000x1f92] (760)[debug]	Process 3 ready [VNS slave process].

[28.09.2013 00:23:12.644223] [00000x1f92] (761)[debug]	Process 3 [Parallel VNS]: Received message from leader.

[28.09.2013 00:23:12.644239] [00000x1f92] (762)[debug]	Process 3: ignoring VNS interrupt msg received.

[28.09.2013 00:23:12.644251] [00000x1f92] (763)[debug]	Process 3 ready [VNS slave process].

[28.09.2013 00:23:13.686865] [00000x1f92] (764)[debug]	Process 3 [Parallel VNS]: Received message from leader.

[28.09.2013 00:23:13.687019] [00000x1f92] (765)[debug]	Process 3: VNS Output Message sent to grasp leader number 0. I(P) = 802
[28.09.2013 00:23:13.687041] [00000x1f92] (766)[debug]	Process 3 ready [VNS slave process].

[28.09.2013 00:23:13.691896] [00000x1f92] (767)[debug]	Process 3 [Parallel VNS]: Received message from leader.

[28.09.2013 00:23:13.755166] [00000x1f92] (768)[debug]	Process 3: VNS Output Message sent to grasp leader number 0. I(P) = 802
[28.09.2013 00:23:13.755243] [00000x1f92] (769)[debug]	Process 3 ready [VNS slave process].

[28.09.2013 00:23:15.001256] [00000x1f92] (770)[debug]	Process 3 [Parallel VNS]: Received message from leader.

[28.09.2013 00:23:15.001389] [00000x1f92] (771)[debug]	Process 3: VNS Output Message sent to grasp leader number 0. I(P) = 803
[28.09.2013 00:23:15.001412] [00000x1f92] (772)[debug]	Process 3 ready [VNS slave process].

[28.09.2013 00:23:15.027130] [00000x1f92] (773)[debug]	Process 3 [Parallel VNS]: Received message from leader.

[28.09.2013 00:23:15.027306] [00000x1f92] (774)[debug]	Process 3: VNS Output Message sent to grasp leader number 0. I(P) = 803
[28.09.2013 00:23:15.027331] [00000x1f92] (775)[debug]	Process 3 ready [VNS slave process].

[28.09.2013 00:23:15.030402] [00000x1f92] (776)[debug]	Process 3 [Parallel VNS]: Received message from leader.

[28.09.2013 00:23:15.030418] [00000x1f92] (777)[debug]	Process 3: ignoring VNS interrupt msg received.

[28.09.2013 00:23:15.030430] [00000x1f92] (778)[debug]	Process 3 ready [VNS slave process].

[28.09.2013 00:23:16.612737] [00000x1f92] (779)[debug]	Process 3 [Parallel VNS]: Received message from leader.

[28.09.2013 00:23:16.612873] [00000x1f92] (780)[debug]	Process 3: VNS Output Message sent to grasp leader number 0. I(P) = 799
[28.09.2013 00:23:16.612894] [00000x1f92] (781)[debug]	Process 3 ready [VNS slave process].

[28.09.2013 00:23:16.634899] [00000x1f92] (782)[debug]	Process 3 [Parallel VNS]: Received message from leader.

[28.09.2013 00:23:16.655073] [00000x1f92] (783)[trace]	VNS interrupt message received.
[28.09.2013 00:23:16.655112] [00000x1f92] (784)[debug]	Process 3: VNS Output Message sent to grasp leader number 0. I(P) = 799
[28.09.2013 00:23:16.655132] [00000x1f92] (785)[debug]	Process 3 ready [VNS slave process].

[28.09.2013 00:23:16.661137] [00000x1f92] (786)[debug]	Process 3 [Parallel VNS]: Received message from leader.

[28.09.2013 00:23:16.661333] [00000x1f92] (787)[debug]	Process 3: VNS Output Message sent to grasp leader number 0. I(P) = 798
[28.09.2013 00:23:16.661354] [00000x1f92] (788)[debug]	Process 3 ready [VNS slave process].

[28.09.2013 00:23:16.670028] [00000x1f92] (789)[debug]	Process 3 [Parallel VNS]: Received message from leader.

[28.09.2013 00:23:16.851264] [00000x1f92] (790)[debug]	Process 3: VNS Output Message sent to grasp leader number 0. I(P) = 798
[28.09.2013 00:23:16.851317] [00000x1f92] (791)[debug]	Process 3 ready [VNS slave process].

[28.09.2013 00:23:16.854848] [00000x1f92] (792)[debug]	Process 3 [Parallel VNS]: Received message from leader.

[28.09.2013 00:23:16.854875] [00000x1f92] (793)[debug]	Process 3: ignoring VNS interrupt msg received.

[28.09.2013 00:23:16.854899] [00000x1f92] (794)[debug]	Process 3 ready [VNS slave process].

[28.09.2013 00:23:18.525635] [00000x1f92] (795)[debug]	Process 3 [Parallel VNS]: Received message from leader.

[28.09.2013 00:23:18.525832] [00000x1f92] (796)[debug]	Process 3: VNS Output Message sent to grasp leader number 0. I(P) = 807
[28.09.2013 00:23:18.525854] [00000x1f92] (797)[debug]	Process 3 ready [VNS slave process].

[28.09.2013 00:23:18.539954] [00000x1f92] (798)[debug]	Process 3 [Parallel VNS]: Received message from leader.

[28.09.2013 00:23:18.540034] [00000x1f92] (799)[debug]	Process 3: VNS Output Message sent to grasp leader number 0. I(P) = 807
[28.09.2013 00:23:18.540059] [00000x1f92] (800)[debug]	Process 3 ready [VNS slave process].

[28.09.2013 00:23:22.062337] [00000x1f92] (801)[debug]	Process 3 [Parallel VNS]: Received message from leader.

[28.09.2013 00:23:22.062536] [00000x1f92] (802)[debug]	Process 3: VNS Output Message sent to grasp leader number 0. I(P) = 783
[28.09.2013 00:23:22.062567] [00000x1f92] (803)[debug]	Process 3 ready [VNS slave process].

[28.09.2013 00:23:22.070285] [00000x1f92] (804)[debug]	Process 3 [Parallel VNS]: Received message from leader.

[28.09.2013 00:23:22.071495] [00000x1f92] (805)[debug]	Process 3: VNS Output Message sent to grasp leader number 0. I(P) = 781
[28.09.2013 00:23:22.071538] [00000x1f92] (806)[debug]	Process 3 ready [VNS slave process].

[28.09.2013 00:23:22.086922] [00000x1f92] (807)[debug]	Process 3 [Parallel VNS]: Received message from leader.

[28.09.2013 00:23:22.087131] [00000x1f92] (808)[debug]	Process 3: VNS Output Message sent to grasp leader number 0. I(P) = 781
[28.09.2013 00:23:22.087155] [00000x1f92] (809)[debug]	Process 3 ready [VNS slave process].

[28.09.2013 00:23:22.103385] [00000x1f92] (810)[debug]	Process 3 [Parallel VNS]: Received message from leader.

[28.09.2013 00:23:23.982373] [00000x1f92] (811)[debug]	Process 3: VNS Output Message sent to grasp leader number 0. I(P) = 781
[28.09.2013 00:23:23.982451] [00000x1f92] (812)[debug]	Process 3 ready [VNS slave process].

[28.09.2013 00:23:23.992207] [00000x1f92] (813)[debug]	Process 3 [Parallel VNS]: Received message from leader.

[28.09.2013 00:23:23.992242] [00000x1f92] (814)[debug]	Process 3: ignoring VNS interrupt msg received.

[28.09.2013 00:23:23.992255] [00000x1f92] (815)[debug]	Process 3 ready [VNS slave process].

[28.09.2013 00:23:25.282682] [00000x1f92] (816)[debug]	Process 3 [Parallel VNS]: Received message from leader.

[28.09.2013 00:23:25.283820] [00000x1f92] (817)[debug]	Process 3: VNS Output Message sent to grasp leader number 0. I(P) = 806
[28.09.2013 00:23:25.283843] [00000x1f92] (818)[debug]	Process 3 ready [VNS slave process].

[28.09.2013 00:23:25.291299] [00000x1f92] (819)[debug]	Process 3 [Parallel VNS]: Received message from leader.

[28.09.2013 00:23:25.292542] [00000x1f92] (820)[debug]	Process 3: VNS Output Message sent to grasp leader number 0. I(P) = 805
[28.09.2013 00:23:25.292570] [00000x1f92] (821)[debug]	Process 3 ready [VNS slave process].

[28.09.2013 00:23:25.299193] [00000x1f92] (822)[debug]	Process 3 [Parallel VNS]: Received message from leader.

[28.09.2013 00:23:25.299340] [00000x1f92] (823)[debug]	Process 3: VNS Output Message sent to grasp leader number 0. I(P) = 805
[28.09.2013 00:23:25.299362] [00000x1f92] (824)[debug]	Process 3 ready [VNS slave process].

[28.09.2013 00:23:25.303175] [00000x1f92] (825)[debug]	Process 3 [Parallel VNS]: Received message from leader.

[28.09.2013 00:23:25.411963] [00000x1f92] (826)[debug]	Process 3: VNS Output Message sent to grasp leader number 0. I(P) = 805
[28.09.2013 00:23:25.412042] [00000x1f92] (827)[debug]	Process 3 ready [VNS slave process].

[28.09.2013 00:23:26.632762] [00000x1f92] (828)[debug]	Process 3 [Parallel VNS]: Received message from leader.

[28.09.2013 00:23:26.632885] [00000x1f92] (829)[debug]	Process 3: VNS Output Message sent to grasp leader number 0. I(P) = 799
[28.09.2013 00:23:26.632908] [00000x1f92] (830)[debug]	Process 3 ready [VNS slave process].

[28.09.2013 00:23:26.642405] [00000x1f92] (831)[debug]	Process 3 [Parallel VNS]: Received message from leader.

[28.09.2013 00:23:26.643628] [00000x1f92] (832)[debug]	Process 3: VNS Output Message sent to grasp leader number 0. I(P) = 798
[28.09.2013 00:23:26.643658] [00000x1f92] (833)[debug]	Process 3 ready [VNS slave process].

[28.09.2013 00:23:26.645060] [00000x1f92] (834)[debug]	Process 3 [Parallel VNS]: Received message from leader.

[28.09.2013 00:23:26.645075] [00000x1f92] (835)[debug]	Process 3: ignoring VNS interrupt msg received.

[28.09.2013 00:23:26.645087] [00000x1f92] (836)[debug]	Process 3 ready [VNS slave process].

[28.09.2013 00:23:26.674740] [00000x1f92] (837)[debug]	Process 3 [Parallel VNS]: Received message from leader.

[28.09.2013 00:23:26.676099] [00000x1f92] (838)[debug]	Process 3: VNS Output Message sent to grasp leader number 0. I(P) = 798
[28.09.2013 00:23:26.676151] [00000x1f92] (839)[debug]	Process 3 ready [VNS slave process].

[28.09.2013 00:23:26.682961] [00000x1f92] (840)[debug]	Process 3 [Parallel VNS]: Received message from leader.

[28.09.2013 00:23:26.715116] [00000x1f92] (841)[debug]	Process 3: VNS Output Message sent to grasp leader number 0. I(P) = 798
[28.09.2013 00:23:26.715197] [00000x1f92] (842)[debug]	Process 3 ready [VNS slave process].

[28.09.2013 00:24:09.398238] [00000x1f92] (843)[debug]	Process 3 [Parallel VNS]: Received message from leader.

[28.09.2013 00:24:09.398296] [00000x1f92] (844)[debug]	Process 3: terminate msg received.

