[09.10.2013 01:20:05.952952] [00000x2835] (1)[info]	Resolution strategy is 0

[09.10.2013 01:20:05.953154] [00000x2835] (2)[info]	Neighborhood size (l) is 2

[09.10.2013 01:20:05.953174] [00000x2835] (3)[info]	Gain function type is 
[09.10.2013 01:20:05.953196] [00000x2835] (4)[info]	max positive-negative modularity

[09.10.2013 01:20:05.953207] [00000x2835] (5)[info]	First improvement on 1-opt neighborhood is enabled? true
[09.10.2013 01:20:05.953223] [00000x2835] (6)[info]	Number of GRASP processes in parallel is 0

[09.10.2013 01:20:05.955570] [00000x2835] (7)[info]	Input file dir is: /home/mlevorato/git/mestrado/mestrado/tests/Instances/Gisele/Random

[09.10.2013 01:20:05.955960] [00000x2835] (8)[info]	The number of VNS search slaves per master is 0

[09.10.2013 01:20:05.955979] [00000x2835] (9)[info]	Alpha value is 0.80

[09.10.2013 01:20:05.956015] [00000x2835] (10)[info]	Number of iterations is 400

[09.10.2013 01:20:05.956033] [00000x2835] (11)[info]	Reading input file: '/home/mlevorato/git/mestrado/mestrado/tests/Instances/Gisele/Random/file500_10_5.g' ...

[09.10.2013 01:20:05.956292] [00000x2835] (12)[trace]	Line: people:  50

[09.10.2013 01:20:05.956309] [00000x2835] (13)[trace]	Format type is 0

[09.10.2013 01:20:05.956327] [00000x2835] (14)[trace]	n value is 50

[09.10.2013 01:20:05.956396] [00000x2835] (15)[trace]	Successfully created signed graph with 50 vertices.

[09.10.2013 01:20:05.957357] [00000x2835] (16)[debug]	Initializing GRASP procedure for alpha = 0.80 and l = 2...

[09.10.2013 01:20:05.957375] [00000x2835] (17)[trace]	Random seed is 9387898352462645310

[09.10.2013 01:20:05.957397] [00000x2835] (18)[trace]	GRASP iteration 0
[09.10.2013 01:20:05.957415] [00000x2835] (19)[trace]	GRASP construct clustering...

[09.10.2013 01:20:06.000277] [00000x2835] (20)[trace]	0: Initial clustering completed.

[09.10.2013 01:20:06.001386] [00000x2835] (21)[trace]	GRASP local search...

[09.10.2013 01:20:06.001402] [00000x2835] (22)[trace]	Current neighborhood is 1

[09.10.2013 01:20:06.003474] [00000x2835] (23)[trace]	0: New local solution found: 118.00

[09.10.2013 01:20:06.004396] [00000x2835] (24)[trace]	0: New local solution found: 114.00

[09.10.2013 01:20:06.005097] [00000x2835] (25)[trace]	0: New local solution found: 111.00

[09.10.2013 01:20:06.014274] [00000x2835] (26)[trace]	0: New local solution found: 110.00

[09.10.2013 01:20:06.032638] [00000x2835] (27)[trace]	0: New local solution found: 109.00

[09.10.2013 01:20:06.039262] [00000x2835] (28)[trace]	0: New local solution found: 108.00

[09.10.2013 01:20:06.051706] [00000x2835] (29)[trace]	0: New local solution found: 107.00

[09.10.2013 01:20:06.062952] [00000x2835] (30)[trace]	0: New local solution found: 105.00

[09.10.2013 01:20:06.064209] [00000x2835] (31)[trace]	0: New local solution found: 102.00

[09.10.2013 01:20:06.075420] [00000x2835] (32)[trace]	0: New local solution found: 100.00

[09.10.2013 01:20:06.076123] [00000x2835] (33)[trace]	0: New local solution found: 99.00

[09.10.2013 01:20:06.120852] [00000x2835] (34)[trace]	0: New local solution found: 98.00

[09.10.2013 01:20:06.130287] [00000x2835] (35)[trace]	0: New local solution found: 97.00

[09.10.2013 01:20:06.133002] [00000x2835] (36)[trace]	0: New local solution found: 96.00

[09.10.2013 01:20:06.136412] [00000x2835] (37)[trace]	0: New local solution found: 93.00

[09.10.2013 01:20:06.140593] [00000x2835] (38)[trace]	0: New local solution found: 91.00

[09.10.2013 01:20:06.217886] [00000x2835] (39)[trace]	0: New local solution found: 89.00

[09.10.2013 01:20:06.326987] [00000x2835] (40)[trace]	Changed to neighborhood size l = 2
