[28.09.2013 00:22:41.230971] [00000x1fb1] (1)[trace]	number of slaves received

[28.09.2013 00:22:41.231404] [00000x1fb1] (2)[info]	The number of VNS search slaves per master is 2

[28.09.2013 00:22:41.233437] [00000x1fb1] (3)[debug]	Process 4 ready [VNS slave process].

[28.09.2013 00:22:43.018444] [00000x1fb1] (4)[debug]	Process 4 [Parallel VNS]: Received message from leader.

[28.09.2013 00:22:43.018904] [00000x1fb1] (5)[trace]	Line: 200 887

[28.09.2013 00:22:43.018930] [00000x1fb1] (6)[trace]	Format type is 2

[28.09.2013 00:22:43.019285] [00000x1fb1] (7)[trace]	Successfully created signed graph with 200 vertices.

[28.09.2013 00:22:43.030125] [00000x1fb1] (8)[debug]	Process 4: VNS Output Message sent to grasp leader number 1. I(P) = 807
[28.09.2013 00:22:43.030193] [00000x1fb1] (9)[debug]	Process 4 ready [VNS slave process].

[28.09.2013 00:22:43.034886] [00000x1fb1] (10)[debug]	Process 4 [Parallel VNS]: Received message from leader.

[28.09.2013 00:22:43.160941] [00000x1fb1] (11)[debug]	Process 4: VNS Output Message sent to grasp leader number 1. I(P) = 807
[28.09.2013 00:22:43.161017] [00000x1fb1] (12)[debug]	Process 4 ready [VNS slave process].

[28.09.2013 00:22:44.416428] [00000x1fb1] (13)[debug]	Process 4 [Parallel VNS]: Received message from leader.

[28.09.2013 00:22:44.416553] [00000x1fb1] (14)[debug]	Process 4: VNS Output Message sent to grasp leader number 1. I(P) = 798
[28.09.2013 00:22:44.416574] [00000x1fb1] (15)[debug]	Process 4 ready [VNS slave process].

[28.09.2013 00:22:44.416985] [00000x1fb1] (16)[debug]	Process 4 [Parallel VNS]: Received message from leader.

[28.09.2013 00:22:44.420413] [00000x1fb1] (17)[trace]	VNS interrupt message received.
[28.09.2013 00:22:44.420456] [00000x1fb1] (18)[debug]	Process 4: VNS Output Message sent to grasp leader number 1. I(P) = 798
[28.09.2013 00:22:44.420476] [00000x1fb1] (19)[debug]	Process 4 ready [VNS slave process].

[28.09.2013 00:22:45.782484] [00000x1fb1] (20)[debug]	Process 4 [Parallel VNS]: Received message from leader.

[28.09.2013 00:22:45.782667] [00000x1fb1] (21)[debug]	Process 4: VNS Output Message sent to grasp leader number 1. I(P) = 812
[28.09.2013 00:22:45.782689] [00000x1fb1] (22)[debug]	Process 4 ready [VNS slave process].

[28.09.2013 00:22:45.788835] [00000x1fb1] (23)[debug]	Process 4 [Parallel VNS]: Received message from leader.

[28.09.2013 00:22:47.074562] [00000x1fb1] (24)[trace]	VNS interrupt message received.
[28.09.2013 00:22:47.074645] [00000x1fb1] (25)[debug]	Process 4: VNS Output Message sent to grasp leader number 1. I(P) = 812
[28.09.2013 00:22:47.074674] [00000x1fb1] (26)[debug]	Process 4 ready [VNS slave process].

[28.09.2013 00:22:48.659655] [00000x1fb1] (27)[debug]	Process 4 [Parallel VNS]: Received message from leader.

[28.09.2013 00:22:48.660847] [00000x1fb1] (28)[debug]	Process 4: VNS Output Message sent to grasp leader number 1. I(P) = 806
[28.09.2013 00:22:48.660873] [00000x1fb1] (29)[debug]	Process 4 ready [VNS slave process].

[28.09.2013 00:22:48.662912] [00000x1fb1] (30)[debug]	Process 4 [Parallel VNS]: Received message from leader.

[28.09.2013 00:22:48.662968] [00000x1fb1] (31)[debug]	Process 4: VNS Output Message sent to grasp leader number 1. I(P) = 806
[28.09.2013 00:22:48.662988] [00000x1fb1] (32)[debug]	Process 4 ready [VNS slave process].

[28.09.2013 00:22:48.667817] [00000x1fb1] (33)[debug]	Process 4 [Parallel VNS]: Received message from leader.

[28.09.2013 00:22:48.667853] [00000x1fb1] (34)[debug]	Process 4: ignoring VNS interrupt msg received.

[28.09.2013 00:22:48.667866] [00000x1fb1] (35)[debug]	Process 4 ready [VNS slave process].

[28.09.2013 00:22:50.772611] [00000x1fb1] (36)[debug]	Process 4 [Parallel VNS]: Received message from leader.

[28.09.2013 00:22:50.772724] [00000x1fb1] (37)[debug]	Process 4: VNS Output Message sent to grasp leader number 1. I(P) = 793
[28.09.2013 00:22:50.772750] [00000x1fb1] (38)[debug]	Process 4 ready [VNS slave process].

[28.09.2013 00:22:50.790959] [00000x1fb1] (39)[debug]	Process 4 [Parallel VNS]: Received message from leader.

[28.09.2013 00:22:50.791190] [00000x1fb1] (40)[debug]	Process 4: VNS Output Message sent to grasp leader number 1. I(P) = 793
[28.09.2013 00:22:50.791223] [00000x1fb1] (41)[debug]	Process 4 ready [VNS slave process].

[28.09.2013 00:22:52.459643] [00000x1fb1] (42)[debug]	Process 4 [Parallel VNS]: Received message from leader.

[28.09.2013 00:22:52.459735] [00000x1fb1] (43)[debug]	Process 4: VNS Output Message sent to grasp leader number 1. I(P) = 809
[28.09.2013 00:22:52.459755] [00000x1fb1] (44)[debug]	Process 4 ready [VNS slave process].

[28.09.2013 00:22:52.474345] [00000x1fb1] (45)[debug]	Process 4 [Parallel VNS]: Received message from leader.

[28.09.2013 00:22:52.475592] [00000x1fb1] (46)[debug]	Process 4: VNS Output Message sent to grasp leader number 1. I(P) = 807
[28.09.2013 00:22:52.475620] [00000x1fb1] (47)[debug]	Process 4 ready [VNS slave process].

[28.09.2013 00:22:52.484780] [00000x1fb1] (48)[debug]	Process 4 [Parallel VNS]: Received message from leader.

[28.09.2013 00:22:52.484866] [00000x1fb1] (49)[debug]	Process 4: VNS Output Message sent to grasp leader number 1. I(P) = 807
[28.09.2013 00:22:52.484887] [00000x1fb1] (50)[debug]	Process 4 ready [VNS slave process].

[28.09.2013 00:22:52.514522] [00000x1fb1] (51)[debug]	Process 4 [Parallel VNS]: Received message from leader.

[28.09.2013 00:22:54.832269] [00000x1fb1] (52)[debug]	Process 4: VNS Output Message sent to grasp leader number 1. I(P) = 807
[28.09.2013 00:22:54.832352] [00000x1fb1] (53)[debug]	Process 4 ready [VNS slave process].

[28.09.2013 00:22:55.971969] [00000x1fb1] (54)[debug]	Process 4 [Parallel VNS]: Received message from leader.

[28.09.2013 00:22:55.972108] [00000x1fb1] (55)[debug]	Process 4: VNS Output Message sent to grasp leader number 1. I(P) = 800
[28.09.2013 00:22:55.972132] [00000x1fb1] (56)[debug]	Process 4 ready [VNS slave process].

[28.09.2013 00:22:55.974229] [00000x1fb1] (57)[debug]	Process 4 [Parallel VNS]: Received message from leader.

[28.09.2013 00:22:56.020776] [00000x1fb1] (58)[trace]	VNS interrupt message received.
[28.09.2013 00:22:56.020819] [00000x1fb1] (59)[debug]	Process 4: VNS Output Message sent to grasp leader number 1. I(P) = 800
[28.09.2013 00:22:56.020841] [00000x1fb1] (60)[debug]	Process 4 ready [VNS slave process].

[28.09.2013 00:22:57.339958] [00000x1fb1] (61)[debug]	Process 4 [Parallel VNS]: Received message from leader.

[28.09.2013 00:22:57.341102] [00000x1fb1] (62)[debug]	Process 4: VNS Output Message sent to grasp leader number 1. I(P) = 798
[28.09.2013 00:22:57.341137] [00000x1fb1] (63)[debug]	Process 4 ready [VNS slave process].

[28.09.2013 00:22:57.352929] [00000x1fb1] (64)[debug]	Process 4 [Parallel VNS]: Received message from leader.

[28.09.2013 00:22:57.354165] [00000x1fb1] (65)[debug]	Process 4: VNS Output Message sent to grasp leader number 1. I(P) = 798
[28.09.2013 00:22:57.354192] [00000x1fb1] (66)[debug]	Process 4 ready [VNS slave process].

[28.09.2013 00:22:57.374364] [00000x1fb1] (67)[debug]	Process 4 [Parallel VNS]: Received message from leader.

[28.09.2013 00:22:57.426214] [00000x1fb1] (68)[debug]	Process 4: VNS Output Message sent to grasp leader number 1. I(P) = 798
[28.09.2013 00:22:57.436879] [00000x1fb1] (69)[debug]	Process 4 ready [VNS slave process].

[28.09.2013 00:22:58.869498] [00000x1fb1] (70)[debug]	Process 4 [Parallel VNS]: Received message from leader.

[28.09.2013 00:22:58.869599] [00000x1fb1] (71)[debug]	Process 4: VNS Output Message sent to grasp leader number 1. I(P) = 806
[28.09.2013 00:22:58.869621] [00000x1fb1] (72)[debug]	Process 4 ready [VNS slave process].

[28.09.2013 00:22:58.875685] [00000x1fb1] (73)[debug]	Process 4 [Parallel VNS]: Received message from leader.

[28.09.2013 00:22:58.887003] [00000x1fb1] (74)[debug]	Process 4: VNS Output Message sent to grasp leader number 1. I(P) = 806
[28.09.2013 00:22:58.887055] [00000x1fb1] (75)[debug]	Process 4 ready [VNS slave process].

[28.09.2013 00:23:00.592048] [00000x1fb1] (76)[debug]	Process 4 [Parallel VNS]: Received message from leader.

[28.09.2013 00:23:00.593328] [00000x1fb1] (77)[debug]	Process 4: VNS Output Message sent to grasp leader number 1. I(P) = 808
[28.09.2013 00:23:00.593383] [00000x1fb1] (78)[debug]	Process 4 ready [VNS slave process].

[28.09.2013 00:23:00.599582] [00000x1fb1] (79)[debug]	Process 4 [Parallel VNS]: Received message from leader.

[28.09.2013 00:23:00.599758] [00000x1fb1] (80)[debug]	Process 4: VNS Output Message sent to grasp leader number 1. I(P) = 808
[28.09.2013 00:23:00.599781] [00000x1fb1] (81)[debug]	Process 4 ready [VNS slave process].

[28.09.2013 00:23:02.373742] [00000x1fb1] (82)[debug]	Process 4 [Parallel VNS]: Received message from leader.

[28.09.2013 00:23:02.373843] [00000x1fb1] (83)[debug]	Process 4: VNS Output Message sent to grasp leader number 1. I(P) = 812
[28.09.2013 00:23:02.373866] [00000x1fb1] (84)[debug]	Process 4 ready [VNS slave process].

[28.09.2013 00:23:02.394704] [00000x1fb1] (85)[debug]	Process 4 [Parallel VNS]: Received message from leader.

[28.09.2013 00:23:05.436353] [00000x1fb1] (86)[debug]	Process 4: VNS Output Message sent to grasp leader number 1. I(P) = 812
[28.09.2013 00:23:05.436446] [00000x1fb1] (87)[debug]	Process 4 ready [VNS slave process].

[28.09.2013 00:23:07.552442] [00000x1fb1] (88)[debug]	Process 4 [Parallel VNS]: Received message from leader.

[28.09.2013 00:23:07.553848] [00000x1fb1] (89)[debug]	Process 4: VNS Output Message sent to grasp leader number 1. I(P) = 810
[28.09.2013 00:23:07.553907] [00000x1fb1] (90)[debug]	Process 4 ready [VNS slave process].

[28.09.2013 00:23:07.582528] [00000x1fb1] (91)[debug]	Process 4 [Parallel VNS]: Received message from leader.

[28.09.2013 00:23:07.605034] [00000x1fb1] (92)[debug]	Process 4: VNS Output Message sent to grasp leader number 1. I(P) = 809
[28.09.2013 00:23:07.605110] [00000x1fb1] (93)[debug]	Process 4 ready [VNS slave process].

[28.09.2013 00:23:07.619698] [00000x1fb1] (94)[debug]	Process 4 [Parallel VNS]: Received message from leader.

[28.09.2013 00:23:07.621694] [00000x1fb1] (95)[debug]	Process 4: VNS Output Message sent to grasp leader number 1. I(P) = 809
[28.09.2013 00:23:07.621745] [00000x1fb1] (96)[debug]	Process 4 ready [VNS slave process].

[28.09.2013 00:23:07.650608] [00000x1fb1] (97)[debug]	Process 4 [Parallel VNS]: Received message from leader.

[28.09.2013 00:23:07.735105] [00000x1fb1] (98)[trace]	VNS interrupt message received.
[28.09.2013 00:23:07.735206] [00000x1fb1] (99)[debug]	Process 4: VNS Output Message sent to grasp leader number 1. I(P) = 809
[28.09.2013 00:23:07.735239] [00000x1fb1] (100)[debug]	Process 4 ready [VNS slave process].

[28.09.2013 00:23:09.181585] [00000x1fb1] (101)[debug]	Process 4 [Parallel VNS]: Received message from leader.

[28.09.2013 00:23:09.182929] [00000x1fb1] (102)[debug]	Process 4: VNS Output Message sent to grasp leader number 1. I(P) = 792
[28.09.2013 00:23:09.182973] [00000x1fb1] (103)[debug]	Process 4 ready [VNS slave process].

[28.09.2013 00:23:09.199697] [00000x1fb1] (104)[debug]	Process 4 [Parallel VNS]: Received message from leader.

[28.09.2013 00:23:09.200955] [00000x1fb1] (105)[debug]	Process 4: VNS Output Message sent to grasp leader number 1. I(P) = 792
[28.09.2013 00:23:09.200982] [00000x1fb1] (106)[debug]	Process 4 ready [VNS slave process].

[28.09.2013 00:23:09.203262] [00000x1fb1] (107)[debug]	Process 4 [Parallel VNS]: Received message from leader.

[28.09.2013 00:23:09.203302] [00000x1fb1] (108)[trace]	VNS interrupt message received.
[28.09.2013 00:23:09.203327] [00000x1fb1] (109)[debug]	Process 4: VNS Output Message sent to grasp leader number 1. I(P) = 792
[28.09.2013 00:23:09.203345] [00000x1fb1] (110)[debug]	Process 4 ready [VNS slave process].

[28.09.2013 00:23:09.994352] [00000x1fb1] (111)[debug]	Process 4 [Parallel VNS]: Received message from leader.

[28.09.2013 00:23:09.995532] [00000x1fb1] (112)[debug]	Process 4: VNS Output Message sent to grasp leader number 1. I(P) = 806
[28.09.2013 00:23:09.995559] [00000x1fb1] (113)[debug]	Process 4 ready [VNS slave process].

[28.09.2013 00:23:10.008981] [00000x1fb1] (114)[debug]	Process 4 [Parallel VNS]: Received message from leader.

[28.09.2013 00:23:11.558330] [00000x1fb1] (115)[trace]	VNS interrupt message received.
[28.09.2013 00:23:11.558409] [00000x1fb1] (116)[debug]	Process 4: VNS Output Message sent to grasp leader number 1. I(P) = 806
[28.09.2013 00:23:11.558435] [00000x1fb1] (117)[debug]	Process 4 ready [VNS slave process].

[28.09.2013 00:23:12.962338] [00000x1fb1] (118)[debug]	Process 4 [Parallel VNS]: Received message from leader.

[28.09.2013 00:23:12.962444] [00000x1fb1] (119)[debug]	Process 4: VNS Output Message sent to grasp leader number 1. I(P) = 811
[28.09.2013 00:23:12.962466] [00000x1fb1] (120)[debug]	Process 4 ready [VNS slave process].

[28.09.2013 00:23:12.971019] [00000x1fb1] (121)[debug]	Process 4 [Parallel VNS]: Received message from leader.

[28.09.2013 00:23:12.971125] [00000x1fb1] (122)[debug]	Process 4: VNS Output Message sent to grasp leader number 1. I(P) = 811
[28.09.2013 00:23:12.971146] [00000x1fb1] (123)[debug]	Process 4 ready [VNS slave process].

[28.09.2013 00:23:12.978628] [00000x1fb1] (124)[debug]	Process 4 [Parallel VNS]: Received message from leader.

[28.09.2013 00:23:12.978653] [00000x1fb1] (125)[debug]	Process 4: ignoring VNS interrupt msg received.

[28.09.2013 00:23:12.978665] [00000x1fb1] (126)[debug]	Process 4 ready [VNS slave process].

[28.09.2013 00:23:14.279964] [00000x1fb1] (127)[debug]	Process 4 [Parallel VNS]: Received message from leader.

[28.09.2013 00:23:14.280069] [00000x1fb1] (128)[debug]	Process 4: VNS Output Message sent to grasp leader number 1. I(P) = 798
[28.09.2013 00:23:14.280091] [00000x1fb1] (129)[debug]	Process 4 ready [VNS slave process].

[28.09.2013 00:23:14.291229] [00000x1fb1] (130)[debug]	Process 4 [Parallel VNS]: Received message from leader.

[28.09.2013 00:23:14.291411] [00000x1fb1] (131)[debug]	Process 4: VNS Output Message sent to grasp leader number 1. I(P) = 798
[28.09.2013 00:23:14.291432] [00000x1fb1] (132)[debug]	Process 4 ready [VNS slave process].

[28.09.2013 00:23:14.328569] [00000x1fb1] (133)[debug]	Process 4 [Parallel VNS]: Received message from leader.

[28.09.2013 00:23:14.339040] [00000x1fb1] (134)[debug]	Process 4: VNS Output Message sent to grasp leader number 1. I(P) = 797
[28.09.2013 00:23:14.339087] [00000x1fb1] (135)[debug]	Process 4 ready [VNS slave process].

[28.09.2013 00:23:14.350359] [00000x1fb1] (136)[debug]	Process 4 [Parallel VNS]: Received message from leader.

[28.09.2013 00:23:14.433068] [00000x1fb1] (137)[debug]	Process 4: VNS Output Message sent to grasp leader number 1. I(P) = 797
[28.09.2013 00:23:14.433153] [00000x1fb1] (138)[debug]	Process 4 ready [VNS slave process].

[28.09.2013 00:23:15.636607] [00000x1fb1] (139)[debug]	Process 4 [Parallel VNS]: Received message from leader.

[28.09.2013 00:23:15.636700] [00000x1fb1] (140)[debug]	Process 4: VNS Output Message sent to grasp leader number 1. I(P) = 807
[28.09.2013 00:23:15.636722] [00000x1fb1] (141)[debug]	Process 4 ready [VNS slave process].

[28.09.2013 00:23:15.639208] [00000x1fb1] (142)[debug]	Process 4 [Parallel VNS]: Received message from leader.

[28.09.2013 00:23:15.641387] [00000x1fb1] (143)[debug]	Process 4: VNS Output Message sent to grasp leader number 1. I(P) = 806
[28.09.2013 00:23:15.641414] [00000x1fb1] (144)[debug]	Process 4 ready [VNS slave process].

[28.09.2013 00:23:15.650575] [00000x1fb1] (145)[debug]	Process 4 [Parallel VNS]: Received message from leader.

[28.09.2013 00:23:15.650599] [00000x1fb1] (146)[debug]	Process 4: ignoring VNS interrupt msg received.

[28.09.2013 00:23:15.650612] [00000x1fb1] (147)[debug]	Process 4 ready [VNS slave process].

[28.09.2013 00:23:15.650864] [00000x1fb1] (148)[debug]	Process 4 [Parallel VNS]: Received message from leader.

[28.09.2013 00:23:15.650879] [00000x1fb1] (149)[debug]	Process 4: ignoring VNS interrupt msg received.

[28.09.2013 00:23:15.650891] [00000x1fb1] (150)[debug]	Process 4 ready [VNS slave process].

[28.09.2013 00:23:15.650928] [00000x1fb1] (151)[debug]	Process 4 [Parallel VNS]: Received message from leader.

[28.09.2013 00:23:15.652617] [00000x1fb1] (152)[debug]	Process 4: VNS Output Message sent to grasp leader number 1. I(P) = 804
[28.09.2013 00:23:15.652649] [00000x1fb1] (153)[debug]	Process 4 ready [VNS slave process].

[28.09.2013 00:23:15.656456] [00000x1fb1] (154)[debug]	Process 4 [Parallel VNS]: Received message from leader.

[28.09.2013 00:23:15.658135] [00000x1fb1] (155)[debug]	Process 4: VNS Output Message sent to grasp leader number 1. I(P) = 804
[28.09.2013 00:23:15.658171] [00000x1fb1] (156)[debug]	Process 4 ready [VNS slave process].

[28.09.2013 00:23:15.665834] [00000x1fb1] (157)[debug]	Process 4 [Parallel VNS]: Received message from leader.

[28.09.2013 00:23:15.668119] [00000x1fb1] (158)[trace]	VNS interrupt message received.
[28.09.2013 00:23:15.668152] [00000x1fb1] (159)[debug]	Process 4: VNS Output Message sent to grasp leader number 1. I(P) = 804
[28.09.2013 00:23:15.668171] [00000x1fb1] (160)[debug]	Process 4 ready [VNS slave process].

[28.09.2013 00:23:16.888545] [00000x1fb1] (161)[debug]	Process 4 [Parallel VNS]: Received message from leader.

[28.09.2013 00:23:16.888764] [00000x1fb1] (162)[debug]	Process 4: VNS Output Message sent to grasp leader number 1. I(P) = 805
[28.09.2013 00:23:16.888793] [00000x1fb1] (163)[debug]	Process 4 ready [VNS slave process].

[28.09.2013 00:23:16.897085] [00000x1fb1] (164)[debug]	Process 4 [Parallel VNS]: Received message from leader.

[28.09.2013 00:23:17.009172] [00000x1fb1] (165)[debug]	Process 4: VNS Output Message sent to grasp leader number 1. I(P) = 805
[28.09.2013 00:23:17.009250] [00000x1fb1] (166)[debug]	Process 4 ready [VNS slave process].

[28.09.2013 00:23:17.018334] [00000x1fb1] (167)[debug]	Process 4 [Parallel VNS]: Received message from leader.

[28.09.2013 00:23:17.018375] [00000x1fb1] (168)[debug]	Process 4: ignoring VNS interrupt msg received.

[28.09.2013 00:23:17.018388] [00000x1fb1] (169)[debug]	Process 4 ready [VNS slave process].

[28.09.2013 00:23:18.553269] [00000x1fb1] (170)[debug]	Process 4 [Parallel VNS]: Received message from leader.

[28.09.2013 00:23:18.553423] [00000x1fb1] (171)[debug]	Process 4: VNS Output Message sent to grasp leader number 1. I(P) = 807
[28.09.2013 00:23:18.553444] [00000x1fb1] (172)[debug]	Process 4 ready [VNS slave process].

[28.09.2013 00:23:18.580111] [00000x1fb1] (173)[debug]	Process 4 [Parallel VNS]: Received message from leader.

[28.09.2013 00:23:18.636035] [00000x1fb1] (174)[trace]	VNS interrupt message received.
[28.09.2013 00:23:18.636098] [00000x1fb1] (175)[debug]	Process 4: VNS Output Message sent to grasp leader number 1. I(P) = 807
[28.09.2013 00:23:18.636123] [00000x1fb1] (176)[debug]	Process 4 ready [VNS slave process].

[28.09.2013 00:23:20.118327] [00000x1fb1] (177)[debug]	Process 4 [Parallel VNS]: Received message from leader.

[28.09.2013 00:23:20.118499] [00000x1fb1] (178)[debug]	Process 4: VNS Output Message sent to grasp leader number 1. I(P) = 809
[28.09.2013 00:23:20.118527] [00000x1fb1] (179)[debug]	Process 4 ready [VNS slave process].

[28.09.2013 00:23:20.129039] [00000x1fb1] (180)[debug]	Process 4 [Parallel VNS]: Received message from leader.

[28.09.2013 00:23:20.139389] [00000x1fb1] (181)[debug]	Process 4: VNS Output Message sent to grasp leader number 1. I(P) = 806
[28.09.2013 00:23:20.139435] [00000x1fb1] (182)[debug]	Process 4 ready [VNS slave process].

[28.09.2013 00:23:20.140142] [00000x1fb1] (183)[debug]	Process 4 [Parallel VNS]: Received message from leader.

[28.09.2013 00:23:20.142100] [00000x1fb1] (184)[debug]	Process 4: VNS Output Message sent to grasp leader number 1. I(P) = 806
[28.09.2013 00:23:20.142142] [00000x1fb1] (185)[debug]	Process 4 ready [VNS slave process].

[28.09.2013 00:23:20.173033] [00000x1fb1] (186)[debug]	Process 4 [Parallel VNS]: Received message from leader.

[28.09.2013 00:23:20.253729] [00000x1fb1] (187)[trace]	VNS interrupt message received.
[28.09.2013 00:23:20.253818] [00000x1fb1] (188)[debug]	Process 4: VNS Output Message sent to grasp leader number 1. I(P) = 806
[28.09.2013 00:23:20.253847] [00000x1fb1] (189)[debug]	Process 4 ready [VNS slave process].

[28.09.2013 00:23:22.190371] [00000x1fb1] (190)[debug]	Process 4 [Parallel VNS]: Received message from leader.

[28.09.2013 00:23:22.191816] [00000x1fb1] (191)[debug]	Process 4: VNS Output Message sent to grasp leader number 1. I(P) = 788
[28.09.2013 00:23:22.191864] [00000x1fb1] (192)[debug]	Process 4 ready [VNS slave process].

[28.09.2013 00:23:22.202336] [00000x1fb1] (193)[debug]	Process 4 [Parallel VNS]: Received message from leader.

[28.09.2013 00:23:22.204429] [00000x1fb1] (194)[debug]	Process 4: VNS Output Message sent to grasp leader number 1. I(P) = 788
[28.09.2013 00:23:22.204472] [00000x1fb1] (195)[debug]	Process 4 ready [VNS slave process].

[28.09.2013 00:23:22.225169] [00000x1fb1] (196)[debug]	Process 4 [Parallel VNS]: Received message from leader.

[28.09.2013 00:23:22.332565] [00000x1fb1] (197)[trace]	VNS interrupt message received.
[28.09.2013 00:23:22.332640] [00000x1fb1] (198)[debug]	Process 4: VNS Output Message sent to grasp leader number 1. I(P) = 788
[28.09.2013 00:23:22.332666] [00000x1fb1] (199)[debug]	Process 4 ready [VNS slave process].

[28.09.2013 00:23:23.872103] [00000x1fb1] (200)[debug]	Process 4 [Parallel VNS]: Received message from leader.

[28.09.2013 00:23:23.873370] [00000x1fb1] (201)[debug]	Process 4: VNS Output Message sent to grasp leader number 1. I(P) = 800
[28.09.2013 00:23:23.873395] [00000x1fb1] (202)[debug]	Process 4 ready [VNS slave process].

[28.09.2013 00:23:23.882008] [00000x1fb1] (203)[debug]	Process 4 [Parallel VNS]: Received message from leader.

[28.09.2013 00:23:23.882169] [00000x1fb1] (204)[debug]	Process 4: VNS Output Message sent to grasp leader number 1. I(P) = 800
[28.09.2013 00:23:23.882190] [00000x1fb1] (205)[debug]	Process 4 ready [VNS slave process].

[28.09.2013 00:23:23.884476] [00000x1fb1] (206)[debug]	Process 4 [Parallel VNS]: Received message from leader.

[28.09.2013 00:23:23.885265] [00000x1fb1] (207)[debug]	Process 4: VNS Output Message sent to grasp leader number 1. I(P) = 800
[28.09.2013 00:23:23.885285] [00000x1fb1] (208)[debug]	Process 4 ready [VNS slave process].

[28.09.2013 00:23:23.895093] [00000x1fb1] (209)[debug]	Process 4 [Parallel VNS]: Received message from leader.

[28.09.2013 00:23:23.895124] [00000x1fb1] (210)[debug]	Process 4: ignoring VNS interrupt msg received.

[28.09.2013 00:23:23.895137] [00000x1fb1] (211)[debug]	Process 4 ready [VNS slave process].

[28.09.2013 00:23:25.081647] [00000x1fb1] (212)[debug]	Process 4 [Parallel VNS]: Received message from leader.

[28.09.2013 00:23:25.081759] [00000x1fb1] (213)[debug]	Process 4: VNS Output Message sent to grasp leader number 1. I(P) = 808
[28.09.2013 00:23:25.081781] [00000x1fb1] (214)[debug]	Process 4 ready [VNS slave process].

[28.09.2013 00:23:25.087243] [00000x1fb1] (215)[debug]	Process 4 [Parallel VNS]: Received message from leader.

[28.09.2013 00:23:25.087361] [00000x1fb1] (216)[debug]	Process 4: VNS Output Message sent to grasp leader number 1. I(P) = 808
[28.09.2013 00:23:25.087381] [00000x1fb1] (217)[debug]	Process 4 ready [VNS slave process].

[28.09.2013 00:23:25.092288] [00000x1fb1] (218)[debug]	Process 4 [Parallel VNS]: Received message from leader.

[28.09.2013 00:23:25.092316] [00000x1fb1] (219)[debug]	Process 4: ignoring VNS interrupt msg received.

[28.09.2013 00:23:25.092328] [00000x1fb1] (220)[debug]	Process 4 ready [VNS slave process].

[28.09.2013 00:23:25.092347] [00000x1fb1] (221)[debug]	Process 4 [Parallel VNS]: Received message from leader.

[28.09.2013 00:23:25.092360] [00000x1fb1] (222)[debug]	Process 4: ignoring VNS interrupt msg received.

[28.09.2013 00:23:25.092371] [00000x1fb1] (223)[debug]	Process 4 ready [VNS slave process].

[28.09.2013 00:23:25.092403] [00000x1fb1] (224)[debug]	Process 4 [Parallel VNS]: Received message from leader.

[28.09.2013 00:23:25.094332] [00000x1fb1] (225)[debug]	Process 4: VNS Output Message sent to grasp leader number 1. I(P) = 807
[28.09.2013 00:23:25.094361] [00000x1fb1] (226)[debug]	Process 4 ready [VNS slave process].

[28.09.2013 00:23:25.104541] [00000x1fb1] (227)[debug]	Process 4 [Parallel VNS]: Received message from leader.

[28.09.2013 00:23:25.142776] [00000x1fb1] (228)[trace]	VNS interrupt message received.
[28.09.2013 00:23:25.146274] [00000x1fb1] (229)[debug]	Process 4: VNS Output Message sent to grasp leader number 1. I(P) = 807
[28.09.2013 00:23:25.146316] [00000x1fb1] (230)[debug]	Process 4 ready [VNS slave process].

[28.09.2013 00:23:26.171831] [00000x1fb1] (231)[debug]	Process 4 [Parallel VNS]: Received message from leader.

[28.09.2013 00:23:26.172063] [00000x1fb1] (232)[debug]	Process 4: VNS Output Message sent to grasp leader number 1. I(P) = 805
[28.09.2013 00:23:26.172086] [00000x1fb1] (233)[debug]	Process 4 ready [VNS slave process].

[28.09.2013 00:23:26.173998] [00000x1fb1] (234)[debug]	Process 4 [Parallel VNS]: Received message from leader.

[28.09.2013 00:23:26.177770] [00000x1fb1] (235)[debug]	Process 4: VNS Output Message sent to grasp leader number 1. I(P) = 805
[28.09.2013 00:23:26.177804] [00000x1fb1] (236)[debug]	Process 4 ready [VNS slave process].

[28.09.2013 00:23:26.187556] [00000x1fb1] (237)[debug]	Process 4 [Parallel VNS]: Received message from leader.

[28.09.2013 00:23:26.187589] [00000x1fb1] (238)[debug]	Process 4: ignoring VNS interrupt msg received.

[28.09.2013 00:23:26.187602] [00000x1fb1] (239)[debug]	Process 4 ready [VNS slave process].

[28.09.2013 00:23:27.590942] [00000x1fb1] (240)[debug]	Process 4 [Parallel VNS]: Received message from leader.

[28.09.2013 00:23:27.593650] [00000x1fb1] (241)[debug]	Process 4: VNS Output Message sent to grasp leader number 1. I(P) = 803
[28.09.2013 00:23:27.593693] [00000x1fb1] (242)[debug]	Process 4 ready [VNS slave process].

[28.09.2013 00:23:27.599211] [00000x1fb1] (243)[debug]	Process 4 [Parallel VNS]: Received message from leader.

[28.09.2013 00:23:27.599336] [00000x1fb1] (244)[debug]	Process 4: VNS Output Message sent to grasp leader number 1. I(P) = 803
[28.09.2013 00:23:27.599356] [00000x1fb1] (245)[debug]	Process 4 ready [VNS slave process].

[28.09.2013 00:23:27.606325] [00000x1fb1] (246)[debug]	Process 4 [Parallel VNS]: Received message from leader.

[28.09.2013 00:23:27.606594] [00000x1fb1] (247)[debug]	Process 4: VNS Output Message sent to grasp leader number 1. I(P) = 803
[28.09.2013 00:23:27.606618] [00000x1fb1] (248)[debug]	Process 4 ready [VNS slave process].

[28.09.2013 00:23:27.611408] [00000x1fb1] (249)[debug]	Process 4 [Parallel VNS]: Received message from leader.

[28.09.2013 00:23:27.611447] [00000x1fb1] (250)[debug]	Process 4: ignoring VNS interrupt msg received.

[28.09.2013 00:23:27.611459] [00000x1fb1] (251)[debug]	Process 4 ready [VNS slave process].

[28.09.2013 00:23:28.951665] [00000x1fb1] (252)[debug]	Process 4 [Parallel VNS]: Received message from leader.

[28.09.2013 00:23:28.952849] [00000x1fb1] (253)[debug]	Process 4: VNS Output Message sent to grasp leader number 1. I(P) = 806
[28.09.2013 00:23:28.952876] [00000x1fb1] (254)[debug]	Process 4 ready [VNS slave process].

[28.09.2013 00:23:28.958837] [00000x1fb1] (255)[debug]	Process 4 [Parallel VNS]: Received message from leader.

[28.09.2013 00:23:29.077983] [00000x1fb1] (256)[trace]	VNS interrupt message received.
[28.09.2013 00:23:29.078029] [00000x1fb1] (257)[debug]	Process 4: VNS Output Message sent to grasp leader number 1. I(P) = 806
[28.09.2013 00:23:29.078049] [00000x1fb1] (258)[debug]	Process 4 ready [VNS slave process].

[28.09.2013 00:23:30.350352] [00000x1fb1] (259)[debug]	Process 4 [Parallel VNS]: Received message from leader.

[28.09.2013 00:23:30.351572] [00000x1fb1] (260)[debug]	Process 4: VNS Output Message sent to grasp leader number 1. I(P) = 796
[28.09.2013 00:23:30.351597] [00000x1fb1] (261)[debug]	Process 4 ready [VNS slave process].

[28.09.2013 00:23:30.359038] [00000x1fb1] (262)[debug]	Process 4 [Parallel VNS]: Received message from leader.

[28.09.2013 00:23:30.360327] [00000x1fb1] (263)[debug]	Process 4: VNS Output Message sent to grasp leader number 1. I(P) = 796
[28.09.2013 00:23:30.360353] [00000x1fb1] (264)[debug]	Process 4 ready [VNS slave process].

[28.09.2013 00:23:30.374336] [00000x1fb1] (265)[debug]	Process 4 [Parallel VNS]: Received message from leader.

[28.09.2013 00:23:30.629833] [00000x1fb1] (266)[debug]	Process 4: VNS Output Message sent to grasp leader number 1. I(P) = 796
[28.09.2013 00:23:30.629939] [00000x1fb1] (267)[debug]	Process 4 ready [VNS slave process].

[28.09.2013 00:23:31.880644] [00000x1fb1] (268)[debug]	Process 4 [Parallel VNS]: Received message from leader.

[28.09.2013 00:23:31.881824] [00000x1fb1] (269)[debug]	Process 4: VNS Output Message sent to grasp leader number 1. I(P) = 804
[28.09.2013 00:23:31.881856] [00000x1fb1] (270)[debug]	Process 4 ready [VNS slave process].

[28.09.2013 00:23:31.886050] [00000x1fb1] (271)[debug]	Process 4 [Parallel VNS]: Received message from leader.

[28.09.2013 00:23:31.887174] [00000x1fb1] (272)[debug]	Process 4: VNS Output Message sent to grasp leader number 1. I(P) = 804
[28.09.2013 00:23:31.887198] [00000x1fb1] (273)[debug]	Process 4 ready [VNS slave process].

[28.09.2013 00:23:31.893932] [00000x1fb1] (274)[debug]	Process 4 [Parallel VNS]: Received message from leader.

[28.09.2013 00:23:31.893974] [00000x1fb1] (275)[trace]	VNS interrupt message received.
[28.09.2013 00:23:31.894000] [00000x1fb1] (276)[debug]	Process 4: VNS Output Message sent to grasp leader number 1. I(P) = 804
[28.09.2013 00:23:31.894018] [00000x1fb1] (277)[debug]	Process 4 ready [VNS slave process].

[28.09.2013 00:23:33.438403] [00000x1fb1] (278)[debug]	Process 4 [Parallel VNS]: Received message from leader.

[28.09.2013 00:23:33.444970] [00000x1fb1] (279)[debug]	Process 4: VNS Output Message sent to grasp leader number 1. I(P) = 801
[28.09.2013 00:23:33.448653] [00000x1fb1] (280)[debug]	Process 4 ready [VNS slave process].

[28.09.2013 00:23:33.454316] [00000x1fb1] (281)[debug]	Process 4 [Parallel VNS]: Received message from leader.

[28.09.2013 00:23:33.455346] [00000x1fb1] (282)[debug]	Process 4: VNS Output Message sent to grasp leader number 1. I(P) = 800
[28.09.2013 00:23:33.455371] [00000x1fb1] (283)[debug]	Process 4 ready [VNS slave process].

[28.09.2013 00:23:33.621633] [00000x1fb1] (284)[debug]	Process 4 [Parallel VNS]: Received message from leader.

[28.09.2013 00:23:33.621664] [00000x1fb1] (285)[debug]	Process 4: ignoring VNS interrupt msg received.

[28.09.2013 00:23:33.621676] [00000x1fb1] (286)[debug]	Process 4 ready [VNS slave process].

[28.09.2013 00:23:33.621710] [00000x1fb1] (287)[debug]	Process 4 [Parallel VNS]: Received message from leader.

[28.09.2013 00:23:33.621789] [00000x1fb1] (288)[debug]	Process 4: VNS Output Message sent to grasp leader number 1. I(P) = 800
[28.09.2013 00:23:33.621809] [00000x1fb1] (289)[debug]	Process 4 ready [VNS slave process].

[28.09.2013 00:23:33.634408] [00000x1fb1] (290)[debug]	Process 4 [Parallel VNS]: Received message from leader.

[28.09.2013 00:23:33.634475] [00000x1fb1] (291)[debug]	Process 4: VNS Output Message sent to grasp leader number 1. I(P) = 800
[28.09.2013 00:23:33.634496] [00000x1fb1] (292)[debug]	Process 4 ready [VNS slave process].

[28.09.2013 00:23:35.440375] [00000x1fb1] (293)[debug]	Process 4 [Parallel VNS]: Received message from leader.

[28.09.2013 00:23:35.440560] [00000x1fb1] (294)[debug]	Process 4: VNS Output Message sent to grasp leader number 1. I(P) = 808
[28.09.2013 00:23:35.440584] [00000x1fb1] (295)[debug]	Process 4 ready [VNS slave process].

[28.09.2013 00:23:35.442004] [00000x1fb1] (296)[debug]	Process 4 [Parallel VNS]: Received message from leader.

[28.09.2013 00:23:35.513539] [00000x1fb1] (297)[trace]	VNS interrupt message received.
[28.09.2013 00:23:35.513583] [00000x1fb1] (298)[debug]	Process 4: VNS Output Message sent to grasp leader number 1. I(P) = 808
[28.09.2013 00:23:35.513603] [00000x1fb1] (299)[debug]	Process 4 ready [VNS slave process].

[28.09.2013 00:23:37.263748] [00000x1fb1] (300)[debug]	Process 4 [Parallel VNS]: Received message from leader.

[28.09.2013 00:23:37.263850] [00000x1fb1] (301)[debug]	Process 4: VNS Output Message sent to grasp leader number 1. I(P) = 815
[28.09.2013 00:23:37.263871] [00000x1fb1] (302)[debug]	Process 4 ready [VNS slave process].

[28.09.2013 00:23:37.286748] [00000x1fb1] (303)[debug]	Process 4 [Parallel VNS]: Received message from leader.

[28.09.2013 00:23:37.289804] [00000x1fb1] (304)[debug]	Process 4: VNS Output Message sent to grasp leader number 1. I(P) = 814
[28.09.2013 00:23:37.289850] [00000x1fb1] (305)[debug]	Process 4 ready [VNS slave process].

[28.09.2013 00:23:37.294538] [00000x1fb1] (306)[debug]	Process 4 [Parallel VNS]: Received message from leader.

[28.09.2013 00:23:37.294592] [00000x1fb1] (307)[debug]	Process 4: ignoring VNS interrupt msg received.

[28.09.2013 00:23:37.294605] [00000x1fb1] (308)[debug]	Process 4 ready [VNS slave process].

[28.09.2013 00:23:37.294643] [00000x1fb1] (309)[debug]	Process 4 [Parallel VNS]: Received message from leader.

[28.09.2013 00:23:37.296449] [00000x1fb1] (310)[debug]	Process 4: VNS Output Message sent to grasp leader number 1. I(P) = 814
[28.09.2013 00:23:37.296496] [00000x1fb1] (311)[debug]	Process 4 ready [VNS slave process].

[28.09.2013 00:23:37.315079] [00000x1fb1] (312)[debug]	Process 4 [Parallel VNS]: Received message from leader.

[28.09.2013 00:23:37.395945] [00000x1fb1] (313)[trace]	VNS interrupt message received.
[28.09.2013 00:23:37.396009] [00000x1fb1] (314)[debug]	Process 4: VNS Output Message sent to grasp leader number 1. I(P) = 814
[28.09.2013 00:23:37.396034] [00000x1fb1] (315)[debug]	Process 4 ready [VNS slave process].

[28.09.2013 00:23:38.509934] [00000x1fb1] (316)[debug]	Process 4 [Parallel VNS]: Received message from leader.

[28.09.2013 00:23:38.510033] [00000x1fb1] (317)[debug]	Process 4: VNS Output Message sent to grasp leader number 1. I(P) = 807
[28.09.2013 00:23:38.510055] [00000x1fb1] (318)[debug]	Process 4 ready [VNS slave process].

[28.09.2013 00:23:38.526183] [00000x1fb1] (319)[debug]	Process 4 [Parallel VNS]: Received message from leader.

[28.09.2013 00:23:38.527590] [00000x1fb1] (320)[trace]	VNS interrupt message received.
[28.09.2013 00:23:38.527621] [00000x1fb1] (321)[debug]	Process 4: VNS Output Message sent to grasp leader number 1. I(P) = 807
[28.09.2013 00:23:38.527640] [00000x1fb1] (322)[debug]	Process 4 ready [VNS slave process].

[28.09.2013 00:23:39.533504] [00000x1fb1] (323)[debug]	Process 4 [Parallel VNS]: Received message from leader.

[28.09.2013 00:23:39.533632] [00000x1fb1] (324)[debug]	Process 4: VNS Output Message sent to grasp leader number 1. I(P) = 822
[28.09.2013 00:23:39.533652] [00000x1fb1] (325)[debug]	Process 4 ready [VNS slave process].

[28.09.2013 00:23:39.536896] [00000x1fb1] (326)[debug]	Process 4 [Parallel VNS]: Received message from leader.

[28.09.2013 00:23:39.536974] [00000x1fb1] (327)[debug]	Process 4: VNS Output Message sent to grasp leader number 1. I(P) = 821
[28.09.2013 00:23:39.536994] [00000x1fb1] (328)[debug]	Process 4 ready [VNS slave process].

[28.09.2013 00:23:39.550322] [00000x1fb1] (329)[debug]	Process 4 [Parallel VNS]: Received message from leader.

[28.09.2013 00:23:39.550460] [00000x1fb1] (330)[debug]	Process 4: VNS Output Message sent to grasp leader number 1. I(P) = 821
[28.09.2013 00:23:39.550480] [00000x1fb1] (331)[debug]	Process 4 ready [VNS slave process].

[28.09.2013 00:23:40.681289] [00000x1fb1] (332)[debug]	Process 4 [Parallel VNS]: Received message from leader.

[28.09.2013 00:23:40.681374] [00000x1fb1] (333)[debug]	Process 4: VNS Output Message sent to grasp leader number 1. I(P) = 804
[28.09.2013 00:23:40.681395] [00000x1fb1] (334)[debug]	Process 4 ready [VNS slave process].

[28.09.2013 00:23:40.696188] [00000x1fb1] (335)[debug]	Process 4 [Parallel VNS]: Received message from leader.

[28.09.2013 00:23:40.705279] [00000x1fb1] (336)[trace]	VNS interrupt message received.
[28.09.2013 00:23:40.705317] [00000x1fb1] (337)[debug]	Process 4: VNS Output Message sent to grasp leader number 1. I(P) = 804
[28.09.2013 00:23:40.705337] [00000x1fb1] (338)[debug]	Process 4 ready [VNS slave process].

[28.09.2013 00:23:42.281347] [00000x1fb1] (339)[debug]	Process 4 [Parallel VNS]: Received message from leader.

[28.09.2013 00:23:42.281494] [00000x1fb1] (340)[debug]	Process 4: VNS Output Message sent to grasp leader number 1. I(P) = 804
[28.09.2013 00:23:42.281515] [00000x1fb1] (341)[debug]	Process 4 ready [VNS slave process].

[28.09.2013 00:23:42.286315] [00000x1fb1] (342)[debug]	Process 4 [Parallel VNS]: Received message from leader.

[28.09.2013 00:23:42.292751] [00000x1fb1] (343)[debug]	Process 4: VNS Output Message sent to grasp leader number 1. I(P) = 804
[28.09.2013 00:23:42.292793] [00000x1fb1] (344)[debug]	Process 4 ready [VNS slave process].

[28.09.2013 00:23:46.261794] [00000x1fb1] (345)[debug]	Process 4 [Parallel VNS]: Received message from leader.

[28.09.2013 00:23:46.261912] [00000x1fb1] (346)[debug]	Process 4: VNS Output Message sent to grasp leader number 1. I(P) = 800
[28.09.2013 00:23:46.261933] [00000x1fb1] (347)[debug]	Process 4 ready [VNS slave process].

[28.09.2013 00:23:46.270671] [00000x1fb1] (348)[debug]	Process 4 [Parallel VNS]: Received message from leader.

[28.09.2013 00:23:46.271843] [00000x1fb1] (349)[debug]	Process 4: VNS Output Message sent to grasp leader number 1. I(P) = 799
[28.09.2013 00:23:46.275035] [00000x1fb1] (350)[debug]	Process 4 ready [VNS slave process].

[28.09.2013 00:23:46.275074] [00000x1fb1] (351)[debug]	Process 4 [Parallel VNS]: Received message from leader.

[28.09.2013 00:23:46.305992] [00000x1fb1] (352)[trace]	VNS interrupt message received.
[28.09.2013 00:23:46.306032] [00000x1fb1] (353)[debug]	Process 4: VNS Output Message sent to grasp leader number 1. I(P) = 799
[28.09.2013 00:23:46.306052] [00000x1fb1] (354)[debug]	Process 4 ready [VNS slave process].

[28.09.2013 00:23:47.096987] [00000x1fb1] (355)[debug]	Process 4 [Parallel VNS]: Received message from leader.

[28.09.2013 00:23:47.097099] [00000x1fb1] (356)[debug]	Process 4: VNS Output Message sent to grasp leader number 1. I(P) = 800
[28.09.2013 00:23:47.097121] [00000x1fb1] (357)[debug]	Process 4 ready [VNS slave process].

[28.09.2013 00:23:47.112332] [00000x1fb1] (358)[debug]	Process 4 [Parallel VNS]: Received message from leader.

[28.09.2013 00:23:48.309775] [00000x1fb1] (359)[trace]	VNS interrupt message received.
[28.09.2013 00:23:48.309838] [00000x1fb1] (360)[debug]	Process 4: VNS Output Message sent to grasp leader number 1. I(P) = 800
[28.09.2013 00:23:48.309863] [00000x1fb1] (361)[debug]	Process 4 ready [VNS slave process].

[28.09.2013 00:23:49.582350] [00000x1fb1] (362)[debug]	Process 4 [Parallel VNS]: Received message from leader.

[28.09.2013 00:23:49.582435] [00000x1fb1] (363)[debug]	Process 4: VNS Output Message sent to grasp leader number 1. I(P) = 799
[28.09.2013 00:23:49.582459] [00000x1fb1] (364)[debug]	Process 4 ready [VNS slave process].

[28.09.2013 00:23:49.604575] [00000x1fb1] (365)[debug]	Process 4 [Parallel VNS]: Received message from leader.

[28.09.2013 00:23:49.621936] [00000x1fb1] (366)[trace]	VNS interrupt message received.
[28.09.2013 00:23:49.622023] [00000x1fb1] (367)[debug]	Process 4: VNS Output Message sent to grasp leader number 1. I(P) = 799
[28.09.2013 00:23:49.622052] [00000x1fb1] (368)[debug]	Process 4 ready [VNS slave process].

[28.09.2013 00:23:51.063580] [00000x1fb1] (369)[debug]	Process 4 [Parallel VNS]: Received message from leader.

[28.09.2013 00:23:51.063726] [00000x1fb1] (370)[debug]	Process 4: VNS Output Message sent to grasp leader number 1. I(P) = 793
[28.09.2013 00:23:51.063752] [00000x1fb1] (371)[debug]	Process 4 ready [VNS slave process].

[28.09.2013 00:23:51.069242] [00000x1fb1] (372)[debug]	Process 4 [Parallel VNS]: Received message from leader.

[28.09.2013 00:23:51.070164] [00000x1fb1] (373)[debug]	Process 4: VNS Output Message sent to grasp leader number 1. I(P) = 792
[28.09.2013 00:23:51.070187] [00000x1fb1] (374)[debug]	Process 4 ready [VNS slave process].

[28.09.2013 00:23:51.075258] [00000x1fb1] (375)[debug]	Process 4 [Parallel VNS]: Received message from leader.

[28.09.2013 00:23:51.075281] [00000x1fb1] (376)[debug]	Process 4: ignoring VNS interrupt msg received.

[28.09.2013 00:23:51.075294] [00000x1fb1] (377)[debug]	Process 4 ready [VNS slave process].

[28.09.2013 00:23:51.075328] [00000x1fb1] (378)[debug]	Process 4 [Parallel VNS]: Received message from leader.

[28.09.2013 00:23:51.076537] [00000x1fb1] (379)[debug]	Process 4: VNS Output Message sent to grasp leader number 1. I(P) = 792
[28.09.2013 00:23:51.076562] [00000x1fb1] (380)[debug]	Process 4 ready [VNS slave process].

[28.09.2013 00:23:51.087229] [00000x1fb1] (381)[debug]	Process 4 [Parallel VNS]: Received message from leader.

[28.09.2013 00:23:51.210652] [00000x1fb1] (382)[debug]	Process 4: VNS Output Message sent to grasp leader number 1. I(P) = 792
[28.09.2013 00:23:51.210730] [00000x1fb1] (383)[debug]	Process 4 ready [VNS slave process].

[28.09.2013 00:23:52.873085] [00000x1fb1] (384)[debug]	Process 4 [Parallel VNS]: Received message from leader.

[28.09.2013 00:23:52.873302] [00000x1fb1] (385)[debug]	Process 4: VNS Output Message sent to grasp leader number 1. I(P) = 811
[28.09.2013 00:23:52.873331] [00000x1fb1] (386)[debug]	Process 4 ready [VNS slave process].

[28.09.2013 00:23:52.874547] [00000x1fb1] (387)[debug]	Process 4 [Parallel VNS]: Received message from leader.

[28.09.2013 00:23:52.875075] [00000x1fb1] (388)[debug]	Process 4: VNS Output Message sent to grasp leader number 1. I(P) = 811
[28.09.2013 00:23:52.875096] [00000x1fb1] (389)[debug]	Process 4 ready [VNS slave process].

[28.09.2013 00:23:52.877368] [00000x1fb1] (390)[debug]	Process 4 [Parallel VNS]: Received message from leader.

[28.09.2013 00:23:52.877392] [00000x1fb1] (391)[debug]	Process 4: ignoring VNS interrupt msg received.

[28.09.2013 00:23:52.877405] [00000x1fb1] (392)[debug]	Process 4 ready [VNS slave process].

[28.09.2013 00:23:52.877424] [00000x1fb1] (393)[debug]	Process 4 [Parallel VNS]: Received message from leader.

[28.09.2013 00:23:52.877437] [00000x1fb1] (394)[debug]	Process 4: ignoring VNS interrupt msg received.

[28.09.2013 00:23:52.877448] [00000x1fb1] (395)[debug]	Process 4 ready [VNS slave process].

[28.09.2013 00:23:52.877481] [00000x1fb1] (396)[debug]	Process 4 [Parallel VNS]: Received message from leader.

[28.09.2013 00:23:52.883728] [00000x1fb1] (397)[debug]	Process 4: VNS Output Message sent to grasp leader number 1. I(P) = 809
[28.09.2013 00:23:52.883799] [00000x1fb1] (398)[debug]	Process 4 ready [VNS slave process].

[28.09.2013 00:23:52.904267] [00000x1fb1] (399)[debug]	Process 4 [Parallel VNS]: Received message from leader.

[28.09.2013 00:23:52.905568] [00000x1fb1] (400)[debug]	Process 4: VNS Output Message sent to grasp leader number 1. I(P) = 808
[28.09.2013 00:23:52.905602] [00000x1fb1] (401)[debug]	Process 4 ready [VNS slave process].

[28.09.2013 00:23:52.926740] [00000x1fb1] (402)[debug]	Process 4 [Parallel VNS]: Received message from leader.

[28.09.2013 00:23:52.926894] [00000x1fb1] (403)[debug]	Process 4: VNS Output Message sent to grasp leader number 1. I(P) = 808
[28.09.2013 00:23:52.926920] [00000x1fb1] (404)[debug]	Process 4 ready [VNS slave process].

[28.09.2013 00:23:52.930529] [00000x1fb1] (405)[debug]	Process 4 [Parallel VNS]: Received message from leader.

[28.09.2013 00:23:52.931099] [00000x1fb1] (406)[debug]	Process 4: VNS Output Message sent to grasp leader number 1. I(P) = 808
[28.09.2013 00:23:52.931119] [00000x1fb1] (407)[debug]	Process 4 ready [VNS slave process].

[28.09.2013 00:23:52.980443] [00000x1fb1] (408)[debug]	Process 4 [Parallel VNS]: Received message from leader.

[28.09.2013 00:23:52.994009] [00000x1fb1] (409)[debug]	Process 4: VNS Output Message sent to grasp leader number 1. I(P) = 807
[28.09.2013 00:23:52.994088] [00000x1fb1] (410)[debug]	Process 4 ready [VNS slave process].

[28.09.2013 00:23:53.020701] [00000x1fb1] (411)[debug]	Process 4 [Parallel VNS]: Received message from leader.

[28.09.2013 00:23:53.239718] [00000x1fb1] (412)[trace]	VNS interrupt message received.
[28.09.2013 00:23:53.239801] [00000x1fb1] (413)[debug]	Process 4: VNS Output Message sent to grasp leader number 1. I(P) = 807
[28.09.2013 00:23:53.239832] [00000x1fb1] (414)[debug]	Process 4 ready [VNS slave process].

[28.09.2013 00:23:54.016942] [00000x1fb1] (415)[debug]	Process 4 [Parallel VNS]: Received message from leader.

[28.09.2013 00:23:54.018153] [00000x1fb1] (416)[debug]	Process 4: VNS Output Message sent to grasp leader number 1. I(P) = 806
[28.09.2013 00:23:54.018188] [00000x1fb1] (417)[debug]	Process 4 ready [VNS slave process].

[28.09.2013 00:23:54.036482] [00000x1fb1] (418)[debug]	Process 4 [Parallel VNS]: Received message from leader.

[28.09.2013 00:23:54.036556] [00000x1fb1] (419)[debug]	Process 4: VNS Output Message sent to grasp leader number 1. I(P) = 806
[28.09.2013 00:23:54.036578] [00000x1fb1] (420)[debug]	Process 4 ready [VNS slave process].

[28.09.2013 00:23:54.036599] [00000x1fb1] (421)[debug]	Process 4 [Parallel VNS]: Received message from leader.

[28.09.2013 00:23:54.036613] [00000x1fb1] (422)[debug]	Process 4: ignoring VNS interrupt msg received.

[28.09.2013 00:23:54.036624] [00000x1fb1] (423)[debug]	Process 4 ready [VNS slave process].

[28.09.2013 00:23:54.601652] [00000x1fb1] (424)[debug]	Process 4 [Parallel VNS]: Received message from leader.

[28.09.2013 00:23:54.602806] [00000x1fb1] (425)[debug]	Process 4: VNS Output Message sent to grasp leader number 1. I(P) = 807
[28.09.2013 00:23:54.602841] [00000x1fb1] (426)[debug]	Process 4 ready [VNS slave process].

[28.09.2013 00:23:54.614566] [00000x1fb1] (427)[debug]	Process 4 [Parallel VNS]: Received message from leader.

[28.09.2013 00:23:54.653565] [00000x1fb1] (428)[debug]	Process 4: VNS Output Message sent to grasp leader number 1. I(P) = 807
[28.09.2013 00:23:54.653639] [00000x1fb1] (429)[debug]	Process 4 ready [VNS slave process].

[28.09.2013 00:23:54.664919] [00000x1fb1] (430)[debug]	Process 4 [Parallel VNS]: Received message from leader.

[28.09.2013 00:23:54.664950] [00000x1fb1] (431)[debug]	Process 4: ignoring VNS interrupt msg received.

[28.09.2013 00:23:54.664963] [00000x1fb1] (432)[debug]	Process 4 ready [VNS slave process].

[28.09.2013 00:23:55.165919] [00000x1fb1] (433)[debug]	Process 4 [Parallel VNS]: Received message from leader.

[28.09.2013 00:23:55.166120] [00000x1fb1] (434)[debug]	Process 4: VNS Output Message sent to grasp leader number 1. I(P) = 798
[28.09.2013 00:23:55.166141] [00000x1fb1] (435)[debug]	Process 4 ready [VNS slave process].

[28.09.2013 00:23:55.181204] [00000x1fb1] (436)[debug]	Process 4 [Parallel VNS]: Received message from leader.

[28.09.2013 00:23:55.192814] [00000x1fb1] (437)[trace]	VNS interrupt message received.
[28.09.2013 00:23:55.192874] [00000x1fb1] (438)[debug]	Process 4: VNS Output Message sent to grasp leader number 1. I(P) = 798
[28.09.2013 00:23:55.192900] [00000x1fb1] (439)[debug]	Process 4 ready [VNS slave process].

[28.09.2013 00:23:56.198339] [00000x1fb1] (440)[debug]	Process 4 [Parallel VNS]: Received message from leader.

[28.09.2013 00:23:56.198441] [00000x1fb1] (441)[debug]	Process 4: VNS Output Message sent to grasp leader number 1. I(P) = 811
[28.09.2013 00:23:56.198464] [00000x1fb1] (442)[debug]	Process 4 ready [VNS slave process].

[28.09.2013 00:23:56.204734] [00000x1fb1] (443)[debug]	Process 4 [Parallel VNS]: Received message from leader.

[28.09.2013 00:23:56.283636] [00000x1fb1] (444)[debug]	Process 4: VNS Output Message sent to grasp leader number 1. I(P) = 811
[28.09.2013 00:23:56.283716] [00000x1fb1] (445)[debug]	Process 4 ready [VNS slave process].

[28.09.2013 00:23:58.888545] [00000x1fb1] (446)[debug]	Process 4 [Parallel VNS]: Received message from leader.

[28.09.2013 00:23:58.889781] [00000x1fb1] (447)[debug]	Process 4: VNS Output Message sent to grasp leader number 1. I(P) = 806
[28.09.2013 00:23:58.889816] [00000x1fb1] (448)[debug]	Process 4 ready [VNS slave process].

[28.09.2013 00:23:58.898134] [00000x1fb1] (449)[debug]	Process 4 [Parallel VNS]: Received message from leader.

[28.09.2013 00:23:58.917468] [00000x1fb1] (450)[trace]	VNS interrupt message received.
[28.09.2013 00:23:58.917516] [00000x1fb1] (451)[debug]	Process 4: VNS Output Message sent to grasp leader number 1. I(P) = 806
[28.09.2013 00:23:58.917539] [00000x1fb1] (452)[debug]	Process 4 ready [VNS slave process].

[28.09.2013 00:24:00.082579] [00000x1fb1] (453)[debug]	Process 4 [Parallel VNS]: Received message from leader.

[28.09.2013 00:24:00.083857] [00000x1fb1] (454)[debug]	Process 4: VNS Output Message sent to grasp leader number 1. I(P) = 798
[28.09.2013 00:24:00.083883] [00000x1fb1] (455)[debug]	Process 4 ready [VNS slave process].

[28.09.2013 00:24:00.089391] [00000x1fb1] (456)[debug]	Process 4 [Parallel VNS]: Received message from leader.

[28.09.2013 00:24:00.090556] [00000x1fb1] (457)[debug]	Process 4: VNS Output Message sent to grasp leader number 1. I(P) = 798
[28.09.2013 00:24:00.090588] [00000x1fb1] (458)[debug]	Process 4 ready [VNS slave process].

[28.09.2013 00:24:00.095206] [00000x1fb1] (459)[debug]	Process 4 [Parallel VNS]: Received message from leader.

[28.09.2013 00:24:00.095305] [00000x1fb1] (460)[debug]	Process 4: VNS Output Message sent to grasp leader number 1. I(P) = 798
[28.09.2013 00:24:00.095324] [00000x1fb1] (461)[debug]	Process 4 ready [VNS slave process].

[28.09.2013 00:24:00.095982] [00000x1fb1] (462)[debug]	Process 4 [Parallel VNS]: Received message from leader.

[28.09.2013 00:24:00.095996] [00000x1fb1] (463)[debug]	Process 4: ignoring VNS interrupt msg received.

[28.09.2013 00:24:00.096008] [00000x1fb1] (464)[debug]	Process 4 ready [VNS slave process].

[28.09.2013 00:24:01.097033] [00000x1fb1] (465)[debug]	Process 4 [Parallel VNS]: Received message from leader.

[28.09.2013 00:24:01.097122] [00000x1fb1] (466)[debug]	Process 4: VNS Output Message sent to grasp leader number 1. I(P) = 809
[28.09.2013 00:24:01.097145] [00000x1fb1] (467)[debug]	Process 4 ready [VNS slave process].

[28.09.2013 00:24:01.103224] [00000x1fb1] (468)[debug]	Process 4 [Parallel VNS]: Received message from leader.

[28.09.2013 00:24:01.124319] [00000x1fb1] (469)[trace]	VNS interrupt message received.
[28.09.2013 00:24:01.124361] [00000x1fb1] (470)[debug]	Process 4: VNS Output Message sent to grasp leader number 1. I(P) = 809
[28.09.2013 00:24:01.124382] [00000x1fb1] (471)[debug]	Process 4 ready [VNS slave process].

[28.09.2013 00:24:02.053840] [00000x1fb1] (472)[debug]	Process 4 [Parallel VNS]: Received message from leader.

[28.09.2013 00:24:02.054004] [00000x1fb1] (473)[debug]	Process 4: VNS Output Message sent to grasp leader number 1. I(P) = 804
[28.09.2013 00:24:02.054028] [00000x1fb1] (474)[debug]	Process 4 ready [VNS slave process].

[28.09.2013 00:24:02.077063] [00000x1fb1] (475)[debug]	Process 4 [Parallel VNS]: Received message from leader.

[28.09.2013 00:24:02.078870] [00000x1fb1] (476)[debug]	Process 4: VNS Output Message sent to grasp leader number 1. I(P) = 803
[28.09.2013 00:24:02.078899] [00000x1fb1] (477)[debug]	Process 4 ready [VNS slave process].

[28.09.2013 00:24:02.079845] [00000x1fb1] (478)[debug]	Process 4 [Parallel VNS]: Received message from leader.

[28.09.2013 00:24:02.079860] [00000x1fb1] (479)[debug]	Process 4: ignoring VNS interrupt msg received.

[28.09.2013 00:24:02.079872] [00000x1fb1] (480)[debug]	Process 4 ready [VNS slave process].

[28.09.2013 00:24:02.079904] [00000x1fb1] (481)[debug]	Process 4 [Parallel VNS]: Received message from leader.

[28.09.2013 00:24:02.081809] [00000x1fb1] (482)[debug]	Process 4: VNS Output Message sent to grasp leader number 1. I(P) = 803
[28.09.2013 00:24:02.081831] [00000x1fb1] (483)[debug]	Process 4 ready [VNS slave process].

[28.09.2013 00:24:02.108180] [00000x1fb1] (484)[debug]	Process 4 [Parallel VNS]: Received message from leader.

[28.09.2013 00:24:02.206671] [00000x1fb1] (485)[trace]	VNS interrupt message received.
[28.09.2013 00:24:02.206747] [00000x1fb1] (486)[debug]	Process 4: VNS Output Message sent to grasp leader number 1. I(P) = 803
[28.09.2013 00:24:02.206776] [00000x1fb1] (487)[debug]	Process 4 ready [VNS slave process].

[28.09.2013 00:24:03.834351] [00000x1fb1] (488)[debug]	Process 4 [Parallel VNS]: Received message from leader.

[28.09.2013 00:24:03.834510] [00000x1fb1] (489)[debug]	Process 4: VNS Output Message sent to grasp leader number 1. I(P) = 812
[28.09.2013 00:24:03.834537] [00000x1fb1] (490)[debug]	Process 4 ready [VNS slave process].

[28.09.2013 00:24:03.845007] [00000x1fb1] (491)[debug]	Process 4 [Parallel VNS]: Received message from leader.

[28.09.2013 00:24:03.845080] [00000x1fb1] (492)[debug]	Process 4: VNS Output Message sent to grasp leader number 1. I(P) = 811
[28.09.2013 00:24:03.845100] [00000x1fb1] (493)[debug]	Process 4 ready [VNS slave process].

[28.09.2013 00:24:03.858349] [00000x1fb1] (494)[debug]	Process 4 [Parallel VNS]: Received message from leader.

[28.09.2013 00:24:03.862678] [00000x1fb1] (495)[debug]	Process 4: VNS Output Message sent to grasp leader number 1. I(P) = 811
[28.09.2013 00:24:03.862733] [00000x1fb1] (496)[debug]	Process 4 ready [VNS slave process].

[28.09.2013 00:24:05.324274] [00000x1fb1] (497)[debug]	Process 4 [Parallel VNS]: Received message from leader.

[28.09.2013 00:24:05.324388] [00000x1fb1] (498)[debug]	Process 4: VNS Output Message sent to grasp leader number 1. I(P) = 816
[28.09.2013 00:24:05.324410] [00000x1fb1] (499)[debug]	Process 4 ready [VNS slave process].

[28.09.2013 00:24:05.334148] [00000x1fb1] (500)[debug]	Process 4 [Parallel VNS]: Received message from leader.

[28.09.2013 00:24:05.348986] [00000x1fb1] (501)[trace]	VNS interrupt message received.
[28.09.2013 00:24:05.349051] [00000x1fb1] (502)[debug]	Process 4: VNS Output Message sent to grasp leader number 1. I(P) = 816
[28.09.2013 00:24:05.349078] [00000x1fb1] (503)[debug]	Process 4 ready [VNS slave process].

[28.09.2013 00:24:05.350361] [00000x1fb1] (504)[debug]	Process 4 [Parallel VNS]: Received message from leader.

[28.09.2013 00:24:05.350435] [00000x1fb1] (505)[debug]	Process 4: VNS Output Message sent to grasp leader number 1. I(P) = 815
[28.09.2013 00:24:05.350455] [00000x1fb1] (506)[debug]	Process 4 ready [VNS slave process].

[28.09.2013 00:24:05.352394] [00000x1fb1] (507)[debug]	Process 4 [Parallel VNS]: Received message from leader.

[28.09.2013 00:24:05.352666] [00000x1fb1] (508)[debug]	Process 4: VNS Output Message sent to grasp leader number 1. I(P) = 815
[28.09.2013 00:24:05.352686] [00000x1fb1] (509)[debug]	Process 4 ready [VNS slave process].

[28.09.2013 00:24:06.878340] [00000x1fb1] (510)[debug]	Process 4 [Parallel VNS]: Received message from leader.

[28.09.2013 00:24:06.878473] [00000x1fb1] (511)[debug]	Process 4: VNS Output Message sent to grasp leader number 1. I(P) = 814
[28.09.2013 00:24:06.878497] [00000x1fb1] (512)[debug]	Process 4 ready [VNS slave process].

[28.09.2013 00:24:06.888049] [00000x1fb1] (513)[debug]	Process 4 [Parallel VNS]: Received message from leader.

[28.09.2013 00:24:06.888313] [00000x1fb1] (514)[debug]	Process 4: VNS Output Message sent to grasp leader number 1. I(P) = 814
[28.09.2013 00:24:06.888332] [00000x1fb1] (515)[debug]	Process 4 ready [VNS slave process].

[28.09.2013 00:24:08.690405] [00000x1fb1] (516)[debug]	Process 4 [Parallel VNS]: Received message from leader.

[28.09.2013 00:24:08.691657] [00000x1fb1] (517)[debug]	Process 4: VNS Output Message sent to grasp leader number 1. I(P) = 800
[28.09.2013 00:24:08.691706] [00000x1fb1] (518)[debug]	Process 4 ready [VNS slave process].

[28.09.2013 00:24:08.699443] [00000x1fb1] (519)[debug]	Process 4 [Parallel VNS]: Received message from leader.

[28.09.2013 00:24:08.700771] [00000x1fb1] (520)[debug]	Process 4: VNS Output Message sent to grasp leader number 1. I(P) = 800
[28.09.2013 00:24:08.700798] [00000x1fb1] (521)[debug]	Process 4 ready [VNS slave process].

[28.09.2013 00:24:08.705740] [00000x1fb1] (522)[debug]	Process 4 [Parallel VNS]: Received message from leader.

[28.09.2013 00:24:08.705825] [00000x1fb1] (523)[debug]	Process 4: VNS Output Message sent to grasp leader number 1. I(P) = 800
[28.09.2013 00:24:08.705851] [00000x1fb1] (524)[debug]	Process 4 ready [VNS slave process].

[28.09.2013 00:24:10.323264] [00000x1fb1] (525)[debug]	Process 4 [Parallel VNS]: Received message from leader.

[28.09.2013 00:24:10.323402] [00000x1fb1] (526)[debug]	Process 4: VNS Output Message sent to grasp leader number 1. I(P) = 814
[28.09.2013 00:24:10.323424] [00000x1fb1] (527)[debug]	Process 4 ready [VNS slave process].

[28.09.2013 00:24:10.325751] [00000x1fb1] (528)[debug]	Process 4 [Parallel VNS]: Received message from leader.

[28.09.2013 00:24:10.328344] [00000x1fb1] (529)[debug]	Process 4: VNS Output Message sent to grasp leader number 1. I(P) = 813
[28.09.2013 00:24:10.328368] [00000x1fb1] (530)[debug]	Process 4 ready [VNS slave process].

[28.09.2013 00:24:10.328528] [00000x1fb1] (531)[debug]	Process 4 [Parallel VNS]: Received message from leader.

[28.09.2013 00:24:10.328544] [00000x1fb1] (532)[debug]	Process 4: ignoring VNS interrupt msg received.

[28.09.2013 00:24:10.328556] [00000x1fb1] (533)[debug]	Process 4 ready [VNS slave process].

[28.09.2013 00:24:10.328901] [00000x1fb1] (534)[debug]	Process 4 [Parallel VNS]: Received message from leader.

[28.09.2013 00:24:10.330063] [00000x1fb1] (535)[debug]	Process 4: VNS Output Message sent to grasp leader number 1. I(P) = 812
[28.09.2013 00:24:10.330084] [00000x1fb1] (536)[debug]	Process 4 ready [VNS slave process].

[28.09.2013 00:24:10.330637] [00000x1fb1] (537)[debug]	Process 4 [Parallel VNS]: Received message from leader.

[28.09.2013 00:24:10.330736] [00000x1fb1] (538)[debug]	Process 4: VNS Output Message sent to grasp leader number 1. I(P) = 812
[28.09.2013 00:24:10.330755] [00000x1fb1] (539)[debug]	Process 4 ready [VNS slave process].

[28.09.2013 00:24:10.331811] [00000x1fb1] (540)[debug]	Process 4 [Parallel VNS]: Received message from leader.

[28.09.2013 00:24:10.332115] [00000x1fb1] (541)[debug]	Process 4: VNS Output Message sent to grasp leader number 1. I(P) = 812
[28.09.2013 00:24:10.332135] [00000x1fb1] (542)[debug]	Process 4 ready [VNS slave process].

[28.09.2013 00:24:10.559876] [00000x1fb1] (543)[debug]	Process 4 [Parallel VNS]: Received message from leader.

[28.09.2013 00:24:10.561169] [00000x1fb1] (544)[debug]	Process 4: VNS Output Message sent to grasp leader number 1. I(P) = 800
[28.09.2013 00:24:10.561219] [00000x1fb1] (545)[debug]	Process 4 ready [VNS slave process].

[28.09.2013 00:24:10.565927] [00000x1fb1] (546)[debug]	Process 4 [Parallel VNS]: Received message from leader.

[28.09.2013 00:24:10.567861] [00000x1fb1] (547)[debug]	Process 4: VNS Output Message sent to grasp leader number 1. I(P) = 799
[28.09.2013 00:24:10.567891] [00000x1fb1] (548)[debug]	Process 4 ready [VNS slave process].

[28.09.2013 00:24:10.580388] [00000x1fb1] (549)[debug]	Process 4 [Parallel VNS]: Received message from leader.

[28.09.2013 00:24:10.586761] [00000x1fb1] (550)[debug]	Process 4: VNS Output Message sent to grasp leader number 1. I(P) = 799
[28.09.2013 00:24:10.586799] [00000x1fb1] (551)[debug]	Process 4 ready [VNS slave process].

[28.09.2013 00:24:10.591095] [00000x1fb1] (552)[debug]	Process 4 [Parallel VNS]: Received message from leader.

[28.09.2013 00:24:10.650744] [00000x1fb1] (553)[trace]	VNS interrupt message received.
[28.09.2013 00:24:10.650791] [00000x1fb1] (554)[debug]	Process 4: VNS Output Message sent to grasp leader number 1. I(P) = 799
[28.09.2013 00:24:10.650812] [00000x1fb1] (555)[debug]	Process 4 ready [VNS slave process].

[28.09.2013 00:24:11.070307] [00000x1fb1] (556)[debug]	Process 4 [Parallel VNS]: Received message from leader.

[28.09.2013 00:24:11.071484] [00000x1fb1] (557)[debug]	Process 4: VNS Output Message sent to grasp leader number 1. I(P) = 805
[28.09.2013 00:24:11.071507] [00000x1fb1] (558)[debug]	Process 4 ready [VNS slave process].

[28.09.2013 00:24:11.082739] [00000x1fb1] (559)[debug]	Process 4 [Parallel VNS]: Received message from leader.

[28.09.2013 00:24:11.084029] [00000x1fb1] (560)[debug]	Process 4: VNS Output Message sent to grasp leader number 1. I(P) = 805
[28.09.2013 00:24:11.084052] [00000x1fb1] (561)[debug]	Process 4 ready [VNS slave process].

[28.09.2013 00:24:11.084613] [00000x1fb1] (562)[debug]	Process 4 [Parallel VNS]: Received message from leader.

[28.09.2013 00:24:11.084804] [00000x1fb1] (563)[debug]	Process 4: VNS Output Message sent to grasp leader number 1. I(P) = 805
[28.09.2013 00:24:11.084823] [00000x1fb1] (564)[debug]	Process 4 ready [VNS slave process].

[28.09.2013 00:24:11.695093] [00000x1fb1] (565)[debug]	Process 4 [Parallel VNS]: Received message from leader.

[28.09.2013 00:24:11.695304] [00000x1fb1] (566)[debug]	Process 4: VNS Output Message sent to grasp leader number 1. I(P) = 808
[28.09.2013 00:24:11.695328] [00000x1fb1] (567)[debug]	Process 4 ready [VNS slave process].

[28.09.2013 00:24:11.705582] [00000x1fb1] (568)[debug]	Process 4 [Parallel VNS]: Received message from leader.

[28.09.2013 00:24:11.707157] [00000x1fb1] (569)[debug]	Process 4: VNS Output Message sent to grasp leader number 1. I(P) = 807
[28.09.2013 00:24:11.707186] [00000x1fb1] (570)[debug]	Process 4 ready [VNS slave process].

[28.09.2013 00:24:11.707370] [00000x1fb1] (571)[debug]	Process 4 [Parallel VNS]: Received message from leader.

[28.09.2013 00:24:11.715578] [00000x1fb1] (572)[trace]	VNS interrupt message received.
[28.09.2013 00:24:11.715614] [00000x1fb1] (573)[debug]	Process 4: VNS Output Message sent to grasp leader number 1. I(P) = 807
[28.09.2013 00:24:11.715633] [00000x1fb1] (574)[debug]	Process 4 ready [VNS slave process].

[28.09.2013 00:24:12.308429] [00000x1fb1] (575)[debug]	Process 4 [Parallel VNS]: Received message from leader.

[28.09.2013 00:24:12.308538] [00000x1fb1] (576)[debug]	Process 4: VNS Output Message sent to grasp leader number 1. I(P) = 798
[28.09.2013 00:24:12.308561] [00000x1fb1] (577)[debug]	Process 4 ready [VNS slave process].

[28.09.2013 00:24:12.316689] [00000x1fb1] (578)[debug]	Process 4 [Parallel VNS]: Received message from leader.

[28.09.2013 00:24:12.317972] [00000x1fb1] (579)[debug]	Process 4: VNS Output Message sent to grasp leader number 1. I(P) = 797
[28.09.2013 00:24:12.317999] [00000x1fb1] (580)[debug]	Process 4 ready [VNS slave process].

[28.09.2013 00:24:12.321243] [00000x1fb1] (581)[debug]	Process 4 [Parallel VNS]: Received message from leader.

[28.09.2013 00:24:12.331452] [00000x1fb1] (582)[debug]	Process 4: VNS Output Message sent to grasp leader number 1. I(P) = 797
[28.09.2013 00:24:12.331490] [00000x1fb1] (583)[debug]	Process 4 ready [VNS slave process].

[28.09.2013 00:24:12.812882] [00000x1fb1] (584)[debug]	Process 4 [Parallel VNS]: Received message from leader.

[28.09.2013 00:24:12.814083] [00000x1fb1] (585)[debug]	Process 4: VNS Output Message sent to grasp leader number 1. I(P) = 801
[28.09.2013 00:24:12.814109] [00000x1fb1] (586)[debug]	Process 4 ready [VNS slave process].

[28.09.2013 00:24:12.816821] [00000x1fb1] (587)[debug]	Process 4 [Parallel VNS]: Received message from leader.

[28.09.2013 00:24:12.816867] [00000x1fb1] (588)[trace]	VNS interrupt message received.
[28.09.2013 00:24:12.816892] [00000x1fb1] (589)[debug]	Process 4: VNS Output Message sent to grasp leader number 1. I(P) = 801
[28.09.2013 00:24:12.816910] [00000x1fb1] (590)[debug]	Process 4 ready [VNS slave process].

[28.09.2013 00:24:13.331743] [00000x1fb1] (591)[debug]	Process 4 [Parallel VNS]: Received message from leader.

[28.09.2013 00:24:13.331956] [00000x1fb1] (592)[debug]	Process 4: VNS Output Message sent to grasp leader number 1. I(P) = 795
[28.09.2013 00:24:13.331979] [00000x1fb1] (593)[debug]	Process 4 ready [VNS slave process].

[28.09.2013 00:24:13.336303] [00000x1fb1] (594)[debug]	Process 4 [Parallel VNS]: Received message from leader.

[28.09.2013 00:24:13.337078] [00000x1fb1] (595)[trace]	VNS interrupt message received.
[28.09.2013 00:24:13.337105] [00000x1fb1] (596)[debug]	Process 4: VNS Output Message sent to grasp leader number 1. I(P) = 795
[28.09.2013 00:24:13.337123] [00000x1fb1] (597)[debug]	Process 4 ready [VNS slave process].

[28.09.2013 00:24:13.338983] [00000x1fb1] (598)[debug]	Process 4 [Parallel VNS]: Received message from leader.

[28.09.2013 00:24:13.339127] [00000x1fb1] (599)[debug]	Process 4: VNS Output Message sent to grasp leader number 1. I(P) = 794
[28.09.2013 00:24:13.339146] [00000x1fb1] (600)[debug]	Process 4 ready [VNS slave process].

[28.09.2013 00:24:13.339641] [00000x1fb1] (601)[debug]	Process 4 [Parallel VNS]: Received message from leader.

[28.09.2013 00:24:13.344090] [00000x1fb1] (602)[debug]	Process 4: VNS Output Message sent to grasp leader number 1. I(P) = 794
[28.09.2013 00:24:13.344124] [00000x1fb1] (603)[debug]	Process 4 ready [VNS slave process].

[28.09.2013 00:24:13.870325] [00000x1fb1] (604)[debug]	Process 4 [Parallel VNS]: Received message from leader.

[28.09.2013 00:24:13.870453] [00000x1fb1] (605)[debug]	Process 4: VNS Output Message sent to grasp leader number 1. I(P) = 796
[28.09.2013 00:24:13.870494] [00000x1fb1] (606)[debug]	Process 4 ready [VNS slave process].

[28.09.2013 00:24:13.872328] [00000x1fb1] (607)[debug]	Process 4 [Parallel VNS]: Received message from leader.

[28.09.2013 00:24:13.891221] [00000x1fb1] (608)[trace]	VNS interrupt message received.
[28.09.2013 00:24:13.891261] [00000x1fb1] (609)[debug]	Process 4: VNS Output Message sent to grasp leader number 1. I(P) = 796
[28.09.2013 00:24:13.891282] [00000x1fb1] (610)[debug]	Process 4 ready [VNS slave process].

[28.09.2013 00:24:14.564829] [00000x1fb1] (611)[debug]	Process 4 [Parallel VNS]: Received message from leader.

[28.09.2013 00:24:14.566199] [00000x1fb1] (612)[debug]	Process 4: VNS Output Message sent to grasp leader number 1. I(P) = 806
[28.09.2013 00:24:14.566236] [00000x1fb1] (613)[debug]	Process 4 ready [VNS slave process].

[28.09.2013 00:24:14.582386] [00000x1fb1] (614)[debug]	Process 4 [Parallel VNS]: Received message from leader.

[28.09.2013 00:24:14.582592] [00000x1fb1] (615)[debug]	Process 4: VNS Output Message sent to grasp leader number 1. I(P) = 806
[28.09.2013 00:24:14.582620] [00000x1fb1] (616)[debug]	Process 4 ready [VNS slave process].

[28.09.2013 00:24:14.582940] [00000x1fb1] (617)[debug]	Process 4 [Parallel VNS]: Received message from leader.

[28.09.2013 00:24:14.616704] [00000x1fb1] (618)[debug]	Process 4: VNS Output Message sent to grasp leader number 1. I(P) = 806
[28.09.2013 00:24:14.616787] [00000x1fb1] (619)[debug]	Process 4 ready [VNS slave process].

[28.09.2013 00:24:15.317473] [00000x1fb1] (620)[debug]	Process 4 [Parallel VNS]: Received message from leader.

[28.09.2013 00:24:15.317624] [00000x1fb1] (621)[debug]	Process 4: VNS Output Message sent to grasp leader number 1. I(P) = 800
[28.09.2013 00:24:15.317648] [00000x1fb1] (622)[debug]	Process 4 ready [VNS slave process].

[28.09.2013 00:24:15.334366] [00000x1fb1] (623)[debug]	Process 4 [Parallel VNS]: Received message from leader.

[28.09.2013 00:24:16.171724] [00000x1fb1] (624)[trace]	VNS interrupt message received.
[28.09.2013 00:24:16.171809] [00000x1fb1] (625)[debug]	Process 4: VNS Output Message sent to grasp leader number 1. I(P) = 800
[28.09.2013 00:24:16.171840] [00000x1fb1] (626)[debug]	Process 4 ready [VNS slave process].

[28.09.2013 00:24:16.892568] [00000x1fb1] (627)[debug]	Process 4 [Parallel VNS]: Received message from leader.

[28.09.2013 00:24:16.892725] [00000x1fb1] (628)[debug]	Process 4: VNS Output Message sent to grasp leader number 1. I(P) = 809
[28.09.2013 00:24:16.892749] [00000x1fb1] (629)[debug]	Process 4 ready [VNS slave process].

[28.09.2013 00:24:16.897349] [00000x1fb1] (630)[debug]	Process 4 [Parallel VNS]: Received message from leader.

[28.09.2013 00:24:16.897716] [00000x1fb1] (631)[debug]	Process 4: VNS Output Message sent to grasp leader number 1. I(P) = 809
[28.09.2013 00:24:16.897738] [00000x1fb1] (632)[debug]	Process 4 ready [VNS slave process].

[28.09.2013 00:24:16.902387] [00000x1fb1] (633)[debug]	Process 4 [Parallel VNS]: Received message from leader.

[28.09.2013 00:24:16.902407] [00000x1fb1] (634)[debug]	Process 4: ignoring VNS interrupt msg received.

[28.09.2013 00:24:16.902419] [00000x1fb1] (635)[debug]	Process 4 ready [VNS slave process].

[28.09.2013 00:24:17.550339] [00000x1fb1] (636)[debug]	Process 4 [Parallel VNS]: Received message from leader.

[28.09.2013 00:24:17.551542] [00000x1fb1] (637)[debug]	Process 4: VNS Output Message sent to grasp leader number 1. I(P) = 811
[28.09.2013 00:24:17.551582] [00000x1fb1] (638)[debug]	Process 4 ready [VNS slave process].

[28.09.2013 00:24:17.561518] [00000x1fb1] (639)[debug]	Process 4 [Parallel VNS]: Received message from leader.

[28.09.2013 00:24:17.713780] [00000x1fb1] (640)[debug]	Process 4: VNS Output Message sent to grasp leader number 1. I(P) = 811
[28.09.2013 00:24:17.713867] [00000x1fb1] (641)[debug]	Process 4 ready [VNS slave process].

[28.09.2013 00:24:17.735000] [00000x1fb1] (642)[debug]	Process 4 [Parallel VNS]: Received message from leader.

[28.09.2013 00:24:17.735064] [00000x1fb1] (643)[debug]	Process 4: ignoring VNS interrupt msg received.

[28.09.2013 00:24:17.735093] [00000x1fb1] (644)[debug]	Process 4 ready [VNS slave process].

[28.09.2013 00:24:18.254959] [00000x1fb1] (645)[debug]	Process 4 [Parallel VNS]: Received message from leader.

[28.09.2013 00:24:18.255123] [00000x1fb1] (646)[debug]	Process 4: VNS Output Message sent to grasp leader number 1. I(P) = 790
[28.09.2013 00:24:18.255150] [00000x1fb1] (647)[debug]	Process 4 ready [VNS slave process].

[28.09.2013 00:24:18.258315] [00000x1fb1] (648)[debug]	Process 4 [Parallel VNS]: Received message from leader.

[28.09.2013 00:24:18.258520] [00000x1fb1] (649)[trace]	VNS interrupt message received.
[28.09.2013 00:24:18.258547] [00000x1fb1] (650)[debug]	Process 4: VNS Output Message sent to grasp leader number 1. I(P) = 790
[28.09.2013 00:24:18.258566] [00000x1fb1] (651)[debug]	Process 4 ready [VNS slave process].

[28.09.2013 00:24:18.258741] [00000x1fb1] (652)[debug]	Process 4 [Parallel VNS]: Received message from leader.

[28.09.2013 00:24:18.258792] [00000x1fb1] (653)[debug]	Process 4: VNS Output Message sent to grasp leader number 1. I(P) = 789
[28.09.2013 00:24:18.258810] [00000x1fb1] (654)[debug]	Process 4 ready [VNS slave process].

[28.09.2013 00:24:18.259271] [00000x1fb1] (655)[debug]	Process 4 [Parallel VNS]: Received message from leader.

[28.09.2013 00:24:18.259517] [00000x1fb1] (656)[debug]	Process 4: VNS Output Message sent to grasp leader number 1. I(P) = 789
[28.09.2013 00:24:18.259536] [00000x1fb1] (657)[debug]	Process 4 ready [VNS slave process].

[28.09.2013 00:24:18.889774] [00000x1fb1] (658)[debug]	Process 4 [Parallel VNS]: Received message from leader.

[28.09.2013 00:24:18.890003] [00000x1fb1] (659)[debug]	Process 4: VNS Output Message sent to grasp leader number 1. I(P) = 811
[28.09.2013 00:24:18.890023] [00000x1fb1] (660)[debug]	Process 4 ready [VNS slave process].

[28.09.2013 00:24:18.890909] [00000x1fb1] (661)[debug]	Process 4 [Parallel VNS]: Received message from leader.

[28.09.2013 00:24:18.893244] [00000x1fb1] (662)[debug]	Process 4: VNS Output Message sent to grasp leader number 1. I(P) = 809
[28.09.2013 00:24:18.893264] [00000x1fb1] (663)[debug]	Process 4 ready [VNS slave process].

[28.09.2013 00:24:18.895245] [00000x1fb1] (664)[debug]	Process 4 [Parallel VNS]: Received message from leader.

[28.09.2013 00:24:18.895266] [00000x1fb1] (665)[debug]	Process 4: ignoring VNS interrupt msg received.

[28.09.2013 00:24:18.895278] [00000x1fb1] (666)[debug]	Process 4 ready [VNS slave process].

[28.09.2013 00:24:18.895311] [00000x1fb1] (667)[debug]	Process 4 [Parallel VNS]: Received message from leader.

[28.09.2013 00:24:18.895462] [00000x1fb1] (668)[debug]	Process 4: VNS Output Message sent to grasp leader number 1. I(P) = 809
[28.09.2013 00:24:18.895482] [00000x1fb1] (669)[debug]	Process 4 ready [VNS slave process].

[28.09.2013 00:24:18.896621] [00000x1fb1] (670)[debug]	Process 4 [Parallel VNS]: Received message from leader.

[28.09.2013 00:24:18.905349] [00000x1fb1] (671)[debug]	Process 4: VNS Output Message sent to grasp leader number 1. I(P) = 808
[28.09.2013 00:24:18.905384] [00000x1fb1] (672)[debug]	Process 4 ready [VNS slave process].

[28.09.2013 00:24:18.976671] [00000x1fb1] (673)[debug]	Process 4 [Parallel VNS]: Received message from leader.

[28.09.2013 00:24:18.976707] [00000x1fb1] (674)[debug]	Process 4: ignoring VNS interrupt msg received.

[28.09.2013 00:24:18.976721] [00000x1fb1] (675)[debug]	Process 4 ready [VNS slave process].

[28.09.2013 00:24:18.976794] [00000x1fb1] (676)[debug]	Process 4 [Parallel VNS]: Received message from leader.

[28.09.2013 00:24:18.977037] [00000x1fb1] (677)[debug]	Process 4: VNS Output Message sent to grasp leader number 1. I(P) = 808
[28.09.2013 00:24:18.977059] [00000x1fb1] (678)[debug]	Process 4 ready [VNS slave process].

[28.09.2013 00:24:18.982332] [00000x1fb1] (679)[debug]	Process 4 [Parallel VNS]: Received message from leader.

[28.09.2013 00:24:19.050878] [00000x1fb1] (680)[debug]	Process 4: VNS Output Message sent to grasp leader number 1. I(P) = 808
[28.09.2013 00:24:19.050951] [00000x1fb1] (681)[debug]	Process 4 ready [VNS slave process].

[28.09.2013 00:24:19.527427] [00000x1fb1] (682)[debug]	Process 4 [Parallel VNS]: Received message from leader.

[28.09.2013 00:24:19.527564] [00000x1fb1] (683)[debug]	Process 4: VNS Output Message sent to grasp leader number 1. I(P) = 798
[28.09.2013 00:24:19.527586] [00000x1fb1] (684)[debug]	Process 4 ready [VNS slave process].

[28.09.2013 00:24:19.530292] [00000x1fb1] (685)[debug]	Process 4 [Parallel VNS]: Received message from leader.

[28.09.2013 00:24:20.093622] [00000x1fb1] (686)[trace]	VNS interrupt message received.
[28.09.2013 00:24:20.093666] [00000x1fb1] (687)[debug]	Process 4: VNS Output Message sent to grasp leader number 1. I(P) = 798
[28.09.2013 00:24:20.093687] [00000x1fb1] (688)[debug]	Process 4 ready [VNS slave process].

[28.09.2013 00:24:21.533206] [00000x1fb1] (689)[debug]	Process 4 [Parallel VNS]: Received message from leader.

[28.09.2013 00:24:21.533356] [00000x1fb1] (690)[debug]	Process 4: VNS Output Message sent to grasp leader number 1. I(P) = 805
[28.09.2013 00:24:21.533378] [00000x1fb1] (691)[debug]	Process 4 ready [VNS slave process].

[28.09.2013 00:24:21.534860] [00000x1fb1] (692)[debug]	Process 4 [Parallel VNS]: Received message from leader.

[28.09.2013 00:24:21.564636] [00000x1fb1] (693)[debug]	Process 4: VNS Output Message sent to grasp leader number 1. I(P) = 805
[28.09.2013 00:24:21.564703] [00000x1fb1] (694)[debug]	Process 4 ready [VNS slave process].

[28.09.2013 00:24:21.564958] [00000x1fb1] (695)[debug]	Process 4 [Parallel VNS]: Received message from leader.

[28.09.2013 00:24:21.564975] [00000x1fb1] (696)[debug]	Process 4: ignoring VNS interrupt msg received.

[28.09.2013 00:24:21.564987] [00000x1fb1] (697)[debug]	Process 4 ready [VNS slave process].

[28.09.2013 00:24:22.327594] [00000x1fb1] (698)[debug]	Process 4 [Parallel VNS]: Received message from leader.

[28.09.2013 00:24:22.327689] [00000x1fb1] (699)[debug]	Process 4: VNS Output Message sent to grasp leader number 1. I(P) = 798
[28.09.2013 00:24:22.327712] [00000x1fb1] (700)[debug]	Process 4 ready [VNS slave process].

[28.09.2013 00:24:22.337207] [00000x1fb1] (701)[debug]	Process 4 [Parallel VNS]: Received message from leader.

[28.09.2013 00:24:22.375290] [00000x1fb1] (702)[debug]	Process 4: VNS Output Message sent to grasp leader number 1. I(P) = 798
[28.09.2013 00:24:22.375369] [00000x1fb1] (703)[debug]	Process 4 ready [VNS slave process].

[28.09.2013 00:24:23.024702] [00000x1fb1] (704)[debug]	Process 4 [Parallel VNS]: Received message from leader.

[28.09.2013 00:24:23.026011] [00000x1fb1] (705)[debug]	Process 4: VNS Output Message sent to grasp leader number 1. I(P) = 799
[28.09.2013 00:24:23.026041] [00000x1fb1] (706)[debug]	Process 4 ready [VNS slave process].

[28.09.2013 00:24:23.037064] [00000x1fb1] (707)[debug]	Process 4 [Parallel VNS]: Received message from leader.

[28.09.2013 00:24:23.044942] [00000x1fb1] (708)[debug]	Process 4: VNS Output Message sent to grasp leader number 1. I(P) = 799
[28.09.2013 00:24:23.045011] [00000x1fb1] (709)[debug]	Process 4 ready [VNS slave process].

[28.09.2013 00:24:23.046421] [00000x1fb1] (710)[debug]	Process 4 [Parallel VNS]: Received message from leader.

[28.09.2013 00:24:23.046442] [00000x1fb1] (711)[debug]	Process 4: ignoring VNS interrupt msg received.

[28.09.2013 00:24:23.046454] [00000x1fb1] (712)[debug]	Process 4 ready [VNS slave process].

[28.09.2013 00:24:32.201368] [00000x1fb1] (713)[debug]	Process 4 [Parallel VNS]: Received message from leader.

[28.09.2013 00:24:32.201404] [00000x1fb1] (714)[debug]	Process 4: terminate msg received.

