[08.10.2013 20:49:38.181838] [00000x1238] (1)[info]	Resolution strategy is 0

[08.10.2013 20:49:38.182032] [00000x1238] (2)[info]	Neighborhood size (l) is 2

[08.10.2013 20:49:38.182052] [00000x1238] (3)[info]	Gain function type is 
[08.10.2013 20:49:38.182072] [00000x1238] (4)[info]	max positive-negative modularity

[08.10.2013 20:49:38.182085] [00000x1238] (5)[info]	First improvement on 1-opt neighborhood is enabled? true
[08.10.2013 20:49:38.182100] [00000x1238] (6)[info]	Number of GRASP processes in parallel is 0

[08.10.2013 20:49:38.189348] [00000x1238] (7)[info]	Input file dir is: /home/mlevorato/git/mestrado/mestrado/tests/Instances/Gisele/Random

[08.10.2013 20:49:38.189717] [00000x1238] (8)[info]	The number of VNS search slaves per master is 0

[08.10.2013 20:49:38.189733] [00000x1238] (9)[info]	Alpha value is 0.80

[08.10.2013 20:49:38.189781] [00000x1238] (10)[info]	Number of iterations is 400

[08.10.2013 20:49:38.189800] [00000x1238] (11)[info]	Reading input file: '/home/mlevorato/git/mestrado/mestrado/tests/Instances/Gisele/Random/file500_10_5.g' ...

[08.10.2013 20:51:16.768377] [00000x1238] (12)[error]	0: Objective function below zero. Error.
[08.10.2013 20:51:16.768891] [00000x1238] (13)[info]	Alpha value is 0.80

[08.10.2013 20:51:16.768911] [00000x1238] (14)[info]	Number of iterations is 400

[08.10.2013 20:51:16.768934] [00000x1238] (15)[info]	Reading input file: '/home/mlevorato/git/mestrado/mestrado/tests/Instances/Gisele/Random/file300_80_2.g' ...

[08.10.2013 20:51:17.922575] [00000x1238] (16)[info]	Alpha value is 0.80

[08.10.2013 20:51:17.922615] [00000x1238] (17)[info]	Number of iterations is 400

[08.10.2013 20:51:17.922637] [00000x1238] (18)[info]	Reading input file: '/home/mlevorato/git/mestrado/mestrado/tests/Instances/Gisele/Random/file300_20_8.g' ...

[08.10.2013 20:51:20.376619] [00000x1238] (19)[error]	0: Objective function below zero. Error.
[08.10.2013 20:51:20.376971] [00000x1238] (20)[info]	Alpha value is 0.80

[08.10.2013 20:51:20.376989] [00000x1238] (21)[info]	Number of iterations is 400

[08.10.2013 20:51:20.377011] [00000x1238] (22)[info]	Reading input file: '/home/mlevorato/git/mestrado/mestrado/tests/Instances/Gisele/Random/file400_20_8.g' ...

[08.10.2013 20:52:25.353644] [00000x1238] (23)[info]	Alpha value is 0.80

[08.10.2013 20:52:25.353686] [00000x1238] (24)[info]	Number of iterations is 400

[08.10.2013 20:52:25.353708] [00000x1238] (25)[info]	Reading input file: '/home/mlevorato/git/mestrado/mestrado/tests/Instances/Gisele/Random/file400_50_5.g' ...

[08.10.2013 20:53:01.414622] [00000x1238] (26)[info]	Alpha value is 0.80

[08.10.2013 20:53:01.414664] [00000x1238] (27)[info]	Number of iterations is 400

[08.10.2013 20:53:01.414686] [00000x1238] (28)[info]	Reading input file: '/home/mlevorato/git/mestrado/mestrado/tests/Instances/Gisele/Random/file400_80_8.g' ...

[08.10.2013 20:56:22.355585] [00000x1238] (29)[info]	Alpha value is 0.80

[08.10.2013 20:56:22.355627] [00000x1238] (30)[info]	Number of iterations is 400

[08.10.2013 20:56:22.355649] [00000x1238] (31)[info]	Reading input file: '/home/mlevorato/git/mestrado/mestrado/tests/Instances/Gisele/Random/file500_80_5.g' ...

[08.10.2013 20:56:47.534717] [00000x1238] (32)[info]	Alpha value is 0.80

[08.10.2013 20:56:47.534758] [00000x1238] (33)[info]	Number of iterations is 400

[08.10.2013 20:56:47.534780] [00000x1238] (34)[info]	Reading input file: '/home/mlevorato/git/mestrado/mestrado/tests/Instances/Gisele/Random/file400_50_2.g' ...

[08.10.2013 20:56:49.451780] [00000x1238] (35)[info]	Alpha value is 0.80

[08.10.2013 20:56:49.451825] [00000x1238] (36)[info]	Number of iterations is 400

[08.10.2013 20:56:49.451846] [00000x1238] (37)[info]	Reading input file: '/home/mlevorato/git/mestrado/mestrado/tests/Instances/Gisele/Random/file200_50_8.g' ...

[08.10.2013 20:56:49.848400] [00000x1238] (38)[error]	0: Objective function below zero. Error.
[08.10.2013 20:56:50.458665] [00000x1238] (39)[error]	0: Objective function below zero. Error.
[08.10.2013 20:56:52.998530] [00000x1238] (40)[error]	0: Objective function below zero. Error.
[08.10.2013 20:56:52.998930] [00000x1238] (41)[info]	Alpha value is 0.80

[08.10.2013 20:56:52.998948] [00000x1238] (42)[info]	Number of iterations is 400

[08.10.2013 20:56:52.998969] [00000x1238] (43)[info]	Reading input file: '/home/mlevorato/git/mestrado/mestrado/tests/Instances/Gisele/Random/file200_80_5.g' ...

[08.10.2013 20:56:55.733636] [00000x1238] (44)[info]	Alpha value is 0.80

[08.10.2013 20:56:55.733675] [00000x1238] (45)[info]	Number of iterations is 400

[08.10.2013 20:56:55.733697] [00000x1238] (46)[info]	Reading input file: '/home/mlevorato/git/mestrado/mestrado/tests/Instances/Gisele/Random/file300_80_5.g' ...

[08.10.2013 20:57:03.379010] [00000x1238] (47)[info]	Alpha value is 0.80

[08.10.2013 20:57:03.379051] [00000x1238] (48)[info]	Number of iterations is 400

[08.10.2013 20:57:03.379072] [00000x1238] (49)[info]	Reading input file: '/home/mlevorato/git/mestrado/mestrado/tests/Instances/Gisele/Random/file300_10_2.g' ...

[08.10.2013 20:57:05.069748] [00000x1238] (50)[error]	0: Objective function below zero. Error.
[08.10.2013 20:57:23.016040] [00000x1238] (51)[info]	Alpha value is 0.80

[08.10.2013 20:57:23.016081] [00000x1238] (52)[info]	Number of iterations is 400

[08.10.2013 20:57:23.016103] [00000x1238] (53)[info]	Reading input file: '/home/mlevorato/git/mestrado/mestrado/tests/Instances/Gisele/Random/file400_80_2.g' ...

[08.10.2013 20:57:25.819968] [00000x1238] (54)[info]	Alpha value is 0.80

[08.10.2013 20:57:25.820010] [00000x1238] (55)[info]	Number of iterations is 400

[08.10.2013 20:57:25.820032] [00000x1238] (56)[info]	Reading input file: '/home/mlevorato/git/mestrado/mestrado/tests/Instances/Gisele/Random/file300_80_8.g' ...

[08.10.2013 20:57:41.213262] [00000x1238] (57)[error]	0: Objective function below zero. Error.
[08.10.2013 20:58:29.202117] [00000x1238] (58)[info]	Alpha value is 0.80

[08.10.2013 20:58:29.202158] [00000x1238] (59)[info]	Number of iterations is 400

[08.10.2013 20:58:29.202180] [00000x1238] (60)[info]	Reading input file: '/home/mlevorato/git/mestrado/mestrado/tests/Instances/Gisele/Random/file500_80_8.g' ...

