[08.10.2013 20:43:05.377042] [00000x11eb] (1)[info]	Resolution strategy is 0

[08.10.2013 20:43:05.385291] [00000x11eb] (2)[info]	Neighborhood size (l) is 2

[08.10.2013 20:43:05.385321] [00000x11eb] (3)[info]	Gain function type is 
[08.10.2013 20:43:05.385347] [00000x11eb] (4)[info]	max positive-negative modularity

[08.10.2013 20:43:05.385364] [00000x11eb] (5)[info]	First improvement on 1-opt neighborhood is enabled? true
[08.10.2013 20:43:05.385384] [00000x11eb] (6)[info]	Number of GRASP processes in parallel is 0

[08.10.2013 20:43:05.385418] [00000x11eb] (7)[info]	Input file dir is: /home/mlevorato/git/mestrado/mestrado/tests/Instances/Gisele/Random

[08.10.2013 20:43:05.408462] [00000x11eb] (8)[info]	The number of VNS search slaves per master is 0

[08.10.2013 20:43:05.408511] [00000x11eb] (9)[info]	Alpha value is 0.80

[08.10.2013 20:43:05.408551] [00000x11eb] (10)[info]	Number of iterations is 400

[08.10.2013 20:43:05.408573] [00000x11eb] (11)[info]	Reading input file: '/home/mlevorato/git/mestrado/mestrado/tests/Instances/Gisele/Random/file500_10_5.g' ...

[08.10.2013 20:44:18.343617] [00000x11eb] (12)[info]	Alpha value is 0.80

[08.10.2013 20:44:18.343660] [00000x11eb] (13)[info]	Number of iterations is 400

[08.10.2013 20:44:18.343683] [00000x11eb] (14)[info]	Reading input file: '/home/mlevorato/git/mestrado/mestrado/tests/Instances/Gisele/Random/file300_80_2.g' ...

[08.10.2013 20:44:19.629033] [00000x11eb] (15)[info]	Alpha value is 0.80

[08.10.2013 20:44:19.629075] [00000x11eb] (16)[info]	Number of iterations is 400

[08.10.2013 20:44:19.629097] [00000x11eb] (17)[info]	Reading input file: '/home/mlevorato/git/mestrado/mestrado/tests/Instances/Gisele/Random/file300_20_8.g' ...

[08.10.2013 20:44:23.810351] [00000x11eb] (18)[error]	0: Objective function below zero. Error.
[08.10.2013 20:44:23.813101] [00000x11eb] (19)[info]	Alpha value is 0.80

[08.10.2013 20:44:23.813168] [00000x11eb] (20)[info]	Number of iterations is 400

[08.10.2013 20:44:23.813199] [00000x11eb] (21)[info]	Reading input file: '/home/mlevorato/git/mestrado/mestrado/tests/Instances/Gisele/Random/file400_20_8.g' ...

[08.10.2013 20:45:21.830766] [00000x11eb] (22)[info]	Alpha value is 0.80

[08.10.2013 20:45:21.830809] [00000x11eb] (23)[info]	Number of iterations is 400

[08.10.2013 20:45:21.830832] [00000x11eb] (24)[info]	Reading input file: '/home/mlevorato/git/mestrado/mestrado/tests/Instances/Gisele/Random/file400_50_5.g' ...

[08.10.2013 20:45:39.330693] [00000x11eb] (25)[info]	Alpha value is 0.80

[08.10.2013 20:45:39.330735] [00000x11eb] (26)[info]	Number of iterations is 400

[08.10.2013 20:45:39.330757] [00000x11eb] (27)[info]	Reading input file: '/home/mlevorato/git/mestrado/mestrado/tests/Instances/Gisele/Random/file400_80_8.g' ...

